Params: n= 3
Tactic call repeat-destruct ran for 0.002 secs (0.002u,0.s) (success)
Tactic call cbn ran for 0. secs (0.u,0.s) (success)
Params: n= 4
Tactic call repeat-destruct ran for 0.005 secs (0.005u,0.s) (success)
Tactic call cbn ran for 0. secs (0.u,0.s) (success)
Params: n= 5
Tactic call repeat-destruct ran for 0.013 secs (0.005u,0.007s) (success)
Tactic call cbn ran for 0. secs (0.u,0.s) (success)
Params: n= 6
Tactic call repeat-destruct ran for 0.07 secs (0.067u,0.003s) (success)
Tactic call cbn ran for 0. secs (0.u,0.s) (success)
Params: n= 7
Tactic call repeat-destruct ran for 0.043 secs (0.043u,0.s) (success)
Tactic call cbn ran for 0. secs (0.u,0.s) (success)
Params: n= 8
Tactic call repeat-destruct ran for 0.105 secs (0.105u,0.s) (success)
Tactic call cbn ran for 0. secs (0.u,0.s) (success)
Params: n= 9
Tactic call repeat-destruct ran for 0.251 secs (0.247u,0.004s) (success)
Tactic call cbn ran for 0. secs (0.u,0.s) (success)
Params: n= 10
Tactic call repeat-destruct ran for 0.621 secs (0.617u,0.003s) (success)
Tactic call cbn ran for 0. secs (0.u,0.s) (success)
Params: n= 11
Tactic call repeat-destruct ran for 1.555 secs (1.551u,0.004s) (success)
Tactic call cbn ran for 0.001 secs (0.u,0.001s) (success)
Params: n= 12
Tactic call repeat-destruct ran for 3.653 secs (3.641u,0.012s) (success)
Tactic call cbn ran for 0.002 secs (0.002u,0.s) (success)
Params: n= 13
Tactic call repeat-destruct ran for 8.598 secs (8.566u,0.032s) (success)
Tactic call cbn ran for 0.004 secs (0.004u,0.s) (success)
