Params: n= 3
Tactic call repeat-destruct ran for 0.002 secs (0.u,0.002s) (success)
Tactic call cbn ran for 0. secs (0.u,0.s) (success)
Params: n= 4
Tactic call repeat-destruct ran for 0.003 secs (0.002u,0.s) (success)
Tactic call cbn ran for 0. secs (0.u,0.s) (success)
Params: n= 5
Tactic call repeat-destruct ran for 0.006 secs (0.006u,0.s) (success)
Tactic call cbn ran for 0. secs (0.u,0.s) (success)
Params: n= 6
Tactic call repeat-destruct ran for 0.009 secs (0.001u,0.008s) (success)
Tactic call cbn ran for 0. secs (0.u,0.s) (success)
Params: n= 7
Tactic call repeat-destruct ran for 0.071 secs (0.063u,0.007s) (success)
Tactic call cbn ran for 0. secs (0.u,0.s) (success)
Params: n= 8
Tactic call repeat-destruct ran for 0.011 secs (0.011u,0.s) (success)
Tactic call cbn ran for 0. secs (0.u,0.s) (success)
Params: n= 9
Tactic call repeat-destruct ran for 0.014 secs (0.014u,0.s) (success)
Tactic call cbn ran for 0. secs (0.u,0.s) (success)
Params: n= 10
Tactic call repeat-destruct ran for 0.021 secs (0.021u,0.s) (success)
Tactic call cbn ran for 0. secs (0.u,0.s) (success)
Params: n= 11
Tactic call repeat-destruct ran for 0.025 secs (0.025u,0.s) (success)
Tactic call cbn ran for 0. secs (0.u,0.s) (success)
Params: n= 12
Tactic call repeat-destruct ran for 0.033 secs (0.033u,0.s) (success)
Tactic call cbn ran for 0. secs (0.u,0.s) (success)
Params: n= 13
Tactic call repeat-destruct ran for 0.045 secs (0.043u,0.s) (success)
Tactic call cbn ran for 0. secs (0.u,0.s) (success)
Params: n= 14
Tactic call repeat-destruct ran for 0.051 secs (0.051u,0.s) (success)
Tactic call cbn ran for 0. secs (0.u,0.s) (success)
Params: n= 15
Tactic call repeat-destruct ran for 0.062 secs (0.062u,0.s) (success)
Tactic call cbn ran for 0. secs (0.u,0.s) (success)
Params: n= 16
Tactic call repeat-destruct ran for 0.077 secs (0.077u,0.s) (success)
Tactic call cbn ran for 0. secs (0.u,0.s) (success)
Params: n= 17
Tactic call repeat-destruct ran for 0.094 secs (0.094u,0.s) (success)
Tactic call cbn ran for 0. secs (0.u,0.s) (success)
Params: n= 18
Tactic call repeat-destruct ran for 0.11 secs (0.11u,0.s) (success)
Tactic call cbn ran for 0. secs (0.u,0.s) (success)
Params: n= 19
Tactic call repeat-destruct ran for 0.129 secs (0.129u,0.s) (success)
Tactic call cbn ran for 0. secs (0.u,0.s) (success)
Params: n= 20
Tactic call repeat-destruct ran for 0.151 secs (0.151u,0.s) (success)
Tactic call cbn ran for 0. secs (0.u,0.s) (success)
Params: n= 21
Tactic call repeat-destruct ran for 0.171 secs (0.171u,0.s) (success)
Tactic call cbn ran for 0. secs (0.u,0.s) (success)
Params: n= 22
Tactic call repeat-destruct ran for 0.197 secs (0.197u,0.s) (success)
Tactic call cbn ran for 0. secs (0.u,0.s) (success)
Params: n= 23
Tactic call repeat-destruct ran for 0.224 secs (0.224u,0.s) (success)
Tactic call cbn ran for 0. secs (0.u,0.s) (success)
Params: n= 24
Tactic call repeat-destruct ran for 0.259 secs (0.255u,0.003s) (success)
Tactic call cbn ran for 0. secs (0.u,0.s) (success)
Params: n= 25
Tactic call repeat-destruct ran for 0.291 secs (0.291u,0.s) (success)
Tactic call cbn ran for 0. secs (0.u,0.s) (success)
Params: n= 26
Tactic call repeat-destruct ran for 0.34 secs (0.34u,0.s) (success)
Tactic call cbn ran for 0. secs (0.u,0.s) (success)
Params: n= 27
Tactic call repeat-destruct ran for 0.369 secs (0.369u,0.s) (success)
Tactic call cbn ran for 0. secs (0.u,0.s) (success)
Params: n= 28
Tactic call repeat-destruct ran for 0.42 secs (0.42u,0.s) (success)
Tactic call cbn ran for 0.001 secs (0.001u,0.s) (success)
Params: n= 29
Tactic call repeat-destruct ran for 0.462 secs (0.462u,0.s) (success)
Tactic call cbn ran for 0.001 secs (0.001u,0.s) (success)
