Params: n= 101
Tactic call build ran for 0.005 secs (0.005u,0.s)
Tactic call to_constr ran for 0.095 secs (0.079u,0.016s)
Tactic call type_of ran for 0.01 secs (0.01u,0.s)
Tactic call refine ran for 0. secs (0.u,0.s) (success)
Tactic call build-and-refine ran for 0.112 secs (0.096u,0.016s) (success)
Params: n= 102
Tactic call build ran for 0.002 secs (0.002u,0.s)
Tactic call to_constr ran for 0.021 secs (0.021u,0.s)
Tactic call type_of ran for 0.009 secs (0.009u,0.s)
Tactic call refine ran for 0. secs (0.u,0.s) (success)
Tactic call build-and-refine ran for 0.034 secs (0.034u,0.s) (success)
Params: n= 103
Tactic call build ran for 0.002 secs (0.002u,0.s)
Tactic call to_constr ran for 0.02 secs (0.02u,0.s)
Tactic call type_of ran for 0.017 secs (0.017u,0.s)
Tactic call refine ran for 0.002 secs (0.002u,0.s) (success)
Tactic call build-and-refine ran for 0.042 secs (0.042u,0.s) (success)
Params: n= 104
Tactic call build ran for 0.002 secs (0.002u,0.s)
Tactic call to_constr ran for 0.021 secs (0.021u,0.s)
Tactic call type_of ran for 0.016 secs (0.016u,0.s)
Tactic call refine ran for 0. secs (0.u,0.s) (success)
Tactic call build-and-refine ran for 0.04 secs (0.04u,0.s) (success)
Params: n= 105
Tactic call build ran for 0.002 secs (0.002u,0.s)
Tactic call to_constr ran for 0.021 secs (0.021u,0.s)
Tactic call type_of ran for 0.014 secs (0.014u,0.s)
Tactic call refine ran for 0.002 secs (0.002u,0.s) (success)
Tactic call build-and-refine ran for 0.04 secs (0.04u,0.s) (success)
Params: n= 106
Tactic call build ran for 0.007 secs (0.007u,0.s)
Tactic call to_constr ran for 0.021 secs (0.021u,0.s)
Tactic call type_of ran for 0.014 secs (0.014u,0.s)
Tactic call refine ran for 0.001 secs (0.001u,0.s) (success)
Tactic call build-and-refine ran for 0.046 secs (0.046u,0.s) (success)
Params: n= 107
Tactic call build ran for 0.003 secs (0.003u,0.s)
Tactic call to_constr ran for 0.022 secs (0.022u,0.s)
Tactic call type_of ran for 0.015 secs (0.014u,0.s)
Tactic call refine ran for 0.002 secs (0.002u,0.s) (success)
Tactic call build-and-refine ran for 0.043 secs (0.043u,0.s) (success)
Params: n= 108
Tactic call build ran for 0.002 secs (0.002u,0.s)
Tactic call to_constr ran for 0.023 secs (0.023u,0.s)
Tactic call type_of ran for 0.015 secs (0.015u,0.s)
Tactic call refine ran for 0.002 secs (0.002u,0.s) (success)
Tactic call build-and-refine ran for 0.044 secs (0.044u,0.s) (success)
Params: n= 109
Tactic call build ran for 0.002 secs (0.002u,0.s)
Tactic call to_constr ran for 0.023 secs (0.023u,0.s)
Tactic call type_of ran for 0.014 secs (0.014u,0.s)
Tactic call refine ran for 0.001 secs (0.001u,0.s) (success)
Tactic call build-and-refine ran for 0.042 secs (0.042u,0.s) (success)
Params: n= 110
Tactic call build ran for 0.002 secs (0.002u,0.s)
Tactic call to_constr ran for 0.025 secs (0.024u,0.s)
Tactic call type_of ran for 0.015 secs (0.015u,0.s)
Tactic call refine ran for 0.001 secs (0.001u,0.s) (success)
Tactic call build-and-refine ran for 0.045 secs (0.045u,0.s) (success)
Params: n= 111
Tactic call build ran for 0.002 secs (0.002u,0.s)
Tactic call to_constr ran for 0.023 secs (0.023u,0.s)
Tactic call type_of ran for 0.014 secs (0.014u,0.s)
Tactic call refine ran for 0.001 secs (0.001u,0.s) (success)
Tactic call build-and-refine ran for 0.043 secs (0.043u,0.s) (success)
Params: n= 112
Tactic call build ran for 0.002 secs (0.002u,0.s)
Tactic call to_constr ran for 0.024 secs (0.024u,0.s)
Tactic call type_of ran for 0.015 secs (0.015u,0.s)
Tactic call refine ran for 0.002 secs (0.002u,0.s) (success)
Tactic call build-and-refine ran for 0.045 secs (0.045u,0.s) (success)
Params: n= 113
Tactic call build ran for 0.002 secs (0.002u,0.s)
Tactic call to_constr ran for 0.024 secs (0.024u,0.s)
Tactic call type_of ran for 0.016 secs (0.016u,0.s)
Tactic call refine ran for 0.002 secs (0.002u,0.s) (success)
Tactic call build-and-refine ran for 0.046 secs (0.046u,0.s) (success)
Params: n= 114
Tactic call build ran for 0.003 secs (0.003u,0.s)
Tactic call to_constr ran for 0.025 secs (0.025u,0.s)
Tactic call type_of ran for 0.016 secs (0.016u,0.s)
Tactic call refine ran for 0.002 secs (0.002u,0.s) (success)
Tactic call build-and-refine ran for 0.048 secs (0.048u,0.s) (success)
Params: n= 115
Tactic call build ran for 0.003 secs (0.003u,0.s)
Tactic call to_constr ran for 0.025 secs (0.025u,0.s)
Tactic call type_of ran for 0.017 secs (0.017u,0.s)
Tactic call refine ran for 0.002 secs (0.002u,0.s) (success)
Tactic call build-and-refine ran for 0.048 secs (0.048u,0.s) (success)
Params: n= 116
Tactic call build ran for 0.003 secs (0.003u,0.s)
Tactic call to_constr ran for 0.025 secs (0.025u,0.s)
Tactic call type_of ran for 0.019 secs (0.019u,0.s)
Tactic call refine ran for 0. secs (0.u,0.s) (success)
Tactic call build-and-refine ran for 0.048 secs (0.048u,0.s) (success)
Params: n= 117
Tactic call build ran for 0.003 secs (0.003u,0.s)
Tactic call to_constr ran for 0.026 secs (0.026u,0.s)
Tactic call type_of ran for 0.022 secs (0.022u,0.s)
Tactic call refine ran for 0.002 secs (0.002u,0.s) (success)
Tactic call build-and-refine ran for 0.054 secs (0.054u,0.s) (success)
Params: n= 118
Tactic call build ran for 0.003 secs (0.003u,0.s)
Tactic call to_constr ran for 0.028 secs (0.028u,0.s)
Tactic call type_of ran for 0.013 secs (0.013u,0.s)
Tactic call refine ran for 0. secs (0.u,0.s) (success)
Tactic call build-and-refine ran for 0.045 secs (0.045u,0.s) (success)
Params: n= 119
Tactic call build ran for 0.003 secs (0.003u,0.s)
Tactic call to_constr ran for 0.031 secs (0.031u,0.s)
Tactic call type_of ran for 0.018 secs (0.018u,0.s)
Tactic call refine ran for 0.002 secs (0.002u,0.s) (success)
Tactic call build-and-refine ran for 0.056 secs (0.056u,0.s) (success)
Params: n= 120
Tactic call build ran for 0.003 secs (0.003u,0.s)
Tactic call to_constr ran for 0.028 secs (0.028u,0.s)
Tactic call type_of ran for 0.015 secs (0.015u,0.s)
Tactic call refine ran for 0.001 secs (0.001u,0.s) (success)
Tactic call build-and-refine ran for 0.049 secs (0.049u,0.s) (success)
Params: n= 121
Tactic call build ran for 0.003 secs (0.003u,0.s)
Tactic call to_constr ran for 0.03 secs (0.03u,0.s)
Tactic call type_of ran for 0.019 secs (0.019u,0.s)
Tactic call refine ran for 0.002 secs (0.002u,0.s) (success)
Tactic call build-and-refine ran for 0.055 secs (0.055u,0.s) (success)
Params: n= 122
Tactic call build ran for 0.003 secs (0.003u,0.s)
Tactic call to_constr ran for 0.029 secs (0.029u,0.s)
Tactic call type_of ran for 0.02 secs (0.02u,0.s)
Tactic call refine ran for 0.002 secs (0.002u,0.s) (success)
Tactic call build-and-refine ran for 0.055 secs (0.055u,0.s) (success)
Params: n= 123
Tactic call build ran for 0.003 secs (0.003u,0.s)
Tactic call to_constr ran for 0.029 secs (0.029u,0.s)
Tactic call type_of ran for 0.02 secs (0.016u,0.003s)
Tactic call refine ran for 0. secs (0.u,0.s) (success)
Tactic call build-and-refine ran for 0.054 secs (0.05u,0.003s) (success)
Params: n= 124
Tactic call build ran for 0.003 secs (0.003u,0.s)
Tactic call to_constr ran for 0.033 secs (0.033u,0.s)
Tactic call type_of ran for 0.019 secs (0.019u,0.s)
Tactic call refine ran for 0.003 secs (0.003u,0.s) (success)
Tactic call build-and-refine ran for 0.06 secs (0.06u,0.s) (success)
Params: n= 125
Tactic call build ran for 0.003 secs (0.003u,0.s)
Tactic call to_constr ran for 0.032 secs (0.032u,0.s)
Tactic call type_of ran for 0.017 secs (0.017u,0.s)
Tactic call refine ran for 0.001 secs (0.001u,0.s) (success)
Tactic call build-and-refine ran for 0.055 secs (0.055u,0.s) (success)
Params: n= 126
Tactic call build ran for 0.003 secs (0.003u,0.s)
Tactic call to_constr ran for 0.035 secs (0.034u,0.s)
Tactic call type_of ran for 0.023 secs (0.023u,0.s)
Tactic call refine ran for 0. secs (0.u,0.s) (success)
Tactic call build-and-refine ran for 0.062 secs (0.062u,0.s) (success)
Params: n= 127
Tactic call build ran for 0.003 secs (0.003u,0.s)
Tactic call to_constr ran for 0.036 secs (0.036u,0.s)
Tactic call type_of ran for 0.021 secs (0.021u,0.s)
Tactic call refine ran for 0.003 secs (0.003u,0.s) (success)
Tactic call build-and-refine ran for 0.064 secs (0.064u,0.s) (success)
Params: n= 128
Tactic call build ran for 0.003 secs (0.003u,0.s)
Tactic call to_constr ran for 0.032 secs (0.032u,0.s)
Tactic call type_of ran for 0.017 secs (0.017u,0.s)
Tactic call refine ran for 0.001 secs (0.001u,0.s) (success)
Tactic call build-and-refine ran for 0.055 secs (0.055u,0.s) (success)
Params: n= 129
Tactic call build ran for 0.003 secs (0.003u,0.s)
Tactic call to_constr ran for 0.035 secs (0.035u,0.s)
Tactic call type_of ran for 0.024 secs (0.024u,0.s)
Tactic call refine ran for 0. secs (0.u,0.s) (success)
Tactic call build-and-refine ran for 0.064 secs (0.064u,0.s) (success)
Params: n= 130
Tactic call build ran for 0.003 secs (0.003u,0.s)
Tactic call to_constr ran for 0.036 secs (0.036u,0.s)
Tactic call type_of ran for 0.022 secs (0.022u,0.s)
Tactic call refine ran for 0.003 secs (0.003u,0.s) (success)
Tactic call build-and-refine ran for 0.066 secs (0.065u,0.s) (success)
Params: n= 131
Tactic call build ran for 0.003 secs (0.003u,0.s)
Tactic call to_constr ran for 0.034 secs (0.034u,0.s)
Tactic call type_of ran for 0.019 secs (0.019u,0.s)
Tactic call refine ran for 0.001 secs (0.001u,0.s) (success)
Tactic call build-and-refine ran for 0.059 secs (0.059u,0.s) (success)
Params: n= 132
Tactic call build ran for 0.003 secs (0.003u,0.s)
Tactic call to_constr ran for 0.036 secs (0.036u,0.s)
Tactic call type_of ran for 0.024 secs (0.02u,0.003s)
Tactic call refine ran for 0. secs (0.u,0.s) (success)
Tactic call build-and-refine ran for 0.065 secs (0.061u,0.003s) (success)
Params: n= 133
Tactic call build ran for 0.003 secs (0.003u,0.s)
Tactic call to_constr ran for 0.038 secs (0.038u,0.s)
Tactic call type_of ran for 0.023 secs (0.023u,0.s)
Tactic call refine ran for 0.003 secs (0.003u,0.s) (success)
Tactic call build-and-refine ran for 0.068 secs (0.068u,0.s) (success)
Params: n= 134
Tactic call build ran for 0.003 secs (0.003u,0.s)
Tactic call to_constr ran for 0.036 secs (0.036u,0.s)
Tactic call type_of ran for 0.023 secs (0.023u,0.s)
Tactic call refine ran for 0.002 secs (0.002u,0.s) (success)
Tactic call build-and-refine ran for 0.066 secs (0.066u,0.s) (success)
Params: n= 135
Tactic call build ran for 0.003 secs (0.003u,0.s)
Tactic call to_constr ran for 0.036 secs (0.036u,0.s)
Tactic call type_of ran for 0.017 secs (0.017u,0.s)
Tactic call refine ran for 0. secs (0.u,0.s) (success)
Tactic call build-and-refine ran for 0.058 secs (0.058u,0.s) (success)
Params: n= 136
Tactic call build ran for 0.003 secs (0.003u,0.s)
Tactic call to_constr ran for 0.039 secs (0.039u,0.s)
Tactic call type_of ran for 0.028 secs (0.027u,0.s)
Tactic call refine ran for 0. secs (0.u,0.s) (success)
Tactic call build-and-refine ran for 0.071 secs (0.071u,0.s) (success)
Params: n= 137
Tactic call build ran for 0.003 secs (0.003u,0.s)
Tactic call to_constr ran for 0.041 secs (0.041u,0.s)
Tactic call type_of ran for 0.024 secs (0.024u,0.s)
Tactic call refine ran for 0.003 secs (0.003u,0.s) (success)
Tactic call build-and-refine ran for 0.073 secs (0.073u,0.s) (success)
Params: n= 138
Tactic call build ran for 0.003 secs (0.003u,0.s)
Tactic call to_constr ran for 0.038 secs (0.037u,0.s)
Tactic call type_of ran for 0.024 secs (0.024u,0.s)
Tactic call refine ran for 0.002 secs (0.002u,0.s) (success)
Tactic call build-and-refine ran for 0.069 secs (0.069u,0.s) (success)
Params: n= 139
Tactic call build ran for 0.003 secs (0.003u,0.s)
Tactic call to_constr ran for 0.037 secs (0.037u,0.s)
Tactic call type_of ran for 0.018 secs (0.018u,0.s)
Tactic call refine ran for 0. secs (0.u,0.s) (success)
Tactic call build-and-refine ran for 0.061 secs (0.061u,0.s) (success)
Params: n= 140
Tactic call build ran for 0.003 secs (0.003u,0.s)
Tactic call to_constr ran for 0.041 secs (0.041u,0.s)
Tactic call type_of ran for 0.027 secs (0.027u,0.s)
Tactic call refine ran for 0. secs (0.u,0.s) (success)
Tactic call build-and-refine ran for 0.072 secs (0.072u,0.s) (success)
Params: n= 141
Tactic call build ran for 0.003 secs (0.003u,0.s)
Tactic call to_constr ran for 0.042 secs (0.042u,0.s)
Tactic call type_of ran for 0.025 secs (0.025u,0.s)
Tactic call refine ran for 0.003 secs (0.003u,0.s) (success)
Tactic call build-and-refine ran for 0.075 secs (0.075u,0.s) (success)
Params: n= 142
Tactic call build ran for 0.003 secs (0.003u,0.s)
Tactic call to_constr ran for 0.039 secs (0.039u,0.s)
Tactic call type_of ran for 0.026 secs (0.026u,0.s)
Tactic call refine ran for 0.003 secs (0.003u,0.s) (success)
Tactic call build-and-refine ran for 0.073 secs (0.073u,0.s) (success)
Params: n= 143
Tactic call build ran for 0.003 secs (0.003u,0.s)
Tactic call to_constr ran for 0.039 secs (0.039u,0.s)
Tactic call type_of ran for 0.025 secs (0.025u,0.s)
Tactic call refine ran for 0.002 secs (0.002u,0.s) (success)
Tactic call build-and-refine ran for 0.071 secs (0.071u,0.s) (success)
Params: n= 144
Tactic call build ran for 0.003 secs (0.003u,0.s)
Tactic call to_constr ran for 0.04 secs (0.04u,0.s)
Tactic call type_of ran for 0.02 secs (0.02u,0.s)
Tactic call refine ran for 0.001 secs (0.001u,0.s) (success)
Tactic call build-and-refine ran for 0.065 secs (0.065u,0.s) (success)
Params: n= 145
Tactic call build ran for 0.003 secs (0.003u,0.s)
Tactic call to_constr ran for 0.044 secs (0.044u,0.s)
Tactic call type_of ran for 0.028 secs (0.024u,0.003s)
Tactic call refine ran for 0. secs (0.u,0.s) (success)
Tactic call build-and-refine ran for 0.077 secs (0.073u,0.003s) (success)
Params: n= 146
Tactic call build ran for 0.003 secs (0.003u,0.s)
Tactic call to_constr ran for 0.046 secs (0.046u,0.s)
Tactic call type_of ran for 0.033 secs (0.033u,0.s)
Tactic call refine ran for 0. secs (0.u,0.s) (success)
Tactic call build-and-refine ran for 0.085 secs (0.085u,0.s) (success)
Params: n= 147
Tactic call build ran for 0.003 secs (0.003u,0.s)
Tactic call to_constr ran for 0.046 secs (0.046u,0.s)
Tactic call type_of ran for 0.028 secs (0.028u,0.s)
Tactic call refine ran for 0.004 secs (0.004u,0.s) (success)
Tactic call build-and-refine ran for 0.084 secs (0.084u,0.s) (success)
Params: n= 148
Tactic call build ran for 0.003 secs (0.003u,0.s)
Tactic call to_constr ran for 0.043 secs (0.043u,0.s)
Tactic call type_of ran for 0.027 secs (0.027u,0.s)
Tactic call refine ran for 0.004 secs (0.004u,0.s) (success)
Tactic call build-and-refine ran for 0.079 secs (0.079u,0.s) (success)
Params: n= 149
Tactic call build ran for 0.004 secs (0.003u,0.s)
Tactic call to_constr ran for 0.043 secs (0.043u,0.s)
Tactic call type_of ran for 0.028 secs (0.028u,0.s)
Tactic call refine ran for 0.003 secs (0.003u,0.s) (success)
Tactic call build-and-refine ran for 0.079 secs (0.079u,0.s) (success)
Params: n= 150
Tactic call build ran for 0.004 secs (0.004u,0.s)
Tactic call to_constr ran for 0.044 secs (0.044u,0.s)
Tactic call type_of ran for 0.026 secs (0.026u,0.s)
Tactic call refine ran for 0.002 secs (0.002u,0.s) (success)
Tactic call build-and-refine ran for 0.078 secs (0.078u,0.s) (success)
Params: n= 151
Tactic call build ran for 0.004 secs (0.004u,0.s)
Tactic call to_constr ran for 0.045 secs (0.041u,0.003s)
Tactic call type_of ran for 0.024 secs (0.024u,0.s)
Tactic call refine ran for 0.001 secs (0.001u,0.s) (success)
Tactic call build-and-refine ran for 0.075 secs (0.071u,0.003s) (success)
Params: n= 152
Tactic call build ran for 0.007 secs (0.007u,0.s)
Tactic call to_constr ran for 0.045 secs (0.045u,0.s)
Tactic call type_of ran for 0.022 secs (0.022u,0.s)
Tactic call refine ran for 0.001 secs (0.001u,0.s) (success)
Tactic call build-and-refine ran for 0.077 secs (0.077u,0.s) (success)
Params: n= 153
Tactic call build ran for 0.004 secs (0.004u,0.s)
Tactic call to_constr ran for 0.048 secs (0.048u,0.s)
Tactic call type_of ran for 0.022 secs (0.022u,0.s)
Tactic call refine ran for 0. secs (0.u,0.s) (success)
Tactic call build-and-refine ran for 0.075 secs (0.075u,0.s) (success)
Params: n= 154
Tactic call build ran for 0.004 secs (0.004u,0.s)
Tactic call to_constr ran for 0.046 secs (0.046u,0.s)
Tactic call type_of ran for 0.03 secs (0.026u,0.003s)
Tactic call refine ran for 0. secs (0.u,0.s) (success)
Tactic call build-and-refine ran for 0.082 secs (0.078u,0.004s) (success)
Params: n= 155
Tactic call build ran for 0.004 secs (0.004u,0.s)
Tactic call to_constr ran for 0.046 secs (0.046u,0.s)
Tactic call type_of ran for 0.034 secs (0.034u,0.s)
Tactic call refine ran for 0. secs (0.u,0.s) (success)
Tactic call build-and-refine ran for 0.086 secs (0.085u,0.s) (success)
Params: n= 156
Tactic call build ran for 0.004 secs (0.004u,0.s)
Tactic call to_constr ran for 0.049 secs (0.049u,0.s)
Tactic call type_of ran for 0.034 secs (0.03u,0.003s)
Tactic call refine ran for 0. secs (0.u,0.s) (success)
Tactic call build-and-refine ran for 0.089 secs (0.085u,0.003s) (success)
Params: n= 157
Tactic call build ran for 0.004 secs (0.004u,0.s)
Tactic call to_constr ran for 0.049 secs (0.049u,0.s)
Tactic call type_of ran for 0.035 secs (0.035u,0.s)
Tactic call refine ran for 0. secs (0.u,0.s) (success)
Tactic call build-and-refine ran for 0.09 secs (0.09u,0.s) (success)
Params: n= 158
Tactic call build ran for 0.004 secs (0.004u,0.s)
Tactic call to_constr ran for 0.05 secs (0.05u,0.s)
Tactic call type_of ran for 0.035 secs (0.035u,0.s)
Tactic call refine ran for 0. secs (0.u,0.s) (success)
Tactic call build-and-refine ran for 0.091 secs (0.091u,0.s) (success)
Params: n= 159
Tactic call build ran for 0.004 secs (0.004u,0.s)
Tactic call to_constr ran for 0.051 secs (0.051u,0.s)
Tactic call type_of ran for 0.035 secs (0.035u,0.s)
Tactic call refine ran for 0. secs (0.u,0.s) (success)
Tactic call build-and-refine ran for 0.092 secs (0.092u,0.s) (success)
Params: n= 160
Tactic call build ran for 0.004 secs (0.004u,0.s)
Tactic call to_constr ran for 0.051 secs (0.051u,0.s)
Tactic call type_of ran for 0.036 secs (0.036u,0.s)
Tactic call refine ran for 0. secs (0.u,0.s) (success)
Tactic call build-and-refine ran for 0.093 secs (0.093u,0.s) (success)
Params: n= 161
Tactic call build ran for 0.004 secs (0.004u,0.s)
Tactic call to_constr ran for 0.052 secs (0.052u,0.s)
Tactic call type_of ran for 0.036 secs (0.036u,0.s)
Tactic call refine ran for 0. secs (0.u,0.s) (success)
Tactic call build-and-refine ran for 0.094 secs (0.094u,0.s) (success)
Params: n= 162
Tactic call build ran for 0.004 secs (0.004u,0.s)
Tactic call to_constr ran for 0.053 secs (0.053u,0.s)
Tactic call type_of ran for 0.037 secs (0.037u,0.s)
Tactic call refine ran for 0. secs (0.u,0.s) (success)
Tactic call build-and-refine ran for 0.096 secs (0.096u,0.s) (success)
Params: n= 163
Tactic call build ran for 0.004 secs (0.004u,0.s)
Tactic call to_constr ran for 0.054 secs (0.054u,0.s)
Tactic call type_of ran for 0.036 secs (0.036u,0.s)
Tactic call refine ran for 0. secs (0.u,0.s) (success)
Tactic call build-and-refine ran for 0.096 secs (0.096u,0.s) (success)
Params: n= 164
Tactic call build ran for 0.004 secs (0.004u,0.s)
Tactic call to_constr ran for 0.058 secs (0.058u,0.s)
Tactic call type_of ran for 0.025 secs (0.024u,0.s)
Tactic call refine ran for 0. secs (0.u,0.s) (success)
Tactic call build-and-refine ran for 0.088 secs (0.088u,0.s) (success)
Params: n= 165
Tactic call build ran for 0.004 secs (0.004u,0.s)
Tactic call to_constr ran for 0.056 secs (0.056u,0.s)
Tactic call type_of ran for 0.027 secs (0.026u,0.s)
Tactic call refine ran for 0.001 secs (0.001u,0.s) (success)
Tactic call build-and-refine ran for 0.089 secs (0.088u,0.s) (success)
Params: n= 166
Tactic call build ran for 0.006 secs (0.006u,0.s)
Tactic call to_constr ran for 0.053 secs (0.053u,0.s)
Tactic call type_of ran for 0.029 secs (0.029u,0.s)
Tactic call refine ran for 0.001 secs (0.001u,0.s) (success)
Tactic call build-and-refine ran for 0.091 secs (0.091u,0.s) (success)
Params: n= 167
Tactic call build ran for 0.004 secs (0.004u,0.s)
Tactic call to_constr ran for 0.053 secs (0.053u,0.s)
Tactic call type_of ran for 0.03 secs (0.03u,0.s)
Tactic call refine ran for 0.002 secs (0.002u,0.s) (success)
Tactic call build-and-refine ran for 0.092 secs (0.092u,0.s) (success)
Params: n= 168
Tactic call build ran for 0.004 secs (0.004u,0.s)
Tactic call to_constr ran for 0.054 secs (0.05u,0.003s)
Tactic call type_of ran for 0.033 secs (0.033u,0.s)
Tactic call refine ran for 0.003 secs (0.003u,0.s) (success)
Tactic call build-and-refine ran for 0.095 secs (0.092u,0.003s) (success)
Params: n= 169
Tactic call build ran for 0.004 secs (0.004u,0.s)
Tactic call to_constr ran for 0.055 secs (0.055u,0.s)
Tactic call type_of ran for 0.034 secs (0.034u,0.s)
Tactic call refine ran for 0.004 secs (0.004u,0.s) (success)
Tactic call build-and-refine ran for 0.098 secs (0.098u,0.s) (success)
Params: n= 170
Tactic call build ran for 0.004 secs (0.004u,0.s)
Tactic call to_constr ran for 0.054 secs (0.054u,0.s)
Tactic call type_of ran for 0.042 secs (0.042u,0.s)
Tactic call refine ran for 0. secs (0.u,0.s) (success)
Tactic call build-and-refine ran for 0.103 secs (0.102u,0.s) (success)
Params: n= 171
Tactic call build ran for 0.004 secs (0.004u,0.s)
Tactic call to_constr ran for 0.059 secs (0.058u,0.s)
Tactic call type_of ran for 0.037 secs (0.037u,0.s)
Tactic call refine ran for 0.002 secs (0.002u,0.s) (success)
Tactic call build-and-refine ran for 0.104 secs (0.104u,0.s) (success)
Params: n= 172
Tactic call build ran for 0.004 secs (0.004u,0.s)
Tactic call to_constr ran for 0.058 secs (0.058u,0.s)
Tactic call type_of ran for 0.039 secs (0.039u,0.s)
Tactic call refine ran for 0.004 secs (0.004u,0.s) (success)
Tactic call build-and-refine ran for 0.106 secs (0.106u,0.s) (success)
Params: n= 173
Tactic call build ran for 0.004 secs (0.004u,0.s)
Tactic call to_constr ran for 0.06 secs (0.06u,0.s)
Tactic call type_of ran for 0.044 secs (0.044u,0.s)
Tactic call refine ran for 0. secs (0.u,0.s) (success)
Tactic call build-and-refine ran for 0.11 secs (0.11u,0.s) (success)
Params: n= 174
Tactic call build ran for 0.004 secs (0.004u,0.s)
Tactic call to_constr ran for 0.068 secs (0.068u,0.s)
Tactic call type_of ran for 0.041 secs (0.037u,0.003s)
Tactic call refine ran for 0. secs (0.u,0.s) (success)
Tactic call build-and-refine ran for 0.116 secs (0.112u,0.003s) (success)
Params: n= 175
Tactic call build ran for 0.004 secs (0.004u,0.s)
Tactic call to_constr ran for 0.068 secs (0.068u,0.s)
Tactic call type_of ran for 0.028 secs (0.024u,0.003s)
Tactic call refine ran for 0.001 secs (0.001u,0.s) (success)
Tactic call build-and-refine ran for 0.102 secs (0.098u,0.003s) (success)
Params: n= 176
Tactic call build ran for 0.013 secs (0.013u,0.s)
Tactic call to_constr ran for 0.06 secs (0.06u,0.s)
Tactic call type_of ran for 0.037 secs (0.037u,0.s)
Tactic call refine ran for 0.002 secs (0.002u,0.s) (success)
Tactic call build-and-refine ran for 0.114 secs (0.114u,0.s) (success)
Params: n= 177
Tactic call build ran for 0.004 secs (0.004u,0.s)
Tactic call to_constr ran for 0.063 secs (0.063u,0.s)
Tactic call type_of ran for 0.035 secs (0.035u,0.s)
Tactic call refine ran for 0.004 secs (0.004u,0.s) (success)
Tactic call build-and-refine ran for 0.107 secs (0.107u,0.s) (success)
Params: n= 178
Tactic call build ran for 0.004 secs (0.004u,0.s)
Tactic call to_constr ran for 0.061 secs (0.061u,0.s)
Tactic call type_of ran for 0.043 secs (0.043u,0.s)
Tactic call refine ran for 0. secs (0.u,0.s) (success)
Tactic call build-and-refine ran for 0.111 secs (0.11u,0.s) (success)
Params: n= 179
Tactic call build ran for 0.004 secs (0.004u,0.s)
Tactic call to_constr ran for 0.074 secs (0.074u,0.s)
Tactic call type_of ran for 0.029 secs (0.029u,0.s)
Tactic call refine ran for 0. secs (0.u,0.s) (success)
Tactic call build-and-refine ran for 0.109 secs (0.109u,0.s) (success)
Params: n= 180
Tactic call build ran for 0.004 secs (0.004u,0.s)
Tactic call to_constr ran for 0.07 secs (0.07u,0.s)
Tactic call type_of ran for 0.037 secs (0.037u,0.s)
Tactic call refine ran for 0.002 secs (0.002u,0.s) (success)
Tactic call build-and-refine ran for 0.115 secs (0.114u,0.s) (success)
Params: n= 181
Tactic call build ran for 0.004 secs (0.004u,0.s)
Tactic call to_constr ran for 0.065 secs (0.065u,0.s)
Tactic call type_of ran for 0.037 secs (0.037u,0.s)
Tactic call refine ran for 0.004 secs (0.004u,0.s) (success)
Tactic call build-and-refine ran for 0.112 secs (0.112u,0.s) (success)
Params: n= 182
Tactic call build ran for 0.005 secs (0.005u,0.s)
Tactic call to_constr ran for 0.066 secs (0.066u,0.s)
Tactic call type_of ran for 0.045 secs (0.045u,0.s)
Tactic call refine ran for 0. secs (0.u,0.s) (success)
Tactic call build-and-refine ran for 0.119 secs (0.118u,0.s) (success)
Params: n= 183
Tactic call build ran for 0.005 secs (0.005u,0.s)
Tactic call to_constr ran for 0.074 secs (0.074u,0.s)
Tactic call type_of ran for 0.041 secs (0.041u,0.s)
Tactic call refine ran for 0.001 secs (0.001u,0.s) (success)
Tactic call build-and-refine ran for 0.123 secs (0.123u,0.s) (success)
Params: n= 184
Tactic call build ran for 0.004 secs (0.004u,0.s)
Tactic call to_constr ran for 0.065 secs (0.064u,0.s)
Tactic call type_of ran for 0.04 secs (0.04u,0.s)
Tactic call refine ran for 0.004 secs (0.004u,0.s) (success)
Tactic call build-and-refine ran for 0.115 secs (0.115u,0.s) (success)
Params: n= 185
Tactic call build ran for 0.005 secs (0.005u,0.s)
Tactic call to_constr ran for 0.066 secs (0.066u,0.s)
Tactic call type_of ran for 0.047 secs (0.047u,0.s)
Tactic call refine ran for 0. secs (0.u,0.s) (success)
Tactic call build-and-refine ran for 0.12 secs (0.12u,0.s) (success)
Params: n= 186
Tactic call build ran for 0.005 secs (0.004u,0.s)
Tactic call to_constr ran for 0.074 secs (0.074u,0.s)
Tactic call type_of ran for 0.04 secs (0.04u,0.s)
Tactic call refine ran for 0.002 secs (0.002u,0.s) (success)
Tactic call build-and-refine ran for 0.122 secs (0.121u,0.s) (success)
Params: n= 187
Tactic call build ran for 0.005 secs (0.005u,0.s)
Tactic call to_constr ran for 0.067 secs (0.067u,0.s)
Tactic call type_of ran for 0.04 secs (0.039u,0.s)
Tactic call refine ran for 0.004 secs (0.004u,0.s) (success)
Tactic call build-and-refine ran for 0.117 secs (0.117u,0.s) (success)
Params: n= 188
Tactic call build ran for 0.005 secs (0.005u,0.s)
Tactic call to_constr ran for 0.068 secs (0.068u,0.s)
Tactic call type_of ran for 0.046 secs (0.046u,0.s)
Tactic call refine ran for 0.001 secs (0.001u,0.s) (success)
Tactic call build-and-refine ran for 0.121 secs (0.121u,0.s) (success)
Params: n= 189
Tactic call build ran for 0.005 secs (0.005u,0.s)
Tactic call to_constr ran for 0.074 secs (0.074u,0.s)
Tactic call type_of ran for 0.04 secs (0.04u,0.s)
Tactic call refine ran for 0.003 secs (0.003u,0.s) (success)
Tactic call build-and-refine ran for 0.123 secs (0.123u,0.s) (success)
Params: n= 190
Tactic call build ran for 0.005 secs (0.005u,0.s)
Tactic call to_constr ran for 0.071 secs (0.071u,0.s)
Tactic call type_of ran for 0.047 secs (0.047u,0.s)
Tactic call refine ran for 0.001 secs (0.001u,0.s) (success)
Tactic call build-and-refine ran for 0.125 secs (0.125u,0.s) (success)
Params: n= 191
Tactic call build ran for 0.005 secs (0.005u,0.s)
Tactic call to_constr ran for 0.074 secs (0.074u,0.s)
Tactic call type_of ran for 0.039 secs (0.039u,0.s)
Tactic call refine ran for 0.001 secs (0.001u,0.s) (success)
Tactic call build-and-refine ran for 0.121 secs (0.121u,0.s) (success)
Params: n= 192
Tactic call build ran for 0.005 secs (0.005u,0.s)
Tactic call to_constr ran for 0.073 secs (0.073u,0.s)
Tactic call type_of ran for 0.048 secs (0.048u,0.s)
Tactic call refine ran for 0.001 secs (0.001u,0.s) (success)
Tactic call build-and-refine ran for 0.128 secs (0.128u,0.s) (success)
Params: n= 193
Tactic call build ran for 0.005 secs (0.005u,0.s)
Tactic call to_constr ran for 0.075 secs (0.071u,0.003s)
Tactic call type_of ran for 0.037 secs (0.037u,0.s)
Tactic call refine ran for 0.001 secs (0.001u,0.s) (success)
Tactic call build-and-refine ran for 0.12 secs (0.116u,0.003s) (success)
Params: n= 194
Tactic call build ran for 0.005 secs (0.005u,0.s)
Tactic call to_constr ran for 0.076 secs (0.076u,0.s)
Tactic call type_of ran for 0.042 secs (0.042u,0.s)
Tactic call refine ran for 0.004 secs (0.004u,0.s) (success)
Tactic call build-and-refine ran for 0.129 secs (0.129u,0.s) (success)
Params: n= 195
Tactic call build ran for 0.005 secs (0.005u,0.s)
Tactic call to_constr ran for 0.079 secs (0.079u,0.s)
Tactic call type_of ran for 0.034 secs (0.034u,0.s)
Tactic call refine ran for 0.001 secs (0.001u,0.s) (success)
Tactic call build-and-refine ran for 0.121 secs (0.121u,0.s) (success)
Params: n= 196
Tactic call build ran for 0.008 secs (0.008u,0.s)
Tactic call to_constr ran for 0.076 secs (0.076u,0.s)
Tactic call type_of ran for 0.043 secs (0.043u,0.s)
Tactic call refine ran for 0.004 secs (0.004u,0.s) (success)
Tactic call build-and-refine ran for 0.132 secs (0.132u,0.s) (success)
Params: n= 197
Tactic call build ran for 0.005 secs (0.005u,0.s)
Tactic call to_constr ran for 0.08 secs (0.076u,0.003s)
Tactic call type_of ran for 0.035 secs (0.035u,0.s)
Tactic call refine ran for 0.001 secs (0.001u,0.s) (success)
Tactic call build-and-refine ran for 0.123 secs (0.119u,0.003s) (success)
Params: n= 198
Tactic call build ran for 0.008 secs (0.008u,0.s)
Tactic call to_constr ran for 0.077 secs (0.077u,0.s)
Tactic call type_of ran for 0.052 secs (0.052u,0.s)
Tactic call refine ran for 0.001 secs (0.001u,0.s) (success)
Tactic call build-and-refine ran for 0.139 secs (0.139u,0.s) (success)
Params: n= 199
Tactic call build ran for 0.005 secs (0.005u,0.s)
Tactic call to_constr ran for 0.079 secs (0.075u,0.003s)
Tactic call type_of ran for 0.04 secs (0.04u,0.s)
Tactic call refine ran for 0.001 secs (0.001u,0.s) (success)
Tactic call build-and-refine ran for 0.126 secs (0.122u,0.003s) (success)
Params: n= 201
Tactic call build ran for 0.005 secs (0.005u,0.s)
Tactic call to_constr ran for 0.079 secs (0.079u,0.s)
Tactic call type_of ran for 0.049 secs (0.049u,0.s)
Tactic call refine ran for 0.001 secs (0.001u,0.s) (success)
Tactic call build-and-refine ran for 0.136 secs (0.135u,0.s) (success)
Params: n= 203
Tactic call build ran for 0.005 secs (0.005u,0.s)
Tactic call to_constr ran for 0.082 secs (0.082u,0.s)
Tactic call type_of ran for 0.043 secs (0.043u,0.s)
Tactic call refine ran for 0.002 secs (0.002u,0.s) (success)
Tactic call build-and-refine ran for 0.134 secs (0.133u,0.s) (success)
Params: n= 205
Tactic call build ran for 0.005 secs (0.005u,0.s)
Tactic call to_constr ran for 0.081 secs (0.081u,0.s)
Tactic call type_of ran for 0.052 secs (0.052u,0.s)
Tactic call refine ran for 0.001 secs (0.001u,0.s) (success)
Tactic call build-and-refine ran for 0.141 secs (0.141u,0.s) (success)
Params: n= 207
Tactic call build ran for 0.005 secs (0.005u,0.s)
Tactic call to_constr ran for 0.091 secs (0.091u,0.s)
Tactic call type_of ran for 0.051 secs (0.051u,0.s)
Tactic call refine ran for 0.001 secs (0.001u,0.s) (success)
Tactic call build-and-refine ran for 0.15 secs (0.15u,0.s) (success)
Params: n= 209
Tactic call build ran for 0.005 secs (0.005u,0.s)
Tactic call to_constr ran for 0.089 secs (0.089u,0.s)
Tactic call type_of ran for 0.051 secs (0.051u,0.s)
Tactic call refine ran for 0.001 secs (0.001u,0.s) (success)
Tactic call build-and-refine ran for 0.148 secs (0.148u,0.s) (success)
Params: n= 211
Tactic call build ran for 0.005 secs (0.005u,0.s)
Tactic call to_constr ran for 0.097 secs (0.096u,0.s)
Tactic call type_of ran for 0.057 secs (0.057u,0.s)
Tactic call refine ran for 0.004 secs (0.004u,0.s) (success)
Tactic call build-and-refine ran for 0.164 secs (0.164u,0.s) (success)
Params: n= 213
Tactic call build ran for 0.005 secs (0.005u,0.s)
Tactic call to_constr ran for 0.088 secs (0.087u,0.s)
Tactic call type_of ran for 0.054 secs (0.054u,0.s)
Tactic call refine ran for 0.002 secs (0.002u,0.s) (success)
Tactic call build-and-refine ran for 0.15 secs (0.15u,0.s) (success)
Params: n= 215
Tactic call build ran for 0.005 secs (0.005u,0.s)
Tactic call to_constr ran for 0.09 secs (0.09u,0.s)
Tactic call type_of ran for 0.062 secs (0.062u,0.s)
Tactic call refine ran for 0.001 secs (0.001u,0.s) (success)
Tactic call build-and-refine ran for 0.161 secs (0.161u,0.s) (success)
Params: n= 217
Tactic call build ran for 0.005 secs (0.005u,0.s)
Tactic call to_constr ran for 0.101 secs (0.101u,0.s)
Tactic call type_of ran for 0.055 secs (0.055u,0.s)
Tactic call refine ran for 0.001 secs (0.001u,0.s) (success)
Tactic call build-and-refine ran for 0.164 secs (0.164u,0.s) (success)
Params: n= 219
Tactic call build ran for 0.005 secs (0.005u,0.s)
Tactic call to_constr ran for 0.111 secs (0.111u,0.s)
Tactic call type_of ran for 0.054 secs (0.054u,0.s)
Tactic call refine ran for 0.001 secs (0.001u,0.s) (success)
Tactic call build-and-refine ran for 0.173 secs (0.173u,0.s) (success)
Params: n= 221
Tactic call build ran for 0.005 secs (0.005u,0.s)
Tactic call to_constr ran for 0.11 secs (0.11u,0.s)
Tactic call type_of ran for 0.055 secs (0.055u,0.s)
Tactic call refine ran for 0.001 secs (0.001u,0.s) (success)
Tactic call build-and-refine ran for 0.173 secs (0.173u,0.s) (success)
Params: n= 223
Tactic call build ran for 0.005 secs (0.005u,0.s)
Tactic call to_constr ran for 0.103 secs (0.103u,0.s)
Tactic call type_of ran for 0.059 secs (0.059u,0.s)
Tactic call refine ran for 0.001 secs (0.001u,0.s) (success)
Tactic call build-and-refine ran for 0.17 secs (0.17u,0.s) (success)
Params: n= 225
Tactic call build ran for 0.006 secs (0.006u,0.s)
Tactic call to_constr ran for 0.102 secs (0.102u,0.s)
Tactic call type_of ran for 0.059 secs (0.058u,0.s)
Tactic call refine ran for 0.001 secs (0.001u,0.s) (success)
Tactic call build-and-refine ran for 0.169 secs (0.168u,0.s) (success)
Params: n= 227
Tactic call build ran for 0.005 secs (0.005u,0.s)
Tactic call to_constr ran for 0.097 secs (0.097u,0.s)
Tactic call type_of ran for 0.061 secs (0.061u,0.s)
Tactic call refine ran for 0.001 secs (0.001u,0.s) (success)
Tactic call build-and-refine ran for 0.166 secs (0.166u,0.s) (success)
Params: n= 229
Tactic call build ran for 0.005 secs (0.005u,0.s)
Tactic call to_constr ran for 0.101 secs (0.101u,0.s)
Tactic call type_of ran for 0.06 secs (0.06u,0.s)
Tactic call refine ran for 0.001 secs (0.001u,0.s) (success)
Tactic call build-and-refine ran for 0.169 secs (0.169u,0.s) (success)
Params: n= 231
Tactic call build ran for 0.006 secs (0.006u,0.s)
Tactic call to_constr ran for 0.103 secs (0.103u,0.s)
Tactic call type_of ran for 0.06 secs (0.06u,0.s)
Tactic call refine ran for 0.001 secs (0.001u,0.s) (success)
Tactic call build-and-refine ran for 0.171 secs (0.171u,0.s) (success)
Params: n= 233
Tactic call build ran for 0.006 secs (0.006u,0.s)
Tactic call to_constr ran for 0.109 secs (0.109u,0.s)
Tactic call type_of ran for 0.057 secs (0.057u,0.s)
Tactic call refine ran for 0.001 secs (0.001u,0.s) (success)
Tactic call build-and-refine ran for 0.175 secs (0.175u,0.s) (success)
Params: n= 235
Tactic call build ran for 0.006 secs (0.006u,0.s)
Tactic call to_constr ran for 0.112 secs (0.111u,0.s)
Tactic call type_of ran for 0.058 secs (0.058u,0.s)
Tactic call refine ran for 0.001 secs (0.001u,0.s) (success)
Tactic call build-and-refine ran for 0.179 secs (0.178u,0.s) (success)
Params: n= 237
Tactic call build ran for 0.006 secs (0.006u,0.s)
Tactic call to_constr ran for 0.114 secs (0.113u,0.s)
Tactic call type_of ran for 0.064 secs (0.064u,0.s)
Tactic call refine ran for 0.001 secs (0.001u,0.s) (success)
Tactic call build-and-refine ran for 0.186 secs (0.186u,0.s) (success)
Params: n= 239
Tactic call build ran for 0.006 secs (0.006u,0.s)
Tactic call to_constr ran for 0.115 secs (0.115u,0.s)
Tactic call type_of ran for 0.055 secs (0.055u,0.s)
Tactic call refine ran for 0.001 secs (0.001u,0.s) (success)
Tactic call build-and-refine ran for 0.179 secs (0.178u,0.s) (success)
Params: n= 241
Tactic call build ran for 0.006 secs (0.006u,0.s)
Tactic call to_constr ran for 0.109 secs (0.109u,0.s)
Tactic call type_of ran for 0.066 secs (0.066u,0.s)
Tactic call refine ran for 0.001 secs (0.001u,0.s) (success)
Tactic call build-and-refine ran for 0.184 secs (0.184u,0.s) (success)
Params: n= 243
Tactic call build ran for 0.006 secs (0.006u,0.s)
Tactic call to_constr ran for 0.116 secs (0.116u,0.s)
Tactic call type_of ran for 0.06 secs (0.06u,0.s)
Tactic call refine ran for 0.001 secs (0.001u,0.s) (success)
Tactic call build-and-refine ran for 0.185 secs (0.185u,0.s) (success)
Params: n= 245
Tactic call build ran for 0.006 secs (0.006u,0.s)
Tactic call to_constr ran for 0.121 secs (0.121u,0.s)
Tactic call type_of ran for 0.068 secs (0.068u,0.s)
Tactic call refine ran for 0.001 secs (0.001u,0.s) (success)
Tactic call build-and-refine ran for 0.197 secs (0.197u,0.s) (success)
Params: n= 247
Tactic call build ran for 0.006 secs (0.006u,0.s)
Tactic call to_constr ran for 0.127 secs (0.127u,0.s)
Tactic call type_of ran for 0.063 secs (0.063u,0.s)
Tactic call refine ran for 0.001 secs (0.001u,0.s) (success)
Tactic call build-and-refine ran for 0.199 secs (0.199u,0.s) (success)
Params: n= 249
Tactic call build ran for 0.015 secs (0.015u,0.s)
Tactic call to_constr ran for 0.127 secs (0.127u,0.s)
Tactic call type_of ran for 0.066 secs (0.066u,0.s)
Tactic call refine ran for 0.001 secs (0.001u,0.s) (success)
Tactic call build-and-refine ran for 0.212 secs (0.212u,0.s) (success)
Params: n= 251
Tactic call build ran for 0.006 secs (0.006u,0.s)
Tactic call to_constr ran for 0.127 secs (0.127u,0.s)
Tactic call type_of ran for 0.063 secs (0.063u,0.s)
Tactic call refine ran for 0.001 secs (0.001u,0.s) (success)
Tactic call build-and-refine ran for 0.199 secs (0.199u,0.s) (success)
Params: n= 253
Tactic call build ran for 0.006 secs (0.006u,0.s)
Tactic call to_constr ran for 0.137 secs (0.136u,0.s)
Tactic call type_of ran for 0.077 secs (0.077u,0.s)
Tactic call refine ran for 0.001 secs (0.001u,0.s) (success)
Tactic call build-and-refine ran for 0.223 secs (0.223u,0.s) (success)
Params: n= 255
Tactic call build ran for 0.006 secs (0.006u,0.s)
Tactic call to_constr ran for 0.133 secs (0.133u,0.s)
Tactic call type_of ran for 0.073 secs (0.073u,0.s)
Tactic call refine ran for 0.001 secs (0.001u,0.s) (success)
Tactic call build-and-refine ran for 0.215 secs (0.215u,0.s) (success)
Params: n= 257
Tactic call build ran for 0.006 secs (0.006u,0.s)
Tactic call to_constr ran for 0.136 secs (0.136u,0.s)
Tactic call type_of ran for 0.078 secs (0.078u,0.s)
Tactic call refine ran for 0.001 secs (0.001u,0.s) (success)
Tactic call build-and-refine ran for 0.224 secs (0.223u,0.s) (success)
Params: n= 259
Tactic call build ran for 0.006 secs (0.006u,0.s)
Tactic call to_constr ran for 0.132 secs (0.132u,0.s)
Tactic call type_of ran for 0.068 secs (0.068u,0.s)
Tactic call refine ran for 0.001 secs (0.001u,0.s) (success)
Tactic call build-and-refine ran for 0.21 secs (0.209u,0.s) (success)
Params: n= 261
Tactic call build ran for 0.006 secs (0.006u,0.s)
Tactic call to_constr ran for 0.135 secs (0.135u,0.s)
Tactic call type_of ran for 0.067 secs (0.067u,0.s)
Tactic call refine ran for 0.003 secs (0.003u,0.s) (success)
Tactic call build-and-refine ran for 0.213 secs (0.212u,0.s) (success)
Params: n= 263
Tactic call build ran for 0.007 secs (0.007u,0.s)
Tactic call to_constr ran for 0.135 secs (0.135u,0.s)
Tactic call type_of ran for 0.076 secs (0.076u,0.s)
Tactic call refine ran for 0.002 secs (0.002u,0.s) (success)
Tactic call build-and-refine ran for 0.221 secs (0.221u,0.s) (success)
Params: n= 265
Tactic call build ran for 0.006 secs (0.006u,0.s)
Tactic call to_constr ran for 0.142 secs (0.142u,0.s)
Tactic call type_of ran for 0.069 secs (0.069u,0.s)
Tactic call refine ran for 0.001 secs (0.001u,0.s) (success)
Tactic call build-and-refine ran for 0.22 secs (0.22u,0.s) (success)
Params: n= 267
Tactic call build ran for 0.006 secs (0.006u,0.s)
Tactic call to_constr ran for 0.141 secs (0.141u,0.s)
Tactic call type_of ran for 0.071 secs (0.071u,0.s)
Tactic call refine ran for 0.002 secs (0.002u,0.s) (success)
Tactic call build-and-refine ran for 0.222 secs (0.222u,0.s) (success)
Params: n= 269
Tactic call build ran for 0.007 secs (0.007u,0.s)
Tactic call to_constr ran for 0.148 secs (0.148u,0.s)
Tactic call type_of ran for 0.068 secs (0.068u,0.s)
Tactic call refine ran for 0.001 secs (0.001u,0.s) (success)
Tactic call build-and-refine ran for 0.226 secs (0.226u,0.s) (success)
Params: n= 271
Tactic call build ran for 0.007 secs (0.007u,0.s)
Tactic call to_constr ran for 0.139 secs (0.139u,0.s)
Tactic call type_of ran for 0.079 secs (0.079u,0.s)
Tactic call refine ran for 0.002 secs (0.002u,0.s) (success)
Tactic call build-and-refine ran for 0.228 secs (0.228u,0.s) (success)
Params: n= 273
Tactic call build ran for 0.007 secs (0.007u,0.s)
Tactic call to_constr ran for 0.148 secs (0.148u,0.s)
Tactic call type_of ran for 0.076 secs (0.076u,0.s)
Tactic call refine ran for 0.002 secs (0.002u,0.s) (success)
Tactic call build-and-refine ran for 0.235 secs (0.235u,0.s) (success)
Params: n= 275
Tactic call build ran for 0.007 secs (0.007u,0.s)
Tactic call to_constr ran for 0.151 secs (0.151u,0.s)
Tactic call type_of ran for 0.075 secs (0.075u,0.s)
Tactic call refine ran for 0.002 secs (0.002u,0.s) (success)
Tactic call build-and-refine ran for 0.236 secs (0.236u,0.s) (success)
Params: n= 277
Tactic call build ran for 0.011 secs (0.011u,0.s)
Tactic call to_constr ran for 0.158 secs (0.158u,0.s)
Tactic call type_of ran for 0.09 secs (0.09u,0.s)
Tactic call refine ran for 0.002 secs (0.002u,0.s) (success)
Tactic call build-and-refine ran for 0.262 secs (0.262u,0.s) (success)
Params: n= 279
Tactic call build ran for 0.014 secs (0.014u,0.s)
Tactic call to_constr ran for 0.164 secs (0.164u,0.s)
Tactic call type_of ran for 0.088 secs (0.088u,0.s)
Tactic call refine ran for 0.002 secs (0.002u,0.s) (success)
Tactic call build-and-refine ran for 0.269 secs (0.269u,0.s) (success)
Params: n= 281
Tactic call build ran for 0.014 secs (0.014u,0.s)
Tactic call to_constr ran for 0.161 secs (0.161u,0.s)
Tactic call type_of ran for 0.089 secs (0.089u,0.s)
Tactic call refine ran for 0.002 secs (0.002u,0.s) (success)
Tactic call build-and-refine ran for 0.267 secs (0.267u,0.s) (success)
Params: n= 283
Tactic call build ran for 0.015 secs (0.015u,0.s)
Tactic call to_constr ran for 0.171 secs (0.171u,0.s)
Tactic call type_of ran for 0.083 secs (0.083u,0.s)
Tactic call refine ran for 0.002 secs (0.002u,0.s) (success)
Tactic call build-and-refine ran for 0.272 secs (0.272u,0.s) (success)
Params: n= 285
Tactic call build ran for 0.007 secs (0.007u,0.s)
Tactic call to_constr ran for 0.158 secs (0.158u,0.s)
Tactic call type_of ran for 0.074 secs (0.074u,0.s)
Tactic call refine ran for 0.002 secs (0.002u,0.s) (success)
Tactic call build-and-refine ran for 0.242 secs (0.242u,0.s) (success)
Params: n= 287
Tactic call build ran for 0.007 secs (0.007u,0.s)
Tactic call to_constr ran for 0.158 secs (0.158u,0.s)
Tactic call type_of ran for 0.079 secs (0.079u,0.s)
Tactic call refine ran for 0.002 secs (0.002u,0.s) (success)
Tactic call build-and-refine ran for 0.248 secs (0.248u,0.s) (success)
Params: n= 289
Tactic call build ran for 0.007 secs (0.007u,0.s)
Tactic call to_constr ran for 0.16 secs (0.16u,0.s)
Tactic call type_of ran for 0.083 secs (0.083u,0.s)
Tactic call refine ran for 0.002 secs (0.002u,0.s) (success)
Tactic call build-and-refine ran for 0.253 secs (0.253u,0.s) (success)
Params: n= 291
Tactic call build ran for 0.01 secs (0.01u,0.s)
Tactic call to_constr ran for 0.165 secs (0.165u,0.s)
Tactic call type_of ran for 0.086 secs (0.085u,0.s)
Tactic call refine ran for 0.002 secs (0.002u,0.s) (success)
Tactic call build-and-refine ran for 0.264 secs (0.263u,0.s) (success)
Params: n= 293
Tactic call build ran for 0.007 secs (0.007u,0.s)
Tactic call to_constr ran for 0.17 secs (0.17u,0.s)
Tactic call type_of ran for 0.098 secs (0.098u,0.s)
Tactic call refine ran for 0.002 secs (0.002u,0.s) (success)
Tactic call build-and-refine ran for 0.278 secs (0.278u,0.s) (success)
Params: n= 295
Tactic call build ran for 0.007 secs (0.007u,0.s)
Tactic call to_constr ran for 0.165 secs (0.165u,0.s)
Tactic call type_of ran for 0.083 secs (0.083u,0.s)
Tactic call refine ran for 0.002 secs (0.002u,0.s) (success)
Tactic call build-and-refine ran for 0.259 secs (0.258u,0.s) (success)
Params: n= 297
Tactic call build ran for 0.007 secs (0.007u,0.s)
Tactic call to_constr ran for 0.173 secs (0.169u,0.003s)
Tactic call type_of ran for 0.088 secs (0.088u,0.s)
Tactic call refine ran for 0.002 secs (0.002u,0.s) (success)
Tactic call build-and-refine ran for 0.272 secs (0.267u,0.003s) (success)
Params: n= 299
Tactic call build ran for 0.007 secs (0.007u,0.s)
Tactic call to_constr ran for 0.178 secs (0.178u,0.s)
Tactic call type_of ran for 0.094 secs (0.094u,0.s)
Tactic call refine ran for 0.002 secs (0.002u,0.s) (success)
Tactic call build-and-refine ran for 0.283 secs (0.283u,0.s) (success)
Params: n= 200
Tactic call build ran for 0.005 secs (0.005u,0.s)
Tactic call to_constr ran for 0.086 secs (0.086u,0.s)
Tactic call type_of ran for 0.048 secs (0.048u,0.s)
Tactic call refine ran for 0.001 secs (0.001u,0.s) (success)
Tactic call build-and-refine ran for 0.141 secs (0.141u,0.s) (success)
Params: n= 202
Tactic call build ran for 0.005 secs (0.005u,0.s)
Tactic call to_constr ran for 0.085 secs (0.085u,0.s)
Tactic call type_of ran for 0.047 secs (0.047u,0.s)
Tactic call refine ran for 0.002 secs (0.002u,0.s) (success)
Tactic call build-and-refine ran for 0.14 secs (0.14u,0.s) (success)
Params: n= 204
Tactic call build ran for 0.005 secs (0.005u,0.s)
Tactic call to_constr ran for 0.079 secs (0.079u,0.s)
Tactic call type_of ran for 0.049 secs (0.049u,0.s)
Tactic call refine ran for 0.001 secs (0.001u,0.s) (success)
Tactic call build-and-refine ran for 0.134 secs (0.134u,0.s) (success)
Params: n= 206
Tactic call build ran for 0.012 secs (0.012u,0.s)
Tactic call to_constr ran for 0.088 secs (0.088u,0.s)
Tactic call type_of ran for 0.048 secs (0.048u,0.s)
Tactic call refine ran for 0.001 secs (0.001u,0.s) (success)
Tactic call build-and-refine ran for 0.151 secs (0.151u,0.s) (success)
Params: n= 208
Tactic call build ran for 0.005 secs (0.005u,0.s)
Tactic call to_constr ran for 0.087 secs (0.087u,0.s)
Tactic call type_of ran for 0.048 secs (0.048u,0.s)
Tactic call refine ran for 0.002 secs (0.002u,0.s) (success)
Tactic call build-and-refine ran for 0.143 secs (0.143u,0.s) (success)
Params: n= 210
Tactic call build ran for 0.005 secs (0.005u,0.s)
Tactic call to_constr ran for 0.083 secs (0.083u,0.s)
Tactic call type_of ran for 0.05 secs (0.05u,0.s)
Tactic call refine ran for 0.001 secs (0.001u,0.s) (success)
Tactic call build-and-refine ran for 0.14 secs (0.14u,0.s) (success)
Params: n= 212
Tactic call build ran for 0.012 secs (0.012u,0.s)
Tactic call to_constr ran for 0.092 secs (0.092u,0.s)
Tactic call type_of ran for 0.05 secs (0.05u,0.s)
Tactic call refine ran for 0.001 secs (0.001u,0.s) (success)
Tactic call build-and-refine ran for 0.157 secs (0.157u,0.s) (success)
Params: n= 214
Tactic call build ran for 0.005 secs (0.005u,0.s)
Tactic call to_constr ran for 0.09 secs (0.09u,0.s)
Tactic call type_of ran for 0.054 secs (0.054u,0.s)
Tactic call refine ran for 0.001 secs (0.001u,0.s) (success)
Tactic call build-and-refine ran for 0.152 secs (0.152u,0.s) (success)
Params: n= 216
Tactic call build ran for 0.005 secs (0.005u,0.s)
Tactic call to_constr ran for 0.089 secs (0.089u,0.s)
Tactic call type_of ran for 0.044 secs (0.044u,0.s)
Tactic call refine ran for 0.002 secs (0.002u,0.s) (success)
Tactic call build-and-refine ran for 0.142 secs (0.142u,0.s) (success)
Params: n= 218
Tactic call build ran for 0.005 secs (0.005u,0.s)
Tactic call to_constr ran for 0.087 secs (0.087u,0.s)
Tactic call type_of ran for 0.045 secs (0.045u,0.s)
Tactic call refine ran for 0.001 secs (0.001u,0.s) (success)
Tactic call build-and-refine ran for 0.14 secs (0.14u,0.s) (success)
Params: n= 220
Tactic call build ran for 0.005 secs (0.005u,0.s)
Tactic call to_constr ran for 0.091 secs (0.091u,0.s)
Tactic call type_of ran for 0.058 secs (0.058u,0.s)
Tactic call refine ran for 0.001 secs (0.001u,0.s) (success)
Tactic call build-and-refine ran for 0.157 secs (0.157u,0.s) (success)
Params: n= 222
Tactic call build ran for 0.005 secs (0.005u,0.s)
Tactic call to_constr ran for 0.098 secs (0.098u,0.s)
Tactic call type_of ran for 0.054 secs (0.054u,0.s)
Tactic call refine ran for 0.001 secs (0.001u,0.s) (success)
Tactic call build-and-refine ran for 0.16 secs (0.16u,0.s) (success)
Params: n= 224
Tactic call build ran for 0.008 secs (0.008u,0.s)
Tactic call to_constr ran for 0.098 secs (0.098u,0.s)
Tactic call type_of ran for 0.054 secs (0.054u,0.s)
Tactic call refine ran for 0.001 secs (0.001u,0.s) (success)
Tactic call build-and-refine ran for 0.163 secs (0.163u,0.s) (success)
Params: n= 226
Tactic call build ran for 0.005 secs (0.005u,0.s)
Tactic call to_constr ran for 0.104 secs (0.103u,0.s)
Tactic call type_of ran for 0.055 secs (0.055u,0.s)
Tactic call refine ran for 0.001 secs (0.001u,0.s) (success)
Tactic call build-and-refine ran for 0.166 secs (0.166u,0.s) (success)
Params: n= 228
Tactic call build ran for 0.005 secs (0.005u,0.s)
Tactic call to_constr ran for 0.105 secs (0.104u,0.s)
Tactic call type_of ran for 0.055 secs (0.055u,0.s)
Tactic call refine ran for 0.001 secs (0.001u,0.s) (success)
Tactic call build-and-refine ran for 0.168 secs (0.167u,0.s) (success)
Params: n= 230
Tactic call build ran for 0.005 secs (0.005u,0.s)
Tactic call to_constr ran for 0.106 secs (0.106u,0.s)
Tactic call type_of ran for 0.057 secs (0.057u,0.s)
Tactic call refine ran for 0.001 secs (0.001u,0.s) (success)
Tactic call build-and-refine ran for 0.171 secs (0.171u,0.s) (success)
Params: n= 232
Tactic call build ran for 0.009 secs (0.009u,0.s)
Tactic call to_constr ran for 0.105 secs (0.105u,0.s)
Tactic call type_of ran for 0.06 secs (0.06u,0.s)
Tactic call refine ran for 0.001 secs (0.001u,0.s) (success)
Tactic call build-and-refine ran for 0.177 secs (0.177u,0.s) (success)
Params: n= 234
Tactic call build ran for 0.006 secs (0.006u,0.s)
Tactic call to_constr ran for 0.107 secs (0.107u,0.s)
Tactic call type_of ran for 0.063 secs (0.063u,0.s)
Tactic call refine ran for 0.001 secs (0.001u,0.s) (success)
Tactic call build-and-refine ran for 0.179 secs (0.179u,0.s) (success)
Params: n= 236
Tactic call build ran for 0.005 secs (0.005u,0.s)
Tactic call to_constr ran for 0.109 secs (0.109u,0.s)
Tactic call type_of ran for 0.053 secs (0.053u,0.s)
Tactic call refine ran for 0.001 secs (0.001u,0.s) (success)
Tactic call build-and-refine ran for 0.171 secs (0.171u,0.s) (success)
Params: n= 238
Tactic call build ran for 0.006 secs (0.006u,0.s)
Tactic call to_constr ran for 0.105 secs (0.105u,0.s)
Tactic call type_of ran for 0.057 secs (0.057u,0.s)
Tactic call refine ran for 0.002 secs (0.002u,0.s) (success)
Tactic call build-and-refine ran for 0.172 secs (0.172u,0.s) (success)
Params: n= 240
Tactic call build ran for 0.006 secs (0.006u,0.s)
Tactic call to_constr ran for 0.109 secs (0.109u,0.s)
Tactic call type_of ran for 0.059 secs (0.059u,0.s)
Tactic call refine ran for 0.001 secs (0.001u,0.s) (success)
Tactic call build-and-refine ran for 0.176 secs (0.176u,0.s) (success)
Params: n= 242
Tactic call build ran for 0.006 secs (0.006u,0.s)
Tactic call to_constr ran for 0.113 secs (0.113u,0.s)
Tactic call type_of ran for 0.067 secs (0.067u,0.s)
Tactic call refine ran for 0.002 secs (0.002u,0.s) (success)
Tactic call build-and-refine ran for 0.189 secs (0.189u,0.s) (success)
Params: n= 244
Tactic call build ran for 0.006 secs (0.006u,0.s)
Tactic call to_constr ran for 0.12 secs (0.12u,0.s)
Tactic call type_of ran for 0.06 secs (0.06u,0.s)
Tactic call refine ran for 0.001 secs (0.001u,0.s) (success)
Tactic call build-and-refine ran for 0.189 secs (0.188u,0.s) (success)
Params: n= 246
Tactic call build ran for 0.006 secs (0.006u,0.s)
Tactic call to_constr ran for 0.13 secs (0.13u,0.s)
Tactic call type_of ran for 0.071 secs (0.071u,0.s)
Tactic call refine ran for 0.001 secs (0.001u,0.s) (success)
Tactic call build-and-refine ran for 0.209 secs (0.209u,0.s) (success)
Params: n= 248
Tactic call build ran for 0.006 secs (0.006u,0.s)
Tactic call to_constr ran for 0.124 secs (0.123u,0.s)
Tactic call type_of ran for 0.066 secs (0.066u,0.s)
Tactic call refine ran for 0.002 secs (0.002u,0.s) (success)
Tactic call build-and-refine ran for 0.199 secs (0.199u,0.s) (success)
Params: n= 250
Tactic call build ran for 0.006 secs (0.006u,0.s)
Tactic call to_constr ran for 0.123 secs (0.123u,0.s)
Tactic call type_of ran for 0.064 secs (0.063u,0.s)
Tactic call refine ran for 0.001 secs (0.001u,0.s) (success)
Tactic call build-and-refine ran for 0.196 secs (0.196u,0.s) (success)
Params: n= 252
Tactic call build ran for 0.013 secs (0.013u,0.s)
Tactic call to_constr ran for 0.128 secs (0.128u,0.s)
Tactic call type_of ran for 0.061 secs (0.061u,0.s)
Tactic call refine ran for 0.001 secs (0.001u,0.s) (success)
Tactic call build-and-refine ran for 0.204 secs (0.204u,0.s) (success)
Params: n= 254
Tactic call build ran for 0.006 secs (0.006u,0.s)
Tactic call to_constr ran for 0.126 secs (0.125u,0.s)
Tactic call type_of ran for 0.064 secs (0.064u,0.s)
Tactic call refine ran for 0.001 secs (0.001u,0.s) (success)
Tactic call build-and-refine ran for 0.199 secs (0.199u,0.s) (success)
Params: n= 256
Tactic call build ran for 0.006 secs (0.006u,0.s)
Tactic call to_constr ran for 0.129 secs (0.128u,0.s)
Tactic call type_of ran for 0.062 secs (0.062u,0.s)
Tactic call refine ran for 0.001 secs (0.001u,0.s) (success)
Tactic call build-and-refine ran for 0.2 secs (0.2u,0.s) (success)
Params: n= 258
Tactic call build ran for 0.006 secs (0.006u,0.s)
Tactic call to_constr ran for 0.127 secs (0.127u,0.s)
Tactic call type_of ran for 0.066 secs (0.066u,0.s)
Tactic call refine ran for 0.001 secs (0.001u,0.s) (success)
Tactic call build-and-refine ran for 0.202 secs (0.202u,0.s) (success)
Params: n= 260
Tactic call build ran for 0.009 secs (0.009u,0.s)
Tactic call to_constr ran for 0.13 secs (0.13u,0.s)
Tactic call type_of ran for 0.07 secs (0.07u,0.s)
Tactic call refine ran for 0.001 secs (0.001u,0.s) (success)
Tactic call build-and-refine ran for 0.213 secs (0.213u,0.s) (success)
Params: n= 262
Tactic call build ran for 0.006 secs (0.006u,0.s)
Tactic call to_constr ran for 0.132 secs (0.132u,0.s)
Tactic call type_of ran for 0.074 secs (0.074u,0.s)
Tactic call refine ran for 0.001 secs (0.001u,0.s) (success)
Tactic call build-and-refine ran for 0.216 secs (0.216u,0.s) (success)
Params: n= 264
Tactic call build ran for 0.006 secs (0.006u,0.s)
Tactic call to_constr ran for 0.136 secs (0.135u,0.s)
Tactic call type_of ran for 0.071 secs (0.071u,0.s)
Tactic call refine ran for 0.001 secs (0.001u,0.s) (success)
Tactic call build-and-refine ran for 0.216 secs (0.216u,0.s) (success)
Params: n= 266
Tactic call build ran for 0.006 secs (0.006u,0.s)
Tactic call to_constr ran for 0.137 secs (0.137u,0.s)
Tactic call type_of ran for 0.07 secs (0.07u,0.s)
Tactic call refine ran for 0.001 secs (0.001u,0.s) (success)
Tactic call build-and-refine ran for 0.216 secs (0.216u,0.s) (success)
Params: n= 268
Tactic call build ran for 0.006 secs (0.006u,0.s)
Tactic call to_constr ran for 0.139 secs (0.139u,0.s)
Tactic call type_of ran for 0.078 secs (0.078u,0.s)
Tactic call refine ran for 0.002 secs (0.002u,0.s) (success)
Tactic call build-and-refine ran for 0.227 secs (0.227u,0.s) (success)
Params: n= 270
Tactic call build ran for 0.007 secs (0.007u,0.s)
Tactic call to_constr ran for 0.146 secs (0.146u,0.s)
Tactic call type_of ran for 0.077 secs (0.077u,0.s)
Tactic call refine ran for 0.002 secs (0.002u,0.s) (success)
Tactic call build-and-refine ran for 0.233 secs (0.232u,0.s) (success)
Params: n= 272
Tactic call build ran for 0.007 secs (0.007u,0.s)
Tactic call to_constr ran for 0.151 secs (0.151u,0.s)
Tactic call type_of ran for 0.077 secs (0.077u,0.s)
Tactic call refine ran for 0.002 secs (0.002u,0.s) (success)
Tactic call build-and-refine ran for 0.238 secs (0.237u,0.s) (success)
Params: n= 274
Tactic call build ran for 0.007 secs (0.007u,0.s)
Tactic call to_constr ran for 0.149 secs (0.149u,0.s)
Tactic call type_of ran for 0.087 secs (0.087u,0.s)
Tactic call refine ran for 0.001 secs (0.001u,0.s) (success)
Tactic call build-and-refine ran for 0.246 secs (0.246u,0.s) (success)
Params: n= 276
Tactic call build ran for 0.007 secs (0.007u,0.s)
Tactic call to_constr ran for 0.161 secs (0.161u,0.s)
Tactic call type_of ran for 0.084 secs (0.084u,0.s)
Tactic call refine ran for 0.002 secs (0.002u,0.s) (success)
Tactic call build-and-refine ran for 0.255 secs (0.255u,0.s) (success)
Params: n= 278
Tactic call build ran for 0.007 secs (0.007u,0.s)
Tactic call to_constr ran for 0.163 secs (0.162u,0.s)
Tactic call type_of ran for 0.085 secs (0.085u,0.s)
Tactic call refine ran for 0.002 secs (0.002u,0.s) (success)
Tactic call build-and-refine ran for 0.258 secs (0.258u,0.s) (success)
Params: n= 280
Tactic call build ran for 0.007 secs (0.007u,0.s)
Tactic call to_constr ran for 0.161 secs (0.16u,0.s)
Tactic call type_of ran for 0.086 secs (0.086u,0.s)
Tactic call refine ran for 0.002 secs (0.002u,0.s) (success)
Tactic call build-and-refine ran for 0.257 secs (0.256u,0.s) (success)
Params: n= 282
Tactic call build ran for 0.007 secs (0.007u,0.s)
Tactic call to_constr ran for 0.154 secs (0.154u,0.s)
Tactic call type_of ran for 0.084 secs (0.084u,0.s)
Tactic call refine ran for 0.002 secs (0.002u,0.s) (success)
Tactic call build-and-refine ran for 0.248 secs (0.248u,0.s) (success)
Params: n= 284
Tactic call build ran for 0.007 secs (0.007u,0.s)
Tactic call to_constr ran for 0.161 secs (0.16u,0.s)
Tactic call type_of ran for 0.086 secs (0.086u,0.s)
Tactic call refine ran for 0.002 secs (0.002u,0.s) (success)
Tactic call build-and-refine ran for 0.257 secs (0.257u,0.s) (success)
Params: n= 286
Tactic call build ran for 0.014 secs (0.014u,0.s)
Tactic call to_constr ran for 0.161 secs (0.16u,0.s)
Tactic call type_of ran for 0.08 secs (0.08u,0.s)
Tactic call refine ran for 0.002 secs (0.002u,0.s) (success)
Tactic call build-and-refine ran for 0.258 secs (0.258u,0.s) (success)
Params: n= 288
Tactic call build ran for 0.007 secs (0.007u,0.s)
Tactic call to_constr ran for 0.159 secs (0.158u,0.s)
Tactic call type_of ran for 0.079 secs (0.079u,0.s)
Tactic call refine ran for 0.002 secs (0.002u,0.s) (success)
Tactic call build-and-refine ran for 0.248 secs (0.248u,0.s) (success)
Params: n= 290
Tactic call build ran for 0.007 secs (0.007u,0.s)
Tactic call to_constr ran for 0.164 secs (0.164u,0.s)
Tactic call type_of ran for 0.083 secs (0.083u,0.s)
Tactic call refine ran for 0.002 secs (0.002u,0.s) (success)
Tactic call build-and-refine ran for 0.257 secs (0.257u,0.s) (success)
Params: n= 292
Tactic call build ran for 0.009 secs (0.009u,0.s)
Tactic call to_constr ran for 0.168 secs (0.168u,0.s)
Tactic call type_of ran for 0.086 secs (0.086u,0.s)
Tactic call refine ran for 0.002 secs (0.002u,0.s) (success)
Tactic call build-and-refine ran for 0.267 secs (0.266u,0.s) (success)
Params: n= 294
Tactic call build ran for 0.007 secs (0.007u,0.s)
Tactic call to_constr ran for 0.17 secs (0.17u,0.s)
Tactic call type_of ran for 0.097 secs (0.097u,0.s)
Tactic call refine ran for 0.002 secs (0.002u,0.s) (success)
Tactic call build-and-refine ran for 0.278 secs (0.278u,0.s) (success)
Params: n= 296
Tactic call build ran for 0.007 secs (0.007u,0.s)
Tactic call to_constr ran for 0.171 secs (0.171u,0.s)
Tactic call type_of ran for 0.097 secs (0.096u,0.s)
Tactic call refine ran for 0.002 secs (0.002u,0.s) (success)
Tactic call build-and-refine ran for 0.278 secs (0.278u,0.s) (success)
Params: n= 298
Tactic call build ran for 0.007 secs (0.007u,0.s)
Tactic call to_constr ran for 0.186 secs (0.186u,0.s)
Tactic call type_of ran for 0.09 secs (0.09u,0.s)
Tactic call refine ran for 0.002 secs (0.002u,0.s) (success)
Tactic call build-and-refine ran for 0.286 secs (0.286u,0.s) (success)
Params: n= 300
Tactic call build ran for 0.007 secs (0.007u,0.s)
Tactic call to_constr ran for 0.188 secs (0.188u,0.s)
Tactic call type_of ran for 0.094 secs (0.093u,0.s)
Tactic call refine ran for 0.002 secs (0.002u,0.s) (success)
Tactic call build-and-refine ran for 0.293 secs (0.293u,0.s) (success)
Params: n= 305
Tactic call build ran for 0.007 secs (0.007u,0.s)
Tactic call to_constr ran for 0.192 secs (0.191u,0.s)
Tactic call type_of ran for 0.089 secs (0.089u,0.s)
Tactic call refine ran for 0.002 secs (0.002u,0.s) (success)
Tactic call build-and-refine ran for 0.292 secs (0.291u,0.s) (success)
Params: n= 310
Tactic call build ran for 0.008 secs (0.008u,0.s)
Tactic call to_constr ran for 0.188 secs (0.188u,0.s)
Tactic call type_of ran for 0.094 secs (0.094u,0.s)
Tactic call refine ran for 0.002 secs (0.002u,0.s) (success)
Tactic call build-and-refine ran for 0.294 secs (0.294u,0.s) (success)
Params: n= 315
Tactic call build ran for 0.015 secs (0.015u,0.s)
Tactic call to_constr ran for 0.194 secs (0.194u,0.s)
Tactic call type_of ran for 0.098 secs (0.097u,0.s)
Tactic call refine ran for 0.002 secs (0.002u,0.s) (success)
Tactic call build-and-refine ran for 0.311 secs (0.31u,0.s) (success)
Params: n= 320
Tactic call build ran for 0.008 secs (0.008u,0.s)
Tactic call to_constr ran for 0.199 secs (0.199u,0.s)
Tactic call type_of ran for 0.101 secs (0.101u,0.s)
Tactic call refine ran for 0.002 secs (0.002u,0.s) (success)
Tactic call build-and-refine ran for 0.312 secs (0.312u,0.s) (success)
Params: n= 325
Tactic call build ran for 0.008 secs (0.008u,0.s)
Tactic call to_constr ran for 0.203 secs (0.203u,0.s)
Tactic call type_of ran for 0.103 secs (0.103u,0.s)
Tactic call refine ran for 0.002 secs (0.002u,0.s) (success)
Tactic call build-and-refine ran for 0.318 secs (0.318u,0.s) (success)
Params: n= 330
Tactic call build ran for 0.008 secs (0.008u,0.s)
Tactic call to_constr ran for 0.211 secs (0.211u,0.s)
Tactic call type_of ran for 0.108 secs (0.108u,0.s)
Tactic call refine ran for 0.003 secs (0.003u,0.s) (success)
Tactic call build-and-refine ran for 0.331 secs (0.331u,0.s) (success)
Params: n= 335
Tactic call build ran for 0.008 secs (0.008u,0.s)
Tactic call to_constr ran for 0.22 secs (0.22u,0.s)
Tactic call type_of ran for 0.115 secs (0.115u,0.s)
Tactic call refine ran for 0.003 secs (0.003u,0.s) (success)
Tactic call build-and-refine ran for 0.348 secs (0.348u,0.s) (success)
Params: n= 340
Tactic call build ran for 0.008 secs (0.008u,0.s)
Tactic call to_constr ran for 0.241 secs (0.241u,0.s)
Tactic call type_of ran for 0.117 secs (0.117u,0.s)
Tactic call refine ran for 0.003 secs (0.003u,0.s) (success)
Tactic call build-and-refine ran for 0.37 secs (0.37u,0.s) (success)
Params: n= 345
Tactic call build ran for 0.015 secs (0.015u,0.s)
Tactic call to_constr ran for 0.249 secs (0.249u,0.s)
Tactic call type_of ran for 0.12 secs (0.12u,0.s)
Tactic call refine ran for 0.003 secs (0.003u,0.s) (success)
Tactic call build-and-refine ran for 0.389 secs (0.389u,0.s) (success)
Params: n= 350
Tactic call build ran for 0.009 secs (0.009u,0.s)
Tactic call to_constr ran for 0.248 secs (0.248u,0.s)
Tactic call type_of ran for 0.122 secs (0.122u,0.s)
Tactic call refine ran for 0.003 secs (0.003u,0.s) (success)
Tactic call build-and-refine ran for 0.384 secs (0.383u,0.s) (success)
Params: n= 355
Tactic call build ran for 0.009 secs (0.009u,0.s)
Tactic call to_constr ran for 0.239 secs (0.239u,0.s)
Tactic call type_of ran for 0.123 secs (0.123u,0.s)
Tactic call refine ran for 0.003 secs (0.003u,0.s) (success)
Tactic call build-and-refine ran for 0.376 secs (0.375u,0.s) (success)
Params: n= 360
Tactic call build ran for 0.016 secs (0.016u,0.s)
Tactic call to_constr ran for 0.249 secs (0.249u,0.s)
Tactic call type_of ran for 0.124 secs (0.124u,0.s)
Tactic call refine ran for 0.003 secs (0.003u,0.s) (success)
Tactic call build-and-refine ran for 0.394 secs (0.394u,0.s) (success)
Params: n= 365
Tactic call build ran for 0.016 secs (0.016u,0.s)
Tactic call to_constr ran for 0.255 secs (0.255u,0.s)
Tactic call type_of ran for 0.127 secs (0.126u,0.s)
Tactic call refine ran for 0.003 secs (0.003u,0.s) (success)
Tactic call build-and-refine ran for 0.402 secs (0.402u,0.s) (success)
Params: n= 370
Tactic call build ran for 0.016 secs (0.016u,0.s)
Tactic call to_constr ran for 0.264 secs (0.264u,0.s)
Tactic call type_of ran for 0.135 secs (0.135u,0.s)
Tactic call refine ran for 0.003 secs (0.003u,0.s) (success)
Tactic call build-and-refine ran for 0.42 secs (0.42u,0.s) (success)
Params: n= 375
Tactic call build ran for 0.009 secs (0.009u,0.s)
Tactic call to_constr ran for 0.272 secs (0.271u,0.s)
Tactic call type_of ran for 0.144 secs (0.144u,0.s)
Tactic call refine ran for 0.003 secs (0.003u,0.s) (success)
Tactic call build-and-refine ran for 0.43 secs (0.43u,0.s) (success)
Params: n= 380
Tactic call build ran for 0.016 secs (0.016u,0.s)
Tactic call to_constr ran for 0.302 secs (0.302u,0.s)
Tactic call type_of ran for 0.142 secs (0.141u,0.s)
Tactic call refine ran for 0.003 secs (0.003u,0.s) (success)
Tactic call build-and-refine ran for 0.465 secs (0.464u,0.s) (success)
Params: n= 385
Tactic call build ran for 0.016 secs (0.016u,0.s)
Tactic call to_constr ran for 0.297 secs (0.297u,0.s)
Tactic call type_of ran for 0.151 secs (0.151u,0.s)
Tactic call refine ran for 0.004 secs (0.004u,0.s) (success)
Tactic call build-and-refine ran for 0.469 secs (0.469u,0.s) (success)
Params: n= 390
Tactic call build ran for 0.01 secs (0.01u,0.s)
Tactic call to_constr ran for 0.289 secs (0.288u,0.s)
Tactic call type_of ran for 0.153 secs (0.153u,0.s)
Tactic call refine ran for 0.004 secs (0.004u,0.s) (success)
Tactic call build-and-refine ran for 0.457 secs (0.457u,0.s) (success)
Params: n= 395
Tactic call build ran for 0.01 secs (0.01u,0.s)
Tactic call to_constr ran for 0.308 secs (0.308u,0.s)
Tactic call type_of ran for 0.154 secs (0.154u,0.s)
Tactic call refine ran for 0.004 secs (0.004u,0.s) (success)
Tactic call build-and-refine ran for 0.478 secs (0.477u,0.s) (success)
Params: n= 400
Tactic call build ran for 0.01 secs (0.01u,0.s)
Tactic call to_constr ran for 0.312 secs (0.312u,0.s)
Tactic call type_of ran for 0.157 secs (0.157u,0.s)
Tactic call refine ran for 0.004 secs (0.004u,0.s) (success)
Tactic call build-and-refine ran for 0.485 secs (0.484u,0.s) (success)
Params: n= 410
Tactic call build ran for 0.01 secs (0.01u,0.s)
Tactic call to_constr ran for 0.335 secs (0.335u,0.s)
Tactic call type_of ran for 0.164 secs (0.164u,0.s)
Tactic call refine ran for 0.004 secs (0.004u,0.s) (success)
Tactic call build-and-refine ran for 0.515 secs (0.515u,0.s) (success)
Params: n= 420
Tactic call build ran for 0.01 secs (0.01u,0.s)
Tactic call to_constr ran for 0.369 secs (0.369u,0.s)
Tactic call type_of ran for 0.173 secs (0.173u,0.s)
Tactic call refine ran for 0.004 secs (0.004u,0.s) (success)
Tactic call build-and-refine ran for 0.559 secs (0.558u,0.s) (success)
Params: n= 430
Tactic call build ran for 0.017 secs (0.017u,0.s)
Tactic call to_constr ran for 0.375 secs (0.375u,0.s)
Tactic call type_of ran for 0.175 secs (0.175u,0.s)
Tactic call refine ran for 0.004 secs (0.004u,0.s) (success)
Tactic call build-and-refine ran for 0.574 secs (0.573u,0.s) (success)
Params: n= 440
Tactic call build ran for 0.011 secs (0.011u,0.s)
Tactic call to_constr ran for 0.386 secs (0.385u,0.s)
Tactic call type_of ran for 0.184 secs (0.184u,0.s)
Tactic call refine ran for 0.005 secs (0.005u,0.s) (success)
Tactic call build-and-refine ran for 0.587 secs (0.587u,0.s) (success)
Params: n= 450
Tactic call build ran for 0.011 secs (0.011u,0.s)
Tactic call to_constr ran for 0.398 secs (0.394u,0.003s)
Tactic call type_of ran for 0.196 secs (0.196u,0.s)
Tactic call refine ran for 0.005 secs (0.005u,0.s) (success)
Tactic call build-and-refine ran for 0.612 secs (0.608u,0.003s) (success)
Params: n= 460
Tactic call build ran for 0.012 secs (0.012u,0.s)
Tactic call to_constr ran for 0.416 secs (0.415u,0.s)
Tactic call type_of ran for 0.201 secs (0.201u,0.s)
Tactic call refine ran for 0.005 secs (0.005u,0.s) (success)
Tactic call build-and-refine ran for 0.635 secs (0.635u,0.s) (success)
Params: n= 470
Tactic call build ran for 0.012 secs (0.012u,0.s)
Tactic call to_constr ran for 0.453 secs (0.453u,0.s)
Tactic call type_of ran for 0.226 secs (0.226u,0.s)
Tactic call refine ran for 0.006 secs (0.006u,0.s) (success)
Tactic call build-and-refine ran for 0.698 secs (0.698u,0.s) (success)
Params: n= 480
Tactic call build ran for 0.012 secs (0.012u,0.s)
Tactic call to_constr ran for 0.462 secs (0.461u,0.s)
Tactic call type_of ran for 0.22 secs (0.22u,0.s)
Tactic call refine ran for 0.006 secs (0.006u,0.s) (success)
Tactic call build-and-refine ran for 0.701 secs (0.701u,0.s) (success)
Params: n= 490
Tactic call build ran for 0.012 secs (0.012u,0.s)
Tactic call to_constr ran for 0.474 secs (0.474u,0.s)
Tactic call type_of ran for 0.23 secs (0.23u,0.s)
Tactic call refine ran for 0.006 secs (0.006u,0.s) (success)
Tactic call build-and-refine ran for 0.724 secs (0.724u,0.s) (success)
Params: n= 500
Tactic call build ran for 0.013 secs (0.013u,0.s)
Tactic call to_constr ran for 0.492 secs (0.491u,0.s)
Tactic call type_of ran for 0.239 secs (0.239u,0.s)
Tactic call refine ran for 0.006 secs (0.006u,0.s) (success)
Tactic call build-and-refine ran for 0.751 secs (0.75u,0.s) (success)
Params: n= 550
Tactic call build ran for 0.014 secs (0.014u,0.s)
Tactic call to_constr ran for 0.624 secs (0.624u,0.s)
Tactic call type_of ran for 0.301 secs (0.301u,0.s)
Tactic call refine ran for 0.008 secs (0.008u,0.s) (success)
Tactic call build-and-refine ran for 0.949 secs (0.948u,0.s) (success)
Params: n= 600
Tactic call build ran for 0.015 secs (0.015u,0.s)
Tactic call to_constr ran for 0.727 secs (0.727u,0.s)
Tactic call type_of ran for 0.339 secs (0.339u,0.s)
Tactic call refine ran for 0.01 secs (0.01u,0.s) (success)
Tactic call build-and-refine ran for 1.093 secs (1.092u,0.s) (success)
Params: n= 650
Tactic call build ran for 0.017 secs (0.016u,0.s)
Tactic call to_constr ran for 0.838 secs (0.837u,0.s)
Tactic call type_of ran for 0.402 secs (0.402u,0.s)
Tactic call refine ran for 0.012 secs (0.012u,0.s) (success)
Tactic call build-and-refine ran for 1.27 secs (1.269u,0.s) (success)
Params: n= 700
Tactic call build ran for 0.02 secs (0.02u,0.s)
Tactic call to_constr ran for 1.021 secs (1.015u,0.003s)
Tactic call type_of ran for 0.473 secs (0.471u,0.s)
Tactic call refine ran for 0.013 secs (0.013u,0.s) (success)
Tactic call build-and-refine ran for 1.529 secs (1.521u,0.003s) (success)
Params: n= 750
Tactic call build ran for 0.019 secs (0.019u,0.s)
Tactic call to_constr ran for 1.133 secs (1.129u,0.s)
Tactic call type_of ran for 0.534 secs (0.532u,0.s)
Tactic call refine ran for 0.015 secs (0.015u,0.s) (success)
Tactic call build-and-refine ran for 1.702 secs (1.697u,0.s) (success)
Params: n= 800
Tactic call build ran for 0.02 secs (0.02u,0.s)
Tactic call to_constr ran for 1.349 secs (1.292u,0.052s)
Tactic call type_of ran for 0.609 secs (0.583u,0.024s)
Tactic call refine ran for 0.017 secs (0.017u,0.s) (success)
Tactic call build-and-refine ran for 1.997 secs (1.915u,0.076s) (success)
Params: n= 850
Tactic call build ran for 0.024 secs (0.024u,0.s)
Tactic call to_constr ran for 1.478 secs (1.451u,0.023s)
Tactic call type_of ran for 0.709 secs (0.709u,0.s)
Tactic call refine ran for 0.02 secs (0.02u,0.s) (success)
Tactic call build-and-refine ran for 2.233 secs (2.205u,0.023s) (success)
Params: n= 900
Tactic call build ran for 0.027 secs (0.027u,0.s)
Tactic call to_constr ran for 1.652 secs (1.65u,0.s)
Tactic call type_of ran for 0.747 secs (0.746u,0.s)
Tactic call refine ran for 0.021 secs (0.021u,0.s) (success)
Tactic call build-and-refine ran for 2.449 secs (2.447u,0.s) (success)
Params: n= 950
Tactic call build ran for 0.024 secs (0.024u,0.s)
Tactic call to_constr ran for 1.822 secs (1.813u,0.007s)
Tactic call type_of ran for 0.834 secs (0.829u,0.004s)
Tactic call refine ran for 0.024 secs (0.024u,0.s) (success)
Tactic call build-and-refine ran for 2.706 secs (2.692u,0.011s) (success)
Params: n= 1000
Tactic call build ran for 0.025 secs (0.025u,0.s)
Tactic call to_constr ran for 2.009 secs (2.007u,0.s)
Tactic call type_of ran for 0.922 secs (0.921u,0.s)
Tactic call refine ran for 0.025 secs (0.025u,0.s) (success)
Tactic call build-and-refine ran for 2.984 secs (2.981u,0.s) (success)
Params: n= 1100
Tactic call build ran for 0.032 secs (0.032u,0.s)
Tactic call to_constr ran for 2.489 secs (2.487u,0.s)
Tactic call type_of ran for 1.121 secs (1.12u,0.s)
Tactic call refine ran for 0.032 secs (0.032u,0.s) (success)
Tactic call build-and-refine ran for 3.675 secs (3.672u,0.s) (success)
Params: n= 1200
Tactic call build ran for 0.031 secs (0.03u,0.s)
Tactic call to_constr ran for 2.909 secs (2.906u,0.s)
Tactic call type_of ran for 1.34 secs (1.335u,0.003s)
Tactic call refine ran for 0.039 secs (0.039u,0.s) (success)
Tactic call build-and-refine ran for 4.319 secs (4.311u,0.003s) (success)
Params: n= 1300
Tactic call build ran for 0.033 secs (0.033u,0.s)
Tactic call to_constr ran for 3.407 secs (3.4u,0.003s)
Tactic call type_of ran for 1.578 secs (1.577u,0.s)
Tactic call refine ran for 0.046 secs (0.046u,0.s) (success)
Tactic call build-and-refine ran for 5.066 secs (5.057u,0.003s) (success)
Params: n= 1400
Tactic call build ran for 0.041 secs (0.041u,0.s)
Tactic call to_constr ran for 3.971 secs (3.959u,0.007s)
Tactic call type_of ran for 1.834 secs (1.828u,0.004s)
Tactic call refine ran for 0.052 secs (0.052u,0.s) (success)
Tactic call build-and-refine ran for 5.899 secs (5.882u,0.011s) (success)
Params: n= 1500
Tactic call build ran for 0.044 secs (0.044u,0.s)
Tactic call to_constr ran for 4.435 secs (4.403u,0.027s)
Tactic call type_of ran for 2.101 secs (2.095u,0.004s)
Tactic call refine ran for 0.058 secs (0.058u,0.s) (success)
Tactic call build-and-refine ran for 6.639 secs (6.601u,0.031s) (success)
Params: n= 1600
Tactic call build ran for 0.043 secs (0.043u,0.s)
Tactic call to_constr ran for 4.948 secs (4.944u,0.s)
Tactic call type_of ran for 2.344 secs (2.342u,0.s)
Tactic call refine ran for 0.072 secs (0.072u,0.s) (success)
Tactic call build-and-refine ran for 7.409 secs (7.403u,0.s) (success)
Params: n= 1700
Tactic call build ran for 0.049 secs (0.049u,0.s)
Tactic call to_constr ran for 5.719 secs (5.714u,0.s)
Tactic call type_of ran for 2.962 secs (2.959u,0.s)
Tactic call refine ran for 0.079 secs (0.079u,0.s) (success)
Tactic call build-and-refine ran for 8.811 secs (8.803u,0.s) (success)
Params: n= 1800
Tactic call build ran for 0.049 secs (0.049u,0.s)
Tactic call to_constr ran for 6.366 secs (6.354u,0.s)
Tactic call type_of ran for 3.015 secs (2.977u,0.031s)
Tactic call refine ran for 0.09 secs (0.09u,0.s) (success)
Tactic call build-and-refine ran for 9.522 secs (9.472u,0.031s) (success)
Params: n= 1900
Tactic call build ran for 0.055 secs (0.055u,0.s)
Tactic call to_constr ran for 7.209 secs (7.203u,0.s)
Tactic call type_of ran for 3.675 secs (3.667u,0.003s)
Tactic call refine ran for 0.098 secs (0.098u,0.s) (success)
Tactic call build-and-refine ran for 11.038 secs (11.024u,0.003s) (success)
