Params: n= 40
Tactic call repeat-destruct ran for 0.997 secs (0.978u,0.019s) (success)
Tactic call cbn ran for 0. secs (0.u,0.s) (success)
Params: n= 41
Tactic call repeat-destruct ran for 1.003 secs (1.003u,0.s) (success)
Tactic call cbn ran for 0. secs (0.u,0.s) (success)
Params: n= 42
Tactic call repeat-destruct ran for 1.094 secs (1.094u,0.s) (success)
Tactic call cbn ran for 0. secs (0.u,0.s) (success)
Params: n= 43
Tactic call repeat-destruct ran for 1.182 secs (1.182u,0.s) (success)
Tactic call cbn ran for 0. secs (0.u,0.s) (success)
Params: n= 44
Tactic call repeat-destruct ran for 1.273 secs (1.273u,0.s) (success)
Tactic call cbn ran for 0. secs (0.u,0.s) (success)
Params: n= 45
Tactic call repeat-destruct ran for 1.38 secs (1.38u,0.s) (success)
Tactic call cbn ran for 0. secs (0.u,0.s) (success)
Params: n= 46
Tactic call repeat-destruct ran for 1.473 secs (1.469u,0.003s) (success)
Tactic call cbn ran for 0. secs (0.u,0.s) (success)
Params: n= 47
Tactic call repeat-destruct ran for 1.596 secs (1.592u,0.004s) (success)
Tactic call cbn ran for 0. secs (0.u,0.s) (success)
Params: n= 48
Tactic call repeat-destruct ran for 1.759 secs (1.751u,0.007s) (success)
Tactic call cbn ran for 0. secs (0.u,0.s) (success)
Params: n= 49
Tactic call repeat-destruct ran for 1.845 secs (1.833u,0.012s) (success)
Tactic call cbn ran for 0. secs (0.u,0.s) (success)
Params: n= 50
Tactic call repeat-destruct ran for 1.985 secs (1.981u,0.003s) (success)
Tactic call cbn ran for 0. secs (0.u,0.s) (success)
Params: n= 51
Tactic call repeat-destruct ran for 2.124 secs (2.12u,0.004s) (success)
Tactic call cbn ran for 0. secs (0.u,0.s) (success)
Params: n= 52
Tactic call repeat-destruct ran for 2.258 secs (2.258u,0.s) (success)
Tactic call cbn ran for 0. secs (0.u,0.s) (success)
Params: n= 53
Tactic call repeat-destruct ran for 2.394 secs (2.394u,0.s) (success)
Tactic call cbn ran for 0. secs (0.u,0.s) (success)
Params: n= 54
Tactic call repeat-destruct ran for 2.626 secs (2.626u,0.s) (success)
Tactic call cbn ran for 0. secs (0.u,0.s) (success)
Params: n= 55
Tactic call repeat-destruct ran for 2.76 secs (2.76u,0.s) (success)
Tactic call cbn ran for 0. secs (0.u,0.s) (success)
Params: n= 56
Tactic call repeat-destruct ran for 2.882 secs (2.882u,0.s) (success)
Tactic call cbn ran for 0. secs (0.u,0.s) (success)
Params: n= 57
Tactic call repeat-destruct ran for 3.084 secs (3.084u,0.s) (success)
Tactic call cbn ran for 0. secs (0.u,0.s) (success)
Params: n= 58
Tactic call repeat-destruct ran for 3.31 secs (3.309u,0.s) (success)
Tactic call cbn ran for 0. secs (0.u,0.s) (success)
Params: n= 59
Tactic call repeat-destruct ran for 3.505 secs (3.505u,0.s) (success)
Tactic call cbn ran for 0. secs (0.u,0.s) (success)
Params: n= 60
Tactic call repeat-destruct ran for 3.6 secs (3.6u,0.s) (success)
Tactic call cbn ran for 0. secs (0.u,0.s) (success)
Params: n= 61
Tactic call repeat-destruct ran for 3.911 secs (3.911u,0.s) (success)
Tactic call cbn ran for 0. secs (0.u,0.s) (success)
Params: n= 62
Tactic call repeat-destruct ran for 4.177 secs (4.177u,0.s) (success)
Tactic call cbn ran for 0. secs (0.u,0.s) (success)
Params: n= 63
Tactic call repeat-destruct ran for 4.373 secs (4.373u,0.s) (success)
Tactic call cbn ran for 0. secs (0.u,0.s) (success)
Params: n= 64
Tactic call repeat-destruct ran for 4.581 secs (4.578u,0.003s) (success)
Tactic call cbn ran for 0. secs (0.u,0.s) (success)
Params: n= 65
Tactic call repeat-destruct ran for 4.898 secs (4.898u,0.s) (success)
Tactic call cbn ran for 0. secs (0.u,0.s) (success)
Params: n= 66
Tactic call repeat-destruct ran for 5.173 secs (5.169u,0.003s) (success)
Tactic call cbn ran for 0. secs (0.u,0.s) (success)
Params: n= 67
Tactic call repeat-destruct ran for 5.356 secs (5.356u,0.s) (success)
Tactic call cbn ran for 0. secs (0.u,0.s) (success)
Params: n= 68
Tactic call repeat-destruct ran for 5.665 secs (5.665u,0.s) (success)
Tactic call cbn ran for 0. secs (0.u,0.s) (success)
Params: n= 69
Tactic call repeat-destruct ran for 5.955 secs (5.955u,0.s) (success)
Tactic call cbn ran for 0. secs (0.u,0.s) (success)
Params: n= 70
Tactic call repeat-destruct ran for 6.376 secs (6.376u,0.s) (success)
Tactic call cbn ran for 0. secs (0.u,0.s) (success)
Params: n= 71
Tactic call repeat-destruct ran for 6.581 secs (6.581u,0.s) (success)
Tactic call cbn ran for 0. secs (0.u,0.s) (success)
Params: n= 72
Tactic call repeat-destruct ran for 6.98 secs (6.98u,0.s) (success)
Tactic call cbn ran for 0. secs (0.u,0.s) (success)
Params: n= 73
Tactic call repeat-destruct ran for 7.256 secs (7.256u,0.s) (success)
Tactic call cbn ran for 0. secs (0.u,0.s) (success)
Params: n= 74
Tactic call repeat-destruct ran for 7.603 secs (7.603u,0.s) (success)
Tactic call cbn ran for 0. secs (0.u,0.s) (success)
Params: n= 75
Tactic call repeat-destruct ran for 8.04 secs (8.04u,0.s) (success)
Tactic call cbn ran for 0. secs (0.u,0.s) (success)
Params: n= 76
Tactic call repeat-destruct ran for 8.292 secs (8.292u,0.s) (success)
Tactic call cbn ran for 0. secs (0.u,0.s) (success)
Params: n= 77
Tactic call repeat-destruct ran for 8.687 secs (8.687u,0.s) (success)
Tactic call cbn ran for 0. secs (0.u,0.s) (success)
Params: n= 78
Tactic call repeat-destruct ran for 9.296 secs (9.296u,0.s) (success)
Tactic call cbn ran for 0. secs (0.u,0.s) (success)
Params: n= 79
Tactic call repeat-destruct ran for 9.612 secs (9.612u,0.s) (success)
Tactic call cbn ran for 0. secs (0.u,0.s) (success)
Params: n= 80
Tactic call repeat-destruct ran for 10.034 secs (10.022u,0.011s) (success)
Tactic call cbn ran for 0. secs (0.u,0.s) (success)
Params: n= 81
Tactic call repeat-destruct ran for 10.585 secs (10.585u,0.s) (success)
Tactic call cbn ran for 0. secs (0.u,0.s) (success)
Params: n= 82
Tactic call repeat-destruct ran for 11.093 secs (11.093u,0.s) (success)
Tactic call cbn ran for 0. secs (0.u,0.s) (success)
Params: n= 83
Tactic call repeat-destruct ran for 11.406 secs (11.406u,0.s) (success)
Tactic call cbn ran for 0. secs (0.u,0.s) (success)
Params: n= 84
Tactic call repeat-destruct ran for 11.982 secs (11.982u,0.s) (success)
Tactic call cbn ran for 0. secs (0.u,0.s) (success)
Params: n= 85
Tactic call repeat-destruct ran for 12.511 secs (12.511u,0.s) (success)
Tactic call cbn ran for 0.001 secs (0.001u,0.s) (success)
Params: n= 86
Tactic call repeat-destruct ran for 13.066 secs (13.066u,0.s) (success)
Tactic call cbn ran for 0.001 secs (0.001u,0.s) (success)
