Params: n= 0
Tactic call repeat-destruct ran for 0. secs (0.u,0.s) (success)
Tactic call cbn ran for 0. secs (0.u,0.s) (success)
Params: n= 1
Tactic call repeat-destruct ran for 0. secs (0.u,0.s) (success)
Tactic call cbn ran for 0. secs (0.u,0.s) (success)
Params: n= 2
Tactic call repeat-destruct ran for 0. secs (0.u,0.s) (success)
Tactic call cbn ran for 0. secs (0.u,0.s) (success)
Params: n= 3
Tactic call repeat-destruct ran for 0.001 secs (0.001u,0.s) (success)
Tactic call cbn ran for 0. secs (0.u,0.s) (success)
Params: n= 4
Tactic call repeat-destruct ran for 0.002 secs (0.002u,0.s) (success)
Tactic call cbn ran for 0. secs (0.u,0.s) (success)
Params: n= 5
Tactic call repeat-destruct ran for 0.004 secs (0.u,0.003s) (success)
Tactic call cbn ran for 0. secs (0.u,0.s) (success)
Params: n= 6
Tactic call repeat-destruct ran for 0.006 secs (0.006u,0.s) (success)
Tactic call cbn ran for 0. secs (0.u,0.s) (success)
Params: n= 7
Tactic call repeat-destruct ran for 0.009 secs (0.005u,0.004s) (success)
Tactic call cbn ran for 0. secs (0.u,0.s) (success)
Params: n= 8
Tactic call repeat-destruct ran for 0.013 secs (0.005u,0.007s) (success)
Tactic call cbn ran for 0. secs (0.u,0.s) (success)
Params: n= 9
Tactic call repeat-destruct ran for 0.017 secs (0.009u,0.008s) (success)
Tactic call cbn ran for 0. secs (0.u,0.s) (success)
Params: n= 10
Tactic call repeat-destruct ran for 0.067 secs (0.063u,0.003s) (success)
Tactic call cbn ran for 0. secs (0.u,0.s) (success)
Params: n= 11
Tactic call repeat-destruct ran for 0.017 secs (0.017u,0.s) (success)
Tactic call cbn ran for 0. secs (0.u,0.s) (success)
Params: n= 12
Tactic call repeat-destruct ran for 0.023 secs (0.023u,0.s) (success)
Tactic call cbn ran for 0. secs (0.u,0.s) (success)
Params: n= 13
Tactic call repeat-destruct ran for 0.027 secs (0.027u,0.s) (success)
Tactic call cbn ran for 0. secs (0.u,0.s) (success)
Params: n= 14
Tactic call repeat-destruct ran for 0.035 secs (0.035u,0.s) (success)
Tactic call cbn ran for 0. secs (0.u,0.s) (success)
Params: n= 15
Tactic call repeat-destruct ran for 0.042 secs (0.042u,0.s) (success)
Tactic call cbn ran for 0. secs (0.u,0.s) (success)
Params: n= 16
Tactic call repeat-destruct ran for 0.05 secs (0.05u,0.s) (success)
Tactic call cbn ran for 0. secs (0.u,0.s) (success)
Params: n= 17
Tactic call repeat-destruct ran for 0.059 secs (0.059u,0.s) (success)
Tactic call cbn ran for 0. secs (0.u,0.s) (success)
Params: n= 18
Tactic call repeat-destruct ran for 0.073 secs (0.073u,0.s) (success)
Tactic call cbn ran for 0. secs (0.u,0.s) (success)
Params: n= 19
Tactic call repeat-destruct ran for 0.084 secs (0.084u,0.s) (success)
Tactic call cbn ran for 0. secs (0.u,0.s) (success)
Params: n= 20
Tactic call repeat-destruct ran for 0.096 secs (0.096u,0.s) (success)
Tactic call cbn ran for 0. secs (0.u,0.s) (success)
Params: n= 21
Tactic call repeat-destruct ran for 0.112 secs (0.112u,0.s) (success)
Tactic call cbn ran for 0. secs (0.u,0.s) (success)
Params: n= 22
Tactic call repeat-destruct ran for 0.131 secs (0.131u,0.s) (success)
Tactic call cbn ran for 0. secs (0.u,0.s) (success)
Params: n= 23
Tactic call repeat-destruct ran for 0.154 secs (0.154u,0.s) (success)
Tactic call cbn ran for 0. secs (0.u,0.s) (success)
Params: n= 24
Tactic call repeat-destruct ran for 0.172 secs (0.168u,0.003s) (success)
Tactic call cbn ran for 0. secs (0.u,0.s) (success)
Params: n= 25
Tactic call repeat-destruct ran for 0.195 secs (0.195u,0.s) (success)
Tactic call cbn ran for 0. secs (0.u,0.s) (success)
Params: n= 26
Tactic call repeat-destruct ran for 0.222 secs (0.222u,0.s) (success)
Tactic call cbn ran for 0. secs (0.u,0.s) (success)
Params: n= 27
Tactic call repeat-destruct ran for 0.25 secs (0.25u,0.s) (success)
Tactic call cbn ran for 0. secs (0.u,0.s) (success)
Params: n= 28
Tactic call repeat-destruct ran for 0.283 secs (0.283u,0.s) (success)
Tactic call cbn ran for 0. secs (0.u,0.s) (success)
Params: n= 29
Tactic call repeat-destruct ran for 0.312 secs (0.312u,0.s) (success)
Tactic call cbn ran for 0. secs (0.u,0.s) (success)
