Params: n= 3
Tactic call repeat-destruct ran for 0.001 secs (0.u,0.001s) (success)
Tactic call cbn ran for 0. secs (0.u,0.s) (success)
Params: n= 4
Tactic call repeat-destruct ran for 0.002 secs (0.u,0.002s) (success)
Tactic call cbn ran for 0. secs (0.u,0.s) (success)
Params: n= 5
Tactic call repeat-destruct ran for 0.003 secs (0.001u,0.002s) (success)
Tactic call cbn ran for 0. secs (0.u,0.s) (success)
Params: n= 6
Tactic call repeat-destruct ran for 0.005 secs (0.005u,0.s) (success)
Tactic call cbn ran for 0. secs (0.u,0.s) (success)
Params: n= 7
Tactic call repeat-destruct ran for 0.007 secs (0.007u,0.s) (success)
Tactic call cbn ran for 0. secs (0.u,0.s) (success)
Params: n= 8
Tactic call repeat-destruct ran for 0.01 secs (0.01u,0.s) (success)
Tactic call cbn ran for 0. secs (0.u,0.s) (success)
Params: n= 9
Tactic call repeat-destruct ran for 0.064 secs (0.06u,0.003s) (success)
Tactic call cbn ran for 0. secs (0.u,0.s) (success)
Params: n= 10
Tactic call repeat-destruct ran for 0.01 secs (0.01u,0.s) (success)
Tactic call cbn ran for 0. secs (0.u,0.s) (success)
Params: n= 11
Tactic call repeat-destruct ran for 0.013 secs (0.013u,0.s) (success)
Tactic call cbn ran for 0. secs (0.u,0.s) (success)
Params: n= 12
Tactic call repeat-destruct ran for 0.017 secs (0.017u,0.s) (success)
Tactic call cbn ran for 0. secs (0.u,0.s) (success)
Params: n= 13
Tactic call repeat-destruct ran for 0.019 secs (0.019u,0.s) (success)
Tactic call cbn ran for 0. secs (0.u,0.s) (success)
Params: n= 14
Tactic call repeat-destruct ran for 0.023 secs (0.023u,0.s) (success)
Tactic call cbn ran for 0. secs (0.u,0.s) (success)
Params: n= 15
Tactic call repeat-destruct ran for 0.029 secs (0.029u,0.s) (success)
Tactic call cbn ran for 0. secs (0.u,0.s) (success)
Params: n= 16
Tactic call repeat-destruct ran for 0.035 secs (0.035u,0.s) (success)
Tactic call cbn ran for 0. secs (0.u,0.s) (success)
Params: n= 17
Tactic call repeat-destruct ran for 0.041 secs (0.041u,0.s) (success)
Tactic call cbn ran for 0. secs (0.u,0.s) (success)
Params: n= 18
Tactic call repeat-destruct ran for 0.048 secs (0.048u,0.s) (success)
Tactic call cbn ran for 0. secs (0.u,0.s) (success)
Params: n= 19
Tactic call repeat-destruct ran for 0.057 secs (0.057u,0.s) (success)
Tactic call cbn ran for 0. secs (0.u,0.s) (success)
Params: n= 20
Tactic call repeat-destruct ran for 0.065 secs (0.064u,0.s) (success)
Tactic call cbn ran for 0. secs (0.u,0.s) (success)
Params: n= 21
Tactic call repeat-destruct ran for 0.076 secs (0.076u,0.s) (success)
Tactic call cbn ran for 0. secs (0.u,0.s) (success)
Params: n= 22
Tactic call repeat-destruct ran for 0.089 secs (0.089u,0.s) (success)
Tactic call cbn ran for 0. secs (0.u,0.s) (success)
Params: n= 23
Tactic call repeat-destruct ran for 0.102 secs (0.098u,0.003s) (success)
Tactic call cbn ran for 0. secs (0.u,0.s) (success)
Params: n= 24
Tactic call repeat-destruct ran for 0.114 secs (0.114u,0.s) (success)
Tactic call cbn ran for 0. secs (0.u,0.s) (success)
Params: n= 25
Tactic call repeat-destruct ran for 0.13 secs (0.13u,0.s) (success)
Tactic call cbn ran for 0. secs (0.u,0.s) (success)
Params: n= 26
Tactic call repeat-destruct ran for 0.141 secs (0.141u,0.s) (success)
Tactic call cbn ran for 0. secs (0.u,0.s) (success)
Params: n= 27
Tactic call repeat-destruct ran for 0.165 secs (0.165u,0.s) (success)
Tactic call cbn ran for 0. secs (0.u,0.s) (success)
Params: n= 28
Tactic call repeat-destruct ran for 0.18 secs (0.179u,0.s) (success)
Tactic call cbn ran for 0. secs (0.u,0.s) (success)
Params: n= 29
Tactic call repeat-destruct ran for 0.2 secs (0.199u,0.s) (success)
Tactic call cbn ran for 0. secs (0.u,0.s) (success)
