Params: n= 60
Tactic call make_Ts ran for 0.209 secs (0.193u,0.015s)
Tactic call make_T ran for 0. secs (0.u,0.s)
Tactic call make_T_projs ran for 0.055 secs (0.055u,0.s)
Tactic call make_Build_T ran for 0.024 secs (0.024u,0.s)
Tactic call eta-make-let-ins ran for 0.074 secs (0.074u,0.s)
Tactic call eta-make-pf ran for 0.017 secs (0.017u,0.s)
Tactic call eta-constr-pf ran for 0.003 secs (0.003u,0.s)
Tactic call eta-cast-pf ran for 0.034 secs (0.034u,0.s)
Tactic call eta-refine ran for 0. secs (0.u,0.s) (success)
Tactic call eta-refine-and-close ran for 0.001 secs (0.001u,0.s)
Tactic call make_T_eta ran for 0.149 secs (0.149u,0.s)
Tactic call make_f_ty ran for 0.013 secs (0.013u,0.s)
Tactic call make_T_rect ran for 0.019 secs (0.019u,0.s)
Tactic call making ran for 0.458 secs (0.442u,0.015s)
Tactic call constr-final-goal make_final_goal ran for 0. secs (0.u,0.s)
Tactic call everything ran for 0.463 secs (0.447u,0.015s) (success)
Params: n= 61
Tactic call make_Ts ran for 0.179 secs (0.179u,0.s)
Tactic call make_T ran for 0. secs (0.u,0.s)
Tactic call make_T_projs ran for 0.079 secs (0.079u,0.s)
Tactic call make_Build_T ran for 0.011 secs (0.011u,0.s)
Tactic call eta-make-let-ins ran for 0.077 secs (0.07u,0.007s)
Tactic call eta-make-pf ran for 0.017 secs (0.017u,0.s)
Tactic call eta-constr-pf ran for 0.003 secs (0.003u,0.s)
Tactic call eta-cast-pf ran for 0.037 secs (0.037u,0.s)
Tactic call eta-refine ran for 0. secs (0.u,0.s) (success)
Tactic call eta-refine-and-close ran for 0.001 secs (0.001u,0.s)
Tactic call make_T_eta ran for 0.157 secs (0.149u,0.007s)
Tactic call make_f_ty ran for 0.013 secs (0.013u,0.s)
Tactic call make_T_rect ran for 0.019 secs (0.019u,0.s)
Tactic call making ran for 0.449 secs (0.44u,0.007s)
Tactic call constr-final-goal make_final_goal ran for 0. secs (0.u,0.s)
Tactic call everything ran for 0.453 secs (0.445u,0.007s) (success)
Params: n= 62
Tactic call make_Ts ran for 0.197 secs (0.197u,0.s)
Tactic call make_T ran for 0. secs (0.u,0.s)
Tactic call make_T_projs ran for 0.085 secs (0.084u,0.s)
Tactic call make_Build_T ran for 0.011 secs (0.011u,0.s)
Tactic call eta-make-let-ins ran for 0.083 secs (0.079u,0.003s)
Tactic call eta-make-pf ran for 0.018 secs (0.018u,0.s)
Tactic call eta-constr-pf ran for 0.003 secs (0.003u,0.s)
Tactic call eta-cast-pf ran for 0.018 secs (0.018u,0.s)
Tactic call eta-refine ran for 0. secs (0.u,0.s) (success)
Tactic call eta-refine-and-close ran for 0.001 secs (0.001u,0.s)
Tactic call make_T_eta ran for 0.145 secs (0.141u,0.003s)
Tactic call make_f_ty ran for 0.014 secs (0.014u,0.s)
Tactic call make_T_rect ran for 0.019 secs (0.019u,0.s)
Tactic call making ran for 0.459 secs (0.454u,0.003s)
Tactic call constr-final-goal make_final_goal ran for 0. secs (0.u,0.s)
Tactic call everything ran for 0.463 secs (0.459u,0.003s) (success)
Params: n= 63
Tactic call make_Ts ran for 0.218 secs (0.218u,0.s)
Tactic call make_T ran for 0. secs (0.u,0.s)
Tactic call make_T_projs ran for 0.081 secs (0.081u,0.s)
Tactic call make_Build_T ran for 0.011 secs (0.011u,0.s)
Tactic call eta-make-let-ins ran for 0.085 secs (0.085u,0.s)
Tactic call eta-make-pf ran for 0.024 secs (0.024u,0.s)
Tactic call eta-constr-pf ran for 0.003 secs (0.003u,0.s)
Tactic call eta-cast-pf ran for 0.016 secs (0.016u,0.s)
Tactic call eta-refine ran for 0. secs (0.u,0.s) (success)
Tactic call eta-refine-and-close ran for 0.001 secs (0.001u,0.s)
Tactic call make_T_eta ran for 0.151 secs (0.151u,0.s)
Tactic call make_f_ty ran for 0.014 secs (0.014u,0.s)
Tactic call make_T_rect ran for 0.02 secs (0.02u,0.s)
Tactic call making ran for 0.485 secs (0.484u,0.s)
Tactic call constr-final-goal make_final_goal ran for 0. secs (0.u,0.s)
Tactic call everything ran for 0.49 secs (0.489u,0.s) (success)
Params: n= 64
Tactic call make_Ts ran for 0.235 secs (0.231u,0.003s)
Tactic call make_T ran for 0. secs (0.u,0.s)
Tactic call make_T_projs ran for 0.089 secs (0.089u,0.s)
Tactic call make_Build_T ran for 0.012 secs (0.012u,0.s)
Tactic call eta-make-let-ins ran for 0.092 secs (0.088u,0.003s)
Tactic call eta-make-pf ran for 0.025 secs (0.025u,0.s)
Tactic call eta-constr-pf ran for 0.004 secs (0.004u,0.s)
Tactic call eta-cast-pf ran for 0.017 secs (0.017u,0.s)
Tactic call eta-refine ran for 0. secs (0.u,0.s) (success)
Tactic call eta-refine-and-close ran for 0.003 secs (0.u,0.003s)
Tactic call make_T_eta ran for 0.163 secs (0.155u,0.007s)
Tactic call make_f_ty ran for 0.014 secs (0.014u,0.s)
Tactic call make_T_rect ran for 0.02 secs (0.02u,0.s)
Tactic call making ran for 0.522 secs (0.509u,0.011s)
Tactic call constr-final-goal make_final_goal ran for 0. secs (0.u,0.s)
Tactic call everything ran for 0.527 secs (0.515u,0.011s) (success)
Params: n= 65
Tactic call make_Ts ran for 0.257 secs (0.253u,0.003s)
Tactic call make_T ran for 0. secs (0.u,0.s)
Tactic call make_T_projs ran for 0.096 secs (0.096u,0.s)
Tactic call make_Build_T ran for 0.013 secs (0.013u,0.s)
Tactic call eta-make-let-ins ran for 0.092 secs (0.092u,0.s)
Tactic call eta-make-pf ran for 0.019 secs (0.019u,0.s)
Tactic call eta-constr-pf ran for 0.004 secs (0.004u,0.s)
Tactic call eta-cast-pf ran for 0.031 secs (0.031u,0.s)
Tactic call eta-refine ran for 0. secs (0.u,0.s) (success)
Tactic call eta-refine-and-close ran for 0.001 secs (0.001u,0.s)
Tactic call make_T_eta ran for 0.182 secs (0.182u,0.s)
Tactic call make_f_ty ran for 0.015 secs (0.015u,0.s)
Tactic call make_T_rect ran for 0.02 secs (0.02u,0.s)
Tactic call making ran for 0.571 secs (0.566u,0.004s)
Tactic call constr-final-goal make_final_goal ran for 0. secs (0.u,0.s)
Tactic call everything ran for 0.576 secs (0.571u,0.004s) (success)
Params: n= 66
Tactic call make_Ts ran for 0.301 secs (0.301u,0.s)
Tactic call make_T ran for 0. secs (0.u,0.s)
Tactic call make_T_projs ran for 0.115 secs (0.115u,0.s)
Tactic call make_Build_T ran for 0.012 secs (0.012u,0.s)
Tactic call eta-make-let-ins ran for 0.106 secs (0.106u,0.s)
Tactic call eta-make-pf ran for 0.019 secs (0.019u,0.s)
Tactic call eta-constr-pf ran for 0.019 secs (0.019u,0.s)
Tactic call eta-cast-pf ran for 0.018 secs (0.018u,0.s)
Tactic call eta-refine ran for 0. secs (0.u,0.s) (success)
Tactic call eta-refine-and-close ran for 0.001 secs (0.001u,0.s)
Tactic call make_T_eta ran for 0.205 secs (0.205u,0.s)
Tactic call make_f_ty ran for 0.015 secs (0.015u,0.s)
Tactic call make_T_rect ran for 0.021 secs (0.021u,0.s)
Tactic call making ran for 0.658 secs (0.657u,0.s)
Tactic call constr-final-goal make_final_goal ran for 0. secs (0.u,0.s)
Tactic call everything ran for 0.663 secs (0.662u,0.s) (success)
Params: n= 67
Tactic call make_Ts ran for 0.335 secs (0.335u,0.s)
Tactic call make_T ran for 0. secs (0.u,0.s)
Tactic call make_T_projs ran for 0.137 secs (0.137u,0.s)
Tactic call make_Build_T ran for 0.013 secs (0.013u,0.s)
Tactic call eta-make-let-ins ran for 0.116 secs (0.116u,0.s)
Tactic call eta-make-pf ran for 0.034 secs (0.034u,0.s)
Tactic call eta-constr-pf ran for 0.004 secs (0.004u,0.s)
Tactic call eta-cast-pf ran for 0.019 secs (0.019u,0.s)
Tactic call eta-refine ran for 0. secs (0.u,0.s) (success)
Tactic call eta-refine-and-close ran for 0.001 secs (0.001u,0.s)
Tactic call make_T_eta ran for 0.211 secs (0.211u,0.s)
Tactic call make_f_ty ran for 0.015 secs (0.015u,0.s)
Tactic call make_T_rect ran for 0.021 secs (0.021u,0.s)
Tactic call making ran for 0.721 secs (0.72u,0.s)
Tactic call constr-final-goal make_final_goal ran for 0. secs (0.u,0.s)
Tactic call everything ran for 0.726 secs (0.725u,0.s) (success)
Params: n= 68
Tactic call make_Ts ran for 0.337 secs (0.336u,0.s)
Tactic call make_T ran for 0. secs (0.u,0.s)
Tactic call make_T_projs ran for 0.128 secs (0.12u,0.007s)
Tactic call make_Build_T ran for 0.013 secs (0.013u,0.s)
Tactic call eta-make-let-ins ran for 0.104 secs (0.104u,0.s)
Tactic call eta-make-pf ran for 0.033 secs (0.033u,0.s)
Tactic call eta-constr-pf ran for 0.004 secs (0.004u,0.s)
Tactic call eta-cast-pf ran for 0.024 secs (0.024u,0.s)
Tactic call eta-refine ran for 0. secs (0.u,0.s) (success)
Tactic call eta-refine-and-close ran for 0.001 secs (0.001u,0.s)
Tactic call make_T_eta ran for 0.189 secs (0.184u,0.003s)
Tactic call make_f_ty ran for 0.016 secs (0.016u,0.s)
Tactic call make_T_rect ran for 0.022 secs (0.022u,0.s)
Tactic call making ran for 0.69 secs (0.678u,0.011s)
Tactic call constr-final-goal make_final_goal ran for 0. secs (0.u,0.s)
Tactic call everything ran for 0.696 secs (0.683u,0.011s) (success)
Params: n= 69
Tactic call make_Ts ran for 0.364 secs (0.364u,0.s)
Tactic call make_T ran for 0. secs (0.u,0.s)
Tactic call make_T_projs ran for 0.137 secs (0.136u,0.s)
Tactic call make_Build_T ran for 0.013 secs (0.013u,0.s)
Tactic call eta-make-let-ins ran for 0.128 secs (0.124u,0.003s)
Tactic call eta-make-pf ran for 0.02 secs (0.02u,0.s)
Tactic call eta-constr-pf ran for 0.004 secs (0.004u,0.s)
Tactic call eta-cast-pf ran for 0.025 secs (0.025u,0.s)
Tactic call eta-refine ran for 0. secs (0.u,0.s) (success)
Tactic call eta-refine-and-close ran for 0.001 secs (0.001u,0.s)
Tactic call make_T_eta ran for 0.205 secs (0.2u,0.003s)
Tactic call make_f_ty ran for 0.016 secs (0.016u,0.s)
Tactic call make_T_rect ran for 0.022 secs (0.022u,0.s)
Tactic call making ran for 0.743 secs (0.739u,0.003s)
Tactic call constr-final-goal make_final_goal ran for 0. secs (0.u,0.s)
Tactic call everything ran for 0.749 secs (0.744u,0.003s) (success)
Params: n= 70
Tactic call make_Ts ran for 0.4 secs (0.396u,0.003s)
Tactic call make_T ran for 0. secs (0.u,0.s)
Tactic call make_T_projs ran for 0.155 secs (0.155u,0.s)
Tactic call make_Build_T ran for 0.018 secs (0.018u,0.s)
Tactic call eta-make-let-ins ran for 0.131 secs (0.127u,0.003s)
Tactic call eta-make-pf ran for 0.026 secs (0.026u,0.s)
Tactic call eta-constr-pf ran for 0.004 secs (0.004u,0.s)
Tactic call eta-cast-pf ran for 0.021 secs (0.021u,0.s)
Tactic call eta-refine ran for 0. secs (0.u,0.s) (success)
Tactic call eta-refine-and-close ran for 0.001 secs (0.001u,0.s)
Tactic call make_T_eta ran for 0.21 secs (0.205u,0.003s)
Tactic call make_f_ty ran for 0.016 secs (0.016u,0.s)
Tactic call make_T_rect ran for 0.022 secs (0.022u,0.s)
Tactic call making ran for 0.808 secs (0.799u,0.007s)
Tactic call constr-final-goal make_final_goal ran for 0. secs (0.u,0.s)
Tactic call everything ran for 0.814 secs (0.805u,0.007s) (success)
Params: n= 71
Tactic call make_Ts ran for 0.422 secs (0.422u,0.s)
Tactic call make_T ran for 0. secs (0.u,0.s)
Tactic call make_T_projs ran for 0.165 secs (0.165u,0.s)
Tactic call make_Build_T ran for 0.013 secs (0.013u,0.s)
Tactic call eta-make-let-ins ran for 0.134 secs (0.134u,0.s)
Tactic call eta-make-pf ran for 0.03 secs (0.03u,0.s)
Tactic call eta-constr-pf ran for 0.004 secs (0.004u,0.s)
Tactic call eta-cast-pf ran for 0.036 secs (0.036u,0.s)
Tactic call eta-refine ran for 0. secs (0.u,0.s) (success)
Tactic call eta-refine-and-close ran for 0.001 secs (0.001u,0.s)
Tactic call make_T_eta ran for 0.23 secs (0.23u,0.s)
Tactic call make_f_ty ran for 0.017 secs (0.017u,0.s)
Tactic call make_T_rect ran for 0.023 secs (0.023u,0.s)
Tactic call making ran for 0.856 secs (0.856u,0.s)
Tactic call constr-final-goal make_final_goal ran for 0. secs (0.u,0.s)
Tactic call everything ran for 0.862 secs (0.861u,0.s) (success)
Params: n= 72
Tactic call make_Ts ran for 0.481 secs (0.48u,0.s)
Tactic call make_T ran for 0. secs (0.u,0.s)
Tactic call make_T_projs ran for 0.192 secs (0.192u,0.s)
Tactic call make_Build_T ran for 0.015 secs (0.015u,0.s)
Tactic call eta-make-let-ins ran for 0.16 secs (0.16u,0.s)
Tactic call eta-make-pf ran for 0.021 secs (0.021u,0.s)
Tactic call eta-constr-pf ran for 0.004 secs (0.004u,0.s)
Tactic call eta-cast-pf ran for 0.034 secs (0.034u,0.s)
Tactic call eta-refine ran for 0. secs (0.u,0.s) (success)
Tactic call eta-refine-and-close ran for 0.001 secs (0.001u,0.s)
Tactic call make_T_eta ran for 0.272 secs (0.272u,0.s)
Tactic call make_f_ty ran for 0.017 secs (0.017u,0.s)
Tactic call make_T_rect ran for 0.024 secs (0.023u,0.s)
Tactic call making ran for 0.986 secs (0.985u,0.s)
Tactic call constr-final-goal make_final_goal ran for 0. secs (0.u,0.s)
Tactic call everything ran for 0.992 secs (0.991u,0.s) (success)
Params: n= 73
Tactic call make_Ts ran for 0.512 secs (0.511u,0.s)
Tactic call make_T ran for 0. secs (0.u,0.s)
Tactic call make_T_projs ran for 0.2 secs (0.2u,0.s)
Tactic call make_Build_T ran for 0.015 secs (0.015u,0.s)
Tactic call eta-make-let-ins ran for 0.164 secs (0.163u,0.s)
Tactic call eta-make-pf ran for 0.032 secs (0.032u,0.s)
Tactic call eta-constr-pf ran for 0.004 secs (0.004u,0.s)
Tactic call eta-cast-pf ran for 0.023 secs (0.023u,0.s)
Tactic call eta-refine ran for 0. secs (0.u,0.s) (success)
Tactic call eta-refine-and-close ran for 0.001 secs (0.001u,0.s)
Tactic call make_T_eta ran for 0.254 secs (0.254u,0.s)
Tactic call make_f_ty ran for 0.017 secs (0.017u,0.s)
Tactic call make_T_rect ran for 0.023 secs (0.023u,0.s)
Tactic call making ran for 1.007 secs (1.006u,0.s)
Tactic call constr-final-goal make_final_goal ran for 0. secs (0.u,0.s)
Tactic call everything ran for 1.013 secs (1.012u,0.s) (success)
Params: n= 74
Tactic call make_Ts ran for 0.537 secs (0.537u,0.s)
Tactic call make_T ran for 0. secs (0.u,0.s)
Tactic call make_T_projs ran for 0.237 secs (0.233u,0.003s)
Tactic call make_Build_T ran for 0.015 secs (0.015u,0.s)
Tactic call eta-make-let-ins ran for 0.164 secs (0.164u,0.s)
Tactic call eta-make-pf ran for 0.032 secs (0.028u,0.004s)
Tactic call eta-constr-pf ran for 0.004 secs (0.004u,0.s)
Tactic call eta-cast-pf ran for 0.029 secs (0.029u,0.s)
Tactic call eta-refine ran for 0. secs (0.u,0.s) (success)
Tactic call eta-refine-and-close ran for 0.001 secs (0.001u,0.s)
Tactic call make_T_eta ran for 0.257 secs (0.253u,0.004s)
Tactic call make_f_ty ran for 0.018 secs (0.018u,0.s)
Tactic call make_T_rect ran for 0.024 secs (0.024u,0.s)
Tactic call making ran for 1.073 secs (1.064u,0.007s)
Tactic call constr-final-goal make_final_goal ran for 0. secs (0.u,0.s)
Tactic call everything ran for 1.079 secs (1.07u,0.007s) (success)
Params: n= 75
Tactic call make_Ts ran for 0.564 secs (0.563u,0.s)
Tactic call make_T ran for 0. secs (0.u,0.s)
Tactic call make_T_projs ran for 0.222 secs (0.222u,0.s)
Tactic call make_Build_T ran for 0.015 secs (0.015u,0.s)
Tactic call eta-make-let-ins ran for 0.175 secs (0.174u,0.s)
Tactic call eta-make-pf ran for 0.021 secs (0.021u,0.s)
Tactic call eta-constr-pf ran for 0.004 secs (0.004u,0.s)
Tactic call eta-cast-pf ran for 0.029 secs (0.029u,0.s)
Tactic call eta-refine ran for 0. secs (0.u,0.s) (success)
Tactic call eta-refine-and-close ran for 0.001 secs (0.001u,0.s)
Tactic call make_T_eta ran for 0.257 secs (0.257u,0.s)
Tactic call make_f_ty ran for 0.018 secs (0.018u,0.s)
Tactic call make_T_rect ran for 0.024 secs (0.024u,0.s)
Tactic call making ran for 1.085 secs (1.084u,0.s)
Tactic call constr-final-goal make_final_goal ran for 0. secs (0.u,0.s)
Tactic call everything ran for 1.091 secs (1.09u,0.s) (success)
Params: n= 76
Tactic call make_Ts ran for 0.59 secs (0.585u,0.003s)
Tactic call make_T ran for 0. secs (0.u,0.s)
Tactic call make_T_projs ran for 0.24 secs (0.24u,0.s)
Tactic call make_Build_T ran for 0.016 secs (0.016u,0.s)
Tactic call eta-make-let-ins ran for 0.195 secs (0.195u,0.s)
Tactic call eta-make-pf ran for 0.027 secs (0.027u,0.s)
Tactic call eta-constr-pf ran for 0.004 secs (0.004u,0.s)
Tactic call eta-cast-pf ran for 0.036 secs (0.036u,0.s)
Tactic call eta-refine ran for 0. secs (0.u,0.s) (success)
Tactic call eta-refine-and-close ran for 0.001 secs (0.001u,0.s)
Tactic call make_T_eta ran for 0.298 secs (0.298u,0.s)
Tactic call make_f_ty ran for 0.018 secs (0.018u,0.s)
Tactic call make_T_rect ran for 0.025 secs (0.025u,0.s)
Tactic call making ran for 1.171 secs (1.166u,0.003s)
Tactic call constr-final-goal make_final_goal ran for 0. secs (0.u,0.s)
Tactic call everything ran for 1.178 secs (1.172u,0.003s) (success)
Params: n= 77
Tactic call make_Ts ran for 0.641 secs (0.641u,0.s)
Tactic call make_T ran for 0. secs (0.u,0.s)
Tactic call make_T_projs ran for 0.272 secs (0.271u,0.s)
Tactic call make_Build_T ran for 0.025 secs (0.025u,0.s)
Tactic call eta-make-let-ins ran for 0.204 secs (0.203u,0.s)
Tactic call eta-make-pf ran for 0.022 secs (0.022u,0.s)
Tactic call eta-constr-pf ran for 0.004 secs (0.004u,0.s)
Tactic call eta-cast-pf ran for 0.039 secs (0.038u,0.s)
Tactic call eta-refine ran for 0. secs (0.u,0.s) (success)
Tactic call eta-refine-and-close ran for 0.001 secs (0.001u,0.s)
Tactic call make_T_eta ran for 0.297 secs (0.296u,0.s)
Tactic call make_f_ty ran for 0.018 secs (0.018u,0.s)
Tactic call make_T_rect ran for 0.025 secs (0.025u,0.s)
Tactic call making ran for 1.262 secs (1.261u,0.s)
Tactic call constr-final-goal make_final_goal ran for 0. secs (0.u,0.s)
Tactic call everything ran for 1.268 secs (1.267u,0.s) (success)
Params: n= 78
Tactic call make_Ts ran for 0.681 secs (0.681u,0.s)
Tactic call make_T ran for 0. secs (0.u,0.s)
Tactic call make_T_projs ran for 0.262 secs (0.262u,0.s)
Tactic call make_Build_T ran for 0.016 secs (0.016u,0.s)
Tactic call eta-make-let-ins ran for 0.221 secs (0.221u,0.s)
Tactic call eta-make-pf ran for 0.033 secs (0.033u,0.s)
Tactic call eta-constr-pf ran for 0.004 secs (0.004u,0.s)
Tactic call eta-cast-pf ran for 0.046 secs (0.046u,0.s)
Tactic call eta-refine ran for 0. secs (0.u,0.s) (success)
Tactic call eta-refine-and-close ran for 0.001 secs (0.001u,0.s)
Tactic call make_T_eta ran for 0.335 secs (0.335u,0.s)
Tactic call make_f_ty ran for 0.019 secs (0.019u,0.s)
Tactic call make_T_rect ran for 0.026 secs (0.026u,0.s)
Tactic call making ran for 1.323 secs (1.322u,0.s)
Tactic call constr-final-goal make_final_goal ran for 0. secs (0.u,0.s)
Tactic call everything ran for 1.329 secs (1.328u,0.s) (success)
Params: n= 79
Tactic call make_Ts ran for 0.723 secs (0.723u,0.s)
Tactic call make_T ran for 0. secs (0.u,0.s)
Tactic call make_T_projs ran for 0.276 secs (0.276u,0.s)
Tactic call make_Build_T ran for 0.017 secs (0.017u,0.s)
Tactic call eta-make-let-ins ran for 0.224 secs (0.223u,0.s)
Tactic call eta-make-pf ran for 0.031 secs (0.031u,0.s)
Tactic call eta-constr-pf ran for 0.004 secs (0.004u,0.s)
Tactic call eta-cast-pf ran for 0.032 secs (0.032u,0.s)
Tactic call eta-refine ran for 0. secs (0.u,0.s) (success)
Tactic call eta-refine-and-close ran for 0.001 secs (0.001u,0.s)
Tactic call make_T_eta ran for 0.321 secs (0.321u,0.s)
Tactic call make_f_ty ran for 0.02 secs (0.02u,0.s)
Tactic call make_T_rect ran for 0.027 secs (0.027u,0.s)
Tactic call making ran for 1.367 secs (1.366u,0.s)
Tactic call constr-final-goal make_final_goal ran for 0. secs (0.u,0.s)
Tactic call everything ran for 1.373 secs (1.372u,0.s) (success)
Params: n= 80
Tactic call make_Ts ran for 0.734 secs (0.733u,0.s)
Tactic call make_T ran for 0. secs (0.u,0.s)
Tactic call make_T_projs ran for 0.271 secs (0.271u,0.s)
Tactic call make_Build_T ran for 0.025 secs (0.025u,0.s)
Tactic call eta-make-let-ins ran for 0.224 secs (0.224u,0.s)
Tactic call eta-make-pf ran for 0.023 secs (0.023u,0.s)
Tactic call eta-constr-pf ran for 0.009 secs (0.009u,0.s)
Tactic call eta-cast-pf ran for 0.029 secs (0.029u,0.s)
Tactic call eta-refine ran for 0. secs (0.u,0.s) (success)
Tactic call eta-refine-and-close ran for 0.001 secs (0.001u,0.s)
Tactic call make_T_eta ran for 0.316 secs (0.316u,0.s)
Tactic call make_f_ty ran for 0.02 secs (0.02u,0.s)
Tactic call make_T_rect ran for 0.026 secs (0.026u,0.s)
Tactic call making ran for 1.375 secs (1.373u,0.s)
Tactic call constr-final-goal make_final_goal ran for 0. secs (0.u,0.s)
Tactic call everything ran for 1.381 secs (1.379u,0.s) (success)
Params: n= 81
Tactic call make_Ts ran for 0.781 secs (0.78u,0.s)
Tactic call make_T ran for 0. secs (0.u,0.s)
Tactic call make_T_projs ran for 0.31 secs (0.31u,0.s)
Tactic call make_Build_T ran for 0.017 secs (0.017u,0.s)
Tactic call eta-make-let-ins ran for 0.231 secs (0.23u,0.s)
Tactic call eta-make-pf ran for 0.027 secs (0.027u,0.s)
Tactic call eta-constr-pf ran for 0.005 secs (0.005u,0.s)
Tactic call eta-cast-pf ran for 0.039 secs (0.039u,0.s)
Tactic call eta-refine ran for 0. secs (0.u,0.s) (success)
Tactic call eta-refine-and-close ran for 0.001 secs (0.001u,0.s)
Tactic call make_T_eta ran for 0.339 secs (0.339u,0.s)
Tactic call make_f_ty ran for 0.021 secs (0.021u,0.s)
Tactic call make_T_rect ran for 0.028 secs (0.028u,0.s)
Tactic call making ran for 1.478 secs (1.476u,0.s)
Tactic call constr-final-goal make_final_goal ran for 0. secs (0.u,0.s)
Tactic call everything ran for 1.484 secs (1.482u,0.s) (success)
Params: n= 82
Tactic call make_Ts ran for 0.856 secs (0.855u,0.s)
Tactic call make_T ran for 0. secs (0.u,0.s)
Tactic call make_T_projs ran for 0.308 secs (0.308u,0.s)
Tactic call make_Build_T ran for 0.018 secs (0.018u,0.s)
Tactic call eta-make-let-ins ran for 0.245 secs (0.245u,0.s)
Tactic call eta-make-pf ran for 0.023 secs (0.023u,0.s)
Tactic call eta-constr-pf ran for 0.005 secs (0.005u,0.s)
Tactic call eta-cast-pf ran for 0.038 secs (0.038u,0.s)
Tactic call eta-refine ran for 0. secs (0.u,0.s) (success)
Tactic call eta-refine-and-close ran for 0.001 secs (0.001u,0.s)
Tactic call make_T_eta ran for 0.347 secs (0.347u,0.s)
Tactic call make_f_ty ran for 0.02 secs (0.02u,0.s)
Tactic call make_T_rect ran for 0.028 secs (0.028u,0.s)
Tactic call making ran for 1.559 secs (1.558u,0.s)
Tactic call constr-final-goal make_final_goal ran for 0. secs (0.u,0.s)
Tactic call everything ran for 1.565 secs (1.564u,0.s) (success)
Params: n= 83
Tactic call make_Ts ran for 0.897 secs (0.892u,0.003s)
Tactic call make_T ran for 0. secs (0.u,0.s)
Tactic call make_T_projs ran for 0.347 secs (0.347u,0.s)
Tactic call make_Build_T ran for 0.027 secs (0.027u,0.s)
Tactic call eta-make-let-ins ran for 0.275 secs (0.275u,0.s)
Tactic call eta-make-pf ran for 0.033 secs (0.033u,0.s)
Tactic call eta-constr-pf ran for 0.005 secs (0.005u,0.s)
Tactic call eta-cast-pf ran for 0.048 secs (0.048u,0.s)
Tactic call eta-refine ran for 0. secs (0.u,0.s) (success)
Tactic call eta-refine-and-close ran for 0.001 secs (0.001u,0.s)
Tactic call make_T_eta ran for 0.393 secs (0.392u,0.s)
Tactic call make_f_ty ran for 0.021 secs (0.021u,0.s)
Tactic call make_T_rect ran for 0.028 secs (0.028u,0.s)
Tactic call making ran for 1.695 secs (1.689u,0.003s)
Tactic call constr-final-goal make_final_goal ran for 0. secs (0.u,0.s)
Tactic call everything ran for 1.701 secs (1.695u,0.003s) (success)
Params: n= 84
Tactic call make_Ts ran for 0.929 secs (0.928u,0.s)
Tactic call make_T ran for 0. secs (0.u,0.s)
Tactic call make_T_projs ran for 0.381 secs (0.38u,0.s)
Tactic call make_Build_T ran for 0.019 secs (0.019u,0.s)
Tactic call eta-make-let-ins ran for 0.291 secs (0.291u,0.s)
Tactic call eta-make-pf ran for 0.024 secs (0.024u,0.s)
Tactic call eta-constr-pf ran for 0.005 secs (0.005u,0.s)
Tactic call eta-cast-pf ran for 0.044 secs (0.044u,0.s)
Tactic call eta-refine ran for 0. secs (0.u,0.s) (success)
Tactic call eta-refine-and-close ran for 0.001 secs (0.001u,0.s)
Tactic call make_T_eta ran for 0.402 secs (0.401u,0.s)
Tactic call make_f_ty ran for 0.021 secs (0.021u,0.s)
Tactic call make_T_rect ran for 0.028 secs (0.028u,0.s)
Tactic call making ran for 1.762 secs (1.76u,0.s)
Tactic call constr-final-goal make_final_goal ran for 0. secs (0.u,0.s)
Tactic call everything ran for 1.768 secs (1.766u,0.s) (success)
Params: n= 85
Tactic call make_Ts ran for 0.987 secs (0.986u,0.s)
Tactic call make_T ran for 0. secs (0.u,0.s)
Tactic call make_T_projs ran for 0.371 secs (0.367u,0.003s)
Tactic call make_Build_T ran for 0.019 secs (0.019u,0.s)
Tactic call eta-make-let-ins ran for 0.287 secs (0.287u,0.s)
Tactic call eta-make-pf ran for 0.028 secs (0.028u,0.s)
Tactic call eta-constr-pf ran for 0.005 secs (0.005u,0.s)
Tactic call eta-cast-pf ran for 0.045 secs (0.045u,0.s)
Tactic call eta-refine ran for 0. secs (0.u,0.s) (success)
Tactic call eta-refine-and-close ran for 0.001 secs (0.001u,0.s)
Tactic call make_T_eta ran for 0.405 secs (0.405u,0.s)
Tactic call make_f_ty ran for 0.021 secs (0.021u,0.s)
Tactic call make_T_rect ran for 0.028 secs (0.028u,0.s)
Tactic call making ran for 1.814 secs (1.808u,0.003s)
Tactic call constr-final-goal make_final_goal ran for 0. secs (0.u,0.s)
Tactic call everything ran for 1.82 secs (1.815u,0.003s) (success)
Params: n= 86
Tactic call make_Ts ran for 1.001 secs (0.992u,0.007s)
Tactic call make_T ran for 0. secs (0.u,0.s)
Tactic call make_T_projs ran for 0.394 secs (0.389u,0.004s)
Tactic call make_Build_T ran for 0.019 secs (0.019u,0.s)
Tactic call eta-make-let-ins ran for 0.286 secs (0.286u,0.s)
Tactic call eta-make-pf ran for 0.029 secs (0.028u,0.s)
Tactic call eta-constr-pf ran for 0.005 secs (0.005u,0.s)
Tactic call eta-cast-pf ran for 0.044 secs (0.044u,0.s)
Tactic call eta-refine ran for 0. secs (0.u,0.s) (success)
Tactic call eta-refine-and-close ran for 0.001 secs (0.001u,0.s)
Tactic call make_T_eta ran for 0.406 secs (0.402u,0.003s)
Tactic call make_f_ty ran for 0.022 secs (0.022u,0.s)
Tactic call make_T_rect ran for 0.03 secs (0.03u,0.s)
Tactic call making ran for 1.852 secs (1.834u,0.015s)
Tactic call constr-final-goal make_final_goal ran for 0. secs (0.u,0.s)
Tactic call everything ran for 1.859 secs (1.841u,0.016s) (success)
Params: n= 87
Tactic call make_Ts ran for 1.049 secs (1.048u,0.s)
Tactic call make_T ran for 0. secs (0.u,0.s)
Tactic call make_T_projs ran for 0.416 secs (0.415u,0.s)
Tactic call make_Build_T ran for 0.019 secs (0.019u,0.s)
Tactic call eta-make-let-ins ran for 0.324 secs (0.324u,0.s)
Tactic call eta-make-pf ran for 0.034 secs (0.034u,0.s)
Tactic call eta-constr-pf ran for 0.005 secs (0.005u,0.s)
Tactic call eta-cast-pf ran for 0.043 secs (0.043u,0.s)
Tactic call eta-refine ran for 0. secs (0.u,0.s) (success)
Tactic call eta-refine-and-close ran for 0.001 secs (0.001u,0.s)
Tactic call make_T_eta ran for 0.44 secs (0.44u,0.s)
Tactic call make_f_ty ran for 0.022 secs (0.022u,0.s)
Tactic call make_T_rect ran for 0.03 secs (0.03u,0.s)
Tactic call making ran for 1.957 secs (1.955u,0.s)
Tactic call constr-final-goal make_final_goal ran for 0. secs (0.u,0.s)
Tactic call everything ran for 1.963 secs (1.961u,0.s) (success)
Params: n= 88
Tactic call make_Ts ran for 1.112 secs (1.111u,0.s)
Tactic call make_T ran for 0. secs (0.u,0.s)
Tactic call make_T_projs ran for 0.458 secs (0.457u,0.s)
Tactic call make_Build_T ran for 0.027 secs (0.027u,0.s)
Tactic call eta-make-let-ins ran for 0.401 secs (0.4u,0.s)
Tactic call eta-make-pf ran for 0.036 secs (0.036u,0.s)
Tactic call eta-constr-pf ran for 0.005 secs (0.005u,0.s)
Tactic call eta-cast-pf ran for 0.046 secs (0.046u,0.s)
Tactic call eta-refine ran for 0. secs (0.u,0.s) (success)
Tactic call eta-refine-and-close ran for 0.001 secs (0.001u,0.s)
Tactic call make_T_eta ran for 0.542 secs (0.541u,0.s)
Tactic call make_f_ty ran for 0.023 secs (0.023u,0.s)
Tactic call make_T_rect ran for 0.03 secs (0.03u,0.s)
Tactic call making ran for 2.171 secs (2.169u,0.s)
Tactic call constr-final-goal make_final_goal ran for 0. secs (0.u,0.s)
Tactic call everything ran for 2.178 secs (2.176u,0.s) (success)
Params: n= 89
Tactic call make_Ts ran for 1.218 secs (1.217u,0.s)
Tactic call make_T ran for 0. secs (0.u,0.s)
Tactic call make_T_projs ran for 0.517 secs (0.517u,0.s)
Tactic call make_Build_T ran for 0.023 secs (0.023u,0.s)
Tactic call eta-make-let-ins ran for 0.388 secs (0.387u,0.s)
Tactic call eta-make-pf ran for 0.035 secs (0.035u,0.s)
Tactic call eta-constr-pf ran for 0.005 secs (0.005u,0.s)
Tactic call eta-cast-pf ran for 0.048 secs (0.048u,0.s)
Tactic call eta-refine ran for 0. secs (0.u,0.s) (success)
Tactic call eta-refine-and-close ran for 0.001 secs (0.001u,0.s)
Tactic call make_T_eta ran for 0.534 secs (0.533u,0.s)
Tactic call make_f_ty ran for 0.023 secs (0.023u,0.s)
Tactic call make_T_rect ran for 0.031 secs (0.031u,0.s)
Tactic call making ran for 2.326 secs (2.324u,0.s)
Tactic call constr-final-goal make_final_goal ran for 0. secs (0.u,0.s)
Tactic call everything ran for 2.333 secs (2.33u,0.s) (success)
Params: n= 90
Tactic call make_Ts ran for 1.241 secs (1.24u,0.s)
Tactic call make_T ran for 0. secs (0.u,0.s)
Tactic call make_T_projs ran for 0.48 secs (0.48u,0.s)
Tactic call make_Build_T ran for 0.021 secs (0.021u,0.s)
Tactic call eta-make-let-ins ran for 0.451 secs (0.45u,0.s)
Tactic call eta-make-pf ran for 0.026 secs (0.026u,0.s)
Tactic call eta-constr-pf ran for 0.005 secs (0.005u,0.s)
Tactic call eta-cast-pf ran for 0.052 secs (0.052u,0.s)
Tactic call eta-refine ran for 0. secs (0.u,0.s) (success)
Tactic call eta-refine-and-close ran for 0.001 secs (0.001u,0.s)
Tactic call make_T_eta ran for 0.61 secs (0.609u,0.s)
Tactic call make_f_ty ran for 0.023 secs (0.023u,0.s)
Tactic call make_T_rect ran for 0.031 secs (0.031u,0.s)
Tactic call making ran for 2.386 secs (2.384u,0.s)
Tactic call constr-final-goal make_final_goal ran for 0. secs (0.u,0.s)
Tactic call everything ran for 2.399 secs (2.396u,0.s) (success)
Params: n= 91
Tactic call make_Ts ran for 1.274 secs (1.273u,0.s)
Tactic call make_T ran for 0. secs (0.u,0.s)
Tactic call make_T_projs ran for 0.514 secs (0.514u,0.s)
Tactic call make_Build_T ran for 0.022 secs (0.022u,0.s)
Tactic call eta-make-let-ins ran for 0.371 secs (0.371u,0.s)
Tactic call eta-make-pf ran for 0.033 secs (0.033u,0.s)
Tactic call eta-constr-pf ran for 0.005 secs (0.005u,0.s)
Tactic call eta-cast-pf ran for 0.044 secs (0.044u,0.s)
Tactic call eta-refine ran for 0. secs (0.u,0.s) (success)
Tactic call eta-refine-and-close ran for 0.002 secs (0.001u,0.s)
Tactic call make_T_eta ran for 0.489 secs (0.489u,0.s)
Tactic call make_f_ty ran for 0.024 secs (0.024u,0.s)
Tactic call make_T_rect ran for 0.031 secs (0.031u,0.s)
Tactic call making ran for 2.333 secs (2.331u,0.s)
Tactic call constr-final-goal make_final_goal ran for 0. secs (0.u,0.s)
Tactic call everything ran for 2.34 secs (2.338u,0.s) (success)
Params: n= 92
Tactic call make_Ts ran for 1.333 secs (1.331u,0.s)
Tactic call make_T ran for 0. secs (0.u,0.s)
Tactic call make_T_projs ran for 0.525 secs (0.524u,0.s)
Tactic call make_Build_T ran for 0.022 secs (0.022u,0.s)
Tactic call eta-make-let-ins ran for 0.404 secs (0.404u,0.s)
Tactic call eta-make-pf ran for 0.026 secs (0.026u,0.s)
Tactic call eta-constr-pf ran for 0.009 secs (0.009u,0.s)
Tactic call eta-cast-pf ran for 0.052 secs (0.051u,0.s)
Tactic call eta-refine ran for 0. secs (0.u,0.s) (success)
Tactic call eta-refine-and-close ran for 0.001 secs (0.001u,0.s)
Tactic call make_T_eta ran for 0.535 secs (0.535u,0.s)
Tactic call make_f_ty ran for 0.025 secs (0.025u,0.s)
Tactic call make_T_rect ran for 0.033 secs (0.033u,0.s)
Tactic call making ran for 2.45 secs (2.447u,0.s)
Tactic call constr-final-goal make_final_goal ran for 0. secs (0.u,0.s)
Tactic call everything ran for 2.457 secs (2.454u,0.s) (success)
Params: n= 93
Tactic call make_Ts ran for 1.49 secs (1.484u,0.003s)
Tactic call make_T ran for 0. secs (0.u,0.s)
Tactic call make_T_projs ran for 0.626 secs (0.625u,0.s)
Tactic call make_Build_T ran for 0.024 secs (0.024u,0.s)
Tactic call eta-make-let-ins ran for 0.454 secs (0.454u,0.s)
Tactic call eta-make-pf ran for 0.038 secs (0.038u,0.s)
Tactic call eta-constr-pf ran for 0.006 secs (0.006u,0.s)
Tactic call eta-cast-pf ran for 0.056 secs (0.055u,0.s)
Tactic call eta-refine ran for 0. secs (0.u,0.s) (success)
Tactic call eta-refine-and-close ran for 0.001 secs (0.001u,0.s)
Tactic call make_T_eta ran for 0.613 secs (0.613u,0.s)
Tactic call make_f_ty ran for 0.026 secs (0.026u,0.s)
Tactic call make_T_rect ran for 0.034 secs (0.034u,0.s)
Tactic call making ran for 2.79 secs (2.783u,0.004s)
Tactic call constr-final-goal make_final_goal ran for 0. secs (0.u,0.s)
Tactic call everything ran for 2.798 secs (2.791u,0.004s) (success)
Params: n= 94
Tactic call make_Ts ran for 1.585 secs (1.584u,0.s)
Tactic call make_T ran for 0. secs (0.u,0.s)
Tactic call make_T_projs ran for 0.629 secs (0.629u,0.s)
Tactic call make_Build_T ran for 0.024 secs (0.024u,0.s)
Tactic call eta-make-let-ins ran for 0.472 secs (0.471u,0.s)
Tactic call eta-make-pf ran for 0.038 secs (0.038u,0.s)
Tactic call eta-constr-pf ran for 0.005 secs (0.005u,0.s)
Tactic call eta-cast-pf ran for 0.057 secs (0.057u,0.s)
Tactic call eta-refine ran for 0. secs (0.u,0.s) (success)
Tactic call eta-refine-and-close ran for 0.002 secs (0.002u,0.s)
Tactic call make_T_eta ran for 0.611 secs (0.61u,0.s)
Tactic call make_f_ty ran for 0.027 secs (0.026u,0.s)
Tactic call make_T_rect ran for 0.035 secs (0.035u,0.s)
Tactic call making ran for 2.887 secs (2.884u,0.s)
Tactic call constr-final-goal make_final_goal ran for 0. secs (0.u,0.s)
Tactic call everything ran for 2.894 secs (2.891u,0.s) (success)
Params: n= 95
Tactic call make_Ts ran for 1.65 secs (1.648u,0.s)
Tactic call make_T ran for 0. secs (0.u,0.s)
Tactic call make_T_projs ran for 0.622 secs (0.617u,0.003s)
Tactic call make_Build_T ran for 0.029 secs (0.025u,0.003s)
Tactic call eta-make-let-ins ran for 0.495 secs (0.491u,0.004s)
Tactic call eta-make-pf ran for 0.036 secs (0.036u,0.s)
Tactic call eta-constr-pf ran for 0.006 secs (0.006u,0.s)
Tactic call eta-cast-pf ran for 0.065 secs (0.065u,0.s)
Tactic call eta-refine ran for 0. secs (0.u,0.s) (success)
Tactic call eta-refine-and-close ran for 0.001 secs (0.001u,0.s)
Tactic call make_T_eta ran for 0.651 secs (0.646u,0.004s)
Tactic call make_f_ty ran for 0.026 secs (0.026u,0.s)
Tactic call make_T_rect ran for 0.034 secs (0.034u,0.s)
Tactic call making ran for 2.988 secs (2.973u,0.011s)
Tactic call constr-final-goal make_final_goal ran for 0. secs (0.u,0.s)
Tactic call everything ran for 2.996 secs (2.981u,0.011s) (success)
Params: n= 96
Tactic call make_Ts ran for 1.654 secs (1.649u,0.003s)
Tactic call make_T ran for 0. secs (0.u,0.s)
Tactic call make_T_projs ran for 0.667 secs (0.661u,0.003s)
Tactic call make_Build_T ran for 0.024 secs (0.024u,0.s)
Tactic call eta-make-let-ins ran for 0.532 secs (0.526u,0.003s)
Tactic call eta-make-pf ran for 0.032 secs (0.032u,0.s)
Tactic call eta-constr-pf ran for 0.006 secs (0.006u,0.s)
Tactic call eta-cast-pf ran for 0.061 secs (0.061u,0.s)
Tactic call eta-refine ran for 0. secs (0.u,0.s) (success)
Tactic call eta-refine-and-close ran for 0.001 secs (0.001u,0.s)
Tactic call make_T_eta ran for 0.682 secs (0.675u,0.003s)
Tactic call make_f_ty ran for 0.027 secs (0.027u,0.s)
Tactic call make_T_rect ran for 0.036 secs (0.036u,0.s)
Tactic call making ran for 3.066 secs (3.047u,0.011s)
Tactic call constr-final-goal make_final_goal ran for 0. secs (0.u,0.s)
Tactic call everything ran for 3.073 secs (3.055u,0.011s) (success)
Params: n= 97
Tactic call make_Ts ran for 1.724 secs (1.719u,0.s)
Tactic call make_T ran for 0. secs (0.u,0.s)
Tactic call make_T_projs ran for 0.703 secs (0.701u,0.s)
Tactic call make_Build_T ran for 0.028 secs (0.028u,0.s)
Tactic call eta-make-let-ins ran for 0.56 secs (0.558u,0.s)
Tactic call eta-make-pf ran for 0.029 secs (0.029u,0.s)
Tactic call eta-constr-pf ran for 0.017 secs (0.017u,0.s)
Tactic call eta-cast-pf ran for 0.058 secs (0.058u,0.s)
Tactic call eta-refine ran for 0. secs (0.u,0.s) (success)
Tactic call eta-refine-and-close ran for 0.002 secs (0.002u,0.s)
Tactic call make_T_eta ran for 0.704 secs (0.701u,0.s)
Tactic call make_f_ty ran for 0.027 secs (0.027u,0.s)
Tactic call make_T_rect ran for 0.035 secs (0.035u,0.s)
Tactic call making ran for 3.197 secs (3.187u,0.s)
Tactic call constr-final-goal make_final_goal ran for 0. secs (0.u,0.s)
Tactic call everything ran for 3.205 secs (3.194u,0.s) (success)
Params: n= 98
Tactic call make_Ts ran for 1.847 secs (1.839u,0.003s)
Tactic call make_T ran for 0. secs (0.u,0.s)
Tactic call make_T_projs ran for 0.767 secs (0.766u,0.s)
Tactic call make_Build_T ran for 0.027 secs (0.027u,0.s)
Tactic call eta-make-let-ins ran for 0.66 secs (0.659u,0.s)
Tactic call eta-make-pf ran for 0.039 secs (0.039u,0.s)
Tactic call eta-constr-pf ran for 0.006 secs (0.006u,0.s)
Tactic call eta-cast-pf ran for 0.077 secs (0.077u,0.s)
Tactic call eta-refine ran for 0. secs (0.u,0.s) (success)
Tactic call eta-refine-and-close ran for 0.002 secs (0.002u,0.s)
Tactic call make_T_eta ran for 0.831 secs (0.83u,0.s)
Tactic call make_f_ty ran for 0.028 secs (0.028u,0.s)
Tactic call make_T_rect ran for 0.037 secs (0.037u,0.s)
Tactic call making ran for 3.511 secs (3.502u,0.003s)
Tactic call constr-final-goal make_final_goal ran for 0. secs (0.u,0.s)
Tactic call everything ran for 3.519 secs (3.51u,0.003s) (success)
Params: n= 99
Tactic call make_Ts ran for 1.904 secs (1.902u,0.s)
Tactic call make_T ran for 0. secs (0.u,0.s)
Tactic call make_T_projs ran for 0.795 secs (0.794u,0.s)
Tactic call make_Build_T ran for 0.032 secs (0.032u,0.s)
Tactic call eta-make-let-ins ran for 0.717 secs (0.716u,0.s)
Tactic call eta-make-pf ran for 0.04 secs (0.04u,0.s)
Tactic call eta-constr-pf ran for 0.006 secs (0.006u,0.s)
Tactic call eta-cast-pf ran for 0.066 secs (0.066u,0.s)
Tactic call eta-refine ran for 0. secs (0.u,0.s) (success)
Tactic call eta-refine-and-close ran for 0.002 secs (0.002u,0.s)
Tactic call make_T_eta ran for 0.893 secs (0.892u,0.s)
Tactic call make_f_ty ran for 0.028 secs (0.028u,0.s)
Tactic call make_T_rect ran for 0.036 secs (0.036u,0.s)
Tactic call making ran for 3.663 secs (3.659u,0.s)
Tactic call constr-final-goal make_final_goal ran for 0. secs (0.u,0.s)
Tactic call everything ran for 3.67 secs (3.667u,0.s) (success)
