Params: n= 3
Tactic call make_Ts ran for 0.01 secs (0.01u,0.s)
Tactic call make_T ran for 0. secs (0.u,0.s)
Tactic call make_T_projs ran for 0.003 secs (0.003u,0.s)
Tactic call make_Build_T ran for 0.001 secs (0.001u,0.s)
Tactic call eta-make-let-ins ran for 0.005 secs (0.005u,0.s)
Tactic call eta-make-pf ran for 0.002 secs (0.002u,0.s)
Tactic call eta-constr-pf ran for 0. secs (0.u,0.s)
Tactic call eta-cast-pf ran for 0. secs (0.u,0.s)
Tactic call eta-refine ran for 0. secs (0.u,0.s) (success)
Tactic call eta-refine-and-close ran for 0. secs (0.u,0.s)
Tactic call make_T_eta ran for 0.011 secs (0.009u,0.002s)
Tactic call make_f_ty ran for 0.001 secs (0.u,0.001s)
Tactic call make_T_rect ran for 0.002 secs (0.001u,0.001s)
Tactic call making ran for 0.029 secs (0.026u,0.003s)
Tactic call constr-final-goal make_final_goal ran for 0. secs (0.u,0.s)
Tactic call everything ran for 0.03 secs (0.026u,0.003s) (success)
Params: n= 4
Tactic call make_Ts ran for 0.065 secs (0.062u,0.003s)
Tactic call make_T ran for 0. secs (0.u,0.s)
Tactic call make_T_projs ran for 0.002 secs (0.002u,0.s)
Tactic call make_Build_T ran for 0. secs (0.u,0.s)
Tactic call eta-make-let-ins ran for 0.004 secs (0.004u,0.s)
Tactic call eta-make-pf ran for 0.001 secs (0.001u,0.s)
Tactic call eta-constr-pf ran for 0. secs (0.u,0.s)
Tactic call eta-cast-pf ran for 0. secs (0.u,0.s)
Tactic call eta-refine ran for 0. secs (0.u,0.s) (success)
Tactic call eta-refine-and-close ran for 0. secs (0.u,0.s)
Tactic call make_T_eta ran for 0.008 secs (0.008u,0.s)
Tactic call make_f_ty ran for 0. secs (0.u,0.s)
Tactic call make_T_rect ran for 0.002 secs (0.002u,0.s)
Tactic call making ran for 0.081 secs (0.076u,0.004s)
Tactic call constr-final-goal make_final_goal ran for 0. secs (0.u,0.s)
Tactic call everything ran for 0.081 secs (0.077u,0.004s) (success)
Params: n= 5
Tactic call make_Ts ran for 0.011 secs (0.011u,0.s)
Tactic call make_T ran for 0. secs (0.u,0.s)
Tactic call make_T_projs ran for 0.003 secs (0.003u,0.s)
Tactic call make_Build_T ran for 0. secs (0.u,0.s)
Tactic call eta-make-let-ins ran for 0.005 secs (0.005u,0.s)
Tactic call eta-make-pf ran for 0.001 secs (0.001u,0.s)
Tactic call eta-constr-pf ran for 0. secs (0.u,0.s)
Tactic call eta-cast-pf ran for 0. secs (0.u,0.s)
Tactic call eta-refine ran for 0. secs (0.u,0.s) (success)
Tactic call eta-refine-and-close ran for 0. secs (0.u,0.s)
Tactic call make_T_eta ran for 0.01 secs (0.01u,0.s)
Tactic call make_f_ty ran for 0.001 secs (0.001u,0.s)
Tactic call make_T_rect ran for 0.002 secs (0.002u,0.s)
Tactic call making ran for 0.028 secs (0.028u,0.s)
Tactic call constr-final-goal make_final_goal ran for 0. secs (0.u,0.s)
Tactic call everything ran for 0.029 secs (0.029u,0.s) (success)
Params: n= 6
Tactic call make_Ts ran for 0.013 secs (0.013u,0.s)
Tactic call make_T ran for 0. secs (0.u,0.s)
Tactic call make_T_projs ran for 0.008 secs (0.008u,0.s)
Tactic call make_Build_T ran for 0.001 secs (0.001u,0.s)
Tactic call eta-make-let-ins ran for 0.006 secs (0.006u,0.s)
Tactic call eta-make-pf ran for 0.001 secs (0.001u,0.s)
Tactic call eta-constr-pf ran for 0. secs (0.u,0.s)
Tactic call eta-cast-pf ran for 0. secs (0.u,0.s)
Tactic call eta-refine ran for 0. secs (0.u,0.s) (success)
Tactic call eta-refine-and-close ran for 0. secs (0.u,0.s)
Tactic call make_T_eta ran for 0.011 secs (0.011u,0.s)
Tactic call make_f_ty ran for 0.001 secs (0.001u,0.s)
Tactic call make_T_rect ran for 0.002 secs (0.002u,0.s)
Tactic call making ran for 0.038 secs (0.038u,0.s)
Tactic call constr-final-goal make_final_goal ran for 0. secs (0.u,0.s)
Tactic call everything ran for 0.039 secs (0.039u,0.s) (success)
Params: n= 7
Tactic call make_Ts ran for 0.015 secs (0.015u,0.s)
Tactic call make_T ran for 0. secs (0.u,0.s)
Tactic call make_T_projs ran for 0.005 secs (0.005u,0.s)
Tactic call make_Build_T ran for 0.001 secs (0.001u,0.s)
Tactic call eta-make-let-ins ran for 0.007 secs (0.007u,0.s)
Tactic call eta-make-pf ran for 0.002 secs (0.002u,0.s)
Tactic call eta-constr-pf ran for 0. secs (0.u,0.s)
Tactic call eta-cast-pf ran for 0. secs (0.u,0.s)
Tactic call eta-refine ran for 0. secs (0.u,0.s) (success)
Tactic call eta-refine-and-close ran for 0. secs (0.u,0.s)
Tactic call make_T_eta ran for 0.014 secs (0.014u,0.s)
Tactic call make_f_ty ran for 0.001 secs (0.001u,0.s)
Tactic call make_T_rect ran for 0.003 secs (0.003u,0.s)
Tactic call making ran for 0.039 secs (0.039u,0.s)
Tactic call constr-final-goal make_final_goal ran for 0. secs (0.u,0.s)
Tactic call everything ran for 0.041 secs (0.041u,0.s) (success)
Params: n= 8
Tactic call make_Ts ran for 0.025 secs (0.025u,0.s)
Tactic call make_T ran for 0. secs (0.u,0.s)
Tactic call make_T_projs ran for 0.005 secs (0.005u,0.s)
Tactic call make_Build_T ran for 0.001 secs (0.001u,0.s)
Tactic call eta-make-let-ins ran for 0.008 secs (0.008u,0.s)
Tactic call eta-make-pf ran for 0.002 secs (0.002u,0.s)
Tactic call eta-constr-pf ran for 0. secs (0.u,0.s)
Tactic call eta-cast-pf ran for 0. secs (0.u,0.s)
Tactic call eta-refine ran for 0. secs (0.u,0.s) (success)
Tactic call eta-refine-and-close ran for 0. secs (0.u,0.s)
Tactic call make_T_eta ran for 0.015 secs (0.015u,0.s)
Tactic call make_f_ty ran for 0.001 secs (0.001u,0.s)
Tactic call make_T_rect ran for 0.003 secs (0.003u,0.s)
Tactic call making ran for 0.052 secs (0.052u,0.s)
Tactic call constr-final-goal make_final_goal ran for 0. secs (0.u,0.s)
Tactic call everything ran for 0.053 secs (0.053u,0.s) (success)
Params: n= 9
Tactic call make_Ts ran for 0.021 secs (0.021u,0.s)
Tactic call make_T ran for 0. secs (0.u,0.s)
Tactic call make_T_projs ran for 0.012 secs (0.012u,0.s)
Tactic call make_Build_T ran for 0.001 secs (0.001u,0.s)
Tactic call eta-make-let-ins ran for 0.009 secs (0.009u,0.s)
Tactic call eta-make-pf ran for 0.002 secs (0.002u,0.s)
Tactic call eta-constr-pf ran for 0. secs (0.u,0.s)
Tactic call eta-cast-pf ran for 0. secs (0.u,0.s)
Tactic call eta-refine ran for 0. secs (0.u,0.s) (success)
Tactic call eta-refine-and-close ran for 0. secs (0.u,0.s)
Tactic call make_T_eta ran for 0.016 secs (0.016u,0.s)
Tactic call make_f_ty ran for 0.001 secs (0.001u,0.s)
Tactic call make_T_rect ran for 0.003 secs (0.003u,0.s)
Tactic call making ran for 0.056 secs (0.056u,0.s)
Tactic call constr-final-goal make_final_goal ran for 0. secs (0.u,0.s)
Tactic call everything ran for 0.057 secs (0.057u,0.s) (success)
Params: n= 10
Tactic call make_Ts ran for 0.024 secs (0.024u,0.s)
Tactic call make_T ran for 0. secs (0.u,0.s)
Tactic call make_T_projs ran for 0.007 secs (0.007u,0.s)
Tactic call make_Build_T ran for 0.001 secs (0.001u,0.s)
Tactic call eta-make-let-ins ran for 0.02 secs (0.02u,0.s)
Tactic call eta-make-pf ran for 0.003 secs (0.003u,0.s)
Tactic call eta-constr-pf ran for 0. secs (0.u,0.s)
Tactic call eta-cast-pf ran for 0. secs (0.u,0.s)
Tactic call eta-refine ran for 0. secs (0.u,0.s) (success)
Tactic call eta-refine-and-close ran for 0. secs (0.u,0.s)
Tactic call make_T_eta ran for 0.028 secs (0.028u,0.s)
Tactic call make_f_ty ran for 0.002 secs (0.002u,0.s)
Tactic call make_T_rect ran for 0.003 secs (0.003u,0.s)
Tactic call making ran for 0.065 secs (0.065u,0.s)
Tactic call constr-final-goal make_final_goal ran for 0. secs (0.u,0.s)
Tactic call everything ran for 0.067 secs (0.067u,0.s) (success)
Params: n= 11
Tactic call make_Ts ran for 0.027 secs (0.027u,0.s)
Tactic call make_T ran for 0. secs (0.u,0.s)
Tactic call make_T_projs ran for 0.008 secs (0.008u,0.s)
Tactic call make_Build_T ran for 0.001 secs (0.001u,0.s)
Tactic call eta-make-let-ins ran for 0.011 secs (0.011u,0.s)
Tactic call eta-make-pf ran for 0.013 secs (0.013u,0.s)
Tactic call eta-constr-pf ran for 0. secs (0.u,0.s)
Tactic call eta-cast-pf ran for 0. secs (0.u,0.s)
Tactic call eta-refine ran for 0. secs (0.u,0.s) (success)
Tactic call eta-refine-and-close ran for 0. secs (0.u,0.s)
Tactic call make_T_eta ran for 0.029 secs (0.029u,0.s)
Tactic call make_f_ty ran for 0.002 secs (0.002u,0.s)
Tactic call make_T_rect ran for 0.003 secs (0.003u,0.s)
Tactic call making ran for 0.071 secs (0.071u,0.s)
Tactic call constr-final-goal make_final_goal ran for 0. secs (0.u,0.s)
Tactic call everything ran for 0.073 secs (0.072u,0.s) (success)
Params: n= 12
Tactic call make_Ts ran for 0.03 secs (0.03u,0.s)
Tactic call make_T ran for 0. secs (0.u,0.s)
Tactic call make_T_projs ran for 0.01 secs (0.01u,0.s)
Tactic call make_Build_T ran for 0.001 secs (0.001u,0.s)
Tactic call eta-make-let-ins ran for 0.012 secs (0.012u,0.s)
Tactic call eta-make-pf ran for 0.014 secs (0.014u,0.s)
Tactic call eta-constr-pf ran for 0. secs (0.u,0.s)
Tactic call eta-cast-pf ran for 0. secs (0.u,0.s)
Tactic call eta-refine ran for 0. secs (0.u,0.s) (success)
Tactic call eta-refine-and-close ran for 0. secs (0.u,0.s)
Tactic call make_T_eta ran for 0.032 secs (0.032u,0.s)
Tactic call make_f_ty ran for 0.002 secs (0.002u,0.s)
Tactic call make_T_rect ran for 0.004 secs (0.004u,0.s)
Tactic call making ran for 0.08 secs (0.08u,0.s)
Tactic call constr-final-goal make_final_goal ran for 0. secs (0.u,0.s)
Tactic call everything ran for 0.081 secs (0.081u,0.s) (success)
Params: n= 13
Tactic call make_Ts ran for 0.033 secs (0.033u,0.s)
Tactic call make_T ran for 0. secs (0.u,0.s)
Tactic call make_T_projs ran for 0.01 secs (0.01u,0.s)
Tactic call make_Build_T ran for 0.002 secs (0.002u,0.s)
Tactic call eta-make-let-ins ran for 0.024 secs (0.017u,0.007s)
Tactic call eta-make-pf ran for 0.004 secs (0.004u,0.s)
Tactic call eta-constr-pf ran for 0. secs (0.u,0.s)
Tactic call eta-cast-pf ran for 0. secs (0.u,0.s)
Tactic call eta-refine ran for 0. secs (0.u,0.s) (success)
Tactic call eta-refine-and-close ran for 0. secs (0.u,0.s)
Tactic call make_T_eta ran for 0.034 secs (0.026u,0.007s)
Tactic call make_f_ty ran for 0.002 secs (0.002u,0.s)
Tactic call make_T_rect ran for 0.004 secs (0.004u,0.s)
Tactic call making ran for 0.086 secs (0.078u,0.007s)
Tactic call constr-final-goal make_final_goal ran for 0. secs (0.u,0.s)
Tactic call everything ran for 0.087 secs (0.08u,0.007s) (success)
Params: n= 14
Tactic call make_Ts ran for 0.036 secs (0.036u,0.s)
Tactic call make_T ran for 0. secs (0.u,0.s)
Tactic call make_T_projs ran for 0.011 secs (0.011u,0.s)
Tactic call make_Build_T ran for 0.002 secs (0.002u,0.s)
Tactic call eta-make-let-ins ran for 0.027 secs (0.027u,0.s)
Tactic call eta-make-pf ran for 0.004 secs (0.004u,0.s)
Tactic call eta-constr-pf ran for 0. secs (0.u,0.s)
Tactic call eta-cast-pf ran for 0. secs (0.u,0.s)
Tactic call eta-refine ran for 0. secs (0.u,0.s) (success)
Tactic call eta-refine-and-close ran for 0. secs (0.u,0.s)
Tactic call make_T_eta ran for 0.038 secs (0.038u,0.s)
Tactic call make_f_ty ran for 0.002 secs (0.002u,0.s)
Tactic call make_T_rect ran for 0.004 secs (0.004u,0.s)
Tactic call making ran for 0.094 secs (0.094u,0.s)
Tactic call constr-final-goal make_final_goal ran for 0. secs (0.u,0.s)
Tactic call everything ran for 0.095 secs (0.095u,0.s) (success)
Params: n= 15
Tactic call make_Ts ran for 0.04 secs (0.04u,0.s)
Tactic call make_T ran for 0. secs (0.u,0.s)
Tactic call make_T_projs ran for 0.019 secs (0.019u,0.s)
Tactic call make_Build_T ran for 0.002 secs (0.002u,0.s)
Tactic call eta-make-let-ins ran for 0.016 secs (0.016u,0.s)
Tactic call eta-make-pf ran for 0.004 secs (0.004u,0.s)
Tactic call eta-constr-pf ran for 0. secs (0.u,0.s)
Tactic call eta-cast-pf ran for 0. secs (0.u,0.s)
Tactic call eta-refine ran for 0. secs (0.u,0.s) (success)
Tactic call eta-refine-and-close ran for 0. secs (0.u,0.s)
Tactic call make_T_eta ran for 0.027 secs (0.027u,0.s)
Tactic call make_f_ty ran for 0.003 secs (0.002u,0.s)
Tactic call make_T_rect ran for 0.005 secs (0.005u,0.s)
Tactic call making ran for 0.096 secs (0.095u,0.s)
Tactic call constr-final-goal make_final_goal ran for 0. secs (0.u,0.s)
Tactic call everything ran for 0.097 secs (0.097u,0.s) (success)
Params: n= 16
Tactic call make_Ts ran for 0.055 secs (0.055u,0.s)
Tactic call make_T ran for 0. secs (0.u,0.s)
Tactic call make_T_projs ran for 0.015 secs (0.015u,0.s)
Tactic call make_Build_T ran for 0.002 secs (0.002u,0.s)
Tactic call eta-make-let-ins ran for 0.018 secs (0.018u,0.s)
Tactic call eta-make-pf ran for 0.005 secs (0.005u,0.s)
Tactic call eta-constr-pf ran for 0.001 secs (0.001u,0.s)
Tactic call eta-cast-pf ran for 0.001 secs (0.001u,0.s)
Tactic call eta-refine ran for 0. secs (0.u,0.s) (success)
Tactic call eta-refine-and-close ran for 0. secs (0.u,0.s)
Tactic call make_T_eta ran for 0.041 secs (0.041u,0.s)
Tactic call make_f_ty ran for 0.003 secs (0.003u,0.s)
Tactic call make_T_rect ran for 0.005 secs (0.005u,0.s)
Tactic call making ran for 0.12 secs (0.12u,0.s)
Tactic call constr-final-goal make_final_goal ran for 0. secs (0.u,0.s)
Tactic call everything ran for 0.122 secs (0.122u,0.s) (success)
Params: n= 17
Tactic call make_Ts ran for 0.049 secs (0.049u,0.s)
Tactic call make_T ran for 0. secs (0.u,0.s)
Tactic call make_T_projs ran for 0.015 secs (0.011u,0.003s)
Tactic call make_Build_T ran for 0.002 secs (0.002u,0.s)
Tactic call eta-make-let-ins ran for 0.03 secs (0.03u,0.s)
Tactic call eta-make-pf ran for 0.005 secs (0.005u,0.s)
Tactic call eta-constr-pf ran for 0.001 secs (0.001u,0.s)
Tactic call eta-cast-pf ran for 0.001 secs (0.001u,0.s)
Tactic call eta-refine ran for 0. secs (0.u,0.s) (success)
Tactic call eta-refine-and-close ran for 0. secs (0.u,0.s)
Tactic call make_T_eta ran for 0.043 secs (0.043u,0.s)
Tactic call make_f_ty ran for 0.003 secs (0.003u,0.s)
Tactic call make_T_rect ran for 0.005 secs (0.005u,0.s)
Tactic call making ran for 0.118 secs (0.114u,0.003s)
Tactic call constr-final-goal make_final_goal ran for 0. secs (0.u,0.s)
Tactic call everything ran for 0.12 secs (0.116u,0.003s) (success)
Params: n= 18
Tactic call make_Ts ran for 0.059 secs (0.059u,0.s)
Tactic call make_T ran for 0. secs (0.u,0.s)
Tactic call make_T_projs ran for 0.017 secs (0.017u,0.s)
Tactic call make_Build_T ran for 0.002 secs (0.002u,0.s)
Tactic call eta-make-let-ins ran for 0.021 secs (0.021u,0.s)
Tactic call eta-make-pf ran for 0.005 secs (0.005u,0.s)
Tactic call eta-constr-pf ran for 0.001 secs (0.001u,0.s)
Tactic call eta-cast-pf ran for 0.001 secs (0.001u,0.s)
Tactic call eta-refine ran for 0. secs (0.u,0.s) (success)
Tactic call eta-refine-and-close ran for 0. secs (0.u,0.s)
Tactic call make_T_eta ran for 0.041 secs (0.041u,0.s)
Tactic call make_f_ty ran for 0.003 secs (0.003u,0.s)
Tactic call make_T_rect ran for 0.006 secs (0.006u,0.s)
Tactic call making ran for 0.127 secs (0.127u,0.s)
Tactic call constr-final-goal make_final_goal ran for 0. secs (0.u,0.s)
Tactic call everything ran for 0.129 secs (0.129u,0.s) (success)
Params: n= 19
Tactic call make_Ts ran for 0.059 secs (0.059u,0.s)
Tactic call make_T ran for 0. secs (0.u,0.s)
Tactic call make_T_projs ran for 0.028 secs (0.028u,0.s)
Tactic call make_Build_T ran for 0.002 secs (0.002u,0.s)
Tactic call eta-make-let-ins ran for 0.023 secs (0.023u,0.s)
Tactic call eta-make-pf ran for 0.005 secs (0.005u,0.s)
Tactic call eta-constr-pf ran for 0.001 secs (0.001u,0.s)
Tactic call eta-cast-pf ran for 0.001 secs (0.001u,0.s)
Tactic call eta-refine ran for 0. secs (0.u,0.s) (success)
Tactic call eta-refine-and-close ran for 0. secs (0.u,0.s)
Tactic call make_T_eta ran for 0.037 secs (0.037u,0.s)
Tactic call make_f_ty ran for 0.003 secs (0.003u,0.s)
Tactic call make_T_rect ran for 0.006 secs (0.006u,0.s)
Tactic call making ran for 0.135 secs (0.135u,0.s)
Tactic call constr-final-goal make_final_goal ran for 0. secs (0.u,0.s)
Tactic call everything ran for 0.137 secs (0.137u,0.s) (success)
Params: n= 20
Tactic call make_Ts ran for 0.076 secs (0.076u,0.s)
Tactic call make_T ran for 0. secs (0.u,0.s)
Tactic call make_T_projs ran for 0.02 secs (0.02u,0.s)
Tactic call make_Build_T ran for 0.003 secs (0.003u,0.s)
Tactic call eta-make-let-ins ran for 0.035 secs (0.031u,0.003s)
Tactic call eta-make-pf ran for 0.006 secs (0.006u,0.s)
Tactic call eta-constr-pf ran for 0.001 secs (0.001u,0.s)
Tactic call eta-cast-pf ran for 0.001 secs (0.u,0.001s)
Tactic call eta-refine ran for 0. secs (0.u,0.s) (success)
Tactic call eta-refine-and-close ran for 0. secs (0.u,0.s)
Tactic call make_T_eta ran for 0.05 secs (0.042u,0.007s)
Tactic call make_f_ty ran for 0.003 secs (0.003u,0.s)
Tactic call make_T_rect ran for 0.006 secs (0.006u,0.s)
Tactic call making ran for 0.157 secs (0.149u,0.007s)
Tactic call constr-final-goal make_final_goal ran for 0. secs (0.u,0.s)
Tactic call everything ran for 0.159 secs (0.151u,0.007s) (success)
Params: n= 21
Tactic call make_Ts ran for 0.084 secs (0.084u,0.s)
Tactic call make_T ran for 0. secs (0.u,0.s)
Tactic call make_T_projs ran for 0.022 secs (0.022u,0.s)
Tactic call make_Build_T ran for 0.003 secs (0.003u,0.s)
Tactic call eta-make-let-ins ran for 0.039 secs (0.039u,0.s)
Tactic call eta-make-pf ran for 0.006 secs (0.006u,0.s)
Tactic call eta-constr-pf ran for 0.001 secs (0.u,0.001s)
Tactic call eta-cast-pf ran for 0.001 secs (0.u,0.001s)
Tactic call eta-refine ran for 0. secs (0.u,0.s) (success)
Tactic call eta-refine-and-close ran for 0. secs (0.u,0.s)
Tactic call make_T_eta ran for 0.055 secs (0.051u,0.003s)
Tactic call make_f_ty ran for 0.004 secs (0.004u,0.s)
Tactic call make_T_rect ran for 0.006 secs (0.006u,0.s)
Tactic call making ran for 0.172 secs (0.167u,0.003s)
Tactic call constr-final-goal make_final_goal ran for 0. secs (0.u,0.s)
Tactic call everything ran for 0.173 secs (0.169u,0.003s) (success)
Params: n= 22
Tactic call make_Ts ran for 0.093 secs (0.092u,0.s)
Tactic call make_T ran for 0. secs (0.u,0.s)
Tactic call make_T_projs ran for 0.024 secs (0.024u,0.s)
Tactic call make_Build_T ran for 0.003 secs (0.003u,0.s)
Tactic call eta-make-let-ins ran for 0.028 secs (0.028u,0.s)
Tactic call eta-make-pf ran for 0.021 secs (0.021u,0.s)
Tactic call eta-constr-pf ran for 0.001 secs (0.001u,0.s)
Tactic call eta-cast-pf ran for 0.001 secs (0.001u,0.s)
Tactic call eta-refine ran for 0. secs (0.u,0.s) (success)
Tactic call eta-refine-and-close ran for 0. secs (0.u,0.s)
Tactic call make_T_eta ran for 0.058 secs (0.058u,0.s)
Tactic call make_f_ty ran for 0.004 secs (0.004u,0.s)
Tactic call make_T_rect ran for 0.006 secs (0.006u,0.s)
Tactic call making ran for 0.187 secs (0.187u,0.s)
Tactic call constr-final-goal make_final_goal ran for 0. secs (0.u,0.s)
Tactic call everything ran for 0.189 secs (0.189u,0.s) (success)
Params: n= 23
Tactic call make_Ts ran for 0.089 secs (0.088u,0.s)
Tactic call make_T ran for 0. secs (0.u,0.s)
Tactic call make_T_projs ran for 0.028 secs (0.028u,0.s)
Tactic call make_Build_T ran for 0.003 secs (0.003u,0.s)
Tactic call eta-make-let-ins ran for 0.045 secs (0.045u,0.s)
Tactic call eta-make-pf ran for 0.007 secs (0.007u,0.s)
Tactic call eta-constr-pf ran for 0.001 secs (0.001u,0.s)
Tactic call eta-cast-pf ran for 0.002 secs (0.002u,0.s)
Tactic call eta-refine ran for 0. secs (0.u,0.s) (success)
Tactic call eta-refine-and-close ran for 0. secs (0.u,0.s)
Tactic call make_T_eta ran for 0.063 secs (0.063u,0.s)
Tactic call make_f_ty ran for 0.004 secs (0.004u,0.s)
Tactic call make_T_rect ran for 0.007 secs (0.007u,0.s)
Tactic call making ran for 0.192 secs (0.192u,0.s)
Tactic call constr-final-goal make_final_goal ran for 0. secs (0.u,0.s)
Tactic call everything ran for 0.195 secs (0.194u,0.s) (success)
Params: n= 24
Tactic call make_Ts ran for 0.096 secs (0.096u,0.s)
Tactic call make_T ran for 0. secs (0.u,0.s)
Tactic call make_T_projs ran for 0.03 secs (0.029u,0.s)
Tactic call make_Build_T ran for 0.004 secs (0.004u,0.s)
Tactic call eta-make-let-ins ran for 0.044 secs (0.04u,0.003s)
Tactic call eta-make-pf ran for 0.007 secs (0.007u,0.s)
Tactic call eta-constr-pf ran for 0.001 secs (0.001u,0.s)
Tactic call eta-cast-pf ran for 0.002 secs (0.002u,0.s)
Tactic call eta-refine ran for 0. secs (0.u,0.s) (success)
Tactic call eta-refine-and-close ran for 0. secs (0.u,0.s)
Tactic call make_T_eta ran for 0.062 secs (0.058u,0.003s)
Tactic call make_f_ty ran for 0.004 secs (0.004u,0.s)
Tactic call make_T_rect ran for 0.007 secs (0.007u,0.s)
Tactic call making ran for 0.201 secs (0.197u,0.003s)
Tactic call constr-final-goal make_final_goal ran for 0. secs (0.u,0.s)
Tactic call everything ran for 0.203 secs (0.199u,0.003s) (success)
Params: n= 25
Tactic call make_Ts ran for 0.099 secs (0.099u,0.s)
Tactic call make_T ran for 0. secs (0.u,0.s)
Tactic call make_T_projs ran for 0.042 secs (0.042u,0.s)
Tactic call make_Build_T ran for 0.003 secs (0.003u,0.s)
Tactic call eta-make-let-ins ran for 0.032 secs (0.032u,0.s)
Tactic call eta-make-pf ran for 0.007 secs (0.007u,0.s)
Tactic call eta-constr-pf ran for 0.001 secs (0.001u,0.s)
Tactic call eta-cast-pf ran for 0.002 secs (0.002u,0.s)
Tactic call eta-refine ran for 0. secs (0.u,0.s) (success)
Tactic call eta-refine-and-close ran for 0. secs (0.u,0.s)
Tactic call make_T_eta ran for 0.051 secs (0.051u,0.s)
Tactic call make_f_ty ran for 0.004 secs (0.004u,0.s)
Tactic call make_T_rect ran for 0.012 secs (0.012u,0.s)
Tactic call making ran for 0.211 secs (0.21u,0.s)
Tactic call constr-final-goal make_final_goal ran for 0. secs (0.u,0.s)
Tactic call everything ran for 0.213 secs (0.212u,0.s) (success)
Params: n= 26
Tactic call make_Ts ran for 0.11 secs (0.11u,0.s)
Tactic call make_T ran for 0. secs (0.u,0.s)
Tactic call make_T_projs ran for 0.031 secs (0.031u,0.s)
Tactic call make_Build_T ran for 0.004 secs (0.004u,0.s)
Tactic call eta-make-let-ins ran for 0.034 secs (0.034u,0.s)
Tactic call eta-make-pf ran for 0.011 secs (0.011u,0.s)
Tactic call eta-constr-pf ran for 0.001 secs (0.001u,0.s)
Tactic call eta-cast-pf ran for 0.002 secs (0.002u,0.s)
Tactic call eta-refine ran for 0. secs (0.u,0.s) (success)
Tactic call eta-refine-and-close ran for 0. secs (0.u,0.s)
Tactic call make_T_eta ran for 0.058 secs (0.058u,0.s)
Tactic call make_f_ty ran for 0.005 secs (0.005u,0.s)
Tactic call make_T_rect ran for 0.008 secs (0.008u,0.s)
Tactic call making ran for 0.213 secs (0.212u,0.s)
Tactic call constr-final-goal make_final_goal ran for 0. secs (0.u,0.s)
Tactic call everything ran for 0.215 secs (0.215u,0.s) (success)
Params: n= 27
Tactic call make_Ts ran for 0.115 secs (0.114u,0.s)
Tactic call make_T ran for 0. secs (0.u,0.s)
Tactic call make_T_projs ran for 0.035 secs (0.035u,0.s)
Tactic call make_Build_T ran for 0.006 secs (0.006u,0.s)
Tactic call eta-make-let-ins ran for 0.037 secs (0.037u,0.s)
Tactic call eta-make-pf ran for 0.008 secs (0.008u,0.s)
Tactic call eta-constr-pf ran for 0.001 secs (0.001u,0.s)
Tactic call eta-cast-pf ran for 0.003 secs (0.003u,0.s)
Tactic call eta-refine ran for 0. secs (0.u,0.s) (success)
Tactic call eta-refine-and-close ran for 0. secs (0.u,0.s)
Tactic call make_T_eta ran for 0.059 secs (0.059u,0.s)
Tactic call make_f_ty ran for 0.016 secs (0.016u,0.s)
Tactic call make_T_rect ran for 0.019 secs (0.019u,0.s)
Tactic call making ran for 0.237 secs (0.237u,0.s)
Tactic call constr-final-goal make_final_goal ran for 0. secs (0.u,0.s)
Tactic call everything ran for 0.239 secs (0.239u,0.s) (success)
Params: n= 28
Tactic call make_Ts ran for 0.123 secs (0.119u,0.003s)
Tactic call make_T ran for 0. secs (0.u,0.s)
Tactic call make_T_projs ran for 0.038 secs (0.038u,0.s)
Tactic call make_Build_T ran for 0.004 secs (0.004u,0.s)
Tactic call eta-make-let-ins ran for 0.054 secs (0.053u,0.s)
Tactic call eta-make-pf ran for 0.008 secs (0.008u,0.s)
Tactic call eta-constr-pf ran for 0.001 secs (0.001u,0.s)
Tactic call eta-cast-pf ran for 0.002 secs (0.002u,0.s)
Tactic call eta-refine ran for 0. secs (0.u,0.s) (success)
Tactic call eta-refine-and-close ran for 0. secs (0.u,0.s)
Tactic call make_T_eta ran for 0.075 secs (0.075u,0.s)
Tactic call make_f_ty ran for 0.005 secs (0.005u,0.s)
Tactic call make_T_rect ran for 0.008 secs (0.008u,0.s)
Tactic call making ran for 0.251 secs (0.247u,0.003s)
Tactic call constr-final-goal make_final_goal ran for 0. secs (0.u,0.s)
Tactic call everything ran for 0.254 secs (0.25u,0.003s) (success)
Params: n= 29
Tactic call make_Ts ran for 0.142 secs (0.142u,0.s)
Tactic call make_T ran for 0. secs (0.u,0.s)
Tactic call make_T_projs ran for 0.041 secs (0.041u,0.s)
Tactic call make_Build_T ran for 0.004 secs (0.004u,0.s)
Tactic call eta-make-let-ins ran for 0.054 secs (0.054u,0.s)
Tactic call eta-make-pf ran for 0.008 secs (0.008u,0.s)
Tactic call eta-constr-pf ran for 0.001 secs (0.001u,0.s)
Tactic call eta-cast-pf ran for 0.003 secs (0.003u,0.s)
Tactic call eta-refine ran for 0. secs (0.u,0.s) (success)
Tactic call eta-refine-and-close ran for 0. secs (0.u,0.s)
Tactic call make_T_eta ran for 0.076 secs (0.076u,0.s)
Tactic call make_f_ty ran for 0.005 secs (0.005u,0.s)
Tactic call make_T_rect ran for 0.008 secs (0.008u,0.s)
Tactic call making ran for 0.275 secs (0.274u,0.s)
Tactic call constr-final-goal make_final_goal ran for 0. secs (0.u,0.s)
Tactic call everything ran for 0.277 secs (0.277u,0.s) (success)
Params: n= 30
Tactic call make_Ts ran for 0.158 secs (0.158u,0.s)
Tactic call make_T ran for 0. secs (0.u,0.s)
Tactic call make_T_projs ran for 0.056 secs (0.052u,0.003s)
Tactic call make_Build_T ran for 0.004 secs (0.004u,0.s)
Tactic call eta-make-let-ins ran for 0.057 secs (0.057u,0.s)
Tactic call eta-make-pf ran for 0.009 secs (0.009u,0.s)
Tactic call eta-constr-pf ran for 0.001 secs (0.001u,0.s)
Tactic call eta-cast-pf ran for 0.003 secs (0.003u,0.s)
Tactic call eta-refine ran for 0. secs (0.u,0.s) (success)
Tactic call eta-refine-and-close ran for 0. secs (0.u,0.s)
Tactic call make_T_eta ran for 0.08 secs (0.08u,0.s)
Tactic call make_f_ty ran for 0.006 secs (0.006u,0.s)
Tactic call make_T_rect ran for 0.009 secs (0.009u,0.s)
Tactic call making ran for 0.31 secs (0.306u,0.003s)
Tactic call constr-final-goal make_final_goal ran for 0. secs (0.u,0.s)
Tactic call everything ran for 0.313 secs (0.308u,0.003s) (success)
Params: n= 31
Tactic call make_Ts ran for 0.152 secs (0.152u,0.s)
Tactic call make_T ran for 0.004 secs (0.004u,0.s)
Tactic call make_T_projs ran for 0.052 secs (0.052u,0.s)
Tactic call make_Build_T ran for 0.005 secs (0.005u,0.s)
Tactic call eta-make-let-ins ran for 0.062 secs (0.062u,0.s)
Tactic call eta-make-pf ran for 0.009 secs (0.009u,0.s)
Tactic call eta-constr-pf ran for 0.001 secs (0.001u,0.s)
Tactic call eta-cast-pf ran for 0.003 secs (0.003u,0.s)
Tactic call eta-refine ran for 0. secs (0.u,0.s) (success)
Tactic call eta-refine-and-close ran for 0. secs (0.u,0.s)
Tactic call make_T_eta ran for 0.087 secs (0.087u,0.s)
Tactic call make_f_ty ran for 0.006 secs (0.006u,0.s)
Tactic call make_T_rect ran for 0.009 secs (0.009u,0.s)
Tactic call making ran for 0.311 secs (0.31u,0.s)
Tactic call constr-final-goal make_final_goal ran for 0. secs (0.u,0.s)
Tactic call everything ran for 0.313 secs (0.313u,0.s) (success)
Params: n= 32
Tactic call make_Ts ran for 0.186 secs (0.182u,0.003s)
Tactic call make_T ran for 0. secs (0.u,0.s)
Tactic call make_T_projs ran for 0.059 secs (0.059u,0.s)
Tactic call make_Build_T ran for 0.005 secs (0.005u,0.s)
Tactic call eta-make-let-ins ran for 0.062 secs (0.062u,0.s)
Tactic call eta-make-pf ran for 0.009 secs (0.009u,0.s)
Tactic call eta-constr-pf ran for 0.002 secs (0.002u,0.s)
Tactic call eta-cast-pf ran for 0.004 secs (0.004u,0.s)
Tactic call eta-refine ran for 0. secs (0.u,0.s) (success)
Tactic call eta-refine-and-close ran for 0. secs (0.u,0.s)
Tactic call make_T_eta ran for 0.088 secs (0.088u,0.s)
Tactic call make_f_ty ran for 0.015 secs (0.015u,0.s)
Tactic call make_T_rect ran for 0.019 secs (0.018u,0.s)
Tactic call making ran for 0.36 secs (0.356u,0.003s)
Tactic call constr-final-goal make_final_goal ran for 0. secs (0.u,0.s)
Tactic call everything ran for 0.363 secs (0.359u,0.003s) (success)
Params: n= 33
Tactic call make_Ts ran for 0.185 secs (0.185u,0.s)
Tactic call make_T ran for 0. secs (0.u,0.s)
Tactic call make_T_projs ran for 0.077 secs (0.077u,0.s)
Tactic call make_Build_T ran for 0.005 secs (0.005u,0.s)
Tactic call eta-make-let-ins ran for 0.055 secs (0.055u,0.s)
Tactic call eta-make-pf ran for 0.025 secs (0.025u,0.s)
Tactic call eta-constr-pf ran for 0.002 secs (0.002u,0.s)
Tactic call eta-cast-pf ran for 0.004 secs (0.004u,0.s)
Tactic call eta-refine ran for 0. secs (0.u,0.s) (success)
Tactic call eta-refine-and-close ran for 0. secs (0.u,0.s)
Tactic call make_T_eta ran for 0.098 secs (0.098u,0.s)
Tactic call make_f_ty ran for 0.006 secs (0.006u,0.s)
Tactic call make_T_rect ran for 0.01 secs (0.01u,0.s)
Tactic call making ran for 0.378 secs (0.377u,0.s)
Tactic call constr-final-goal make_final_goal ran for 0. secs (0.u,0.s)
Tactic call everything ran for 0.381 secs (0.38u,0.s) (success)
Params: n= 34
Tactic call make_Ts ran for 0.195 secs (0.194u,0.s)
Tactic call make_T ran for 0. secs (0.u,0.s)
Tactic call make_T_projs ran for 0.066 secs (0.062u,0.003s)
Tactic call make_Build_T ran for 0.006 secs (0.002u,0.003s)
Tactic call eta-make-let-ins ran for 0.075 secs (0.067u,0.007s)
Tactic call eta-make-pf ran for 0.01 secs (0.01u,0.s)
Tactic call eta-constr-pf ran for 0.002 secs (0.002u,0.s)
Tactic call eta-cast-pf ran for 0.004 secs (0.004u,0.s)
Tactic call eta-refine ran for 0. secs (0.u,0.s) (success)
Tactic call eta-refine-and-close ran for 0. secs (0.u,0.s)
Tactic call make_T_eta ran for 0.102 secs (0.094u,0.008s)
Tactic call make_f_ty ran for 0.026 secs (0.026u,0.s)
Tactic call make_T_rect ran for 0.029 secs (0.029u,0.s)
Tactic call making ran for 0.4 secs (0.384u,0.015s)
Tactic call constr-final-goal make_final_goal ran for 0. secs (0.u,0.s)
Tactic call everything ran for 0.403 secs (0.387u,0.015s) (success)
Params: n= 35
Tactic call make_Ts ran for 0.202 secs (0.202u,0.s)
Tactic call make_T ran for 0. secs (0.u,0.s)
Tactic call make_T_projs ran for 0.078 secs (0.078u,0.s)
Tactic call make_Build_T ran for 0.006 secs (0.006u,0.s)
Tactic call eta-make-let-ins ran for 0.075 secs (0.075u,0.s)
Tactic call eta-make-pf ran for 0.01 secs (0.01u,0.s)
Tactic call eta-constr-pf ran for 0.002 secs (0.002u,0.s)
Tactic call eta-cast-pf ran for 0.004 secs (0.004u,0.s)
Tactic call eta-refine ran for 0. secs (0.u,0.s) (success)
Tactic call eta-refine-and-close ran for 0. secs (0.u,0.s)
Tactic call make_T_eta ran for 0.102 secs (0.102u,0.s)
Tactic call make_f_ty ran for 0.007 secs (0.007u,0.s)
Tactic call make_T_rect ran for 0.011 secs (0.011u,0.s)
Tactic call making ran for 0.402 secs (0.401u,0.s)
Tactic call constr-final-goal make_final_goal ran for 0. secs (0.u,0.s)
Tactic call everything ran for 0.405 secs (0.405u,0.s) (success)
Params: n= 36
Tactic call make_Ts ran for 0.228 secs (0.227u,0.s)
Tactic call make_T ran for 0. secs (0.u,0.s)
Tactic call make_T_projs ran for 0.084 secs (0.084u,0.s)
Tactic call make_Build_T ran for 0.006 secs (0.006u,0.s)
Tactic call eta-make-let-ins ran for 0.084 secs (0.084u,0.s)
Tactic call eta-make-pf ran for 0.01 secs (0.01u,0.s)
Tactic call eta-constr-pf ran for 0.002 secs (0.002u,0.s)
Tactic call eta-cast-pf ran for 0.004 secs (0.004u,0.s)
Tactic call eta-refine ran for 0. secs (0.u,0.s) (success)
Tactic call eta-refine-and-close ran for 0. secs (0.u,0.s)
Tactic call make_T_eta ran for 0.113 secs (0.113u,0.s)
Tactic call make_f_ty ran for 0.007 secs (0.007u,0.s)
Tactic call make_T_rect ran for 0.011 secs (0.011u,0.s)
Tactic call making ran for 0.445 secs (0.445u,0.s)
Tactic call constr-final-goal make_final_goal ran for 0. secs (0.u,0.s)
Tactic call everything ran for 0.448 secs (0.448u,0.s) (success)
Params: n= 37
Tactic call make_Ts ran for 0.231 secs (0.231u,0.s)
Tactic call make_T ran for 0. secs (0.u,0.s)
Tactic call make_T_projs ran for 0.079 secs (0.079u,0.s)
Tactic call make_Build_T ran for 0.006 secs (0.006u,0.s)
Tactic call eta-make-let-ins ran for 0.078 secs (0.078u,0.s)
Tactic call eta-make-pf ran for 0.011 secs (0.011u,0.s)
Tactic call eta-constr-pf ran for 0.002 secs (0.002u,0.s)
Tactic call eta-cast-pf ran for 0.005 secs (0.005u,0.s)
Tactic call eta-refine ran for 0. secs (0.u,0.s) (success)
Tactic call eta-refine-and-close ran for 0. secs (0.u,0.s)
Tactic call make_T_eta ran for 0.107 secs (0.107u,0.s)
Tactic call make_f_ty ran for 0.007 secs (0.007u,0.s)
Tactic call make_T_rect ran for 0.011 secs (0.011u,0.s)
Tactic call making ran for 0.437 secs (0.437u,0.s)
Tactic call constr-final-goal make_final_goal ran for 0. secs (0.u,0.s)
Tactic call everything ran for 0.446 secs (0.446u,0.s) (success)
Params: n= 38
Tactic call make_Ts ran for 0.233 secs (0.232u,0.s)
Tactic call make_T ran for 0. secs (0.u,0.s)
Tactic call make_T_projs ran for 0.085 secs (0.085u,0.s)
Tactic call make_Build_T ran for 0.007 secs (0.007u,0.s)
Tactic call eta-make-let-ins ran for 0.078 secs (0.078u,0.s)
Tactic call eta-make-pf ran for 0.011 secs (0.011u,0.s)
Tactic call eta-constr-pf ran for 0.002 secs (0.002u,0.s)
Tactic call eta-cast-pf ran for 0.005 secs (0.005u,0.s)
Tactic call eta-refine ran for 0. secs (0.u,0.s) (success)
Tactic call eta-refine-and-close ran for 0. secs (0.u,0.s)
Tactic call make_T_eta ran for 0.114 secs (0.114u,0.s)
Tactic call make_f_ty ran for 0.007 secs (0.007u,0.s)
Tactic call make_T_rect ran for 0.011 secs (0.011u,0.s)
Tactic call making ran for 0.452 secs (0.451u,0.s)
Tactic call constr-final-goal make_final_goal ran for 0. secs (0.u,0.s)
Tactic call everything ran for 0.455 secs (0.454u,0.s) (success)
Params: n= 39
Tactic call make_Ts ran for 0.248 secs (0.248u,0.s)
Tactic call make_T ran for 0. secs (0.u,0.s)
Tactic call make_T_projs ran for 0.091 secs (0.091u,0.s)
Tactic call make_Build_T ran for 0.018 secs (0.018u,0.s)
Tactic call eta-make-let-ins ran for 0.073 secs (0.073u,0.s)
Tactic call eta-make-pf ran for 0.017 secs (0.017u,0.s)
Tactic call eta-constr-pf ran for 0.002 secs (0.002u,0.s)
Tactic call eta-cast-pf ran for 0.005 secs (0.005u,0.s)
Tactic call eta-refine ran for 0. secs (0.u,0.s) (success)
Tactic call eta-refine-and-close ran for 0.001 secs (0.001u,0.s)
Tactic call make_T_eta ran for 0.11 secs (0.11u,0.s)
Tactic call make_f_ty ran for 0.008 secs (0.008u,0.s)
Tactic call make_T_rect ran for 0.012 secs (0.012u,0.s)
Tactic call making ran for 0.482 secs (0.482u,0.s)
Tactic call constr-final-goal make_final_goal ran for 0. secs (0.u,0.s)
Tactic call everything ran for 0.485 secs (0.485u,0.s) (success)
Params: n= 40
Tactic call make_Ts ran for 0.259 secs (0.259u,0.s)
Tactic call make_T ran for 0. secs (0.u,0.s)
Tactic call make_T_projs ran for 0.105 secs (0.105u,0.s)
Tactic call make_Build_T ran for 0.007 secs (0.007u,0.s)
Tactic call eta-make-let-ins ran for 0.081 secs (0.081u,0.s)
Tactic call eta-make-pf ran for 0.012 secs (0.012u,0.s)
Tactic call eta-constr-pf ran for 0.002 secs (0.002u,0.s)
Tactic call eta-cast-pf ran for 0.019 secs (0.019u,0.s)
Tactic call eta-refine ran for 0. secs (0.u,0.s) (success)
Tactic call eta-refine-and-close ran for 0. secs (0.u,0.s)
Tactic call make_T_eta ran for 0.128 secs (0.127u,0.s)
Tactic call make_f_ty ran for 0.008 secs (0.008u,0.s)
Tactic call make_T_rect ran for 0.012 secs (0.012u,0.s)
Tactic call making ran for 0.513 secs (0.512u,0.s)
Tactic call constr-final-goal make_final_goal ran for 0. secs (0.u,0.s)
Tactic call everything ran for 0.516 secs (0.516u,0.s) (success)
Params: n= 41
Tactic call make_Ts ran for 0.292 secs (0.292u,0.s)
Tactic call make_T ran for 0. secs (0.u,0.s)
Tactic call make_T_projs ran for 0.103 secs (0.103u,0.s)
Tactic call make_Build_T ran for 0.007 secs (0.007u,0.s)
Tactic call eta-make-let-ins ran for 0.096 secs (0.096u,0.s)
Tactic call eta-make-pf ran for 0.012 secs (0.012u,0.s)
Tactic call eta-constr-pf ran for 0.002 secs (0.002u,0.s)
Tactic call eta-cast-pf ran for 0.006 secs (0.006u,0.s)
Tactic call eta-refine ran for 0. secs (0.u,0.s) (success)
Tactic call eta-refine-and-close ran for 0.001 secs (0.001u,0.s)
Tactic call make_T_eta ran for 0.136 secs (0.136u,0.s)
Tactic call make_f_ty ran for 0.008 secs (0.008u,0.s)
Tactic call make_T_rect ran for 0.012 secs (0.012u,0.s)
Tactic call making ran for 0.553 secs (0.553u,0.s)
Tactic call constr-final-goal make_final_goal ran for 0. secs (0.u,0.s)
Tactic call everything ran for 0.557 secs (0.556u,0.s) (success)
Params: n= 42
Tactic call make_Ts ran for 0.299 secs (0.298u,0.s)
Tactic call make_T ran for 0. secs (0.u,0.s)
Tactic call make_T_projs ran for 0.125 secs (0.125u,0.s)
Tactic call make_Build_T ran for 0.008 secs (0.008u,0.s)
Tactic call eta-make-let-ins ran for 0.133 secs (0.133u,0.s)
Tactic call eta-make-pf ran for 0.012 secs (0.012u,0.s)
Tactic call eta-constr-pf ran for 0.002 secs (0.002u,0.s)
Tactic call eta-cast-pf ran for 0.006 secs (0.006u,0.s)
Tactic call eta-refine ran for 0. secs (0.u,0.s) (success)
Tactic call eta-refine-and-close ran for 0.001 secs (0.001u,0.s)
Tactic call make_T_eta ran for 0.186 secs (0.186u,0.s)
Tactic call make_f_ty ran for 0.009 secs (0.009u,0.s)
Tactic call make_T_rect ran for 0.013 secs (0.013u,0.s)
Tactic call making ran for 0.633 secs (0.632u,0.s)
Tactic call constr-final-goal make_final_goal ran for 0. secs (0.u,0.s)
Tactic call everything ran for 0.637 secs (0.636u,0.s) (success)
Params: n= 43
Tactic call make_Ts ran for 0.326 secs (0.325u,0.s)
Tactic call make_T ran for 0. secs (0.u,0.s)
Tactic call make_T_projs ran for 0.129 secs (0.129u,0.s)
Tactic call make_Build_T ran for 0.007 secs (0.007u,0.s)
Tactic call eta-make-let-ins ran for 0.112 secs (0.112u,0.s)
Tactic call eta-make-pf ran for 0.013 secs (0.013u,0.s)
Tactic call eta-constr-pf ran for 0.015 secs (0.015u,0.s)
Tactic call eta-cast-pf ran for 0.007 secs (0.007u,0.s)
Tactic call eta-refine ran for 0. secs (0.u,0.s) (success)
Tactic call eta-refine-and-close ran for 0.001 secs (0.001u,0.s)
Tactic call make_T_eta ran for 0.161 secs (0.161u,0.s)
Tactic call make_f_ty ran for 0.009 secs (0.009u,0.s)
Tactic call make_T_rect ran for 0.013 secs (0.013u,0.s)
Tactic call making ran for 0.638 secs (0.638u,0.s)
Tactic call constr-final-goal make_final_goal ran for 0. secs (0.u,0.s)
Tactic call everything ran for 0.642 secs (0.641u,0.s) (success)
Params: n= 44
Tactic call make_Ts ran for 0.368 secs (0.368u,0.s)
Tactic call make_T ran for 0. secs (0.u,0.s)
Tactic call make_T_projs ran for 0.132 secs (0.132u,0.s)
Tactic call make_Build_T ran for 0.019 secs (0.019u,0.s)
Tactic call eta-make-let-ins ran for 0.113 secs (0.113u,0.s)
Tactic call eta-make-pf ran for 0.013 secs (0.013u,0.s)
Tactic call eta-constr-pf ran for 0.002 secs (0.002u,0.s)
Tactic call eta-cast-pf ran for 0.007 secs (0.007u,0.s)
Tactic call eta-refine ran for 0. secs (0.u,0.s) (success)
Tactic call eta-refine-and-close ran for 0.001 secs (0.001u,0.s)
Tactic call make_T_eta ran for 0.15 secs (0.15u,0.s)
Tactic call make_f_ty ran for 0.013 secs (0.013u,0.s)
Tactic call make_T_rect ran for 0.018 secs (0.018u,0.s)
Tactic call making ran for 0.69 secs (0.689u,0.s)
Tactic call constr-final-goal make_final_goal ran for 0. secs (0.u,0.s)
Tactic call everything ran for 0.694 secs (0.693u,0.s) (success)
Params: n= 45
Tactic call make_Ts ran for 0.366 secs (0.365u,0.s)
Tactic call make_T ran for 0. secs (0.u,0.s)
Tactic call make_T_projs ran for 0.143 secs (0.143u,0.s)
Tactic call make_Build_T ran for 0.008 secs (0.008u,0.s)
Tactic call eta-make-let-ins ran for 0.116 secs (0.116u,0.s)
Tactic call eta-make-pf ran for 0.027 secs (0.027u,0.s)
Tactic call eta-constr-pf ran for 0.002 secs (0.002u,0.s)
Tactic call eta-cast-pf ran for 0.007 secs (0.007u,0.s)
Tactic call eta-refine ran for 0. secs (0.u,0.s) (success)
Tactic call eta-refine-and-close ran for 0.001 secs (0.001u,0.s)
Tactic call make_T_eta ran for 0.169 secs (0.169u,0.s)
Tactic call make_f_ty ran for 0.009 secs (0.009u,0.s)
Tactic call make_T_rect ran for 0.014 secs (0.014u,0.s)
Tactic call making ran for 0.702 secs (0.701u,0.s)
Tactic call constr-final-goal make_final_goal ran for 0. secs (0.u,0.s)
Tactic call everything ran for 0.706 secs (0.705u,0.s) (success)
Params: n= 46
Tactic call make_Ts ran for 0.381 secs (0.381u,0.s)
Tactic call make_T ran for 0. secs (0.u,0.s)
Tactic call make_T_projs ran for 0.146 secs (0.145u,0.s)
Tactic call make_Build_T ran for 0.008 secs (0.008u,0.s)
Tactic call eta-make-let-ins ran for 0.119 secs (0.118u,0.s)
Tactic call eta-make-pf ran for 0.023 secs (0.023u,0.s)
Tactic call eta-constr-pf ran for 0.002 secs (0.002u,0.s)
Tactic call eta-cast-pf ran for 0.008 secs (0.008u,0.s)
Tactic call eta-refine ran for 0. secs (0.u,0.s) (success)
Tactic call eta-refine-and-close ran for 0.001 secs (0.001u,0.s)
Tactic call make_T_eta ran for 0.167 secs (0.167u,0.s)
Tactic call make_f_ty ran for 0.01 secs (0.01u,0.s)
Tactic call make_T_rect ran for 0.014 secs (0.014u,0.s)
Tactic call making ran for 0.719 secs (0.718u,0.s)
Tactic call constr-final-goal make_final_goal ran for 0. secs (0.u,0.s)
Tactic call everything ran for 0.723 secs (0.722u,0.s) (success)
Params: n= 47
Tactic call make_Ts ran for 0.391 secs (0.387u,0.003s)
Tactic call make_T ran for 0. secs (0.u,0.s)
Tactic call make_T_projs ran for 0.14 secs (0.14u,0.s)
Tactic call make_Build_T ran for 0.008 secs (0.008u,0.s)
Tactic call eta-make-let-ins ran for 0.137 secs (0.137u,0.s)
Tactic call eta-make-pf ran for 0.018 secs (0.018u,0.s)
Tactic call eta-constr-pf ran for 0.003 secs (0.003u,0.s)
Tactic call eta-cast-pf ran for 0.009 secs (0.009u,0.s)
Tactic call eta-refine ran for 0. secs (0.u,0.s) (success)
Tactic call eta-refine-and-close ran for 0.001 secs (0.001u,0.s)
Tactic call make_T_eta ran for 0.183 secs (0.183u,0.s)
Tactic call make_f_ty ran for 0.01 secs (0.01u,0.s)
Tactic call make_T_rect ran for 0.014 secs (0.014u,0.s)
Tactic call making ran for 0.739 secs (0.735u,0.003s)
Tactic call constr-final-goal make_final_goal ran for 0. secs (0.u,0.s)
Tactic call everything ran for 0.75 secs (0.745u,0.003s) (success)
Params: n= 48
Tactic call make_Ts ran for 0.427 secs (0.423u,0.003s)
Tactic call make_T ran for 0. secs (0.u,0.s)
Tactic call make_T_projs ran for 0.165 secs (0.164u,0.s)
Tactic call make_Build_T ran for 0.021 secs (0.017u,0.004s)
Tactic call eta-make-let-ins ran for 0.132 secs (0.131u,0.s)
Tactic call eta-make-pf ran for 0.014 secs (0.014u,0.s)
Tactic call eta-constr-pf ran for 0.003 secs (0.003u,0.s)
Tactic call eta-cast-pf ran for 0.024 secs (0.024u,0.s)
Tactic call eta-refine ran for 0. secs (0.u,0.s) (success)
Tactic call eta-refine-and-close ran for 0.001 secs (0.001u,0.s)
Tactic call make_T_eta ran for 0.189 secs (0.189u,0.s)
Tactic call make_f_ty ran for 0.01 secs (0.01u,0.s)
Tactic call make_T_rect ran for 0.015 secs (0.015u,0.s)
Tactic call making ran for 0.819 secs (0.81u,0.008s)
Tactic call constr-final-goal make_final_goal ran for 0. secs (0.u,0.s)
Tactic call everything ran for 0.823 secs (0.81u,0.011s) (success)
Params: n= 49
Tactic call make_Ts ran for 0.432 secs (0.431u,0.s)
Tactic call make_T ran for 0. secs (0.u,0.s)
Tactic call make_T_projs ran for 0.17 secs (0.166u,0.004s)
Tactic call make_Build_T ran for 0.009 secs (0.009u,0.s)
Tactic call eta-make-let-ins ran for 0.131 secs (0.131u,0.s)
Tactic call eta-make-pf ran for 0.026 secs (0.026u,0.s)
Tactic call eta-constr-pf ran for 0.003 secs (0.003u,0.s)
Tactic call eta-cast-pf ran for 0.009 secs (0.009u,0.s)
Tactic call eta-refine ran for 0. secs (0.u,0.s) (success)
Tactic call eta-refine-and-close ran for 0.001 secs (0.001u,0.s)
Tactic call make_T_eta ran for 0.186 secs (0.186u,0.s)
Tactic call make_f_ty ran for 0.016 secs (0.016u,0.s)
Tactic call make_T_rect ran for 0.02 secs (0.02u,0.s)
Tactic call making ran for 0.82 secs (0.815u,0.004s)
Tactic call constr-final-goal make_final_goal ran for 0. secs (0.u,0.s)
Tactic call everything ran for 0.824 secs (0.819u,0.004s) (success)
Params: n= 50
Tactic call make_Ts ran for 0.458 secs (0.458u,0.s)
Tactic call make_T ran for 0. secs (0.u,0.s)
Tactic call make_T_projs ran for 0.172 secs (0.168u,0.003s)
Tactic call make_Build_T ran for 0.009 secs (0.009u,0.s)
Tactic call eta-make-let-ins ran for 0.141 secs (0.141u,0.s)
Tactic call eta-make-pf ran for 0.02 secs (0.02u,0.s)
Tactic call eta-constr-pf ran for 0.003 secs (0.003u,0.s)
Tactic call eta-cast-pf ran for 0.01 secs (0.01u,0.s)
Tactic call eta-refine ran for 0. secs (0.u,0.s) (success)
Tactic call eta-refine-and-close ran for 0.001 secs (0.001u,0.s)
Tactic call make_T_eta ran for 0.192 secs (0.192u,0.s)
Tactic call make_f_ty ran for 0.011 secs (0.011u,0.s)
Tactic call make_T_rect ran for 0.02 secs (0.02u,0.s)
Tactic call making ran for 0.854 secs (0.85u,0.003s)
Tactic call constr-final-goal make_final_goal ran for 0. secs (0.u,0.s)
Tactic call everything ran for 0.859 secs (0.854u,0.003s) (success)
Params: n= 51
Tactic call make_Ts ran for 0.479 secs (0.474u,0.003s)
Tactic call make_T ran for 0. secs (0.u,0.s)
Tactic call make_T_projs ran for 0.187 secs (0.187u,0.s)
Tactic call make_Build_T ran for 0.009 secs (0.009u,0.s)
Tactic call eta-make-let-ins ran for 0.17 secs (0.17u,0.s)
Tactic call eta-make-pf ran for 0.015 secs (0.015u,0.s)
Tactic call eta-constr-pf ran for 0.003 secs (0.003u,0.s)
Tactic call eta-cast-pf ran for 0.01 secs (0.01u,0.s)
Tactic call eta-refine ran for 0. secs (0.u,0.s) (success)
Tactic call eta-refine-and-close ran for 0.001 secs (0.001u,0.s)
Tactic call make_T_eta ran for 0.222 secs (0.221u,0.s)
Tactic call make_f_ty ran for 0.011 secs (0.011u,0.s)
Tactic call make_T_rect ran for 0.016 secs (0.016u,0.s)
Tactic call making ran for 0.916 secs (0.911u,0.003s)
Tactic call constr-final-goal make_final_goal ran for 0. secs (0.u,0.s)
Tactic call everything ran for 0.92 secs (0.915u,0.003s) (success)
Params: n= 52
Tactic call make_Ts ran for 0.509 secs (0.509u,0.s)
Tactic call make_T ran for 0. secs (0.u,0.s)
Tactic call make_T_projs ran for 0.207 secs (0.206u,0.s)
Tactic call make_Build_T ran for 0.018 secs (0.018u,0.s)
Tactic call eta-make-let-ins ran for 0.179 secs (0.179u,0.s)
Tactic call eta-make-pf ran for 0.015 secs (0.015u,0.s)
Tactic call eta-constr-pf ran for 0.015 secs (0.015u,0.s)
Tactic call eta-cast-pf ran for 0.011 secs (0.011u,0.s)
Tactic call eta-refine ran for 0. secs (0.u,0.s) (success)
Tactic call eta-refine-and-close ran for 0.001 secs (0.001u,0.s)
Tactic call make_T_eta ran for 0.255 secs (0.255u,0.s)
Tactic call make_f_ty ran for 0.011 secs (0.011u,0.s)
Tactic call make_T_rect ran for 0.017 secs (0.017u,0.s)
Tactic call making ran for 1.008 secs (1.007u,0.s)
Tactic call constr-final-goal make_final_goal ran for 0. secs (0.u,0.s)
Tactic call everything ran for 1.013 secs (1.012u,0.s) (success)
Params: n= 53
Tactic call make_Ts ran for 0.546 secs (0.546u,0.s)
Tactic call make_T ran for 0. secs (0.u,0.s)
Tactic call make_T_projs ran for 0.229 secs (0.229u,0.s)
Tactic call make_Build_T ran for 0.011 secs (0.011u,0.s)
Tactic call eta-make-let-ins ran for 0.204 secs (0.204u,0.s)
Tactic call eta-make-pf ran for 0.03 secs (0.03u,0.s)
Tactic call eta-constr-pf ran for 0.003 secs (0.003u,0.s)
Tactic call eta-cast-pf ran for 0.011 secs (0.011u,0.s)
Tactic call eta-refine ran for 0. secs (0.u,0.s) (success)
Tactic call eta-refine-and-close ran for 0.001 secs (0.001u,0.s)
Tactic call make_T_eta ran for 0.269 secs (0.269u,0.s)
Tactic call make_f_ty ran for 0.013 secs (0.012u,0.s)
Tactic call make_T_rect ran for 0.018 secs (0.018u,0.s)
Tactic call making ran for 1.076 secs (1.075u,0.s)
Tactic call constr-final-goal make_final_goal ran for 0. secs (0.u,0.s)
Tactic call everything ran for 1.081 secs (1.08u,0.s) (success)
Params: n= 54
Tactic call make_Ts ran for 0.58 secs (0.579u,0.s)
Tactic call make_T ran for 0. secs (0.u,0.s)
Tactic call make_T_projs ran for 0.239 secs (0.239u,0.s)
Tactic call make_Build_T ran for 0.011 secs (0.011u,0.s)
Tactic call eta-make-let-ins ran for 0.235 secs (0.235u,0.s)
Tactic call eta-make-pf ran for 0.016 secs (0.016u,0.s)
Tactic call eta-constr-pf ran for 0.003 secs (0.003u,0.s)
Tactic call eta-cast-pf ran for 0.012 secs (0.012u,0.s)
Tactic call eta-refine ran for 0. secs (0.u,0.s) (success)
Tactic call eta-refine-and-close ran for 0.001 secs (0.001u,0.s)
Tactic call make_T_eta ran for 0.294 secs (0.293u,0.s)
Tactic call make_f_ty ran for 0.012 secs (0.012u,0.s)
Tactic call make_T_rect ran for 0.017 secs (0.017u,0.s)
Tactic call making ran for 1.144 secs (1.143u,0.s)
Tactic call constr-final-goal make_final_goal ran for 0. secs (0.u,0.s)
Tactic call everything ran for 1.148 secs (1.147u,0.s) (success)
Params: n= 55
Tactic call make_Ts ran for 0.61 secs (0.609u,0.s)
Tactic call make_T ran for 0. secs (0.u,0.s)
Tactic call make_T_projs ran for 0.247 secs (0.247u,0.s)
Tactic call make_Build_T ran for 0.011 secs (0.011u,0.s)
Tactic call eta-make-let-ins ran for 0.241 secs (0.241u,0.s)
Tactic call eta-make-pf ran for 0.016 secs (0.016u,0.s)
Tactic call eta-constr-pf ran for 0.003 secs (0.003u,0.s)
Tactic call eta-cast-pf ran for 0.025 secs (0.025u,0.s)
Tactic call eta-refine ran for 0. secs (0.u,0.s) (success)
Tactic call eta-refine-and-close ran for 0.001 secs (0.001u,0.s)
Tactic call make_T_eta ran for 0.312 secs (0.312u,0.s)
Tactic call make_f_ty ran for 0.012 secs (0.012u,0.s)
Tactic call make_T_rect ran for 0.018 secs (0.018u,0.s)
Tactic call making ran for 1.201 secs (1.2u,0.s)
Tactic call constr-final-goal make_final_goal ran for 0. secs (0.u,0.s)
Tactic call everything ran for 1.205 secs (1.204u,0.s) (success)
Params: n= 56
Tactic call make_Ts ran for 0.651 secs (0.65u,0.s)
Tactic call make_T ran for 0. secs (0.u,0.s)
Tactic call make_T_projs ran for 0.235 secs (0.235u,0.s)
Tactic call make_Build_T ran for 0.019 secs (0.019u,0.s)
Tactic call eta-make-let-ins ran for 0.224 secs (0.224u,0.s)
Tactic call eta-make-pf ran for 0.029 secs (0.029u,0.s)
Tactic call eta-constr-pf ran for 0.003 secs (0.003u,0.s)
Tactic call eta-cast-pf ran for 0.013 secs (0.013u,0.s)
Tactic call eta-refine ran for 0. secs (0.u,0.s) (success)
Tactic call eta-refine-and-close ran for 0.001 secs (0.001u,0.s)
Tactic call make_T_eta ran for 0.294 secs (0.294u,0.s)
Tactic call make_f_ty ran for 0.012 secs (0.012u,0.s)
Tactic call make_T_rect ran for 0.017 secs (0.017u,0.s)
Tactic call making ran for 1.22 secs (1.218u,0.s)
Tactic call constr-final-goal make_final_goal ran for 0. secs (0.u,0.s)
Tactic call everything ran for 1.224 secs (1.223u,0.s) (success)
Params: n= 57
Tactic call make_Ts ran for 0.646 secs (0.646u,0.s)
Tactic call make_T ran for 0. secs (0.u,0.s)
Tactic call make_T_projs ran for 0.272 secs (0.272u,0.s)
Tactic call make_Build_T ran for 0.012 secs (0.012u,0.s)
Tactic call eta-make-let-ins ran for 0.24 secs (0.24u,0.s)
Tactic call eta-make-pf ran for 0.027 secs (0.027u,0.s)
Tactic call eta-constr-pf ran for 0.003 secs (0.003u,0.s)
Tactic call eta-cast-pf ran for 0.013 secs (0.013u,0.s)
Tactic call eta-refine ran for 0. secs (0.u,0.s) (success)
Tactic call eta-refine-and-close ran for 0.001 secs (0.001u,0.s)
Tactic call make_T_eta ran for 0.31 secs (0.309u,0.s)
Tactic call make_f_ty ran for 0.013 secs (0.013u,0.s)
Tactic call make_T_rect ran for 0.018 secs (0.018u,0.s)
Tactic call making ran for 1.261 secs (1.259u,0.s)
Tactic call constr-final-goal make_final_goal ran for 0. secs (0.u,0.s)
Tactic call everything ran for 1.265 secs (1.264u,0.s) (success)
Params: n= 58
Tactic call make_Ts ran for 0.677 secs (0.676u,0.s)
Tactic call make_T ran for 0. secs (0.u,0.s)
Tactic call make_T_projs ran for 0.271 secs (0.271u,0.s)
Tactic call make_Build_T ran for 0.012 secs (0.012u,0.s)
Tactic call eta-make-let-ins ran for 0.257 secs (0.257u,0.s)
Tactic call eta-make-pf ran for 0.017 secs (0.017u,0.s)
Tactic call eta-constr-pf ran for 0.003 secs (0.003u,0.s)
Tactic call eta-cast-pf ran for 0.019 secs (0.019u,0.s)
Tactic call eta-refine ran for 0. secs (0.u,0.s) (success)
Tactic call eta-refine-and-close ran for 0.001 secs (0.001u,0.s)
Tactic call make_T_eta ran for 0.318 secs (0.318u,0.s)
Tactic call make_f_ty ran for 0.013 secs (0.013u,0.s)
Tactic call make_T_rect ran for 0.019 secs (0.019u,0.s)
Tactic call making ran for 1.299 secs (1.298u,0.s)
Tactic call constr-final-goal make_final_goal ran for 0. secs (0.u,0.s)
Tactic call everything ran for 1.304 secs (1.303u,0.s) (success)
Params: n= 59
Tactic call make_Ts ran for 0.707 secs (0.707u,0.s)
Tactic call make_T ran for 0. secs (0.u,0.s)
Tactic call make_T_projs ran for 0.289 secs (0.289u,0.s)
Tactic call make_Build_T ran for 0.012 secs (0.012u,0.s)
Tactic call eta-make-let-ins ran for 0.269 secs (0.269u,0.s)
Tactic call eta-make-pf ran for 0.017 secs (0.017u,0.s)
Tactic call eta-constr-pf ran for 0.008 secs (0.008u,0.s)
Tactic call eta-cast-pf ran for 0.015 secs (0.015u,0.s)
Tactic call eta-refine ran for 0. secs (0.u,0.s) (success)
Tactic call eta-refine-and-close ran for 0.001 secs (0.001u,0.s)
Tactic call make_T_eta ran for 0.332 secs (0.331u,0.s)
Tactic call make_f_ty ran for 0.013 secs (0.013u,0.s)
Tactic call make_T_rect ran for 0.019 secs (0.019u,0.s)
Tactic call making ran for 1.363 secs (1.361u,0.s)
Tactic call constr-final-goal make_final_goal ran for 0. secs (0.u,0.s)
Tactic call everything ran for 1.367 secs (1.366u,0.s) (success)
