Params: n= 400
Tactic call build ran for 0.031 secs (0.015u,0.015s) (success)
Tactic call check ran for 4.64 secs (4.619u,0.015s) (success)
Tactic call type ran for 4.627 secs (4.619u,0.007s) (success)
Tactic call build-and-typecheck ran for 9.299 secs (9.254u,0.039s) (success)
Tactic call refine ran for 4.626 secs (4.622u,0.003s) (success)
Params: n= 500
Tactic call build ran for 0.019 secs (0.019u,0.s) (success)
Tactic call check ran for 8.571 secs (8.567u,0.003s) (success)
Tactic call type ran for 8.395 secs (8.389u,0.003s) (success)
Tactic call build-and-typecheck ran for 16.986 secs (16.975u,0.008s) (success)
Tactic call refine ran for 8.318 secs (8.318u,0.s) (success)
Params: n= 600
Tactic call build ran for 0.023 secs (0.023u,0.s) (success)
Tactic call check ran for 14.068 secs (14.063u,0.s) (success)
Tactic call type ran for 13.75 secs (13.746u,0.003s) (success)
Tactic call build-and-typecheck ran for 27.843 secs (27.834u,0.004s) (success)
Tactic call refine ran for 13.817 secs (13.817u,0.s) (success)
Params: n= 700
Tactic call build ran for 0.026 secs (0.026u,0.s) (success)
Tactic call check ran for 21.863 secs (21.863u,0.s) (success)
Tactic call type ran for 21.771 secs (21.771u,0.s) (success)
Tactic call build-and-typecheck ran for 43.662 secs (43.662u,0.s) (success)
Tactic call refine ran for 21.334 secs (21.323u,0.011s) (success)
