Params: n= 10
Tactic call build ran for 0.001 secs (0.u,0.s) (success)
Tactic call check ran for 0.001 secs (0.001u,0.s) (success)
Tactic call type ran for 0.001 secs (0.001u,0.s) (success)
Tactic call build-and-typecheck ran for 0.004 secs (0.003u,0.s) (success)
Tactic call refine ran for 0.001 secs (0.001u,0.s) (success)
Params: n= 20
Tactic call build ran for 0.002 secs (0.002u,0.s) (success)
Tactic call check ran for 0.005 secs (0.002u,0.003s) (success)
Tactic call type ran for 0.005 secs (0.001u,0.004s) (success)
Tactic call build-and-typecheck ran for 0.013 secs (0.005u,0.007s) (success)
Tactic call refine ran for 0.005 secs (0.001u,0.004s) (success)
Params: n= 30
Tactic call build ran for 0.001 secs (0.001u,0.s) (success)
Tactic call check ran for 0.007 secs (0.007u,0.s) (success)
Tactic call type ran for 0.007 secs (0.007u,0.s) (success)
Tactic call build-and-typecheck ran for 0.017 secs (0.017u,0.s) (success)
Tactic call refine ran for 0.007 secs (0.007u,0.s) (success)
Params: n= 40
Tactic call build ran for 0.001 secs (0.001u,0.s) (success)
Tactic call check ran for 0.015 secs (0.015u,0.s) (success)
Tactic call type ran for 0.015 secs (0.015u,0.s) (success)
Tactic call build-and-typecheck ran for 0.033 secs (0.033u,0.s) (success)
Tactic call refine ran for 0.015 secs (0.015u,0.s) (success)
Params: n= 50
Tactic call build ran for 0.002 secs (0.002u,0.s) (success)
Tactic call check ran for 0.027 secs (0.027u,0.s) (success)
Tactic call type ran for 0.027 secs (0.027u,0.s) (success)
Tactic call build-and-typecheck ran for 0.057 secs (0.057u,0.s) (success)
Tactic call refine ran for 0.026 secs (0.026u,0.s) (success)
Params: n= 60
Tactic call build ran for 0.002 secs (0.002u,0.s) (success)
Tactic call check ran for 0.042 secs (0.042u,0.s) (success)
Tactic call type ran for 0.044 secs (0.044u,0.s) (success)
Tactic call build-and-typecheck ran for 0.09 secs (0.09u,0.s) (success)
Tactic call refine ran for 0.041 secs (0.041u,0.s) (success)
Params: n= 70
Tactic call build ran for 0.003 secs (0.003u,0.s) (success)
Tactic call check ran for 0.064 secs (0.064u,0.s) (success)
Tactic call type ran for 0.06 secs (0.057u,0.003s) (success)
Tactic call build-and-typecheck ran for 0.128 secs (0.124u,0.003s) (success)
Tactic call refine ran for 0.064 secs (0.064u,0.s) (success)
Params: n= 80
Tactic call build ran for 0.003 secs (0.003u,0.s) (success)
Tactic call check ran for 0.084 secs (0.084u,0.s) (success)
Tactic call type ran for 0.087 secs (0.087u,0.s) (success)
Tactic call build-and-typecheck ran for 0.176 secs (0.176u,0.s) (success)
Tactic call refine ran for 0.092 secs (0.092u,0.s) (success)
Params: n= 90
Tactic call build ran for 0.004 secs (0.004u,0.s) (success)
Tactic call check ran for 0.122 secs (0.122u,0.s) (success)
Tactic call type ran for 0.12 secs (0.12u,0.s) (success)
Tactic call build-and-typecheck ran for 0.246 secs (0.246u,0.s) (success)
Tactic call refine ran for 0.121 secs (0.121u,0.s) (success)
Params: n= 100
Tactic call build ran for 0.004 secs (0.004u,0.s) (success)
Tactic call check ran for 0.152 secs (0.152u,0.s) (success)
Tactic call type ran for 0.141 secs (0.141u,0.s) (success)
Tactic call build-and-typecheck ran for 0.299 secs (0.299u,0.s) (success)
Tactic call refine ran for 0.152 secs (0.152u,0.s) (success)
Params: n= 110
Tactic call build ran for 0.008 secs (0.008u,0.s) (success)
Tactic call check ran for 0.218 secs (0.218u,0.s) (success)
Tactic call type ran for 0.222 secs (0.222u,0.s) (success)
Tactic call build-and-typecheck ran for 0.449 secs (0.449u,0.s) (success)
Tactic call refine ran for 0.207 secs (0.207u,0.s) (success)
Params: n= 120
Tactic call build ran for 0.008 secs (0.008u,0.s) (success)
Tactic call check ran for 0.434 secs (0.434u,0.s) (success)
Tactic call type ran for 0.244 secs (0.244u,0.s) (success)
Tactic call build-and-typecheck ran for 0.687 secs (0.687u,0.s) (success)
Tactic call refine ran for 0.184 secs (0.184u,0.s) (success)
Params: n= 130
Tactic call build ran for 0.008 secs (0.008u,0.s) (success)
Tactic call check ran for 0.234 secs (0.234u,0.s) (success)
Tactic call type ran for 0.346 secs (0.342u,0.003s) (success)
Tactic call build-and-typecheck ran for 0.59 secs (0.586u,0.003s) (success)
Tactic call refine ran for 0.675 secs (0.675u,0.s) (success)
Params: n= 140
Tactic call build ran for 0.006 secs (0.006u,0.s) (success)
Tactic call check ran for 0.323 secs (0.315u,0.007s) (success)
Tactic call type ran for 0.598 secs (0.598u,0.s) (success)
Tactic call build-and-typecheck ran for 0.929 secs (0.921u,0.008s) (success)
Tactic call refine ran for 0.376 secs (0.376u,0.s) (success)
Params: n= 150
Tactic call build ran for 0.006 secs (0.006u,0.s) (success)
Tactic call check ran for 0.523 secs (0.523u,0.s) (success)
Tactic call type ran for 0.508 secs (0.508u,0.s) (success)
Tactic call build-and-typecheck ran for 1.039 secs (1.039u,0.s) (success)
Tactic call refine ran for 0.544 secs (0.544u,0.s) (success)
Params: n= 160
Tactic call build ran for 0.008 secs (0.008u,0.s) (success)
Tactic call check ran for 0.466 secs (0.466u,0.s) (success)
Tactic call type ran for 0.497 secs (0.497u,0.s) (success)
Tactic call build-and-typecheck ran for 0.971 secs (0.971u,0.s) (success)
Tactic call refine ran for 0.672 secs (0.668u,0.003s) (success)
Params: n= 170
Tactic call build ran for 0.007 secs (0.007u,0.s) (success)
Tactic call check ran for 0.788 secs (0.788u,0.s) (success)
Tactic call type ran for 0.792 secs (0.792u,0.s) (success)
Tactic call build-and-typecheck ran for 1.588 secs (1.588u,0.s) (success)
Tactic call refine ran for 0.567 secs (0.567u,0.s) (success)
Params: n= 180
Tactic call build ran for 0.008 secs (0.008u,0.s) (success)
Tactic call check ran for 0.712 secs (0.708u,0.003s) (success)
Tactic call type ran for 0.642 secs (0.638u,0.004s) (success)
Tactic call build-and-typecheck ran for 1.362 secs (1.354u,0.008s) (success)
Tactic call refine ran for 0.61 secs (0.61u,0.s) (success)
Params: n= 190
Tactic call build ran for 0.008 secs (0.008u,0.s) (success)
Tactic call check ran for 0.773 secs (0.773u,0.s) (success)
Tactic call type ran for 0.76 secs (0.76u,0.s) (success)
Tactic call build-and-typecheck ran for 1.542 secs (1.542u,0.s) (success)
Tactic call refine ran for 0.763 secs (0.763u,0.s) (success)
Params: n= 200
Tactic call build ran for 0.009 secs (0.009u,0.s) (success)
Tactic call check ran for 0.854 secs (0.853u,0.s) (success)
Tactic call type ran for 1.015 secs (1.015u,0.s) (success)
Tactic call build-and-typecheck ran for 1.879 secs (1.879u,0.s) (success)
Tactic call refine ran for 0.826 secs (0.818u,0.007s) (success)
Params: n= 210
Tactic call build ran for 0.009 secs (0.009u,0.s) (success)
Tactic call check ran for 0.903 secs (0.903u,0.s) (success)
Tactic call type ran for 0.955 secs (0.955u,0.s) (success)
Tactic call build-and-typecheck ran for 1.868 secs (1.868u,0.s) (success)
Tactic call refine ran for 0.939 secs (0.939u,0.s) (success)
Params: n= 220
Tactic call build ran for 0.01 secs (0.01u,0.s) (success)
Tactic call check ran for 1.006 secs (1.006u,0.s) (success)
Tactic call type ran for 1.057 secs (1.057u,0.s) (success)
Tactic call build-and-typecheck ran for 2.074 secs (2.074u,0.s) (success)
Tactic call refine ran for 1.095 secs (1.095u,0.s) (success)
Params: n= 230
Tactic call build ran for 0.01 secs (0.01u,0.s) (success)
Tactic call check ran for 1.143 secs (1.143u,0.s) (success)
Tactic call type ran for 1.141 secs (1.141u,0.s) (success)
Tactic call build-and-typecheck ran for 2.296 secs (2.296u,0.s) (success)
Tactic call refine ran for 1.109 secs (1.105u,0.003s) (success)
Params: n= 240
Tactic call build ran for 0.011 secs (0.011u,0.s) (success)
Tactic call check ran for 1.13 secs (1.13u,0.s) (success)
Tactic call type ran for 1.117 secs (1.117u,0.s) (success)
Tactic call build-and-typecheck ran for 2.259 secs (2.259u,0.s) (success)
Tactic call refine ran for 1.235 secs (1.235u,0.s) (success)
Params: n= 250
Tactic call build ran for 0.011 secs (0.011u,0.s) (success)
Tactic call check ran for 1.379 secs (1.379u,0.s) (success)
Tactic call type ran for 1.361 secs (1.361u,0.s) (success)
Tactic call build-and-typecheck ran for 2.752 secs (2.752u,0.s) (success)
Tactic call refine ran for 1.398 secs (1.398u,0.s) (success)
Params: n= 260
Tactic call build ran for 0.012 secs (0.012u,0.s) (success)
Tactic call check ran for 1.415 secs (1.415u,0.s) (success)
Tactic call type ran for 1.591 secs (1.591u,0.s) (success)
Tactic call build-and-typecheck ran for 3.019 secs (3.019u,0.s) (success)
Tactic call refine ran for 1.673 secs (1.673u,0.s) (success)
Params: n= 270
Tactic call build ran for 0.013 secs (0.013u,0.s) (success)
Tactic call check ran for 1.672 secs (1.672u,0.s) (success)
Tactic call type ran for 1.703 secs (1.703u,0.s) (success)
Tactic call build-and-typecheck ran for 3.389 secs (3.389u,0.s) (success)
Tactic call refine ran for 1.669 secs (1.669u,0.s) (success)
Params: n= 280
Tactic call build ran for 0.012 secs (0.012u,0.s) (success)
Tactic call check ran for 1.627 secs (1.625u,0.s) (success)
Tactic call type ran for 1.694 secs (1.692u,0.s) (success)
Tactic call build-and-typecheck ran for 3.334 secs (3.33u,0.s) (success)
Tactic call refine ran for 1.609 secs (1.607u,0.s) (success)
Params: n= 290
Tactic call build ran for 0.012 secs (0.012u,0.s) (success)
Tactic call check ran for 1.754 secs (1.752u,0.s) (success)
Tactic call type ran for 1.718 secs (1.716u,0.s) (success)
Tactic call build-and-typecheck ran for 3.485 secs (3.482u,0.s) (success)
Tactic call refine ran for 1.833 secs (1.831u,0.s) (success)
Params: n= 300
Tactic call build ran for 0.013 secs (0.013u,0.s) (success)
Tactic call check ran for 2.052 secs (2.05u,0.s) (success)
Tactic call type ran for 2.092 secs (2.085u,0.s) (success)
Tactic call build-and-typecheck ran for 4.158 secs (4.149u,0.s) (success)
Tactic call refine ran for 1.951 secs (1.945u,0.s) (success)
Params: n= 310
Tactic call build ran for 0.014 secs (0.014u,0.s) (success)
Tactic call check ran for 2.349 secs (2.342u,0.s) (success)
Tactic call type ran for 2.429 secs (2.426u,0.s) (success)
Tactic call build-and-typecheck ran for 4.793 secs (4.783u,0.s) (success)
Tactic call refine ran for 2.351 secs (2.349u,0.s) (success)
Params: n= 320
Tactic call build ran for 0.015 secs (0.015u,0.s) (success)
Tactic call check ran for 2.532 secs (2.526u,0.003s) (success)
Tactic call type ran for 2.516 secs (2.514u,0.s) (success)
Tactic call build-and-typecheck ran for 5.065 secs (5.055u,0.003s) (success)
Tactic call refine ran for 2.542 secs (2.539u,0.s) (success)
Params: n= 330
Tactic call build ran for 0.014 secs (0.014u,0.s) (success)
Tactic call check ran for 2.791 secs (2.788u,0.s) (success)
Tactic call type ran for 2.758 secs (2.755u,0.s) (success)
Tactic call build-and-typecheck ran for 5.565 secs (5.559u,0.s) (success)
Tactic call refine ran for 2.845 secs (2.842u,0.s) (success)
Params: n= 340
Tactic call build ran for 0.015 secs (0.015u,0.s) (success)
Tactic call check ran for 2.808 secs (2.806u,0.s) (success)
Tactic call type ran for 2.631 secs (2.629u,0.s) (success)
Tactic call build-and-typecheck ran for 5.456 secs (5.45u,0.s) (success)
Tactic call refine ran for 2.67 secs (2.667u,0.s) (success)
