Params: n= 205 , #replace-transaction=record
Finished transaction in 0.011 secs (0.011u,0.s) (successful)
Tactic call build ran for 0. secs (0.u,0.s)
Tactic call assert ran for 0. secs (0.u,0.s) (success)
Tactic call destruct ran for 0.026 secs (0.023u,0.003s) (success)
Tactic call cbn ran for 0. secs (0.u,0.s) (success)
Params: n= 210 , #replace-transaction=record
Finished transaction in 0.011 secs (0.011u,0.s) (successful)
Tactic call build ran for 0. secs (0.u,0.s)
Tactic call assert ran for 0. secs (0.u,0.s) (success)
Tactic call destruct ran for 0.024 secs (0.024u,0.s) (success)
Tactic call cbn ran for 0. secs (0.u,0.s) (success)
Params: n= 215 , #replace-transaction=record
Finished transaction in 0.012 secs (0.012u,0.s) (successful)
Tactic call build ran for 0. secs (0.u,0.s)
Tactic call assert ran for 0. secs (0.u,0.s) (success)
Tactic call destruct ran for 0.025 secs (0.025u,0.s) (success)
Tactic call cbn ran for 0. secs (0.u,0.s) (success)
Params: n= 220 , #replace-transaction=record
Finished transaction in 0.013 secs (0.013u,0.s) (successful)
Tactic call build ran for 0. secs (0.u,0.s)
Tactic call assert ran for 0. secs (0.u,0.s) (success)
Tactic call destruct ran for 0.027 secs (0.027u,0.s) (success)
Tactic call cbn ran for 0. secs (0.u,0.s) (success)
Params: n= 225 , #replace-transaction=record
Finished transaction in 0.013 secs (0.013u,0.s) (successful)
Tactic call build ran for 0. secs (0.u,0.s)
Tactic call assert ran for 0. secs (0.u,0.s) (success)
Tactic call destruct ran for 0.028 secs (0.028u,0.s) (success)
Tactic call cbn ran for 0. secs (0.u,0.s) (success)
Params: n= 230 , #replace-transaction=record
Finished transaction in 0.013 secs (0.013u,0.s) (successful)
Tactic call build ran for 0. secs (0.u,0.s)
Tactic call assert ran for 0. secs (0.u,0.s) (success)
Tactic call destruct ran for 0.029 secs (0.029u,0.s) (success)
Tactic call cbn ran for 0. secs (0.u,0.s) (success)
Params: n= 235 , #replace-transaction=record
Finished transaction in 0.014 secs (0.014u,0.s) (successful)
Tactic call build ran for 0. secs (0.u,0.s)
Tactic call assert ran for 0. secs (0.u,0.s) (success)
Tactic call destruct ran for 0.031 secs (0.031u,0.s) (success)
Tactic call cbn ran for 0. secs (0.u,0.s) (success)
Params: n= 240 , #replace-transaction=record
Finished transaction in 0.016 secs (0.016u,0.s) (successful)
Tactic call build ran for 0. secs (0.u,0.s)
Tactic call assert ran for 0. secs (0.u,0.s) (success)
Tactic call destruct ran for 0.033 secs (0.033u,0.s) (success)
Tactic call cbn ran for 0. secs (0.u,0.s) (success)
Params: n= 245 , #replace-transaction=record
Finished transaction in 0.015 secs (0.011u,0.003s) (successful)
Tactic call build ran for 0. secs (0.u,0.s)
Tactic call assert ran for 0. secs (0.u,0.s) (success)
Tactic call destruct ran for 0.034 secs (0.034u,0.s) (success)
Tactic call cbn ran for 0. secs (0.u,0.s) (success)
Params: n= 250 , #replace-transaction=record
Finished transaction in 0.015 secs (0.015u,0.s) (successful)
Tactic call build ran for 0. secs (0.u,0.s)
Tactic call assert ran for 0. secs (0.u,0.s) (success)
Tactic call destruct ran for 0.036 secs (0.036u,0.s) (success)
Tactic call cbn ran for 0. secs (0.u,0.s) (success)
Params: n= 255 , #replace-transaction=record
Finished transaction in 0.016 secs (0.016u,0.s) (successful)
Tactic call build ran for 0. secs (0.u,0.s)
Tactic call assert ran for 0. secs (0.u,0.s) (success)
Tactic call destruct ran for 0.037 secs (0.037u,0.s) (success)
Tactic call cbn ran for 0. secs (0.u,0.s) (success)
Params: n= 260 , #replace-transaction=record
Finished transaction in 0.02 secs (0.02u,0.s) (successful)
Tactic call build ran for 0. secs (0.u,0.s)
Tactic call assert ran for 0. secs (0.u,0.s) (success)
Tactic call destruct ran for 0.055 secs (0.047u,0.007s) (success)
Tactic call cbn ran for 0. secs (0.u,0.s) (success)
Params: n= 265 , #replace-transaction=record
Finished transaction in 0.018 secs (0.018u,0.s) (successful)
Tactic call build ran for 0. secs (0.u,0.s)
Tactic call assert ran for 0. secs (0.u,0.s) (success)
Tactic call destruct ran for 0.055 secs (0.054u,0.s) (success)
Tactic call cbn ran for 0. secs (0.u,0.s) (success)
Params: n= 270 , #replace-transaction=record
Finished transaction in 0.019 secs (0.019u,0.s) (successful)
Tactic call build ran for 0. secs (0.u,0.s)
Tactic call assert ran for 0. secs (0.u,0.s) (success)
Tactic call destruct ran for 0.056 secs (0.056u,0.s) (success)
Tactic call cbn ran for 0. secs (0.u,0.s) (success)
Params: n= 275 , #replace-transaction=record
Finished transaction in 0.019 secs (0.019u,0.s) (successful)
Tactic call build ran for 0. secs (0.u,0.s)
Tactic call assert ran for 0. secs (0.u,0.s) (success)
Tactic call destruct ran for 0.059 secs (0.059u,0.s) (success)
Tactic call cbn ran for 0. secs (0.u,0.s) (success)
Params: n= 280 , #replace-transaction=record
Finished transaction in 0.022 secs (0.022u,0.s) (successful)
Tactic call build ran for 0. secs (0.u,0.s)
Tactic call assert ran for 0. secs (0.u,0.s) (success)
Tactic call destruct ran for 0.061 secs (0.061u,0.s) (success)
Tactic call cbn ran for 0. secs (0.u,0.s) (success)
Params: n= 285 , #replace-transaction=record
Finished transaction in 0.023 secs (0.023u,0.s) (successful)
Tactic call build ran for 0. secs (0.u,0.s)
Tactic call assert ran for 0. secs (0.u,0.s) (success)
Tactic call destruct ran for 0.064 secs (0.064u,0.s) (success)
Tactic call cbn ran for 0. secs (0.u,0.s) (success)
Params: n= 290 , #replace-transaction=record
Finished transaction in 0.021 secs (0.021u,0.s) (successful)
Tactic call build ran for 0. secs (0.u,0.s)
Tactic call assert ran for 0. secs (0.u,0.s) (success)
Tactic call destruct ran for 0.065 secs (0.065u,0.s) (success)
Tactic call cbn ran for 0. secs (0.u,0.s) (success)
Params: n= 295 , #replace-transaction=record
Finished transaction in 0.023 secs (0.023u,0.s) (successful)
Tactic call build ran for 0. secs (0.u,0.s)
Tactic call assert ran for 0. secs (0.u,0.s) (success)
Tactic call destruct ran for 0.068 secs (0.068u,0.s) (success)
Tactic call cbn ran for 0. secs (0.u,0.s) (success)
Params: n= 300 , #replace-transaction=record
Finished transaction in 0.024 secs (0.024u,0.s) (successful)
Tactic call build ran for 0. secs (0.u,0.s)
Tactic call assert ran for 0. secs (0.u,0.s) (success)
Tactic call destruct ran for 0.074 secs (0.074u,0.s) (success)
Tactic call cbn ran for 0. secs (0.u,0.s) (success)
Params: n= 305 , #replace-transaction=record
Finished transaction in 0.025 secs (0.025u,0.s) (successful)
Tactic call build ran for 0. secs (0.u,0.s)
Tactic call assert ran for 0. secs (0.u,0.s) (success)
Tactic call destruct ran for 0.08 secs (0.08u,0.s) (success)
Tactic call cbn ran for 0. secs (0.u,0.s) (success)
Params: n= 310 , #replace-transaction=record
Finished transaction in 0.027 secs (0.027u,0.s) (successful)
Tactic call build ran for 0. secs (0.u,0.s)
Tactic call assert ran for 0. secs (0.u,0.s) (success)
Tactic call destruct ran for 0.083 secs (0.083u,0.s) (success)
Tactic call cbn ran for 0. secs (0.u,0.s) (success)
Params: n= 315 , #replace-transaction=record
Finished transaction in 0.028 secs (0.028u,0.s) (successful)
Tactic call build ran for 0. secs (0.u,0.s)
Tactic call assert ran for 0. secs (0.u,0.s) (success)
Tactic call destruct ran for 0.084 secs (0.084u,0.s) (success)
Tactic call cbn ran for 0. secs (0.u,0.s) (success)
Params: n= 320 , #replace-transaction=record
Finished transaction in 0.03 secs (0.03u,0.s) (successful)
Tactic call build ran for 0. secs (0.u,0.s)
Tactic call assert ran for 0. secs (0.u,0.s) (success)
Tactic call destruct ran for 0.085 secs (0.081u,0.004s) (success)
Tactic call cbn ran for 0. secs (0.u,0.s) (success)
Params: n= 325 , #replace-transaction=record
Finished transaction in 0.029 secs (0.029u,0.s) (successful)
Tactic call build ran for 0. secs (0.u,0.s)
Tactic call assert ran for 0. secs (0.u,0.s) (success)
Tactic call destruct ran for 0.087 secs (0.087u,0.s) (success)
Tactic call cbn ran for 0. secs (0.u,0.s) (success)
Params: n= 330 , #replace-transaction=record
Finished transaction in 0.029 secs (0.029u,0.s) (successful)
Tactic call build ran for 0. secs (0.u,0.s)
Tactic call assert ran for 0. secs (0.u,0.s) (success)
Tactic call destruct ran for 0.089 secs (0.089u,0.s) (success)
Tactic call cbn ran for 0. secs (0.u,0.s) (success)
Params: n= 335 , #replace-transaction=record
Finished transaction in 0.03 secs (0.03u,0.s) (successful)
Tactic call build ran for 0. secs (0.u,0.s)
Tactic call assert ran for 0. secs (0.u,0.s) (success)
Tactic call destruct ran for 0.093 secs (0.093u,0.s) (success)
Tactic call cbn ran for 0. secs (0.u,0.s) (success)
Params: n= 340 , #replace-transaction=record
Finished transaction in 0.031 secs (0.031u,0.s) (successful)
Tactic call build ran for 0. secs (0.u,0.s)
Tactic call assert ran for 0. secs (0.u,0.s) (success)
Tactic call destruct ran for 0.098 secs (0.098u,0.s) (success)
Tactic call cbn ran for 0. secs (0.u,0.s) (success)
Params: n= 345 , #replace-transaction=record
Finished transaction in 0.031 secs (0.031u,0.s) (successful)
Tactic call build ran for 0. secs (0.u,0.s)
Tactic call assert ran for 0. secs (0.u,0.s) (success)
Tactic call destruct ran for 0.1 secs (0.1u,0.s) (success)
Tactic call cbn ran for 0. secs (0.u,0.s) (success)
Params: n= 350 , #replace-transaction=record
Finished transaction in 0.034 secs (0.034u,0.s) (successful)
Tactic call build ran for 0. secs (0.u,0.s)
Tactic call assert ran for 0. secs (0.u,0.s) (success)
Tactic call destruct ran for 0.101 secs (0.101u,0.s) (success)
Tactic call cbn ran for 0. secs (0.u,0.s) (success)
Params: n= 355 , #replace-transaction=record
Finished transaction in 0.033 secs (0.033u,0.s) (successful)
Tactic call build ran for 0. secs (0.u,0.s)
Tactic call assert ran for 0. secs (0.u,0.s) (success)
Tactic call destruct ran for 0.105 secs (0.105u,0.s) (success)
Tactic call cbn ran for 0. secs (0.u,0.s) (success)
Params: n= 360 , #replace-transaction=record
Finished transaction in 0.034 secs (0.034u,0.s) (successful)
Tactic call build ran for 0. secs (0.u,0.s)
Tactic call assert ran for 0. secs (0.u,0.s) (success)
Tactic call destruct ran for 0.111 secs (0.111u,0.s) (success)
Tactic call cbn ran for 0. secs (0.u,0.s) (success)
Params: n= 365 , #replace-transaction=record
Finished transaction in 0.038 secs (0.038u,0.s) (successful)
Tactic call build ran for 0. secs (0.u,0.s)
Tactic call assert ran for 0. secs (0.u,0.s) (success)
Tactic call destruct ran for 0.11 secs (0.11u,0.s) (success)
Tactic call cbn ran for 0. secs (0.u,0.s) (success)
Params: n= 370 , #replace-transaction=record
Finished transaction in 0.041 secs (0.041u,0.s) (successful)
Tactic call build ran for 0. secs (0.u,0.s)
Tactic call assert ran for 0. secs (0.u,0.s) (success)
Tactic call destruct ran for 0.115 secs (0.115u,0.s) (success)
Tactic call cbn ran for 0. secs (0.u,0.s) (success)
Params: n= 375 , #replace-transaction=record
Finished transaction in 0.038 secs (0.038u,0.s) (successful)
Tactic call build ran for 0. secs (0.u,0.s)
Tactic call assert ran for 0. secs (0.u,0.s) (success)
Tactic call destruct ran for 0.119 secs (0.119u,0.s) (success)
Tactic call cbn ran for 0. secs (0.u,0.s) (success)
Params: n= 380 , #replace-transaction=record
Finished transaction in 0.038 secs (0.038u,0.s) (successful)
Tactic call build ran for 0. secs (0.u,0.s)
Tactic call assert ran for 0. secs (0.u,0.s) (success)
Tactic call destruct ran for 0.12 secs (0.12u,0.s) (success)
Tactic call cbn ran for 0. secs (0.u,0.s) (success)
Params: n= 385 , #replace-transaction=record
Finished transaction in 0.039 secs (0.039u,0.s) (successful)
Tactic call build ran for 0. secs (0.u,0.s)
Tactic call assert ran for 0. secs (0.u,0.s) (success)
Tactic call destruct ran for 0.124 secs (0.124u,0.s) (success)
Tactic call cbn ran for 0. secs (0.u,0.s) (success)
Params: n= 390 , #replace-transaction=record
Finished transaction in 0.04 secs (0.04u,0.s) (successful)
Tactic call build ran for 0. secs (0.u,0.s)
Tactic call assert ran for 0. secs (0.u,0.s) (success)
Tactic call destruct ran for 0.124 secs (0.124u,0.s) (success)
Tactic call cbn ran for 0. secs (0.u,0.s) (success)
Params: n= 395 , #replace-transaction=record
Finished transaction in 0.043 secs (0.043u,0.s) (successful)
Tactic call build ran for 0. secs (0.u,0.s)
Tactic call assert ran for 0. secs (0.u,0.s) (success)
Tactic call destruct ran for 0.129 secs (0.129u,0.s) (success)
Tactic call cbn ran for 0. secs (0.u,0.s) (success)
Params: n= 400 , #replace-transaction=record
Finished transaction in 0.042 secs (0.042u,0.s) (successful)
Tactic call build ran for 0. secs (0.u,0.s)
Tactic call assert ran for 0. secs (0.u,0.s) (success)
Tactic call destruct ran for 0.133 secs (0.133u,0.s) (success)
Tactic call cbn ran for 0. secs (0.u,0.s) (success)
Params: n= 405 , #replace-transaction=record
Finished transaction in 0.044 secs (0.044u,0.s) (successful)
Tactic call build ran for 0. secs (0.u,0.s)
Tactic call assert ran for 0. secs (0.u,0.s) (success)
Tactic call destruct ran for 0.138 secs (0.134u,0.003s) (success)
Tactic call cbn ran for 0. secs (0.u,0.s) (success)
Params: n= 410 , #replace-transaction=record
Finished transaction in 0.048 secs (0.048u,0.s) (successful)
Tactic call build ran for 0. secs (0.u,0.s)
Tactic call assert ran for 0. secs (0.u,0.s) (success)
Tactic call destruct ran for 0.141 secs (0.141u,0.s) (success)
Tactic call cbn ran for 0. secs (0.u,0.s) (success)
Params: n= 415 , #replace-transaction=record
Finished transaction in 0.045 secs (0.045u,0.s) (successful)
Tactic call build ran for 0. secs (0.u,0.s)
Tactic call assert ran for 0. secs (0.u,0.s) (success)
Tactic call destruct ran for 0.142 secs (0.142u,0.s) (success)
Tactic call cbn ran for 0. secs (0.u,0.s) (success)
Params: n= 420 , #replace-transaction=record
Finished transaction in 0.048 secs (0.048u,0.s) (successful)
Tactic call build ran for 0. secs (0.u,0.s)
Tactic call assert ran for 0. secs (0.u,0.s) (success)
Tactic call destruct ran for 0.147 secs (0.147u,0.s) (success)
Tactic call cbn ran for 0. secs (0.u,0.s) (success)
Params: n= 425 , #replace-transaction=record
Finished transaction in 0.047 secs (0.047u,0.s) (successful)
Tactic call build ran for 0. secs (0.u,0.s)
Tactic call assert ran for 0. secs (0.u,0.s) (success)
Tactic call destruct ran for 0.15 secs (0.15u,0.s) (success)
Tactic call cbn ran for 0. secs (0.u,0.s) (success)
Params: n= 430 , #replace-transaction=record
Finished transaction in 0.057 secs (0.056u,0.s) (successful)
Tactic call build ran for 0. secs (0.u,0.s)
Tactic call assert ran for 0. secs (0.u,0.s) (success)
Tactic call destruct ran for 0.153 secs (0.153u,0.s) (success)
Tactic call cbn ran for 0. secs (0.u,0.s) (success)
Params: n= 435 , #replace-transaction=record
Finished transaction in 0.049 secs (0.049u,0.s) (successful)
Tactic call build ran for 0. secs (0.u,0.s)
Tactic call assert ran for 0. secs (0.u,0.s) (success)
Tactic call destruct ran for 0.155 secs (0.155u,0.s) (success)
Tactic call cbn ran for 0. secs (0.u,0.s) (success)
Params: n= 440 , #replace-transaction=record
Finished transaction in 0.053 secs (0.053u,0.s) (successful)
Tactic call build ran for 0. secs (0.u,0.s)
Tactic call assert ran for 0. secs (0.u,0.s) (success)
Tactic call destruct ran for 0.17 secs (0.17u,0.s) (success)
Tactic call cbn ran for 0. secs (0.u,0.s) (success)
Params: n= 445 , #replace-transaction=record
Finished transaction in 0.051 secs (0.051u,0.s) (successful)
Tactic call build ran for 0. secs (0.u,0.s)
Tactic call assert ran for 0. secs (0.u,0.s) (success)
Tactic call destruct ran for 0.166 secs (0.166u,0.s) (success)
Tactic call cbn ran for 0. secs (0.u,0.s) (success)
Params: n= 450 , #replace-transaction=record
Finished transaction in 0.053 secs (0.053u,0.s) (successful)
Tactic call build ran for 0. secs (0.u,0.s)
Tactic call assert ran for 0. secs (0.u,0.s) (success)
Tactic call destruct ran for 0.168 secs (0.168u,0.s) (success)
Tactic call cbn ran for 0. secs (0.u,0.s) (success)
Params: n= 500 , #replace-transaction=record
Finished transaction in 0.065 secs (0.065u,0.s) (successful)
Tactic call build ran for 0. secs (0.u,0.s)
Tactic call assert ran for 0. secs (0.u,0.s) (success)
Tactic call destruct ran for 0.232 secs (0.224u,0.007s) (success)
Tactic call cbn ran for 0. secs (0.u,0.s) (success)
Params: n= 600 , #replace-transaction=record
Finished transaction in 0.092 secs (0.092u,0.s) (successful)
Tactic call build ran for 0. secs (0.u,0.s)
Tactic call assert ran for 0. secs (0.u,0.s) (success)
Tactic call destruct ran for 0.304 secs (0.292u,0.011s) (success)
Tactic call cbn ran for 0. secs (0.u,0.s) (success)
Params: n= 700 , #replace-transaction=record
Finished transaction in 0.128 secs (0.128u,0.s) (successful)
Tactic call build ran for 0. secs (0.u,0.s)
Tactic call assert ran for 0. secs (0.u,0.s) (success)
Tactic call destruct ran for 0.458 secs (0.434u,0.023s) (success)
Tactic call cbn ran for 0. secs (0.u,0.s) (success)
Params: n= 800 , #replace-transaction=record
Finished transaction in 0.172 secs (0.172u,0.s) (successful)
Tactic call build ran for 0. secs (0.u,0.s)
Tactic call assert ran for 0. secs (0.u,0.s) (success)
Tactic call destruct ran for 0.534 secs (0.534u,0.s) (success)
Tactic call cbn ran for 0. secs (0.u,0.s) (success)
Params: n= 900 , #replace-transaction=record
Finished transaction in 0.218 secs (0.218u,0.s) (successful)
Tactic call build ran for 0. secs (0.u,0.s)
Tactic call assert ran for 0. secs (0.u,0.s) (success)
Tactic call destruct ran for 0.65 secs (0.65u,0.s) (success)
Tactic call cbn ran for 0. secs (0.u,0.s) (success)
Params: n= 1000 , #replace-transaction=record
Finished transaction in 0.255 secs (0.255u,0.s) (successful)
Tactic call build ran for 0. secs (0.u,0.s)
Tactic call assert ran for 0. secs (0.u,0.s) (success)
Tactic call destruct ran for 0.814 secs (0.81u,0.003s) (success)
Tactic call cbn ran for 0. secs (0.u,0.s) (success)
Params: n= 1100 , #replace-transaction=record
Finished transaction in 0.314 secs (0.314u,0.s) (successful)
Tactic call build ran for 0. secs (0.u,0.s)
Tactic call assert ran for 0. secs (0.u,0.s) (success)
Tactic call destruct ran for 0.969 secs (0.969u,0.s) (success)
Tactic call cbn ran for 0. secs (0.u,0.s) (success)
Params: n= 1200 , #replace-transaction=record
Finished transaction in 0.356 secs (0.356u,0.s) (successful)
Tactic call build ran for 0. secs (0.u,0.s)
Tactic call assert ran for 0. secs (0.u,0.s) (success)
Tactic call destruct ran for 1.119 secs (1.119u,0.s) (success)
Tactic call cbn ran for 0. secs (0.u,0.s) (success)
Params: n= 1300 , #replace-transaction=record
Finished transaction in 0.414 secs (0.414u,0.s) (successful)
Tactic call build ran for 0. secs (0.u,0.s)
Tactic call assert ran for 0. secs (0.u,0.s) (success)
Tactic call destruct ran for 1.31 secs (1.31u,0.s) (success)
Tactic call cbn ran for 0. secs (0.u,0.s) (success)
Params: n= 1400 , #replace-transaction=record
Finished transaction in 0.485 secs (0.485u,0.s) (successful)
Tactic call build ran for 0. secs (0.u,0.s)
Tactic call assert ran for 0. secs (0.u,0.s) (success)
Tactic call destruct ran for 1.513 secs (1.513u,0.s) (success)
Tactic call cbn ran for 0. secs (0.u,0.s) (success)
Params: n= 1500 , #replace-transaction=record
Finished transaction in 0.548 secs (0.548u,0.s) (successful)
Tactic call build ran for 0. secs (0.u,0.s)
Tactic call assert ran for 0. secs (0.u,0.s) (success)
Tactic call destruct ran for 1.795 secs (1.795u,0.s) (success)
Tactic call cbn ran for 0. secs (0.u,0.s) (success)
