Params: n= 4 , #replace-transaction=record
Finished transaction in 0. secs (0.u,0.s) (successful)
Tactic call build ran for 0. secs (0.u,0.s)
Tactic call assert ran for 0. secs (0.u,0.s) (success)
Tactic call destruct ran for 0. secs (0.u,0.s) (success)
Tactic call cbn ran for 0. secs (0.u,0.s) (success)
Params: n= 5 , #replace-transaction=record
Finished transaction in 0. secs (0.u,0.s) (successful)
Tactic call build ran for 0. secs (0.u,0.s)
Tactic call assert ran for 0. secs (0.u,0.s) (success)
Tactic call destruct ran for 0. secs (0.u,0.s) (success)
Tactic call cbn ran for 0. secs (0.u,0.s) (success)
Params: n= 6 , #replace-transaction=record
Finished transaction in 0. secs (0.u,0.s) (successful)
Tactic call build ran for 0. secs (0.u,0.s)
Tactic call assert ran for 0. secs (0.u,0.s) (success)
Tactic call destruct ran for 0. secs (0.u,0.s) (success)
Tactic call cbn ran for 0. secs (0.u,0.s) (success)
Params: n= 7 , #replace-transaction=record
Finished transaction in 0. secs (0.u,0.s) (successful)
Tactic call build ran for 0. secs (0.u,0.s)
Tactic call assert ran for 0. secs (0.u,0.s) (success)
Tactic call destruct ran for 0. secs (0.u,0.s) (success)
Tactic call cbn ran for 0. secs (0.u,0.s) (success)
Params: n= 8 , #replace-transaction=record
Finished transaction in 0. secs (0.u,0.s) (successful)
Tactic call build ran for 0. secs (0.u,0.s)
Tactic call assert ran for 0. secs (0.u,0.s) (success)
Tactic call destruct ran for 0. secs (0.u,0.s) (success)
Tactic call cbn ran for 0. secs (0.u,0.s) (success)
Params: n= 9 , #replace-transaction=record
Finished transaction in 0. secs (0.u,0.s) (successful)
Tactic call build ran for 0. secs (0.u,0.s)
Tactic call assert ran for 0. secs (0.u,0.s) (success)
Tactic call destruct ran for 0. secs (0.u,0.s) (success)
Tactic call cbn ran for 0. secs (0.u,0.s) (success)
Params: n= 10 , #replace-transaction=record
Finished transaction in 0. secs (0.u,0.s) (successful)
Tactic call build ran for 0. secs (0.u,0.s)
Tactic call assert ran for 0. secs (0.u,0.s) (success)
Tactic call destruct ran for 0. secs (0.u,0.s) (success)
Tactic call cbn ran for 0. secs (0.u,0.s) (success)
Params: n= 11 , #replace-transaction=record
Finished transaction in 0. secs (0.u,0.s) (successful)
Tactic call build ran for 0. secs (0.u,0.s)
Tactic call assert ran for 0. secs (0.u,0.s) (success)
Tactic call destruct ran for 0. secs (0.u,0.s) (success)
Tactic call cbn ran for 0. secs (0.u,0.s) (success)
Params: n= 12 , #replace-transaction=record
Finished transaction in 0. secs (0.u,0.s) (successful)
Tactic call build ran for 0. secs (0.u,0.s)
Tactic call assert ran for 0. secs (0.u,0.s) (success)
Tactic call destruct ran for 0. secs (0.u,0.s) (success)
Tactic call cbn ran for 0. secs (0.u,0.s) (success)
Params: n= 13 , #replace-transaction=record
Finished transaction in 0. secs (0.u,0.s) (successful)
Tactic call build ran for 0. secs (0.u,0.s)
Tactic call assert ran for 0. secs (0.u,0.s) (success)
Tactic call destruct ran for 0. secs (0.u,0.s) (success)
Tactic call cbn ran for 0. secs (0.u,0.s) (success)
Params: n= 14 , #replace-transaction=record
Finished transaction in 0. secs (0.u,0.s) (successful)
Tactic call build ran for 0. secs (0.u,0.s)
Tactic call assert ran for 0. secs (0.u,0.s) (success)
Tactic call destruct ran for 0. secs (0.u,0.s) (success)
Tactic call cbn ran for 0. secs (0.u,0.s) (success)
Params: n= 15 , #replace-transaction=record
Finished transaction in 0. secs (0.u,0.s) (successful)
Tactic call build ran for 0. secs (0.u,0.s)
Tactic call assert ran for 0. secs (0.u,0.s) (success)
Tactic call destruct ran for 0. secs (0.u,0.s) (success)
Tactic call cbn ran for 0. secs (0.u,0.s) (success)
Params: n= 16 , #replace-transaction=record
Finished transaction in 0. secs (0.u,0.s) (successful)
Tactic call build ran for 0. secs (0.u,0.s)
Tactic call assert ran for 0. secs (0.u,0.s) (success)
Tactic call destruct ran for 0. secs (0.u,0.s) (success)
Tactic call cbn ran for 0. secs (0.u,0.s) (success)
Params: n= 17 , #replace-transaction=record
Finished transaction in 0.001 secs (0.001u,0.s) (successful)
Tactic call build ran for 0. secs (0.u,0.s)
Tactic call assert ran for 0. secs (0.u,0.s) (success)
Tactic call destruct ran for 0. secs (0.u,0.s) (success)
Tactic call cbn ran for 0. secs (0.u,0.s) (success)
Params: n= 18 , #replace-transaction=record
Finished transaction in 0.001 secs (0.001u,0.s) (successful)
Tactic call build ran for 0. secs (0.u,0.s)
Tactic call assert ran for 0. secs (0.u,0.s) (success)
Tactic call destruct ran for 0. secs (0.u,0.s) (success)
Tactic call cbn ran for 0. secs (0.u,0.s) (success)
Params: n= 19 , #replace-transaction=record
Finished transaction in 0.001 secs (0.001u,0.s) (successful)
Tactic call build ran for 0. secs (0.u,0.s)
Tactic call assert ran for 0. secs (0.u,0.s) (success)
Tactic call destruct ran for 0. secs (0.u,0.s) (success)
Tactic call cbn ran for 0. secs (0.u,0.s) (success)
Params: n= 20 , #replace-transaction=record
Finished transaction in 0.001 secs (0.001u,0.s) (successful)
Tactic call build ran for 0. secs (0.u,0.s)
Tactic call assert ran for 0. secs (0.u,0.s) (success)
Tactic call destruct ran for 0. secs (0.u,0.s) (success)
Tactic call cbn ran for 0. secs (0.u,0.s) (success)
Params: n= 21 , #replace-transaction=record
Finished transaction in 0.001 secs (0.001u,0.s) (successful)
Tactic call build ran for 0. secs (0.u,0.s)
Tactic call assert ran for 0. secs (0.u,0.s) (success)
Tactic call destruct ran for 0. secs (0.u,0.s) (success)
Tactic call cbn ran for 0. secs (0.u,0.s) (success)
Params: n= 22 , #replace-transaction=record
Finished transaction in 0.001 secs (0.001u,0.s) (successful)
Tactic call build ran for 0. secs (0.u,0.s)
Tactic call assert ran for 0. secs (0.u,0.s) (success)
Tactic call destruct ran for 0. secs (0.u,0.s) (success)
Tactic call cbn ran for 0. secs (0.u,0.s) (success)
Params: n= 23 , #replace-transaction=record
Finished transaction in 0.001 secs (0.001u,0.s) (successful)
Tactic call build ran for 0. secs (0.u,0.s)
Tactic call assert ran for 0. secs (0.u,0.s) (success)
Tactic call destruct ran for 0. secs (0.u,0.s) (success)
Tactic call cbn ran for 0. secs (0.u,0.s) (success)
Params: n= 24 , #replace-transaction=record
Finished transaction in 0.001 secs (0.001u,0.s) (successful)
Tactic call build ran for 0. secs (0.u,0.s)
Tactic call assert ran for 0. secs (0.u,0.s) (success)
Tactic call destruct ran for 0. secs (0.u,0.s) (success)
Tactic call cbn ran for 0. secs (0.u,0.s) (success)
Params: n= 25 , #replace-transaction=record
Finished transaction in 0.001 secs (0.001u,0.s) (successful)
Tactic call build ran for 0. secs (0.u,0.s)
Tactic call assert ran for 0. secs (0.u,0.s) (success)
Tactic call destruct ran for 0. secs (0.u,0.s) (success)
Tactic call cbn ran for 0. secs (0.u,0.s) (success)
Params: n= 26 , #replace-transaction=record
Finished transaction in 0.001 secs (0.001u,0.s) (successful)
Tactic call build ran for 0. secs (0.u,0.s)
Tactic call assert ran for 0. secs (0.u,0.s) (success)
Tactic call destruct ran for 0. secs (0.u,0.s) (success)
Tactic call cbn ran for 0. secs (0.u,0.s) (success)
Params: n= 27 , #replace-transaction=record
Finished transaction in 0.001 secs (0.001u,0.s) (successful)
Tactic call build ran for 0. secs (0.u,0.s)
Tactic call assert ran for 0. secs (0.u,0.s) (success)
Tactic call destruct ran for 0. secs (0.u,0.s) (success)
Tactic call cbn ran for 0. secs (0.u,0.s) (success)
Params: n= 28 , #replace-transaction=record
Finished transaction in 0.001 secs (0.001u,0.s) (successful)
Tactic call build ran for 0. secs (0.u,0.s)
Tactic call assert ran for 0. secs (0.u,0.s) (success)
Tactic call destruct ran for 0. secs (0.u,0.s) (success)
Tactic call cbn ran for 0. secs (0.u,0.s) (success)
Params: n= 29 , #replace-transaction=record
Finished transaction in 0.001 secs (0.001u,0.s) (successful)
Tactic call build ran for 0. secs (0.u,0.s)
Tactic call assert ran for 0. secs (0.u,0.s) (success)
Tactic call destruct ran for 0. secs (0.u,0.s) (success)
Tactic call cbn ran for 0. secs (0.u,0.s) (success)
Params: n= 30 , #replace-transaction=record
Finished transaction in 0.001 secs (0.001u,0.s) (successful)
Tactic call build ran for 0. secs (0.u,0.s)
Tactic call assert ran for 0. secs (0.u,0.s) (success)
Tactic call destruct ran for 0. secs (0.u,0.s) (success)
Tactic call cbn ran for 0. secs (0.u,0.s) (success)
Params: n= 31 , #replace-transaction=record
Finished transaction in 0.001 secs (0.001u,0.s) (successful)
Tactic call build ran for 0. secs (0.u,0.s)
Tactic call assert ran for 0. secs (0.u,0.s) (success)
Tactic call destruct ran for 0.001 secs (0.001u,0.s) (success)
Tactic call cbn ran for 0. secs (0.u,0.s) (success)
Params: n= 32 , #replace-transaction=record
Finished transaction in 0.001 secs (0.001u,0.s) (successful)
Tactic call build ran for 0. secs (0.u,0.s)
Tactic call assert ran for 0. secs (0.u,0.s) (success)
Tactic call destruct ran for 0.001 secs (0.001u,0.s) (success)
Tactic call cbn ran for 0. secs (0.u,0.s) (success)
Params: n= 33 , #replace-transaction=record
Finished transaction in 0.001 secs (0.001u,0.s) (successful)
Tactic call build ran for 0. secs (0.u,0.s)
Tactic call assert ran for 0. secs (0.u,0.s) (success)
Tactic call destruct ran for 0.001 secs (0.001u,0.s) (success)
Tactic call cbn ran for 0. secs (0.u,0.s) (success)
Params: n= 34 , #replace-transaction=record
Finished transaction in 0.001 secs (0.001u,0.s) (successful)
Tactic call build ran for 0. secs (0.u,0.s)
Tactic call assert ran for 0. secs (0.u,0.s) (success)
Tactic call destruct ran for 0.001 secs (0.001u,0.s) (success)
Tactic call cbn ran for 0. secs (0.u,0.s) (success)
Params: n= 35 , #replace-transaction=record
Finished transaction in 0.001 secs (0.001u,0.s) (successful)
Tactic call build ran for 0. secs (0.u,0.s)
Tactic call assert ran for 0. secs (0.u,0.s) (success)
Tactic call destruct ran for 0.001 secs (0.001u,0.s) (success)
Tactic call cbn ran for 0. secs (0.u,0.s) (success)
Params: n= 36 , #replace-transaction=record
Finished transaction in 0.002 secs (0.002u,0.s) (successful)
Tactic call build ran for 0. secs (0.u,0.s)
Tactic call assert ran for 0. secs (0.u,0.s) (success)
Tactic call destruct ran for 0.001 secs (0.001u,0.s) (success)
Tactic call cbn ran for 0. secs (0.u,0.s) (success)
Params: n= 37 , #replace-transaction=record
Finished transaction in 0.001 secs (0.001u,0.s) (successful)
Tactic call build ran for 0. secs (0.u,0.s)
Tactic call assert ran for 0. secs (0.u,0.s) (success)
Tactic call destruct ran for 0.001 secs (0.001u,0.s) (success)
Tactic call cbn ran for 0. secs (0.u,0.s) (success)
Params: n= 38 , #replace-transaction=record
Finished transaction in 0.002 secs (0.002u,0.s) (successful)
Tactic call build ran for 0. secs (0.u,0.s)
Tactic call assert ran for 0. secs (0.u,0.s) (success)
Tactic call destruct ran for 0.001 secs (0.001u,0.s) (success)
Tactic call cbn ran for 0. secs (0.u,0.s) (success)
Params: n= 39 , #replace-transaction=record
Finished transaction in 0.002 secs (0.002u,0.s) (successful)
Tactic call build ran for 0. secs (0.u,0.s)
Tactic call assert ran for 0. secs (0.u,0.s) (success)
Tactic call destruct ran for 0.001 secs (0.001u,0.s) (success)
Tactic call cbn ran for 0. secs (0.u,0.s) (success)
Params: n= 40 , #replace-transaction=record
Finished transaction in 0.001 secs (0.001u,0.s) (successful)
Tactic call build ran for 0. secs (0.u,0.s)
Tactic call assert ran for 0. secs (0.u,0.s) (success)
Tactic call destruct ran for 0.001 secs (0.001u,0.s) (success)
Tactic call cbn ran for 0. secs (0.u,0.s) (success)
Params: n= 41 , #replace-transaction=record
Finished transaction in 0.001 secs (0.001u,0.s) (successful)
Tactic call build ran for 0. secs (0.u,0.s)
Tactic call assert ran for 0. secs (0.u,0.s) (success)
Tactic call destruct ran for 0.001 secs (0.001u,0.s) (success)
Tactic call cbn ran for 0. secs (0.u,0.s) (success)
Params: n= 42 , #replace-transaction=record
Finished transaction in 0.002 secs (0.002u,0.s) (successful)
Tactic call build ran for 0. secs (0.u,0.s)
Tactic call assert ran for 0. secs (0.u,0.s) (success)
Tactic call destruct ran for 0.001 secs (0.001u,0.s) (success)
Tactic call cbn ran for 0. secs (0.u,0.s) (success)
Params: n= 43 , #replace-transaction=record
Finished transaction in 0.002 secs (0.002u,0.s) (successful)
Tactic call build ran for 0. secs (0.u,0.s)
Tactic call assert ran for 0. secs (0.u,0.s) (success)
Tactic call destruct ran for 0.001 secs (0.001u,0.s) (success)
Tactic call cbn ran for 0. secs (0.u,0.s) (success)
Params: n= 44 , #replace-transaction=record
Finished transaction in 0.002 secs (0.002u,0.s) (successful)
Tactic call build ran for 0. secs (0.u,0.s)
Tactic call assert ran for 0. secs (0.u,0.s) (success)
Tactic call destruct ran for 0.001 secs (0.001u,0.s) (success)
Tactic call cbn ran for 0. secs (0.u,0.s) (success)
Params: n= 45 , #replace-transaction=record
Finished transaction in 0.002 secs (0.002u,0.s) (successful)
Tactic call build ran for 0. secs (0.u,0.s)
Tactic call assert ran for 0. secs (0.u,0.s) (success)
Tactic call destruct ran for 0.001 secs (0.001u,0.s) (success)
Tactic call cbn ran for 0. secs (0.u,0.s) (success)
Params: n= 46 , #replace-transaction=record
Finished transaction in 0.002 secs (0.002u,0.s) (successful)
Tactic call build ran for 0. secs (0.u,0.s)
Tactic call assert ran for 0. secs (0.u,0.s) (success)
Tactic call destruct ran for 0.001 secs (0.001u,0.s) (success)
Tactic call cbn ran for 0. secs (0.u,0.s) (success)
Params: n= 47 , #replace-transaction=record
Finished transaction in 0.002 secs (0.002u,0.s) (successful)
Tactic call build ran for 0. secs (0.u,0.s)
Tactic call assert ran for 0. secs (0.u,0.s) (success)
Tactic call destruct ran for 0.001 secs (0.001u,0.s) (success)
Tactic call cbn ran for 0. secs (0.u,0.s) (success)
Params: n= 48 , #replace-transaction=record
Finished transaction in 0.002 secs (0.002u,0.s) (successful)
Tactic call build ran for 0. secs (0.u,0.s)
Tactic call assert ran for 0. secs (0.u,0.s) (success)
Tactic call destruct ran for 0.001 secs (0.001u,0.s) (success)
Tactic call cbn ran for 0. secs (0.u,0.s) (success)
Params: n= 49 , #replace-transaction=record
Finished transaction in 0.002 secs (0.002u,0.s) (successful)
Tactic call build ran for 0. secs (0.u,0.s)
Tactic call assert ran for 0. secs (0.u,0.s) (success)
Tactic call destruct ran for 0.001 secs (0.001u,0.s) (success)
Tactic call cbn ran for 0. secs (0.u,0.s) (success)
Params: n= 50 , #replace-transaction=record
Finished transaction in 0.002 secs (0.002u,0.s) (successful)
Tactic call build ran for 0. secs (0.u,0.s)
Tactic call assert ran for 0. secs (0.u,0.s) (success)
Tactic call destruct ran for 0.002 secs (0.002u,0.s) (success)
Tactic call cbn ran for 0. secs (0.u,0.s) (success)
Params: n= 51 , #replace-transaction=record
Finished transaction in 0.002 secs (0.002u,0.s) (successful)
Tactic call build ran for 0. secs (0.u,0.s)
Tactic call assert ran for 0. secs (0.u,0.s) (success)
Tactic call destruct ran for 0.002 secs (0.002u,0.s) (success)
Tactic call cbn ran for 0. secs (0.u,0.s) (success)
Params: n= 52 , #replace-transaction=record
Finished transaction in 0.002 secs (0.002u,0.s) (successful)
Tactic call build ran for 0. secs (0.u,0.s)
Tactic call assert ran for 0. secs (0.u,0.s) (success)
Tactic call destruct ran for 0.002 secs (0.002u,0.s) (success)
Tactic call cbn ran for 0. secs (0.u,0.s) (success)
Params: n= 53 , #replace-transaction=record
Finished transaction in 0.002 secs (0.002u,0.s) (successful)
Tactic call build ran for 0. secs (0.u,0.s)
Tactic call assert ran for 0. secs (0.u,0.s) (success)
Tactic call destruct ran for 0.002 secs (0.002u,0.s) (success)
Tactic call cbn ran for 0. secs (0.u,0.s) (success)
Params: n= 54 , #replace-transaction=record
Finished transaction in 0.002 secs (0.002u,0.s) (successful)
Tactic call build ran for 0. secs (0.u,0.s)
Tactic call assert ran for 0. secs (0.u,0.s) (success)
Tactic call destruct ran for 0.002 secs (0.002u,0.s) (success)
Tactic call cbn ran for 0. secs (0.u,0.s) (success)
Params: n= 55 , #replace-transaction=record
Finished transaction in 0.002 secs (0.002u,0.s) (successful)
Tactic call build ran for 0. secs (0.u,0.s)
Tactic call assert ran for 0. secs (0.u,0.s) (success)
Tactic call destruct ran for 0.002 secs (0.002u,0.s) (success)
Tactic call cbn ran for 0. secs (0.u,0.s) (success)
Params: n= 56 , #replace-transaction=record
Finished transaction in 0.002 secs (0.002u,0.s) (successful)
Tactic call build ran for 0. secs (0.u,0.s)
Tactic call assert ran for 0. secs (0.u,0.s) (success)
Tactic call destruct ran for 0.002 secs (0.002u,0.s) (success)
Tactic call cbn ran for 0. secs (0.u,0.s) (success)
Params: n= 57 , #replace-transaction=record
Finished transaction in 0.002 secs (0.002u,0.s) (successful)
Tactic call build ran for 0. secs (0.u,0.s)
Tactic call assert ran for 0. secs (0.u,0.s) (success)
Tactic call destruct ran for 0.002 secs (0.002u,0.s) (success)
Tactic call cbn ran for 0. secs (0.u,0.s) (success)
Params: n= 58 , #replace-transaction=record
Finished transaction in 0.002 secs (0.002u,0.s) (successful)
Tactic call build ran for 0. secs (0.u,0.s)
Tactic call assert ran for 0. secs (0.u,0.s) (success)
Tactic call destruct ran for 0.003 secs (0.003u,0.s) (success)
Tactic call cbn ran for 0. secs (0.u,0.s) (success)
Params: n= 59 , #replace-transaction=record
Finished transaction in 0.003 secs (0.003u,0.s) (successful)
Tactic call build ran for 0. secs (0.u,0.s)
Tactic call assert ran for 0. secs (0.u,0.s) (success)
Tactic call destruct ran for 0.002 secs (0.002u,0.s) (success)
Tactic call cbn ran for 0. secs (0.u,0.s) (success)
Params: n= 60 , #replace-transaction=record
Finished transaction in 0.002 secs (0.002u,0.s) (successful)
Tactic call build ran for 0. secs (0.u,0.s)
Tactic call assert ran for 0. secs (0.u,0.s) (success)
Tactic call destruct ran for 0.002 secs (0.002u,0.s) (success)
Tactic call cbn ran for 0. secs (0.u,0.s) (success)
Params: n= 61 , #replace-transaction=record
Finished transaction in 0.003 secs (0.003u,0.s) (successful)
Tactic call build ran for 0. secs (0.u,0.s)
Tactic call assert ran for 0. secs (0.u,0.s) (success)
Tactic call destruct ran for 0.002 secs (0.002u,0.s) (success)
Tactic call cbn ran for 0. secs (0.u,0.s) (success)
Params: n= 62 , #replace-transaction=record
Finished transaction in 0.003 secs (0.003u,0.s) (successful)
Tactic call build ran for 0. secs (0.u,0.s)
Tactic call assert ran for 0. secs (0.u,0.s) (success)
Tactic call destruct ran for 0.002 secs (0.002u,0.s) (success)
Tactic call cbn ran for 0. secs (0.u,0.s) (success)
Params: n= 63 , #replace-transaction=record
Finished transaction in 0.003 secs (0.002u,0.s) (successful)
Tactic call build ran for 0. secs (0.u,0.s)
Tactic call assert ran for 0. secs (0.u,0.s) (success)
Tactic call destruct ran for 0.002 secs (0.002u,0.s) (success)
Tactic call cbn ran for 0. secs (0.u,0.s) (success)
Params: n= 64 , #replace-transaction=record
Finished transaction in 0.003 secs (0.003u,0.s) (successful)
Tactic call build ran for 0. secs (0.u,0.s)
Tactic call assert ran for 0. secs (0.u,0.s) (success)
Tactic call destruct ran for 0.003 secs (0.003u,0.s) (success)
Tactic call cbn ran for 0. secs (0.u,0.s) (success)
Params: n= 65 , #replace-transaction=record
Finished transaction in 0.003 secs (0.003u,0.s) (successful)
Tactic call build ran for 0. secs (0.u,0.s)
Tactic call assert ran for 0. secs (0.u,0.s) (success)
Tactic call destruct ran for 0.003 secs (0.003u,0.s) (success)
Tactic call cbn ran for 0. secs (0.u,0.s) (success)
Params: n= 66 , #replace-transaction=record
Finished transaction in 0.003 secs (0.003u,0.s) (successful)
Tactic call build ran for 0. secs (0.u,0.s)
Tactic call assert ran for 0. secs (0.u,0.s) (success)
Tactic call destruct ran for 0.003 secs (0.003u,0.s) (success)
Tactic call cbn ran for 0. secs (0.u,0.s) (success)
Params: n= 67 , #replace-transaction=record
Finished transaction in 0.003 secs (0.003u,0.s) (successful)
Tactic call build ran for 0. secs (0.u,0.s)
Tactic call assert ran for 0. secs (0.u,0.s) (success)
Tactic call destruct ran for 0.003 secs (0.003u,0.s) (success)
Tactic call cbn ran for 0. secs (0.u,0.s) (success)
Params: n= 68 , #replace-transaction=record
Finished transaction in 0.003 secs (0.003u,0.s) (successful)
Tactic call build ran for 0. secs (0.u,0.s)
Tactic call assert ran for 0. secs (0.u,0.s) (success)
Tactic call destruct ran for 0.003 secs (0.003u,0.s) (success)
Tactic call cbn ran for 0. secs (0.u,0.s) (success)
Params: n= 69 , #replace-transaction=record
Finished transaction in 0.003 secs (0.003u,0.s) (successful)
Tactic call build ran for 0. secs (0.u,0.s)
Tactic call assert ran for 0. secs (0.u,0.s) (success)
Tactic call destruct ran for 0.003 secs (0.003u,0.s) (success)
Tactic call cbn ran for 0. secs (0.u,0.s) (success)
Params: n= 70 , #replace-transaction=record
Finished transaction in 0.003 secs (0.003u,0.s) (successful)
Tactic call build ran for 0. secs (0.u,0.s)
Tactic call assert ran for 0. secs (0.u,0.s) (success)
Tactic call destruct ran for 0.003 secs (0.003u,0.s) (success)
Tactic call cbn ran for 0. secs (0.u,0.s) (success)
Params: n= 71 , #replace-transaction=record
Finished transaction in 0.003 secs (0.003u,0.s) (successful)
Tactic call build ran for 0. secs (0.u,0.s)
Tactic call assert ran for 0. secs (0.u,0.s) (success)
Tactic call destruct ran for 0.003 secs (0.003u,0.s) (success)
Tactic call cbn ran for 0. secs (0.u,0.s) (success)
Params: n= 72 , #replace-transaction=record
Finished transaction in 0.004 secs (0.004u,0.s) (successful)
Tactic call build ran for 0. secs (0.u,0.s)
Tactic call assert ran for 0. secs (0.u,0.s) (success)
Tactic call destruct ran for 0.003 secs (0.003u,0.s) (success)
Tactic call cbn ran for 0. secs (0.u,0.s) (success)
Params: n= 73 , #replace-transaction=record
Finished transaction in 0.004 secs (0.004u,0.s) (successful)
Tactic call build ran for 0. secs (0.u,0.s)
Tactic call assert ran for 0. secs (0.u,0.s) (success)
Tactic call destruct ran for 0.003 secs (0.u,0.003s) (success)
Tactic call cbn ran for 0. secs (0.u,0.s) (success)
Params: n= 74 , #replace-transaction=record
Finished transaction in 0.003 secs (0.003u,0.s) (successful)
Tactic call build ran for 0. secs (0.u,0.s)
Tactic call assert ran for 0. secs (0.u,0.s) (success)
Tactic call destruct ran for 0.003 secs (0.003u,0.s) (success)
Tactic call cbn ran for 0. secs (0.u,0.s) (success)
Params: n= 75 , #replace-transaction=record
Finished transaction in 0.003 secs (0.003u,0.s) (successful)
Tactic call build ran for 0. secs (0.u,0.s)
Tactic call assert ran for 0. secs (0.u,0.s) (success)
Tactic call destruct ran for 0.003 secs (0.003u,0.s) (success)
Tactic call cbn ran for 0. secs (0.u,0.s) (success)
Params: n= 76 , #replace-transaction=record
Finished transaction in 0.003 secs (0.003u,0.s) (successful)
Tactic call build ran for 0. secs (0.u,0.s)
Tactic call assert ran for 0. secs (0.u,0.s) (success)
Tactic call destruct ran for 0.004 secs (0.004u,0.s) (success)
Tactic call cbn ran for 0. secs (0.u,0.s) (success)
Params: n= 77 , #replace-transaction=record
Finished transaction in 0.003 secs (0.003u,0.s) (successful)
Tactic call build ran for 0. secs (0.u,0.s)
Tactic call assert ran for 0. secs (0.u,0.s) (success)
Tactic call destruct ran for 0.004 secs (0.004u,0.s) (success)
Tactic call cbn ran for 0. secs (0.u,0.s) (success)
Params: n= 78 , #replace-transaction=record
Finished transaction in 0.003 secs (0.003u,0.s) (successful)
Tactic call build ran for 0. secs (0.u,0.s)
Tactic call assert ran for 0. secs (0.u,0.s) (success)
Tactic call destruct ran for 0.004 secs (0.004u,0.s) (success)
Tactic call cbn ran for 0. secs (0.u,0.s) (success)
Params: n= 79 , #replace-transaction=record
Finished transaction in 0.003 secs (0.003u,0.s) (successful)
Tactic call build ran for 0. secs (0.u,0.s)
Tactic call assert ran for 0. secs (0.u,0.s) (success)
Tactic call destruct ran for 0.004 secs (0.004u,0.s) (success)
Tactic call cbn ran for 0. secs (0.u,0.s) (success)
Params: n= 80 , #replace-transaction=record
Finished transaction in 0.003 secs (0.003u,0.s) (successful)
Tactic call build ran for 0. secs (0.u,0.s)
Tactic call assert ran for 0. secs (0.u,0.s) (success)
Tactic call destruct ran for 0.004 secs (0.004u,0.s) (success)
Tactic call cbn ran for 0. secs (0.u,0.s) (success)
Params: n= 81 , #replace-transaction=record
Finished transaction in 0.004 secs (0.004u,0.s) (successful)
Tactic call build ran for 0. secs (0.u,0.s)
Tactic call assert ran for 0. secs (0.u,0.s) (success)
Tactic call destruct ran for 0.004 secs (0.004u,0.s) (success)
Tactic call cbn ran for 0. secs (0.u,0.s) (success)
Params: n= 82 , #replace-transaction=record
Finished transaction in 0.004 secs (0.004u,0.s) (successful)
Tactic call build ran for 0. secs (0.u,0.s)
Tactic call assert ran for 0. secs (0.u,0.s) (success)
Tactic call destruct ran for 0.004 secs (0.004u,0.s) (success)
Tactic call cbn ran for 0. secs (0.u,0.s) (success)
Params: n= 83 , #replace-transaction=record
Finished transaction in 0.004 secs (0.004u,0.s) (successful)
Tactic call build ran for 0. secs (0.u,0.s)
Tactic call assert ran for 0. secs (0.u,0.s) (success)
Tactic call destruct ran for 0.004 secs (0.004u,0.s) (success)
Tactic call cbn ran for 0. secs (0.u,0.s) (success)
Params: n= 84 , #replace-transaction=record
Finished transaction in 0.004 secs (0.004u,0.s) (successful)
Tactic call build ran for 0. secs (0.u,0.s)
Tactic call assert ran for 0. secs (0.u,0.s) (success)
Tactic call destruct ran for 0.004 secs (0.004u,0.s) (success)
Tactic call cbn ran for 0. secs (0.u,0.s) (success)
Params: n= 85 , #replace-transaction=record
Finished transaction in 0.004 secs (0.004u,0.s) (successful)
Tactic call build ran for 0. secs (0.u,0.s)
Tactic call assert ran for 0. secs (0.u,0.s) (success)
Tactic call destruct ran for 0.004 secs (0.004u,0.s) (success)
Tactic call cbn ran for 0. secs (0.u,0.s) (success)
Params: n= 86 , #replace-transaction=record
Finished transaction in 0.004 secs (0.004u,0.s) (successful)
Tactic call build ran for 0. secs (0.u,0.s)
Tactic call assert ran for 0. secs (0.u,0.s) (success)
Tactic call destruct ran for 0.005 secs (0.005u,0.s) (success)
Tactic call cbn ran for 0. secs (0.u,0.s) (success)
Params: n= 87 , #replace-transaction=record
Finished transaction in 0.004 secs (0.004u,0.s) (successful)
Tactic call build ran for 0. secs (0.u,0.s)
Tactic call assert ran for 0. secs (0.u,0.s) (success)
Tactic call destruct ran for 0.005 secs (0.005u,0.s) (success)
Tactic call cbn ran for 0. secs (0.u,0.s) (success)
Params: n= 88 , #replace-transaction=record
Finished transaction in 0.005 secs (0.005u,0.s) (successful)
Tactic call build ran for 0. secs (0.u,0.s)
Tactic call assert ran for 0. secs (0.u,0.s) (success)
Tactic call destruct ran for 0.005 secs (0.005u,0.s) (success)
Tactic call cbn ran for 0. secs (0.u,0.s) (success)
Params: n= 89 , #replace-transaction=record
Finished transaction in 0.004 secs (0.004u,0.s) (successful)
Tactic call build ran for 0. secs (0.u,0.s)
Tactic call assert ran for 0. secs (0.u,0.s) (success)
Tactic call destruct ran for 0.005 secs (0.005u,0.s) (success)
Tactic call cbn ran for 0. secs (0.u,0.s) (success)
Params: n= 90 , #replace-transaction=record
Finished transaction in 0.006 secs (0.006u,0.s) (successful)
Tactic call build ran for 0. secs (0.u,0.s)
Tactic call assert ran for 0. secs (0.u,0.s) (success)
Tactic call destruct ran for 0.005 secs (0.005u,0.s) (success)
Tactic call cbn ran for 0. secs (0.u,0.s) (success)
Params: n= 91 , #replace-transaction=record
Finished transaction in 0.004 secs (0.004u,0.s) (successful)
Tactic call build ran for 0. secs (0.u,0.s)
Tactic call assert ran for 0. secs (0.u,0.s) (success)
Tactic call destruct ran for 0.005 secs (0.005u,0.s) (success)
Tactic call cbn ran for 0. secs (0.u,0.s) (success)
Params: n= 92 , #replace-transaction=record
Finished transaction in 0.004 secs (0.004u,0.s) (successful)
Tactic call build ran for 0. secs (0.u,0.s)
Tactic call assert ran for 0. secs (0.u,0.s) (success)
Tactic call destruct ran for 0.005 secs (0.005u,0.s) (success)
Tactic call cbn ran for 0. secs (0.u,0.s) (success)
Params: n= 93 , #replace-transaction=record
Finished transaction in 0.004 secs (0.004u,0.s) (successful)
Tactic call build ran for 0. secs (0.u,0.s)
Tactic call assert ran for 0. secs (0.u,0.s) (success)
Tactic call destruct ran for 0.005 secs (0.005u,0.s) (success)
Tactic call cbn ran for 0. secs (0.u,0.s) (success)
Params: n= 94 , #replace-transaction=record
Finished transaction in 0.004 secs (0.004u,0.s) (successful)
Tactic call build ran for 0. secs (0.u,0.s)
Tactic call assert ran for 0. secs (0.u,0.s) (success)
Tactic call destruct ran for 0.005 secs (0.005u,0.s) (success)
Tactic call cbn ran for 0. secs (0.u,0.s) (success)
Params: n= 95 , #replace-transaction=record
Finished transaction in 0.004 secs (0.004u,0.s) (successful)
Tactic call build ran for 0. secs (0.u,0.s)
Tactic call assert ran for 0. secs (0.u,0.s) (success)
Tactic call destruct ran for 0.006 secs (0.006u,0.s) (success)
Tactic call cbn ran for 0. secs (0.u,0.s) (success)
Params: n= 96 , #replace-transaction=record
Finished transaction in 0.004 secs (0.004u,0.s) (successful)
Tactic call build ran for 0. secs (0.u,0.s)
Tactic call assert ran for 0. secs (0.u,0.s) (success)
Tactic call destruct ran for 0.006 secs (0.006u,0.s) (success)
Tactic call cbn ran for 0. secs (0.u,0.s) (success)
Params: n= 97 , #replace-transaction=record
Finished transaction in 0.004 secs (0.004u,0.s) (successful)
Tactic call build ran for 0. secs (0.u,0.s)
Tactic call assert ran for 0. secs (0.u,0.s) (success)
Tactic call destruct ran for 0.006 secs (0.006u,0.s) (success)
Tactic call cbn ran for 0. secs (0.u,0.s) (success)
Params: n= 98 , #replace-transaction=record
Finished transaction in 0.004 secs (0.004u,0.s) (successful)
Tactic call build ran for 0. secs (0.u,0.s)
Tactic call assert ran for 0. secs (0.u,0.s) (success)
Tactic call destruct ran for 0.006 secs (0.006u,0.s) (success)
Tactic call cbn ran for 0. secs (0.u,0.s) (success)
Params: n= 99 , #replace-transaction=record
Finished transaction in 0.004 secs (0.004u,0.s) (successful)
Tactic call build ran for 0. secs (0.u,0.s)
Tactic call assert ran for 0. secs (0.u,0.s) (success)
Tactic call destruct ran for 0.006 secs (0.006u,0.s) (success)
Tactic call cbn ran for 0. secs (0.u,0.s) (success)
Params: n= 100 , #replace-transaction=record
Finished transaction in 0.005 secs (0.005u,0.s) (successful)
Tactic call build ran for 0. secs (0.u,0.s)
Tactic call assert ran for 0. secs (0.u,0.s) (success)
Tactic call destruct ran for 0.006 secs (0.006u,0.s) (success)
Tactic call cbn ran for 0. secs (0.u,0.s) (success)
Params: n= 101 , #replace-transaction=record
Finished transaction in 0.005 secs (0.005u,0.s) (successful)
Tactic call build ran for 0. secs (0.u,0.s)
Tactic call assert ran for 0. secs (0.u,0.s) (success)
Tactic call destruct ran for 0.006 secs (0.006u,0.s) (success)
Tactic call cbn ran for 0. secs (0.u,0.s) (success)
Params: n= 102 , #replace-transaction=record
Finished transaction in 0.005 secs (0.005u,0.s) (successful)
Tactic call build ran for 0. secs (0.u,0.s)
Tactic call assert ran for 0. secs (0.u,0.s) (success)
Tactic call destruct ran for 0.006 secs (0.006u,0.s) (success)
Tactic call cbn ran for 0. secs (0.u,0.s) (success)
Params: n= 103 , #replace-transaction=record
Finished transaction in 0.005 secs (0.005u,0.s) (successful)
Tactic call build ran for 0. secs (0.u,0.s)
Tactic call assert ran for 0. secs (0.u,0.s) (success)
Tactic call destruct ran for 0.007 secs (0.007u,0.s) (success)
Tactic call cbn ran for 0. secs (0.u,0.s) (success)
Params: n= 104 , #replace-transaction=record
Finished transaction in 0.005 secs (0.005u,0.s) (successful)
Tactic call build ran for 0. secs (0.u,0.s)
Tactic call assert ran for 0. secs (0.u,0.s) (success)
Tactic call destruct ran for 0.007 secs (0.007u,0.s) (success)
Tactic call cbn ran for 0. secs (0.u,0.s) (success)
Params: n= 105 , #replace-transaction=record
Finished transaction in 0.005 secs (0.005u,0.s) (successful)
Tactic call build ran for 0. secs (0.u,0.s)
Tactic call assert ran for 0. secs (0.u,0.s) (success)
Tactic call destruct ran for 0.007 secs (0.007u,0.s) (success)
Tactic call cbn ran for 0. secs (0.u,0.s) (success)
Params: n= 106 , #replace-transaction=record
Finished transaction in 0.005 secs (0.005u,0.s) (successful)
Tactic call build ran for 0. secs (0.u,0.s)
Tactic call assert ran for 0. secs (0.u,0.s) (success)
Tactic call destruct ran for 0.007 secs (0.007u,0.s) (success)
Tactic call cbn ran for 0. secs (0.u,0.s) (success)
Params: n= 107 , #replace-transaction=record
Finished transaction in 0.006 secs (0.006u,0.s) (successful)
Tactic call build ran for 0. secs (0.u,0.s)
Tactic call assert ran for 0. secs (0.u,0.s) (success)
Tactic call destruct ran for 0.007 secs (0.007u,0.s) (success)
Tactic call cbn ran for 0. secs (0.u,0.s) (success)
Params: n= 108 , #replace-transaction=record
Finished transaction in 0.005 secs (0.005u,0.s) (successful)
Tactic call build ran for 0. secs (0.u,0.s)
Tactic call assert ran for 0. secs (0.u,0.s) (success)
Tactic call destruct ran for 0.007 secs (0.007u,0.s) (success)
Tactic call cbn ran for 0. secs (0.u,0.s) (success)
Params: n= 109 , #replace-transaction=record
Finished transaction in 0.005 secs (0.005u,0.s) (successful)
Tactic call build ran for 0. secs (0.u,0.s)
Tactic call assert ran for 0. secs (0.u,0.s) (success)
Tactic call destruct ran for 0.007 secs (0.007u,0.s) (success)
Tactic call cbn ran for 0. secs (0.u,0.s) (success)
Params: n= 110 , #replace-transaction=record
Finished transaction in 0.005 secs (0.005u,0.s) (successful)
Tactic call build ran for 0. secs (0.u,0.s)
Tactic call assert ran for 0. secs (0.u,0.s) (success)
Tactic call destruct ran for 0.007 secs (0.007u,0.s) (success)
Tactic call cbn ran for 0. secs (0.u,0.s) (success)
Params: n= 111 , #replace-transaction=record
Finished transaction in 0.009 secs (0.009u,0.s) (successful)
Tactic call build ran for 0. secs (0.u,0.s)
Tactic call assert ran for 0. secs (0.u,0.s) (success)
Tactic call destruct ran for 0.008 secs (0.008u,0.s) (success)
Tactic call cbn ran for 0. secs (0.u,0.s) (success)
Params: n= 112 , #replace-transaction=record
Finished transaction in 0.005 secs (0.005u,0.s) (successful)
Tactic call build ran for 0. secs (0.u,0.s)
Tactic call assert ran for 0. secs (0.u,0.s) (success)
Tactic call destruct ran for 0.008 secs (0.008u,0.s) (success)
Tactic call cbn ran for 0. secs (0.u,0.s) (success)
Params: n= 113 , #replace-transaction=record
Finished transaction in 0.005 secs (0.005u,0.s) (successful)
Tactic call build ran for 0. secs (0.u,0.s)
Tactic call assert ran for 0. secs (0.u,0.s) (success)
Tactic call destruct ran for 0.008 secs (0.008u,0.s) (success)
Tactic call cbn ran for 0. secs (0.u,0.s) (success)
Params: n= 114 , #replace-transaction=record
Finished transaction in 0.005 secs (0.005u,0.s) (successful)
Tactic call build ran for 0. secs (0.u,0.s)
Tactic call assert ran for 0. secs (0.u,0.s) (success)
Tactic call destruct ran for 0.008 secs (0.008u,0.s) (success)
Tactic call cbn ran for 0. secs (0.u,0.s) (success)
Params: n= 115 , #replace-transaction=record
Finished transaction in 0.005 secs (0.005u,0.s) (successful)
Tactic call build ran for 0. secs (0.u,0.s)
Tactic call assert ran for 0. secs (0.u,0.s) (success)
Tactic call destruct ran for 0.008 secs (0.008u,0.s) (success)
Tactic call cbn ran for 0. secs (0.u,0.s) (success)
Params: n= 116 , #replace-transaction=record
Finished transaction in 0.005 secs (0.005u,0.s) (successful)
Tactic call build ran for 0. secs (0.u,0.s)
Tactic call assert ran for 0. secs (0.u,0.s) (success)
Tactic call destruct ran for 0.008 secs (0.008u,0.s) (success)
Tactic call cbn ran for 0. secs (0.u,0.s) (success)
Params: n= 117 , #replace-transaction=record
Finished transaction in 0.006 secs (0.006u,0.s) (successful)
Tactic call build ran for 0. secs (0.u,0.s)
Tactic call assert ran for 0. secs (0.u,0.s) (success)
Tactic call destruct ran for 0.009 secs (0.009u,0.s) (success)
Tactic call cbn ran for 0. secs (0.u,0.s) (success)
Params: n= 118 , #replace-transaction=record
Finished transaction in 0.006 secs (0.006u,0.s) (successful)
Tactic call build ran for 0. secs (0.u,0.s)
Tactic call assert ran for 0. secs (0.u,0.s) (success)
Tactic call destruct ran for 0.009 secs (0.009u,0.s) (success)
Tactic call cbn ran for 0. secs (0.u,0.s) (success)
Params: n= 119 , #replace-transaction=record
Finished transaction in 0.006 secs (0.006u,0.s) (successful)
Tactic call build ran for 0. secs (0.u,0.s)
Tactic call assert ran for 0. secs (0.u,0.s) (success)
Tactic call destruct ran for 0.009 secs (0.009u,0.s) (success)
Tactic call cbn ran for 0. secs (0.u,0.s) (success)
Params: n= 120 , #replace-transaction=record
Finished transaction in 0.006 secs (0.006u,0.s) (successful)
Tactic call build ran for 0. secs (0.u,0.s)
Tactic call assert ran for 0. secs (0.u,0.s) (success)
Tactic call destruct ran for 0.009 secs (0.009u,0.s) (success)
Tactic call cbn ran for 0. secs (0.u,0.s) (success)
Params: n= 121 , #replace-transaction=record
Finished transaction in 0.006 secs (0.006u,0.s) (successful)
Tactic call build ran for 0. secs (0.u,0.s)
Tactic call assert ran for 0. secs (0.u,0.s) (success)
Tactic call destruct ran for 0.009 secs (0.009u,0.s) (success)
Tactic call cbn ran for 0. secs (0.u,0.s) (success)
Params: n= 122 , #replace-transaction=record
Finished transaction in 0.006 secs (0.006u,0.s) (successful)
Tactic call build ran for 0. secs (0.u,0.s)
Tactic call assert ran for 0. secs (0.u,0.s) (success)
Tactic call destruct ran for 0.009 secs (0.009u,0.s) (success)
Tactic call cbn ran for 0. secs (0.u,0.s) (success)
Params: n= 123 , #replace-transaction=record
Finished transaction in 0.006 secs (0.006u,0.s) (successful)
Tactic call build ran for 0. secs (0.u,0.s)
Tactic call assert ran for 0. secs (0.u,0.s) (success)
Tactic call destruct ran for 0.009 secs (0.009u,0.s) (success)
Tactic call cbn ran for 0. secs (0.u,0.s) (success)
Params: n= 124 , #replace-transaction=record
Finished transaction in 0.006 secs (0.006u,0.s) (successful)
Tactic call build ran for 0. secs (0.u,0.s)
Tactic call assert ran for 0. secs (0.u,0.s) (success)
Tactic call destruct ran for 0.01 secs (0.01u,0.s) (success)
Tactic call cbn ran for 0. secs (0.u,0.s) (success)
Params: n= 125 , #replace-transaction=record
Finished transaction in 0.006 secs (0.006u,0.s) (successful)
Tactic call build ran for 0. secs (0.u,0.s)
Tactic call assert ran for 0. secs (0.u,0.s) (success)
Tactic call destruct ran for 0.01 secs (0.01u,0.s) (success)
Tactic call cbn ran for 0. secs (0.u,0.s) (success)
Params: n= 126 , #replace-transaction=record
Finished transaction in 0.007 secs (0.007u,0.s) (successful)
Tactic call build ran for 0. secs (0.u,0.s)
Tactic call assert ran for 0. secs (0.u,0.s) (success)
Tactic call destruct ran for 0.01 secs (0.01u,0.s) (success)
Tactic call cbn ran for 0. secs (0.u,0.s) (success)
Params: n= 127 , #replace-transaction=record
Finished transaction in 0.006 secs (0.006u,0.s) (successful)
Tactic call build ran for 0. secs (0.u,0.s)
Tactic call assert ran for 0. secs (0.u,0.s) (success)
Tactic call destruct ran for 0.01 secs (0.01u,0.s) (success)
Tactic call cbn ran for 0. secs (0.u,0.s) (success)
Params: n= 128 , #replace-transaction=record
Finished transaction in 0.006 secs (0.006u,0.s) (successful)
Tactic call build ran for 0. secs (0.u,0.s)
Tactic call assert ran for 0. secs (0.u,0.s) (success)
Tactic call destruct ran for 0.01 secs (0.01u,0.s) (success)
Tactic call cbn ran for 0. secs (0.u,0.s) (success)
Params: n= 129 , #replace-transaction=record
Finished transaction in 0.007 secs (0.007u,0.s) (successful)
Tactic call build ran for 0. secs (0.u,0.s)
Tactic call assert ran for 0. secs (0.u,0.s) (success)
Tactic call destruct ran for 0.01 secs (0.01u,0.s) (success)
Tactic call cbn ran for 0. secs (0.u,0.s) (success)
Params: n= 130 , #replace-transaction=record
Finished transaction in 0.007 secs (0.007u,0.s) (successful)
Tactic call build ran for 0. secs (0.u,0.s)
Tactic call assert ran for 0. secs (0.u,0.s) (success)
Tactic call destruct ran for 0.011 secs (0.011u,0.s) (success)
Tactic call cbn ran for 0. secs (0.u,0.s) (success)
Params: n= 131 , #replace-transaction=record
Finished transaction in 0.009 secs (0.009u,0.s) (successful)
Tactic call build ran for 0. secs (0.u,0.s)
Tactic call assert ran for 0. secs (0.u,0.s) (success)
Tactic call destruct ran for 0.011 secs (0.011u,0.s) (success)
Tactic call cbn ran for 0. secs (0.u,0.s) (success)
Params: n= 132 , #replace-transaction=record
Finished transaction in 0.007 secs (0.007u,0.s) (successful)
Tactic call build ran for 0. secs (0.u,0.s)
Tactic call assert ran for 0. secs (0.u,0.s) (success)
Tactic call destruct ran for 0.011 secs (0.011u,0.s) (success)
Tactic call cbn ran for 0. secs (0.u,0.s) (success)
Params: n= 133 , #replace-transaction=record
Finished transaction in 0.007 secs (0.007u,0.s) (successful)
Tactic call build ran for 0. secs (0.u,0.s)
Tactic call assert ran for 0. secs (0.u,0.s) (success)
Tactic call destruct ran for 0.011 secs (0.011u,0.s) (success)
Tactic call cbn ran for 0. secs (0.u,0.s) (success)
Params: n= 134 , #replace-transaction=record
Finished transaction in 0.007 secs (0.007u,0.s) (successful)
Tactic call build ran for 0. secs (0.u,0.s)
Tactic call assert ran for 0. secs (0.u,0.s) (success)
Tactic call destruct ran for 0.011 secs (0.011u,0.s) (success)
Tactic call cbn ran for 0. secs (0.u,0.s) (success)
Params: n= 135 , #replace-transaction=record
Finished transaction in 0.007 secs (0.007u,0.s) (successful)
Tactic call build ran for 0. secs (0.u,0.s)
Tactic call assert ran for 0. secs (0.u,0.s) (success)
Tactic call destruct ran for 0.011 secs (0.011u,0.s) (success)
Tactic call cbn ran for 0. secs (0.u,0.s) (success)
Params: n= 136 , #replace-transaction=record
Finished transaction in 0.007 secs (0.007u,0.s) (successful)
Tactic call build ran for 0. secs (0.u,0.s)
Tactic call assert ran for 0. secs (0.u,0.s) (success)
Tactic call destruct ran for 0.011 secs (0.011u,0.s) (success)
Tactic call cbn ran for 0. secs (0.u,0.s) (success)
Params: n= 137 , #replace-transaction=record
Finished transaction in 0.007 secs (0.007u,0.s) (successful)
Tactic call build ran for 0. secs (0.u,0.s)
Tactic call assert ran for 0. secs (0.u,0.s) (success)
Tactic call destruct ran for 0.012 secs (0.012u,0.s) (success)
Tactic call cbn ran for 0. secs (0.u,0.s) (success)
Params: n= 138 , #replace-transaction=record
Finished transaction in 0.013 secs (0.013u,0.s) (successful)
Tactic call build ran for 0. secs (0.u,0.s)
Tactic call assert ran for 0. secs (0.u,0.s) (success)
Tactic call destruct ran for 0.011 secs (0.011u,0.s) (success)
Tactic call cbn ran for 0. secs (0.u,0.s) (success)
Params: n= 139 , #replace-transaction=record
Finished transaction in 0.007 secs (0.007u,0.s) (successful)
Tactic call build ran for 0. secs (0.u,0.s)
Tactic call assert ran for 0. secs (0.u,0.s) (success)
Tactic call destruct ran for 0.012 secs (0.012u,0.s) (success)
Tactic call cbn ran for 0. secs (0.u,0.s) (success)
Params: n= 140 , #replace-transaction=record
Finished transaction in 0.007 secs (0.007u,0.s) (successful)
Tactic call build ran for 0. secs (0.u,0.s)
Tactic call assert ran for 0. secs (0.u,0.s) (success)
Tactic call destruct ran for 0.012 secs (0.012u,0.s) (success)
Tactic call cbn ran for 0. secs (0.u,0.s) (success)
Params: n= 141 , #replace-transaction=record
Finished transaction in 0.007 secs (0.007u,0.s) (successful)
Tactic call build ran for 0. secs (0.u,0.s)
Tactic call assert ran for 0. secs (0.u,0.s) (success)
Tactic call destruct ran for 0.012 secs (0.012u,0.s) (success)
Tactic call cbn ran for 0. secs (0.u,0.s) (success)
Params: n= 142 , #replace-transaction=record
Finished transaction in 0.008 secs (0.007u,0.s) (successful)
Tactic call build ran for 0. secs (0.u,0.s)
Tactic call assert ran for 0. secs (0.u,0.s) (success)
Tactic call destruct ran for 0.012 secs (0.012u,0.s) (success)
Tactic call cbn ran for 0. secs (0.u,0.s) (success)
Params: n= 143 , #replace-transaction=record
Finished transaction in 0.007 secs (0.007u,0.s) (successful)
Tactic call build ran for 0. secs (0.u,0.s)
Tactic call assert ran for 0. secs (0.u,0.s) (success)
Tactic call destruct ran for 0.012 secs (0.012u,0.s) (success)
Tactic call cbn ran for 0. secs (0.u,0.s) (success)
Params: n= 144 , #replace-transaction=record
Finished transaction in 0.007 secs (0.007u,0.s) (successful)
Tactic call build ran for 0. secs (0.u,0.s)
Tactic call assert ran for 0. secs (0.u,0.s) (success)
Tactic call destruct ran for 0.013 secs (0.013u,0.s) (success)
Tactic call cbn ran for 0. secs (0.u,0.s) (success)
Params: n= 145 , #replace-transaction=record
Finished transaction in 0.008 secs (0.008u,0.s) (successful)
Tactic call build ran for 0. secs (0.u,0.s)
Tactic call assert ran for 0. secs (0.u,0.s) (success)
Tactic call destruct ran for 0.013 secs (0.013u,0.s) (success)
Tactic call cbn ran for 0. secs (0.u,0.s) (success)
Params: n= 146 , #replace-transaction=record
Finished transaction in 0.008 secs (0.008u,0.s) (successful)
Tactic call build ran for 0. secs (0.u,0.s)
Tactic call assert ran for 0. secs (0.u,0.s) (success)
Tactic call destruct ran for 0.013 secs (0.013u,0.s) (success)
Tactic call cbn ran for 0. secs (0.u,0.s) (success)
Params: n= 147 , #replace-transaction=record
Finished transaction in 0.008 secs (0.008u,0.s) (successful)
Tactic call build ran for 0. secs (0.u,0.s)
Tactic call assert ran for 0. secs (0.u,0.s) (success)
Tactic call destruct ran for 0.013 secs (0.013u,0.s) (success)
Tactic call cbn ran for 0. secs (0.u,0.s) (success)
Params: n= 148 , #replace-transaction=record
Finished transaction in 0.008 secs (0.008u,0.s) (successful)
Tactic call build ran for 0. secs (0.u,0.s)
Tactic call assert ran for 0. secs (0.u,0.s) (success)
Tactic call destruct ran for 0.013 secs (0.013u,0.s) (success)
Tactic call cbn ran for 0. secs (0.u,0.s) (success)
Params: n= 149 , #replace-transaction=record
Finished transaction in 0.008 secs (0.008u,0.s) (successful)
Tactic call build ran for 0. secs (0.u,0.s)
Tactic call assert ran for 0. secs (0.u,0.s) (success)
Tactic call destruct ran for 0.013 secs (0.013u,0.s) (success)
Tactic call cbn ran for 0. secs (0.u,0.s) (success)
Params: n= 150 , #replace-transaction=record
Finished transaction in 0.008 secs (0.008u,0.s) (successful)
Tactic call build ran for 0. secs (0.u,0.s)
Tactic call assert ran for 0. secs (0.u,0.s) (success)
Tactic call destruct ran for 0.013 secs (0.013u,0.s) (success)
Tactic call cbn ran for 0. secs (0.u,0.s) (success)
Params: n= 151 , #replace-transaction=record
Finished transaction in 0.008 secs (0.008u,0.s) (successful)
Tactic call build ran for 0. secs (0.u,0.s)
Tactic call assert ran for 0. secs (0.u,0.s) (success)
Tactic call destruct ran for 0.014 secs (0.014u,0.s) (success)
Tactic call cbn ran for 0. secs (0.u,0.s) (success)
Params: n= 152 , #replace-transaction=record
Finished transaction in 0.008 secs (0.008u,0.s) (successful)
Tactic call build ran for 0. secs (0.u,0.s)
Tactic call assert ran for 0. secs (0.u,0.s) (success)
Tactic call destruct ran for 0.014 secs (0.01u,0.003s) (success)
Tactic call cbn ran for 0. secs (0.u,0.s) (success)
Params: n= 153 , #replace-transaction=record
Finished transaction in 0.008 secs (0.008u,0.s) (successful)
Tactic call build ran for 0. secs (0.u,0.s)
Tactic call assert ran for 0. secs (0.u,0.s) (success)
Tactic call destruct ran for 0.014 secs (0.014u,0.s) (success)
Tactic call cbn ran for 0. secs (0.u,0.s) (success)
Params: n= 154 , #replace-transaction=record
Finished transaction in 0.008 secs (0.008u,0.s) (successful)
Tactic call build ran for 0. secs (0.u,0.s)
Tactic call assert ran for 0. secs (0.u,0.s) (success)
Tactic call destruct ran for 0.014 secs (0.014u,0.s) (success)
Tactic call cbn ran for 0. secs (0.u,0.s) (success)
Params: n= 155 , #replace-transaction=record
Finished transaction in 0.008 secs (0.008u,0.s) (successful)
Tactic call build ran for 0. secs (0.u,0.s)
Tactic call assert ran for 0. secs (0.u,0.s) (success)
Tactic call destruct ran for 0.015 secs (0.015u,0.s) (success)
Tactic call cbn ran for 0. secs (0.u,0.s) (success)
Params: n= 156 , #replace-transaction=record
Finished transaction in 0.008 secs (0.008u,0.s) (successful)
Tactic call build ran for 0. secs (0.u,0.s)
Tactic call assert ran for 0. secs (0.u,0.s) (success)
Tactic call destruct ran for 0.015 secs (0.015u,0.s) (success)
Tactic call cbn ran for 0. secs (0.u,0.s) (success)
Params: n= 157 , #replace-transaction=record
Finished transaction in 0.009 secs (0.009u,0.s) (successful)
Tactic call build ran for 0. secs (0.u,0.s)
Tactic call assert ran for 0. secs (0.u,0.s) (success)
Tactic call destruct ran for 0.015 secs (0.015u,0.s) (success)
Tactic call cbn ran for 0. secs (0.u,0.s) (success)
Params: n= 158 , #replace-transaction=record
Finished transaction in 0.009 secs (0.009u,0.s) (successful)
Tactic call build ran for 0. secs (0.u,0.s)
Tactic call assert ran for 0. secs (0.u,0.s) (success)
Tactic call destruct ran for 0.015 secs (0.015u,0.s) (success)
Tactic call cbn ran for 0. secs (0.u,0.s) (success)
Params: n= 159 , #replace-transaction=record
Finished transaction in 0.008 secs (0.008u,0.s) (successful)
Tactic call build ran for 0. secs (0.u,0.s)
Tactic call assert ran for 0. secs (0.u,0.s) (success)
Tactic call destruct ran for 0.015 secs (0.015u,0.s) (success)
Tactic call cbn ran for 0. secs (0.u,0.s) (success)
Params: n= 160 , #replace-transaction=record
Finished transaction in 0.013 secs (0.013u,0.s) (successful)
Tactic call build ran for 0. secs (0.u,0.s)
Tactic call assert ran for 0. secs (0.u,0.s) (success)
Tactic call destruct ran for 0.015 secs (0.015u,0.s) (success)
Tactic call cbn ran for 0. secs (0.u,0.s) (success)
Params: n= 161 , #replace-transaction=record
Finished transaction in 0.009 secs (0.009u,0.s) (successful)
Tactic call build ran for 0. secs (0.u,0.s)
Tactic call assert ran for 0. secs (0.u,0.s) (success)
Tactic call destruct ran for 0.016 secs (0.016u,0.s) (success)
Tactic call cbn ran for 0. secs (0.u,0.s) (success)
Params: n= 162 , #replace-transaction=record
Finished transaction in 0.009 secs (0.009u,0.s) (successful)
Tactic call build ran for 0. secs (0.u,0.s)
Tactic call assert ran for 0. secs (0.u,0.s) (success)
Tactic call destruct ran for 0.016 secs (0.016u,0.s) (success)
Tactic call cbn ran for 0. secs (0.u,0.s) (success)
Params: n= 163 , #replace-transaction=record
Finished transaction in 0.009 secs (0.009u,0.s) (successful)
Tactic call build ran for 0. secs (0.u,0.s)
Tactic call assert ran for 0. secs (0.u,0.s) (success)
Tactic call destruct ran for 0.016 secs (0.016u,0.s) (success)
Tactic call cbn ran for 0. secs (0.u,0.s) (success)
Params: n= 164 , #replace-transaction=record
Finished transaction in 0.009 secs (0.009u,0.s) (successful)
Tactic call build ran for 0. secs (0.u,0.s)
Tactic call assert ran for 0. secs (0.u,0.s) (success)
Tactic call destruct ran for 0.017 secs (0.017u,0.s) (success)
Tactic call cbn ran for 0. secs (0.u,0.s) (success)
Params: n= 165 , #replace-transaction=record
Finished transaction in 0.009 secs (0.009u,0.s) (successful)
Tactic call build ran for 0. secs (0.u,0.s)
Tactic call assert ran for 0. secs (0.u,0.s) (success)
Tactic call destruct ran for 0.017 secs (0.017u,0.s) (success)
Tactic call cbn ran for 0. secs (0.u,0.s) (success)
Params: n= 166 , #replace-transaction=record
Finished transaction in 0.009 secs (0.009u,0.s) (successful)
Tactic call build ran for 0. secs (0.u,0.s)
Tactic call assert ran for 0. secs (0.u,0.s) (success)
Tactic call destruct ran for 0.017 secs (0.017u,0.s) (success)
Tactic call cbn ran for 0. secs (0.u,0.s) (success)
Params: n= 167 , #replace-transaction=record
Finished transaction in 0.009 secs (0.009u,0.s) (successful)
Tactic call build ran for 0. secs (0.u,0.s)
Tactic call assert ran for 0. secs (0.u,0.s) (success)
Tactic call destruct ran for 0.017 secs (0.017u,0.s) (success)
Tactic call cbn ran for 0. secs (0.u,0.s) (success)
Params: n= 168 , #replace-transaction=record
Finished transaction in 0.009 secs (0.009u,0.s) (successful)
Tactic call build ran for 0. secs (0.u,0.s)
Tactic call assert ran for 0. secs (0.u,0.s) (success)
Tactic call destruct ran for 0.018 secs (0.017u,0.s) (success)
Tactic call cbn ran for 0. secs (0.u,0.s) (success)
Params: n= 169 , #replace-transaction=record
Finished transaction in 0.01 secs (0.01u,0.s) (successful)
Tactic call build ran for 0. secs (0.u,0.s)
Tactic call assert ran for 0. secs (0.u,0.s) (success)
Tactic call destruct ran for 0.026 secs (0.022u,0.003s) (success)
Tactic call cbn ran for 0. secs (0.u,0.s) (success)
Params: n= 170 , #replace-transaction=record
Finished transaction in 0.009 secs (0.009u,0.s) (successful)
Tactic call build ran for 0. secs (0.u,0.s)
Tactic call assert ran for 0. secs (0.u,0.s) (success)
Tactic call destruct ran for 0.018 secs (0.018u,0.s) (success)
Tactic call cbn ran for 0. secs (0.u,0.s) (success)
Params: n= 171 , #replace-transaction=record
Finished transaction in 0.01 secs (0.01u,0.s) (successful)
Tactic call build ran for 0. secs (0.u,0.s)
Tactic call assert ran for 0. secs (0.u,0.s) (success)
Tactic call destruct ran for 0.018 secs (0.018u,0.s) (success)
Tactic call cbn ran for 0. secs (0.u,0.s) (success)
Params: n= 172 , #replace-transaction=record
Finished transaction in 0.01 secs (0.01u,0.s) (successful)
Tactic call build ran for 0. secs (0.u,0.s)
Tactic call assert ran for 0. secs (0.u,0.s) (success)
Tactic call destruct ran for 0.018 secs (0.018u,0.s) (success)
Tactic call cbn ran for 0. secs (0.u,0.s) (success)
Params: n= 173 , #replace-transaction=record
Finished transaction in 0.01 secs (0.01u,0.s) (successful)
Tactic call build ran for 0. secs (0.u,0.s)
Tactic call assert ran for 0. secs (0.u,0.s) (success)
Tactic call destruct ran for 0.018 secs (0.018u,0.s) (success)
Tactic call cbn ran for 0. secs (0.u,0.s) (success)
Params: n= 174 , #replace-transaction=record
Finished transaction in 0.01 secs (0.01u,0.s) (successful)
Tactic call build ran for 0. secs (0.u,0.s)
Tactic call assert ran for 0. secs (0.u,0.s) (success)
Tactic call destruct ran for 0.019 secs (0.019u,0.s) (success)
Tactic call cbn ran for 0. secs (0.u,0.s) (success)
Params: n= 175 , #replace-transaction=record
Finished transaction in 0.01 secs (0.01u,0.s) (successful)
Tactic call build ran for 0. secs (0.u,0.s)
Tactic call assert ran for 0. secs (0.u,0.s) (success)
Tactic call destruct ran for 0.019 secs (0.019u,0.s) (success)
Tactic call cbn ran for 0. secs (0.u,0.s) (success)
Params: n= 176 , #replace-transaction=record
Finished transaction in 0.01 secs (0.01u,0.s) (successful)
Tactic call build ran for 0. secs (0.u,0.s)
Tactic call assert ran for 0. secs (0.u,0.s) (success)
Tactic call destruct ran for 0.019 secs (0.019u,0.s) (success)
Tactic call cbn ran for 0. secs (0.u,0.s) (success)
Params: n= 177 , #replace-transaction=record
Finished transaction in 0.01 secs (0.01u,0.s) (successful)
Tactic call build ran for 0. secs (0.u,0.s)
Tactic call assert ran for 0. secs (0.u,0.s) (success)
Tactic call destruct ran for 0.019 secs (0.019u,0.s) (success)
Tactic call cbn ran for 0. secs (0.u,0.s) (success)
Params: n= 178 , #replace-transaction=record
Finished transaction in 0.01 secs (0.01u,0.s) (successful)
Tactic call build ran for 0. secs (0.u,0.s)
Tactic call assert ran for 0. secs (0.u,0.s) (success)
Tactic call destruct ran for 0.019 secs (0.019u,0.s) (success)
Tactic call cbn ran for 0. secs (0.u,0.s) (success)
Params: n= 179 , #replace-transaction=record
Finished transaction in 0.01 secs (0.01u,0.s) (successful)
Tactic call build ran for 0. secs (0.u,0.s)
Tactic call assert ran for 0. secs (0.u,0.s) (success)
Tactic call destruct ran for 0.02 secs (0.02u,0.s) (success)
Tactic call cbn ran for 0. secs (0.u,0.s) (success)
Params: n= 180 , #replace-transaction=record
Finished transaction in 0.011 secs (0.011u,0.s) (successful)
Tactic call build ran for 0. secs (0.u,0.s)
Tactic call assert ran for 0. secs (0.u,0.s) (success)
Tactic call destruct ran for 0.02 secs (0.02u,0.s) (success)
Tactic call cbn ran for 0. secs (0.u,0.s) (success)
Params: n= 181 , #replace-transaction=record
Finished transaction in 0.01 secs (0.01u,0.s) (successful)
Tactic call build ran for 0. secs (0.u,0.s)
Tactic call assert ran for 0. secs (0.u,0.s) (success)
Tactic call destruct ran for 0.02 secs (0.02u,0.s) (success)
Tactic call cbn ran for 0. secs (0.u,0.s) (success)
Params: n= 182 , #replace-transaction=record
Finished transaction in 0.011 secs (0.011u,0.s) (successful)
Tactic call build ran for 0. secs (0.u,0.s)
Tactic call assert ran for 0. secs (0.u,0.s) (success)
Tactic call destruct ran for 0.02 secs (0.02u,0.s) (success)
Tactic call cbn ran for 0. secs (0.u,0.s) (success)
Params: n= 183 , #replace-transaction=record
Finished transaction in 0.011 secs (0.011u,0.s) (successful)
Tactic call build ran for 0. secs (0.u,0.s)
Tactic call assert ran for 0. secs (0.u,0.s) (success)
Tactic call destruct ran for 0.02 secs (0.02u,0.s) (success)
Tactic call cbn ran for 0. secs (0.u,0.s) (success)
Params: n= 184 , #replace-transaction=record
Finished transaction in 0.011 secs (0.011u,0.s) (successful)
Tactic call build ran for 0. secs (0.u,0.s)
Tactic call assert ran for 0. secs (0.u,0.s) (success)
Tactic call destruct ran for 0.021 secs (0.021u,0.s) (success)
Tactic call cbn ran for 0. secs (0.u,0.s) (success)
Params: n= 185 , #replace-transaction=record
Finished transaction in 0.011 secs (0.011u,0.s) (successful)
Tactic call build ran for 0. secs (0.u,0.s)
Tactic call assert ran for 0. secs (0.u,0.s) (success)
Tactic call destruct ran for 0.021 secs (0.021u,0.s) (success)
Tactic call cbn ran for 0. secs (0.u,0.s) (success)
Params: n= 186 , #replace-transaction=record
Finished transaction in 0.011 secs (0.011u,0.s) (successful)
Tactic call build ran for 0. secs (0.u,0.s)
Tactic call assert ran for 0. secs (0.u,0.s) (success)
Tactic call destruct ran for 0.021 secs (0.021u,0.s) (success)
Tactic call cbn ran for 0. secs (0.u,0.s) (success)
Params: n= 187 , #replace-transaction=record
Finished transaction in 0.011 secs (0.011u,0.s) (successful)
Tactic call build ran for 0. secs (0.u,0.s)
Tactic call assert ran for 0. secs (0.u,0.s) (success)
Tactic call destruct ran for 0.021 secs (0.021u,0.s) (success)
Tactic call cbn ran for 0. secs (0.u,0.s) (success)
Params: n= 188 , #replace-transaction=record
Finished transaction in 0.011 secs (0.011u,0.s) (successful)
Tactic call build ran for 0. secs (0.u,0.s)
Tactic call assert ran for 0. secs (0.u,0.s) (success)
Tactic call destruct ran for 0.022 secs (0.022u,0.s) (success)
Tactic call cbn ran for 0. secs (0.u,0.s) (success)
Params: n= 189 , #replace-transaction=record
Finished transaction in 0.011 secs (0.011u,0.s) (successful)
Tactic call build ran for 0. secs (0.u,0.s)
Tactic call assert ran for 0. secs (0.u,0.s) (success)
Tactic call destruct ran for 0.022 secs (0.022u,0.s) (success)
Tactic call cbn ran for 0. secs (0.u,0.s) (success)
Params: n= 190 , #replace-transaction=record
Finished transaction in 0.011 secs (0.011u,0.s) (successful)
Tactic call build ran for 0. secs (0.u,0.s)
Tactic call assert ran for 0. secs (0.u,0.s) (success)
Tactic call destruct ran for 0.022 secs (0.022u,0.s) (success)
Tactic call cbn ran for 0. secs (0.u,0.s) (success)
Params: n= 191 , #replace-transaction=record
Finished transaction in 0.012 secs (0.012u,0.s) (successful)
Tactic call build ran for 0. secs (0.u,0.s)
Tactic call assert ran for 0. secs (0.u,0.s) (success)
Tactic call destruct ran for 0.022 secs (0.022u,0.s) (success)
Tactic call cbn ran for 0. secs (0.u,0.s) (success)
Params: n= 192 , #replace-transaction=record
Finished transaction in 0.012 secs (0.012u,0.s) (successful)
Tactic call build ran for 0. secs (0.u,0.s)
Tactic call assert ran for 0. secs (0.u,0.s) (success)
Tactic call destruct ran for 0.023 secs (0.023u,0.s) (success)
Tactic call cbn ran for 0. secs (0.u,0.s) (success)
Params: n= 193 , #replace-transaction=record
Finished transaction in 0.012 secs (0.012u,0.s) (successful)
Tactic call build ran for 0. secs (0.u,0.s)
Tactic call assert ran for 0. secs (0.u,0.s) (success)
Tactic call destruct ran for 0.023 secs (0.019u,0.003s) (success)
Tactic call cbn ran for 0. secs (0.u,0.s) (success)
Params: n= 194 , #replace-transaction=record
Finished transaction in 0.012 secs (0.012u,0.s) (successful)
Tactic call build ran for 0. secs (0.u,0.s)
Tactic call assert ran for 0. secs (0.u,0.s) (success)
Tactic call destruct ran for 0.023 secs (0.023u,0.s) (success)
Tactic call cbn ran for 0. secs (0.u,0.s) (success)
Params: n= 195 , #replace-transaction=record
Finished transaction in 0.012 secs (0.012u,0.s) (successful)
Tactic call build ran for 0. secs (0.u,0.s)
Tactic call assert ran for 0. secs (0.u,0.s) (success)
Tactic call destruct ran for 0.024 secs (0.023u,0.s) (success)
Tactic call cbn ran for 0. secs (0.u,0.s) (success)
Params: n= 196 , #replace-transaction=record
Finished transaction in 0.012 secs (0.012u,0.s) (successful)
Tactic call build ran for 0. secs (0.u,0.s)
Tactic call assert ran for 0. secs (0.u,0.s) (success)
Tactic call destruct ran for 0.024 secs (0.024u,0.s) (success)
Tactic call cbn ran for 0. secs (0.u,0.s) (success)
Params: n= 197 , #replace-transaction=record
Finished transaction in 0.012 secs (0.012u,0.s) (successful)
Tactic call build ran for 0. secs (0.u,0.s)
Tactic call assert ran for 0. secs (0.u,0.s) (success)
Tactic call destruct ran for 0.024 secs (0.024u,0.s) (success)
Tactic call cbn ran for 0. secs (0.u,0.s) (success)
Params: n= 198 , #replace-transaction=record
Finished transaction in 0.02 secs (0.02u,0.s) (successful)
Tactic call build ran for 0. secs (0.u,0.s)
Tactic call assert ran for 0. secs (0.u,0.s) (success)
Tactic call destruct ran for 0.024 secs (0.024u,0.s) (success)
Tactic call cbn ran for 0. secs (0.u,0.s) (success)
Params: n= 199 , #replace-transaction=record
Finished transaction in 0.012 secs (0.012u,0.s) (successful)
Tactic call build ran for 0. secs (0.u,0.s)
Tactic call assert ran for 0. secs (0.u,0.s) (success)
Tactic call destruct ran for 0.024 secs (0.024u,0.s) (success)
Tactic call cbn ran for 0. secs (0.u,0.s) (success)
Params: n= 200 , #replace-transaction=record
Finished transaction in 0.013 secs (0.013u,0.s) (successful)
Tactic call build ran for 0. secs (0.u,0.s)
Tactic call assert ran for 0. secs (0.u,0.s) (success)
Tactic call destruct ran for 0.025 secs (0.024u,0.s) (success)
Tactic call cbn ran for 0. secs (0.u,0.s) (success)
