Params: n= 60
Tactic call make_Ts ran for 0.22 secs (0.209u,0.011s)
Tactic call make_T ran for 0.006 secs (0.006u,0.s)
Tactic call make_T_projs ran for 0.056 secs (0.056u,0.s)
Tactic call make_Build_T ran for 0.011 secs (0.011u,0.s)
Tactic call make_T_eta ran for 0.005 secs (0.005u,0.s)
Tactic call make_f_ty ran for 0.025 secs (0.025u,0.s)
Tactic call make_T_rect ran for 0.03 secs (0.03u,0.s)
Tactic call making ran for 0.331 secs (0.319u,0.011s)
Tactic call constr-final-goal make_final_goal ran for 0. secs (0.u,0.s)
Tactic call everything ran for 0.336 secs (0.324u,0.011s) (success)
Params: n= 61
Tactic call make_Ts ran for 0.179 secs (0.179u,0.s)
Tactic call make_T ran for 0. secs (0.u,0.s)
Tactic call make_T_projs ran for 0.067 secs (0.066u,0.s)
Tactic call make_Build_T ran for 0.023 secs (0.019u,0.003s)
Tactic call make_T_eta ran for 0.005 secs (0.005u,0.s)
Tactic call make_f_ty ran for 0.014 secs (0.014u,0.s)
Tactic call make_T_rect ran for 0.019 secs (0.019u,0.s)
Tactic call making ran for 0.295 secs (0.291u,0.003s)
Tactic call constr-final-goal make_final_goal ran for 0. secs (0.u,0.s)
Tactic call everything ran for 0.3 secs (0.296u,0.003s) (success)
Params: n= 62
Tactic call make_Ts ran for 0.208 secs (0.208u,0.s)
Tactic call make_T ran for 0. secs (0.u,0.s)
Tactic call make_T_projs ran for 0.081 secs (0.081u,0.s)
Tactic call make_Build_T ran for 0.011 secs (0.011u,0.s)
Tactic call make_T_eta ran for 0.006 secs (0.006u,0.s)
Tactic call make_f_ty ran for 0.015 secs (0.015u,0.s)
Tactic call make_T_rect ran for 0.02 secs (0.02u,0.s)
Tactic call making ran for 0.33 secs (0.33u,0.s)
Tactic call constr-final-goal make_final_goal ran for 0. secs (0.u,0.s)
Tactic call everything ran for 0.346 secs (0.346u,0.s) (success)
Params: n= 63
Tactic call make_Ts ran for 0.238 secs (0.234u,0.003s)
Tactic call make_T ran for 0. secs (0.u,0.s)
Tactic call make_T_projs ran for 0.075 secs (0.075u,0.s)
Tactic call make_Build_T ran for 0.023 secs (0.023u,0.s)
Tactic call make_T_eta ran for 0.005 secs (0.005u,0.s)
Tactic call make_f_ty ran for 0.016 secs (0.016u,0.s)
Tactic call make_T_rect ran for 0.022 secs (0.022u,0.s)
Tactic call making ran for 0.366 secs (0.362u,0.003s)
Tactic call constr-final-goal make_final_goal ran for 0. secs (0.u,0.s)
Tactic call everything ran for 0.372 secs (0.368u,0.003s) (success)
Params: n= 64
Tactic call make_Ts ran for 0.243 secs (0.243u,0.s)
Tactic call make_T ran for 0. secs (0.u,0.s)
Tactic call make_T_projs ran for 0.094 secs (0.09u,0.003s)
Tactic call make_Build_T ran for 0.011 secs (0.011u,0.s)
Tactic call make_T_eta ran for 0.006 secs (0.006u,0.s)
Tactic call make_f_ty ran for 0.028 secs (0.028u,0.s)
Tactic call make_T_rect ran for 0.033 secs (0.033u,0.s)
Tactic call making ran for 0.39 secs (0.386u,0.003s)
Tactic call constr-final-goal make_final_goal ran for 0. secs (0.u,0.s)
Tactic call everything ran for 0.395 secs (0.391u,0.003s) (success)
Params: n= 65
Tactic call make_Ts ran for 0.273 secs (0.273u,0.s)
Tactic call make_T ran for 0. secs (0.u,0.s)
Tactic call make_T_projs ran for 0.104 secs (0.104u,0.s)
Tactic call make_Build_T ran for 0.012 secs (0.012u,0.s)
Tactic call make_T_eta ran for 0.018 secs (0.018u,0.s)
Tactic call make_f_ty ran for 0.015 secs (0.015u,0.s)
Tactic call make_T_rect ran for 0.021 secs (0.021u,0.s)
Tactic call making ran for 0.431 secs (0.431u,0.s)
Tactic call constr-final-goal make_final_goal ran for 0. secs (0.u,0.s)
Tactic call everything ran for 0.437 secs (0.437u,0.s) (success)
Params: n= 66
Tactic call make_Ts ran for 0.305 secs (0.305u,0.s)
Tactic call make_T ran for 0. secs (0.u,0.s)
Tactic call make_T_projs ran for 0.098 secs (0.098u,0.s)
Tactic call make_Build_T ran for 0.013 secs (0.013u,0.s)
Tactic call make_T_eta ran for 0.006 secs (0.006u,0.s)
Tactic call make_f_ty ran for 0.016 secs (0.016u,0.s)
Tactic call make_T_rect ran for 0.022 secs (0.022u,0.s)
Tactic call making ran for 0.446 secs (0.446u,0.s)
Tactic call constr-final-goal make_final_goal ran for 0. secs (0.u,0.s)
Tactic call everything ran for 0.452 secs (0.452u,0.s) (success)
Params: n= 67
Tactic call make_Ts ran for 0.327 secs (0.327u,0.s)
Tactic call make_T ran for 0. secs (0.u,0.s)
Tactic call make_T_projs ran for 0.121 secs (0.121u,0.s)
Tactic call make_Build_T ran for 0.013 secs (0.013u,0.s)
Tactic call make_T_eta ran for 0.006 secs (0.006u,0.s)
Tactic call make_f_ty ran for 0.016 secs (0.016u,0.s)
Tactic call make_T_rect ran for 0.032 secs (0.032u,0.s)
Tactic call making ran for 0.502 secs (0.502u,0.s)
Tactic call constr-final-goal make_final_goal ran for 0. secs (0.u,0.s)
Tactic call everything ran for 0.507 secs (0.507u,0.s) (success)
Params: n= 68
Tactic call make_Ts ran for 0.348 secs (0.348u,0.s)
Tactic call make_T ran for 0. secs (0.u,0.s)
Tactic call make_T_projs ran for 0.13 secs (0.126u,0.003s)
Tactic call make_Build_T ran for 0.013 secs (0.013u,0.s)
Tactic call make_T_eta ran for 0.006 secs (0.006u,0.s)
Tactic call make_f_ty ran for 0.016 secs (0.016u,0.s)
Tactic call make_T_rect ran for 0.022 secs (0.022u,0.s)
Tactic call making ran for 0.522 secs (0.518u,0.003s)
Tactic call constr-final-goal make_final_goal ran for 0. secs (0.u,0.s)
Tactic call everything ran for 0.527 secs (0.523u,0.003s) (success)
Params: n= 69
Tactic call make_Ts ran for 0.381 secs (0.381u,0.s)
Tactic call make_T ran for 0. secs (0.u,0.s)
Tactic call make_T_projs ran for 0.138 secs (0.138u,0.s)
Tactic call make_Build_T ran for 0.013 secs (0.013u,0.s)
Tactic call make_T_eta ran for 0.006 secs (0.006u,0.s)
Tactic call make_f_ty ran for 0.017 secs (0.017u,0.s)
Tactic call make_T_rect ran for 0.024 secs (0.024u,0.s)
Tactic call making ran for 0.564 secs (0.564u,0.s)
Tactic call constr-final-goal make_final_goal ran for 0. secs (0.u,0.s)
Tactic call everything ran for 0.57 secs (0.57u,0.s) (success)
Params: n= 70
Tactic call make_Ts ran for 0.402 secs (0.398u,0.003s)
Tactic call make_T ran for 0.001 secs (0.001u,0.s)
Tactic call make_T_projs ran for 0.146 secs (0.146u,0.s)
Tactic call make_Build_T ran for 0.013 secs (0.013u,0.s)
Tactic call make_T_eta ran for 0.006 secs (0.006u,0.s)
Tactic call make_f_ty ran for 0.017 secs (0.017u,0.s)
Tactic call make_T_rect ran for 0.023 secs (0.023u,0.s)
Tactic call making ran for 0.593 secs (0.589u,0.003s)
Tactic call constr-final-goal make_final_goal ran for 0. secs (0.u,0.s)
Tactic call everything ran for 0.603 secs (0.599u,0.003s) (success)
Params: n= 71
Tactic call make_Ts ran for 0.44 secs (0.44u,0.s)
Tactic call make_T ran for 0. secs (0.u,0.s)
Tactic call make_T_projs ran for 0.153 secs (0.153u,0.s)
Tactic call make_Build_T ran for 0.014 secs (0.014u,0.s)
Tactic call make_T_eta ran for 0.014 secs (0.014u,0.s)
Tactic call make_f_ty ran for 0.017 secs (0.017u,0.s)
Tactic call make_T_rect ran for 0.023 secs (0.023u,0.s)
Tactic call making ran for 0.647 secs (0.647u,0.s)
Tactic call constr-final-goal make_final_goal ran for 0. secs (0.u,0.s)
Tactic call everything ran for 0.652 secs (0.652u,0.s) (success)
Params: n= 72
Tactic call make_Ts ran for 0.472 secs (0.472u,0.s)
Tactic call make_T ran for 0. secs (0.u,0.s)
Tactic call make_T_projs ran for 0.194 secs (0.194u,0.s)
Tactic call make_Build_T ran for 0.014 secs (0.014u,0.s)
Tactic call make_T_eta ran for 0.006 secs (0.006u,0.s)
Tactic call make_f_ty ran for 0.028 secs (0.028u,0.s)
Tactic call make_T_rect ran for 0.035 secs (0.035u,0.s)
Tactic call making ran for 0.725 secs (0.725u,0.s)
Tactic call constr-final-goal make_final_goal ran for 0. secs (0.u,0.s)
Tactic call everything ran for 0.731 secs (0.731u,0.s) (success)
Params: n= 73
Tactic call make_Ts ran for 0.523 secs (0.523u,0.s)
Tactic call make_T ran for 0. secs (0.u,0.s)
Tactic call make_T_projs ran for 0.195 secs (0.195u,0.s)
Tactic call make_Build_T ran for 0.014 secs (0.014u,0.s)
Tactic call make_T_eta ran for 0.006 secs (0.006u,0.s)
Tactic call make_f_ty ran for 0.028 secs (0.028u,0.s)
Tactic call make_T_rect ran for 0.034 secs (0.034u,0.s)
Tactic call making ran for 0.776 secs (0.776u,0.s)
Tactic call constr-final-goal make_final_goal ran for 0. secs (0.u,0.s)
Tactic call everything ran for 0.782 secs (0.782u,0.s) (success)
Params: n= 74
Tactic call make_Ts ran for 0.558 secs (0.554u,0.003s)
Tactic call make_T ran for 0. secs (0.u,0.s)
Tactic call make_T_projs ran for 0.216 secs (0.212u,0.004s)
Tactic call make_Build_T ran for 0.015 secs (0.015u,0.s)
Tactic call make_T_eta ran for 0.015 secs (0.015u,0.s)
Tactic call make_f_ty ran for 0.018 secs (0.018u,0.s)
Tactic call make_T_rect ran for 0.025 secs (0.025u,0.s)
Tactic call making ran for 0.83 secs (0.822u,0.007s)
Tactic call constr-final-goal make_final_goal ran for 0. secs (0.u,0.s)
Tactic call everything ran for 0.837 secs (0.829u,0.007s) (success)
Params: n= 75
Tactic call make_Ts ran for 0.582 secs (0.582u,0.s)
Tactic call make_T ran for 0. secs (0.u,0.s)
Tactic call make_T_projs ran for 0.245 secs (0.245u,0.s)
Tactic call make_Build_T ran for 0.016 secs (0.016u,0.s)
Tactic call make_T_eta ran for 0.007 secs (0.007u,0.s)
Tactic call make_f_ty ran for 0.019 secs (0.019u,0.s)
Tactic call make_T_rect ran for 0.034 secs (0.03u,0.003s)
Tactic call making ran for 0.886 secs (0.882u,0.003s)
Tactic call constr-final-goal make_final_goal ran for 0. secs (0.u,0.s)
Tactic call everything ran for 0.892 secs (0.888u,0.003s) (success)
Params: n= 76
Tactic call make_Ts ran for 0.629 secs (0.629u,0.s)
Tactic call make_T ran for 0. secs (0.u,0.s)
Tactic call make_T_projs ran for 0.254 secs (0.254u,0.s)
Tactic call make_Build_T ran for 0.015 secs (0.015u,0.s)
Tactic call make_T_eta ran for 0.007 secs (0.007u,0.s)
Tactic call make_f_ty ran for 0.019 secs (0.019u,0.s)
Tactic call make_T_rect ran for 0.026 secs (0.026u,0.s)
Tactic call making ran for 0.933 secs (0.933u,0.s)
Tactic call constr-final-goal make_final_goal ran for 0. secs (0.u,0.s)
Tactic call everything ran for 0.949 secs (0.949u,0.s) (success)
Params: n= 77
Tactic call make_Ts ran for 0.664 secs (0.664u,0.s)
Tactic call make_T ran for 0. secs (0.u,0.s)
Tactic call make_T_projs ran for 0.263 secs (0.263u,0.s)
Tactic call make_Build_T ran for 0.016 secs (0.016u,0.s)
Tactic call make_T_eta ran for 0.007 secs (0.007u,0.s)
Tactic call make_f_ty ran for 0.02 secs (0.02u,0.s)
Tactic call make_T_rect ran for 0.034 secs (0.03u,0.003s)
Tactic call making ran for 0.987 secs (0.983u,0.003s)
Tactic call constr-final-goal make_final_goal ran for 0. secs (0.u,0.s)
Tactic call everything ran for 0.993 secs (0.989u,0.003s) (success)
Params: n= 78
Tactic call make_Ts ran for 0.697 secs (0.693u,0.003s)
Tactic call make_T ran for 0. secs (0.u,0.s)
Tactic call make_T_projs ran for 0.287 secs (0.287u,0.s)
Tactic call make_Build_T ran for 0.018 secs (0.018u,0.s)
Tactic call make_T_eta ran for 0.01 secs (0.01u,0.s)
Tactic call make_f_ty ran for 0.02 secs (0.02u,0.s)
Tactic call make_T_rect ran for 0.028 secs (0.028u,0.s)
Tactic call making ran for 1.041 secs (1.037u,0.003s)
Tactic call constr-final-goal make_final_goal ran for 0. secs (0.u,0.s)
Tactic call everything ran for 1.048 secs (1.044u,0.004s) (success)
Params: n= 79
Tactic call make_Ts ran for 0.733 secs (0.733u,0.s)
Tactic call make_T ran for 0. secs (0.u,0.s)
Tactic call make_T_projs ran for 0.28 secs (0.28u,0.s)
Tactic call make_Build_T ran for 0.018 secs (0.014u,0.003s)
Tactic call make_T_eta ran for 0.013 secs (0.013u,0.s)
Tactic call make_f_ty ran for 0.02 secs (0.02u,0.s)
Tactic call make_T_rect ran for 0.027 secs (0.027u,0.s)
Tactic call making ran for 1.073 secs (1.069u,0.004s)
Tactic call constr-final-goal make_final_goal ran for 0. secs (0.u,0.s)
Tactic call everything ran for 1.079 secs (1.075u,0.004s) (success)
Params: n= 80
Tactic call make_Ts ran for 0.77 secs (0.77u,0.s)
Tactic call make_T ran for 0. secs (0.u,0.s)
Tactic call make_T_projs ran for 0.292 secs (0.292u,0.s)
Tactic call make_Build_T ran for 0.02 secs (0.02u,0.s)
Tactic call make_T_eta ran for 0.007 secs (0.007u,0.s)
Tactic call make_f_ty ran for 0.02 secs (0.02u,0.s)
Tactic call make_T_rect ran for 0.028 secs (0.028u,0.s)
Tactic call making ran for 1.119 secs (1.119u,0.s)
Tactic call constr-final-goal make_final_goal ran for 0. secs (0.u,0.s)
Tactic call everything ran for 1.125 secs (1.125u,0.s) (success)
Params: n= 81
Tactic call make_Ts ran for 0.818 secs (0.814u,0.003s)
Tactic call make_T ran for 0. secs (0.u,0.s)
Tactic call make_T_projs ran for 0.312 secs (0.312u,0.s)
Tactic call make_Build_T ran for 0.018 secs (0.018u,0.s)
Tactic call make_T_eta ran for 0.008 secs (0.008u,0.s)
Tactic call make_f_ty ran for 0.021 secs (0.021u,0.s)
Tactic call make_T_rect ran for 0.035 secs (0.035u,0.s)
Tactic call making ran for 1.193 secs (1.189u,0.003s)
Tactic call constr-final-goal make_final_goal ran for 0. secs (0.u,0.s)
Tactic call everything ran for 1.2 secs (1.196u,0.003s) (success)
Params: n= 82
Tactic call make_Ts ran for 0.858 secs (0.854u,0.003s)
Tactic call make_T ran for 0. secs (0.u,0.s)
Tactic call make_T_projs ran for 0.35 secs (0.35u,0.s)
Tactic call make_Build_T ran for 0.018 secs (0.018u,0.s)
Tactic call make_T_eta ran for 0.008 secs (0.008u,0.s)
Tactic call make_f_ty ran for 0.021 secs (0.021u,0.s)
Tactic call make_T_rect ran for 0.028 secs (0.028u,0.s)
Tactic call making ran for 1.264 secs (1.26u,0.003s)
Tactic call constr-final-goal make_final_goal ran for 0. secs (0.u,0.s)
Tactic call everything ran for 1.273 secs (1.269u,0.003s) (success)
Params: n= 83
Tactic call make_Ts ran for 0.897 secs (0.897u,0.s)
Tactic call make_T ran for 0. secs (0.u,0.s)
Tactic call make_T_projs ran for 0.367 secs (0.367u,0.s)
Tactic call make_Build_T ran for 0.019 secs (0.019u,0.s)
Tactic call make_T_eta ran for 0.008 secs (0.008u,0.s)
Tactic call make_f_ty ran for 0.029 secs (0.029u,0.s)
Tactic call make_T_rect ran for 0.036 secs (0.036u,0.s)
Tactic call making ran for 1.329 secs (1.329u,0.s)
Tactic call constr-final-goal make_final_goal ran for 0. secs (0.u,0.s)
Tactic call everything ran for 1.336 secs (1.336u,0.s) (success)
Params: n= 84
Tactic call make_Ts ran for 0.98 secs (0.98u,0.s)
Tactic call make_T ran for 0. secs (0.u,0.s)
Tactic call make_T_projs ran for 0.394 secs (0.394u,0.s)
Tactic call make_Build_T ran for 0.025 secs (0.025u,0.s)
Tactic call make_T_eta ran for 0.008 secs (0.008u,0.s)
Tactic call make_f_ty ran for 0.022 secs (0.022u,0.s)
Tactic call make_T_rect ran for 0.029 secs (0.029u,0.s)
Tactic call making ran for 1.438 secs (1.438u,0.s)
Tactic call constr-final-goal make_final_goal ran for 0. secs (0.u,0.s)
Tactic call everything ran for 1.445 secs (1.445u,0.s) (success)
Params: n= 85
Tactic call make_Ts ran for 1.043 secs (1.043u,0.s)
Tactic call make_T ran for 0. secs (0.u,0.s)
Tactic call make_T_projs ran for 0.41 secs (0.41u,0.s)
Tactic call make_Build_T ran for 0.025 secs (0.025u,0.s)
Tactic call make_T_eta ran for 0.008 secs (0.008u,0.s)
Tactic call make_f_ty ran for 0.022 secs (0.022u,0.s)
Tactic call make_T_rect ran for 0.03 secs (0.03u,0.s)
Tactic call making ran for 1.518 secs (1.518u,0.s)
Tactic call constr-final-goal make_final_goal ran for 0. secs (0.u,0.s)
Tactic call everything ran for 1.525 secs (1.525u,0.s) (success)
Params: n= 86
Tactic call make_Ts ran for 1.092 secs (1.093u,0.s)
Tactic call make_T ran for 0. secs (0.u,0.s)
Tactic call make_T_projs ran for 0.441 secs (0.441u,0.s)
Tactic call make_Build_T ran for 0.02 secs (0.02u,0.s)
Tactic call make_T_eta ran for 0.008 secs (0.008u,0.s)
Tactic call make_f_ty ran for 0.023 secs (0.023u,0.s)
Tactic call make_T_rect ran for 0.036 secs (0.036u,0.s)
Tactic call making ran for 1.599 secs (1.599u,0.s)
Tactic call constr-final-goal make_final_goal ran for 0. secs (0.u,0.s)
Tactic call everything ran for 1.606 secs (1.606u,0.s) (success)
Params: n= 87
Tactic call make_Ts ran for 1.139 secs (1.139u,0.s)
Tactic call make_T ran for 0. secs (0.u,0.s)
Tactic call make_T_projs ran for 0.48 secs (0.48u,0.s)
Tactic call make_Build_T ran for 0.021 secs (0.021u,0.s)
Tactic call make_T_eta ran for 0.008 secs (0.008u,0.s)
Tactic call make_f_ty ran for 0.023 secs (0.023u,0.s)
Tactic call make_T_rect ran for 0.031 secs (0.031u,0.s)
Tactic call making ran for 1.682 secs (1.682u,0.s)
Tactic call constr-final-goal make_final_goal ran for 0. secs (0.u,0.s)
Tactic call everything ran for 1.695 secs (1.695u,0.s) (success)
Params: n= 88
Tactic call make_Ts ran for 1.187 secs (1.187u,0.s)
Tactic call make_T ran for 0. secs (0.u,0.s)
Tactic call make_T_projs ran for 0.478 secs (0.478u,0.s)
Tactic call make_Build_T ran for 0.021 secs (0.017u,0.003s)
Tactic call make_T_eta ran for 0.009 secs (0.009u,0.s)
Tactic call make_f_ty ran for 0.024 secs (0.023u,0.s)
Tactic call make_T_rect ran for 0.04 secs (0.04u,0.s)
Tactic call making ran for 1.737 secs (1.733u,0.003s)
Tactic call constr-final-goal make_final_goal ran for 0. secs (0.u,0.s)
Tactic call everything ran for 1.744 secs (1.74u,0.003s) (success)
Params: n= 89
Tactic call make_Ts ran for 1.207 secs (1.207u,0.s)
Tactic call make_T ran for 0. secs (0.u,0.s)
Tactic call make_T_projs ran for 0.469 secs (0.469u,0.s)
Tactic call make_Build_T ran for 0.026 secs (0.026u,0.s)
Tactic call make_T_eta ran for 0.009 secs (0.009u,0.s)
Tactic call make_f_ty ran for 0.024 secs (0.024u,0.s)
Tactic call make_T_rect ran for 0.032 secs (0.032u,0.s)
Tactic call making ran for 1.746 secs (1.746u,0.s)
Tactic call constr-final-goal make_final_goal ran for 0. secs (0.u,0.s)
Tactic call everything ran for 1.753 secs (1.753u,0.s) (success)
Params: n= 90
Tactic call make_Ts ran for 1.266 secs (1.266u,0.s)
Tactic call make_T ran for 0. secs (0.u,0.s)
Tactic call make_T_projs ran for 0.492 secs (0.488u,0.003s)
Tactic call make_Build_T ran for 0.027 secs (0.027u,0.s)
Tactic call make_T_eta ran for 0.009 secs (0.009u,0.s)
Tactic call make_f_ty ran for 0.024 secs (0.024u,0.s)
Tactic call make_T_rect ran for 0.032 secs (0.032u,0.s)
Tactic call making ran for 1.828 secs (1.824u,0.003s)
Tactic call constr-final-goal make_final_goal ran for 0. secs (0.u,0.s)
Tactic call everything ran for 1.837 secs (1.833u,0.003s) (success)
Params: n= 91
Tactic call make_Ts ran for 1.327 secs (1.327u,0.s)
Tactic call make_T ran for 0. secs (0.u,0.s)
Tactic call make_T_projs ran for 0.523 secs (0.523u,0.s)
Tactic call make_Build_T ran for 0.022 secs (0.022u,0.s)
Tactic call make_T_eta ran for 0.009 secs (0.009u,0.s)
Tactic call make_f_ty ran for 0.027 secs (0.027u,0.s)
Tactic call make_T_rect ran for 0.035 secs (0.035u,0.s)
Tactic call making ran for 1.918 secs (1.918u,0.s)
Tactic call constr-final-goal make_final_goal ran for 0. secs (0.u,0.s)
Tactic call everything ran for 1.925 secs (1.925u,0.s) (success)
Params: n= 92
Tactic call make_Ts ran for 1.384 secs (1.38u,0.003s)
Tactic call make_T ran for 0. secs (0.u,0.s)
Tactic call make_T_projs ran for 0.556 secs (0.556u,0.s)
Tactic call make_Build_T ran for 0.022 secs (0.022u,0.s)
Tactic call make_T_eta ran for 0.01 secs (0.01u,0.s)
Tactic call make_f_ty ran for 0.026 secs (0.026u,0.s)
Tactic call make_T_rect ran for 0.039 secs (0.039u,0.s)
Tactic call making ran for 2.015 secs (2.011u,0.003s)
Tactic call constr-final-goal make_final_goal ran for 0. secs (0.u,0.s)
Tactic call everything ran for 2.022 secs (2.018u,0.003s) (success)
Params: n= 93
Tactic call make_Ts ran for 1.449 secs (1.449u,0.s)
Tactic call make_T ran for 0. secs (0.u,0.s)
Tactic call make_T_projs ran for 0.592 secs (0.592u,0.s)
Tactic call make_Build_T ran for 0.023 secs (0.023u,0.s)
Tactic call make_T_eta ran for 0.009 secs (0.009u,0.s)
Tactic call make_f_ty ran for 0.028 secs (0.028u,0.s)
Tactic call make_T_rect ran for 0.036 secs (0.036u,0.s)
Tactic call making ran for 2.112 secs (2.112u,0.s)
Tactic call constr-final-goal make_final_goal ran for 0. secs (0.u,0.s)
Tactic call everything ran for 2.119 secs (2.119u,0.s) (success)
Params: n= 94
Tactic call make_Ts ran for 1.51 secs (1.51u,0.s)
Tactic call make_T ran for 0. secs (0.u,0.s)
Tactic call make_T_projs ran for 0.617 secs (0.617u,0.s)
Tactic call make_Build_T ran for 0.023 secs (0.023u,0.s)
Tactic call make_T_eta ran for 0.009 secs (0.009u,0.s)
Tactic call make_f_ty ran for 0.028 secs (0.028u,0.s)
Tactic call make_T_rect ran for 0.036 secs (0.036u,0.s)
Tactic call making ran for 2.199 secs (2.199u,0.s)
Tactic call constr-final-goal make_final_goal ran for 0. secs (0.u,0.s)
Tactic call everything ran for 2.207 secs (2.207u,0.s) (success)
Params: n= 95
Tactic call make_Ts ran for 1.581 secs (1.581u,0.s)
Tactic call make_T ran for 0. secs (0.u,0.s)
Tactic call make_T_projs ran for 0.658 secs (0.658u,0.s)
Tactic call make_Build_T ran for 0.024 secs (0.024u,0.s)
Tactic call make_T_eta ran for 0.013 secs (0.013u,0.s)
Tactic call make_f_ty ran for 0.028 secs (0.028u,0.s)
Tactic call make_T_rect ran for 0.037 secs (0.036u,0.s)
Tactic call making ran for 2.315 secs (2.315u,0.s)
Tactic call constr-final-goal make_final_goal ran for 0. secs (0.u,0.s)
Tactic call everything ran for 2.323 secs (2.323u,0.s) (success)
Params: n= 96
Tactic call make_Ts ran for 1.691 secs (1.691u,0.s)
Tactic call make_T ran for 0. secs (0.u,0.s)
Tactic call make_T_projs ran for 0.654 secs (0.654u,0.s)
Tactic call make_Build_T ran for 0.024 secs (0.024u,0.s)
Tactic call make_T_eta ran for 0.01 secs (0.01u,0.s)
Tactic call make_f_ty ran for 0.031 secs (0.031u,0.s)
Tactic call make_T_rect ran for 0.039 secs (0.039u,0.s)
Tactic call making ran for 2.423 secs (2.422u,0.s)
Tactic call constr-final-goal make_final_goal ran for 0. secs (0.u,0.s)
Tactic call everything ran for 2.43 secs (2.429u,0.s) (success)
Params: n= 97
Tactic call make_Ts ran for 1.671 secs (1.671u,0.s)
Tactic call make_T ran for 0. secs (0.u,0.s)
Tactic call make_T_projs ran for 0.681 secs (0.681u,0.s)
Tactic call make_Build_T ran for 0.028 secs (0.028u,0.s)
Tactic call make_T_eta ran for 0.01 secs (0.01u,0.s)
Tactic call make_f_ty ran for 0.027 secs (0.027u,0.s)
Tactic call make_T_rect ran for 0.035 secs (0.035u,0.s)
Tactic call making ran for 2.426 secs (2.426u,0.s)
Tactic call constr-final-goal make_final_goal ran for 0. secs (0.u,0.s)
Tactic call everything ran for 2.438 secs (2.438u,0.s) (success)
Params: n= 98
Tactic call make_Ts ran for 1.731 secs (1.731u,0.s)
Tactic call make_T ran for 0. secs (0.u,0.s)
Tactic call make_T_projs ran for 0.721 secs (0.721u,0.s)
Tactic call make_Build_T ran for 0.025 secs (0.025u,0.s)
Tactic call make_T_eta ran for 0.013 secs (0.013u,0.s)
Tactic call make_f_ty ran for 0.027 secs (0.027u,0.s)
Tactic call make_T_rect ran for 0.035 secs (0.035u,0.s)
Tactic call making ran for 2.529 secs (2.529u,0.s)
Tactic call constr-final-goal make_final_goal ran for 0. secs (0.u,0.s)
Tactic call everything ran for 2.536 secs (2.536u,0.s) (success)
Params: n= 99
Tactic call make_Ts ran for 1.821 secs (1.821u,0.s)
Tactic call make_T ran for 0. secs (0.u,0.s)
Tactic call make_T_projs ran for 0.731 secs (0.731u,0.s)
Tactic call make_Build_T ran for 0.027 secs (0.027u,0.s)
Tactic call make_T_eta ran for 0.01 secs (0.01u,0.s)
Tactic call make_f_ty ran for 0.028 secs (0.028u,0.s)
Tactic call make_T_rect ran for 0.039 secs (0.039u,0.s)
Tactic call making ran for 2.632 secs (2.632u,0.s)
Tactic call constr-final-goal make_final_goal ran for 0. secs (0.u,0.s)
Tactic call everything ran for 2.639 secs (2.639u,0.s) (success)
