Params: n= 3
Tactic call make_Ts ran for 0.01 secs (0.006u,0.003s)
Tactic call make_T ran for 0. secs (0.u,0.s)
Tactic call make_T_projs ran for 0.003 secs (0.003u,0.s)
Tactic call make_Build_T ran for 0.001 secs (0.001u,0.s)
Tactic call make_T_eta ran for 0.001 secs (0.001u,0.s)
Tactic call make_f_ty ran for 0.001 secs (0.001u,0.s)
Tactic call make_T_rect ran for 0.003 secs (0.002u,0.s)
Tactic call making ran for 0.02 secs (0.016u,0.004s)
Tactic call constr-final-goal make_final_goal ran for 0. secs (0.u,0.s)
Tactic call everything ran for 0.021 secs (0.017u,0.004s) (success)
Params: n= 4
Tactic call make_Ts ran for 0.013 secs (0.005u,0.007s)
Tactic call make_T ran for 0. secs (0.u,0.s)
Tactic call make_T_projs ran for 0.06 secs (0.044u,0.016s)
Tactic call make_Build_T ran for 0. secs (0.u,0.s)
Tactic call make_T_eta ran for 0.001 secs (0.001u,0.s)
Tactic call make_f_ty ran for 0.001 secs (0.001u,0.s)
Tactic call make_T_rect ran for 0.002 secs (0.002u,0.s)
Tactic call making ran for 0.078 secs (0.054u,0.024s)
Tactic call constr-final-goal make_final_goal ran for 0. secs (0.u,0.s)
Tactic call everything ran for 0.079 secs (0.055u,0.024s) (success)
Params: n= 5
Tactic call make_Ts ran for 0.011 secs (0.011u,0.s)
Tactic call make_T ran for 0. secs (0.u,0.s)
Tactic call make_T_projs ran for 0.003 secs (0.003u,0.s)
Tactic call make_Build_T ran for 0.001 secs (0.001u,0.s)
Tactic call make_T_eta ran for 0.001 secs (0.001u,0.s)
Tactic call make_f_ty ran for 0.001 secs (0.001u,0.s)
Tactic call make_T_rect ran for 0.002 secs (0.002u,0.s)
Tactic call making ran for 0.02 secs (0.02u,0.s)
Tactic call constr-final-goal make_final_goal ran for 0. secs (0.u,0.s)
Tactic call everything ran for 0.021 secs (0.021u,0.s) (success)
Params: n= 6
Tactic call make_Ts ran for 0.013 secs (0.013u,0.s)
Tactic call make_T ran for 0. secs (0.u,0.s)
Tactic call make_T_projs ran for 0.004 secs (0.004u,0.s)
Tactic call make_Build_T ran for 0.001 secs (0.001u,0.s)
Tactic call make_T_eta ran for 0.001 secs (0.001u,0.s)
Tactic call make_f_ty ran for 0.001 secs (0.001u,0.s)
Tactic call make_T_rect ran for 0.002 secs (0.002u,0.s)
Tactic call making ran for 0.023 secs (0.023u,0.s)
Tactic call constr-final-goal make_final_goal ran for 0. secs (0.u,0.s)
Tactic call everything ran for 0.024 secs (0.024u,0.s) (success)
Params: n= 7
Tactic call make_Ts ran for 0.015 secs (0.015u,0.s)
Tactic call make_T ran for 0. secs (0.u,0.s)
Tactic call make_T_projs ran for 0.009 secs (0.009u,0.s)
Tactic call make_Build_T ran for 0.001 secs (0.001u,0.s)
Tactic call make_T_eta ran for 0.001 secs (0.001u,0.s)
Tactic call make_f_ty ran for 0.001 secs (0.001u,0.s)
Tactic call make_T_rect ran for 0.003 secs (0.003u,0.s)
Tactic call making ran for 0.032 secs (0.032u,0.s)
Tactic call constr-final-goal make_final_goal ran for 0. secs (0.u,0.s)
Tactic call everything ran for 0.033 secs (0.033u,0.s) (success)
Params: n= 8
Tactic call make_Ts ran for 0.018 secs (0.018u,0.s)
Tactic call make_T ran for 0. secs (0.u,0.s)
Tactic call make_T_projs ran for 0.006 secs (0.006u,0.s)
Tactic call make_Build_T ran for 0.001 secs (0.001u,0.s)
Tactic call make_T_eta ran for 0.001 secs (0.001u,0.s)
Tactic call make_f_ty ran for 0.001 secs (0.001u,0.s)
Tactic call make_T_rect ran for 0.003 secs (0.003u,0.s)
Tactic call making ran for 0.031 secs (0.031u,0.s)
Tactic call constr-final-goal make_final_goal ran for 0. secs (0.u,0.s)
Tactic call everything ran for 0.032 secs (0.032u,0.s) (success)
Params: n= 9
Tactic call make_Ts ran for 0.02 secs (0.02u,0.s)
Tactic call make_T ran for 0. secs (0.u,0.s)
Tactic call make_T_projs ran for 0.006 secs (0.006u,0.s)
Tactic call make_Build_T ran for 0.001 secs (0.001u,0.s)
Tactic call make_T_eta ran for 0.009 secs (0.009u,0.s)
Tactic call make_f_ty ran for 0.001 secs (0.u,0.001s)
Tactic call make_T_rect ran for 0.003 secs (0.u,0.003s)
Tactic call making ran for 0.043 secs (0.039u,0.003s)
Tactic call constr-final-goal make_final_goal ran for 0. secs (0.u,0.s)
Tactic call everything ran for 0.044 secs (0.041u,0.003s) (success)
Params: n= 10
Tactic call make_Ts ran for 0.023 secs (0.023u,0.s)
Tactic call make_T ran for 0. secs (0.u,0.s)
Tactic call make_T_projs ran for 0.007 secs (0.007u,0.s)
Tactic call make_Build_T ran for 0.001 secs (0.001u,0.s)
Tactic call make_T_eta ran for 0.001 secs (0.001u,0.s)
Tactic call make_f_ty ran for 0.002 secs (0.002u,0.s)
Tactic call make_T_rect ran for 0.003 secs (0.003u,0.s)
Tactic call making ran for 0.038 secs (0.038u,0.s)
Tactic call constr-final-goal make_final_goal ran for 0. secs (0.u,0.s)
Tactic call everything ran for 0.04 secs (0.04u,0.s) (success)
Params: n= 11
Tactic call make_Ts ran for 0.027 secs (0.027u,0.s)
Tactic call make_T ran for 0. secs (0.u,0.s)
Tactic call make_T_projs ran for 0.014 secs (0.014u,0.s)
Tactic call make_Build_T ran for 0.001 secs (0.001u,0.s)
Tactic call make_T_eta ran for 0.001 secs (0.001u,0.s)
Tactic call make_f_ty ran for 0.002 secs (0.002u,0.s)
Tactic call make_T_rect ran for 0.004 secs (0.004u,0.s)
Tactic call making ran for 0.049 secs (0.049u,0.s)
Tactic call constr-final-goal make_final_goal ran for 0. secs (0.u,0.s)
Tactic call everything ran for 0.051 secs (0.051u,0.s) (success)
Params: n= 12
Tactic call make_Ts ran for 0.029 secs (0.029u,0.s)
Tactic call make_T ran for 0. secs (0.u,0.s)
Tactic call make_T_projs ran for 0.009 secs (0.009u,0.s)
Tactic call make_Build_T ran for 0.001 secs (0.001u,0.s)
Tactic call make_T_eta ran for 0.001 secs (0.001u,0.s)
Tactic call make_f_ty ran for 0.002 secs (0.002u,0.s)
Tactic call make_T_rect ran for 0.004 secs (0.004u,0.s)
Tactic call making ran for 0.047 secs (0.047u,0.s)
Tactic call constr-final-goal make_final_goal ran for 0. secs (0.u,0.s)
Tactic call everything ran for 0.049 secs (0.049u,0.s) (success)
Params: n= 13
Tactic call make_Ts ran for 0.041 secs (0.041u,0.s)
Tactic call make_T ran for 0. secs (0.u,0.s)
Tactic call make_T_projs ran for 0.01 secs (0.01u,0.s)
Tactic call make_Build_T ran for 0.002 secs (0.002u,0.s)
Tactic call make_T_eta ran for 0.001 secs (0.001u,0.s)
Tactic call make_f_ty ran for 0.002 secs (0.002u,0.s)
Tactic call make_T_rect ran for 0.004 secs (0.004u,0.s)
Tactic call making ran for 0.061 secs (0.061u,0.s)
Tactic call constr-final-goal make_final_goal ran for 0. secs (0.u,0.s)
Tactic call everything ran for 0.063 secs (0.063u,0.s) (success)
Params: n= 14
Tactic call make_Ts ran for 0.043 secs (0.039u,0.003s)
Tactic call make_T ran for 0. secs (0.u,0.s)
Tactic call make_T_projs ran for 0.013 secs (0.012u,0.s)
Tactic call make_Build_T ran for 0.002 secs (0.002u,0.s)
Tactic call make_T_eta ran for 0.001 secs (0.001u,0.s)
Tactic call make_f_ty ran for 0.002 secs (0.002u,0.s)
Tactic call make_T_rect ran for 0.004 secs (0.004u,0.s)
Tactic call making ran for 0.066 secs (0.062u,0.003s)
Tactic call constr-final-goal make_final_goal ran for 0. secs (0.u,0.s)
Tactic call everything ran for 0.068 secs (0.064u,0.003s) (success)
Params: n= 15
Tactic call make_Ts ran for 0.042 secs (0.042u,0.s)
Tactic call make_T ran for 0. secs (0.u,0.s)
Tactic call make_T_projs ran for 0.02 secs (0.02u,0.s)
Tactic call make_Build_T ran for 0.002 secs (0.002u,0.s)
Tactic call make_T_eta ran for 0.001 secs (0.001u,0.s)
Tactic call make_f_ty ran for 0.003 secs (0.003u,0.s)
Tactic call make_T_rect ran for 0.005 secs (0.005u,0.s)
Tactic call making ran for 0.073 secs (0.073u,0.s)
Tactic call constr-final-goal make_final_goal ran for 0. secs (0.u,0.s)
Tactic call everything ran for 0.074 secs (0.074u,0.s) (success)
Params: n= 16
Tactic call make_Ts ran for 0.046 secs (0.046u,0.s)
Tactic call make_T ran for 0. secs (0.u,0.s)
Tactic call make_T_projs ran for 0.014 secs (0.014u,0.s)
Tactic call make_Build_T ran for 0.002 secs (0.002u,0.s)
Tactic call make_T_eta ran for 0.001 secs (0.001u,0.s)
Tactic call make_f_ty ran for 0.012 secs (0.008u,0.003s)
Tactic call make_T_rect ran for 0.014 secs (0.01u,0.003s)
Tactic call making ran for 0.08 secs (0.076u,0.003s)
Tactic call constr-final-goal make_final_goal ran for 0. secs (0.u,0.s)
Tactic call everything ran for 0.082 secs (0.078u,0.003s) (success)
Params: n= 17
Tactic call make_Ts ran for 0.048 secs (0.048u,0.s)
Tactic call make_T ran for 0. secs (0.u,0.s)
Tactic call make_T_projs ran for 0.015 secs (0.015u,0.s)
Tactic call make_Build_T ran for 0.002 secs (0.002u,0.s)
Tactic call make_T_eta ran for 0.001 secs (0.001u,0.s)
Tactic call make_f_ty ran for 0.003 secs (0.003u,0.s)
Tactic call make_T_rect ran for 0.015 secs (0.015u,0.s)
Tactic call making ran for 0.085 secs (0.085u,0.s)
Tactic call constr-final-goal make_final_goal ran for 0. secs (0.u,0.s)
Tactic call everything ran for 0.087 secs (0.087u,0.s) (success)
Params: n= 18
Tactic call make_Ts ran for 0.053 secs (0.053u,0.s)
Tactic call make_T ran for 0. secs (0.u,0.s)
Tactic call make_T_projs ran for 0.017 secs (0.017u,0.s)
Tactic call make_Build_T ran for 0.002 secs (0.002u,0.s)
Tactic call make_T_eta ran for 0.002 secs (0.002u,0.s)
Tactic call make_f_ty ran for 0.003 secs (0.003u,0.s)
Tactic call make_T_rect ran for 0.015 secs (0.015u,0.s)
Tactic call making ran for 0.092 secs (0.092u,0.s)
Tactic call constr-final-goal make_final_goal ran for 0. secs (0.u,0.s)
Tactic call everything ran for 0.094 secs (0.094u,0.s) (success)
Params: n= 19
Tactic call make_Ts ran for 0.058 secs (0.058u,0.s)
Tactic call make_T ran for 0. secs (0.u,0.s)
Tactic call make_T_projs ran for 0.021 secs (0.021u,0.s)
Tactic call make_Build_T ran for 0.003 secs (0.003u,0.s)
Tactic call make_T_eta ran for 0.014 secs (0.014u,0.s)
Tactic call make_f_ty ran for 0.003 secs (0.003u,0.s)
Tactic call make_T_rect ran for 0.006 secs (0.006u,0.s)
Tactic call making ran for 0.104 secs (0.104u,0.s)
Tactic call constr-final-goal make_final_goal ran for 0. secs (0.u,0.s)
Tactic call everything ran for 0.106 secs (0.106u,0.s) (success)
Params: n= 20
Tactic call make_Ts ran for 0.067 secs (0.067u,0.s)
Tactic call make_T ran for 0. secs (0.u,0.s)
Tactic call make_T_projs ran for 0.032 secs (0.032u,0.s)
Tactic call make_Build_T ran for 0.003 secs (0.003u,0.s)
Tactic call make_T_eta ran for 0.002 secs (0.002u,0.s)
Tactic call make_f_ty ran for 0.004 secs (0.004u,0.s)
Tactic call make_T_rect ran for 0.006 secs (0.006u,0.s)
Tactic call making ran for 0.113 secs (0.113u,0.s)
Tactic call constr-final-goal make_final_goal ran for 0. secs (0.u,0.s)
Tactic call everything ran for 0.115 secs (0.115u,0.s) (success)
Params: n= 21
Tactic call make_Ts ran for 0.08 secs (0.08u,0.s)
Tactic call make_T ran for 0. secs (0.u,0.s)
Tactic call make_T_projs ran for 0.022 secs (0.022u,0.s)
Tactic call make_Build_T ran for 0.003 secs (0.003u,0.s)
Tactic call make_T_eta ran for 0.002 secs (0.002u,0.s)
Tactic call make_f_ty ran for 0.004 secs (0.004u,0.s)
Tactic call make_T_rect ran for 0.006 secs (0.006u,0.s)
Tactic call making ran for 0.116 secs (0.116u,0.s)
Tactic call constr-final-goal make_final_goal ran for 0. secs (0.u,0.s)
Tactic call everything ran for 0.119 secs (0.119u,0.s) (success)
Params: n= 22
Tactic call make_Ts ran for 0.082 secs (0.082u,0.s)
Tactic call make_T ran for 0. secs (0.u,0.s)
Tactic call make_T_projs ran for 0.024 secs (0.024u,0.s)
Tactic call make_Build_T ran for 0.003 secs (0.003u,0.s)
Tactic call make_T_eta ran for 0.002 secs (0.002u,0.s)
Tactic call make_f_ty ran for 0.004 secs (0.004u,0.s)
Tactic call make_T_rect ran for 0.007 secs (0.007u,0.s)
Tactic call making ran for 0.119 secs (0.119u,0.s)
Tactic call constr-final-goal make_final_goal ran for 0. secs (0.u,0.s)
Tactic call everything ran for 0.122 secs (0.122u,0.s) (success)
Params: n= 23
Tactic call make_Ts ran for 0.09 secs (0.09u,0.s)
Tactic call make_T ran for 0. secs (0.u,0.s)
Tactic call make_T_projs ran for 0.029 secs (0.029u,0.s)
Tactic call make_Build_T ran for 0.014 secs (0.014u,0.s)
Tactic call make_T_eta ran for 0.002 secs (0.002u,0.s)
Tactic call make_f_ty ran for 0.004 secs (0.004u,0.s)
Tactic call make_T_rect ran for 0.007 secs (0.007u,0.s)
Tactic call making ran for 0.144 secs (0.144u,0.s)
Tactic call constr-final-goal make_final_goal ran for 0. secs (0.u,0.s)
Tactic call everything ran for 0.147 secs (0.147u,0.s) (success)
Params: n= 24
Tactic call make_Ts ran for 0.103 secs (0.103u,0.s)
Tactic call make_T ran for 0. secs (0.u,0.s)
Tactic call make_T_projs ran for 0.028 secs (0.028u,0.s)
Tactic call make_Build_T ran for 0.003 secs (0.u,0.003s)
Tactic call make_T_eta ran for 0.002 secs (0.002u,0.s)
Tactic call make_f_ty ran for 0.004 secs (0.004u,0.s)
Tactic call make_T_rect ran for 0.007 secs (0.007u,0.s)
Tactic call making ran for 0.147 secs (0.143u,0.003s)
Tactic call constr-final-goal make_final_goal ran for 0. secs (0.u,0.s)
Tactic call everything ran for 0.149 secs (0.145u,0.003s) (success)
Params: n= 25
Tactic call make_Ts ran for 0.098 secs (0.098u,0.s)
Tactic call make_T ran for 0. secs (0.u,0.s)
Tactic call make_T_projs ran for 0.034 secs (0.033u,0.s)
Tactic call make_Build_T ran for 0.004 secs (0.004u,0.s)
Tactic call make_T_eta ran for 0.008 secs (0.008u,0.s)
Tactic call make_f_ty ran for 0.005 secs (0.005u,0.s)
Tactic call make_T_rect ran for 0.008 secs (0.008u,0.s)
Tactic call making ran for 0.156 secs (0.154u,0.s)
Tactic call constr-final-goal make_final_goal ran for 0. secs (0.u,0.s)
Tactic call everything ran for 0.158 secs (0.157u,0.s) (success)
Params: n= 26
Tactic call make_Ts ran for 0.111 secs (0.111u,0.s)
Tactic call make_T ran for 0. secs (0.u,0.s)
Tactic call make_T_projs ran for 0.032 secs (0.032u,0.s)
Tactic call make_Build_T ran for 0.004 secs (0.004u,0.s)
Tactic call make_T_eta ran for 0.002 secs (0.002u,0.s)
Tactic call make_f_ty ran for 0.005 secs (0.001u,0.003s)
Tactic call make_T_rect ran for 0.008 secs (0.004u,0.003s)
Tactic call making ran for 0.158 secs (0.154u,0.003s)
Tactic call constr-final-goal make_final_goal ran for 0. secs (0.u,0.s)
Tactic call everything ran for 0.161 secs (0.157u,0.003s) (success)
Params: n= 27
Tactic call make_Ts ran for 0.121 secs (0.121u,0.s)
Tactic call make_T ran for 0. secs (0.u,0.s)
Tactic call make_T_projs ran for 0.047 secs (0.047u,0.s)
Tactic call make_Build_T ran for 0.004 secs (0.004u,0.s)
Tactic call make_T_eta ran for 0.002 secs (0.002u,0.s)
Tactic call make_f_ty ran for 0.005 secs (0.005u,0.s)
Tactic call make_T_rect ran for 0.008 secs (0.008u,0.s)
Tactic call making ran for 0.185 secs (0.185u,0.s)
Tactic call constr-final-goal make_final_goal ran for 0. secs (0.u,0.s)
Tactic call everything ran for 0.188 secs (0.188u,0.s) (success)
Params: n= 28
Tactic call make_Ts ran for 0.133 secs (0.133u,0.s)
Tactic call make_T ran for 0. secs (0.u,0.s)
Tactic call make_T_projs ran for 0.053 secs (0.053u,0.s)
Tactic call make_Build_T ran for 0.004 secs (0.004u,0.s)
Tactic call make_T_eta ran for 0.002 secs (0.002u,0.s)
Tactic call make_f_ty ran for 0.005 secs (0.005u,0.s)
Tactic call make_T_rect ran for 0.008 secs (0.008u,0.s)
Tactic call making ran for 0.203 secs (0.203u,0.s)
Tactic call constr-final-goal make_final_goal ran for 0. secs (0.u,0.s)
Tactic call everything ran for 0.205 secs (0.205u,0.s) (success)
Params: n= 29
Tactic call make_Ts ran for 0.128 secs (0.128u,0.s)
Tactic call make_T ran for 0. secs (0.u,0.s)
Tactic call make_T_projs ran for 0.045 secs (0.045u,0.s)
Tactic call make_Build_T ran for 0.004 secs (0.004u,0.s)
Tactic call make_T_eta ran for 0.003 secs (0.003u,0.s)
Tactic call make_f_ty ran for 0.018 secs (0.018u,0.s)
Tactic call make_T_rect ran for 0.021 secs (0.021u,0.s)
Tactic call making ran for 0.204 secs (0.204u,0.s)
Tactic call constr-final-goal make_final_goal ran for 0. secs (0.u,0.s)
Tactic call everything ran for 0.207 secs (0.207u,0.s) (success)
Params: n= 30
Tactic call make_Ts ran for 0.139 secs (0.139u,0.s)
Tactic call make_T ran for 0. secs (0.u,0.s)
Tactic call make_T_projs ran for 0.049 secs (0.049u,0.s)
Tactic call make_Build_T ran for 0.005 secs (0.005u,0.s)
Tactic call make_T_eta ran for 0.002 secs (0.002u,0.s)
Tactic call make_f_ty ran for 0.019 secs (0.015u,0.003s)
Tactic call make_T_rect ran for 0.022 secs (0.018u,0.003s)
Tactic call making ran for 0.22 secs (0.216u,0.003s)
Tactic call constr-final-goal make_final_goal ran for 0. secs (0.u,0.s)
Tactic call everything ran for 0.223 secs (0.218u,0.003s) (success)
Params: n= 31
Tactic call make_Ts ran for 0.149 secs (0.149u,0.s)
Tactic call make_T ran for 0. secs (0.u,0.s)
Tactic call make_T_projs ran for 0.051 secs (0.051u,0.s)
Tactic call make_Build_T ran for 0.018 secs (0.014u,0.003s)
Tactic call make_T_eta ran for 0.002 secs (0.002u,0.s)
Tactic call make_f_ty ran for 0.006 secs (0.006u,0.s)
Tactic call make_T_rect ran for 0.009 secs (0.009u,0.s)
Tactic call making ran for 0.233 secs (0.229u,0.003s)
Tactic call constr-final-goal make_final_goal ran for 0. secs (0.u,0.s)
Tactic call everything ran for 0.235 secs (0.231u,0.003s) (success)
Params: n= 32
Tactic call make_Ts ran for 0.161 secs (0.161u,0.s)
Tactic call make_T ran for 0. secs (0.u,0.s)
Tactic call make_T_projs ran for 0.072 secs (0.072u,0.s)
Tactic call make_Build_T ran for 0.005 secs (0.005u,0.s)
Tactic call make_T_eta ran for 0.003 secs (0.003u,0.s)
Tactic call make_f_ty ran for 0.006 secs (0.006u,0.s)
Tactic call make_T_rect ran for 0.01 secs (0.01u,0.s)
Tactic call making ran for 0.253 secs (0.253u,0.s)
Tactic call constr-final-goal make_final_goal ran for 0. secs (0.u,0.s)
Tactic call everything ran for 0.256 secs (0.256u,0.s) (success)
Params: n= 33
Tactic call make_Ts ran for 0.168 secs (0.168u,0.s)
Tactic call make_T ran for 0. secs (0.u,0.s)
Tactic call make_T_projs ran for 0.066 secs (0.066u,0.s)
Tactic call make_Build_T ran for 0.005 secs (0.005u,0.s)
Tactic call make_T_eta ran for 0.003 secs (0.003u,0.s)
Tactic call make_f_ty ran for 0.006 secs (0.006u,0.s)
Tactic call make_T_rect ran for 0.01 secs (0.01u,0.s)
Tactic call making ran for 0.254 secs (0.254u,0.s)
Tactic call constr-final-goal make_final_goal ran for 0. secs (0.u,0.s)
Tactic call everything ran for 0.257 secs (0.257u,0.s) (success)
Params: n= 34
Tactic call make_Ts ran for 0.19 secs (0.19u,0.s)
Tactic call make_T ran for 0. secs (0.u,0.s)
Tactic call make_T_projs ran for 0.057 secs (0.057u,0.s)
Tactic call make_Build_T ran for 0.005 secs (0.005u,0.s)
Tactic call make_T_eta ran for 0.004 secs (0.004u,0.s)
Tactic call make_f_ty ran for 0.011 secs (0.011u,0.s)
Tactic call make_T_rect ran for 0.015 secs (0.015u,0.s)
Tactic call making ran for 0.274 secs (0.274u,0.s)
Tactic call constr-final-goal make_final_goal ran for 0. secs (0.u,0.s)
Tactic call everything ran for 0.277 secs (0.277u,0.s) (success)
Params: n= 35
Tactic call make_Ts ran for 0.191 secs (0.191u,0.s)
Tactic call make_T ran for 0. secs (0.u,0.s)
Tactic call make_T_projs ran for 0.073 secs (0.073u,0.s)
Tactic call make_Build_T ran for 0.006 secs (0.006u,0.s)
Tactic call make_T_eta ran for 0.003 secs (0.003u,0.s)
Tactic call make_f_ty ran for 0.007 secs (0.007u,0.s)
Tactic call make_T_rect ran for 0.011 secs (0.011u,0.s)
Tactic call making ran for 0.287 secs (0.287u,0.s)
Tactic call constr-final-goal make_final_goal ran for 0. secs (0.u,0.s)
Tactic call everything ran for 0.291 secs (0.291u,0.s) (success)
Params: n= 36
Tactic call make_Ts ran for 0.207 secs (0.207u,0.s)
Tactic call make_T ran for 0. secs (0.u,0.s)
Tactic call make_T_projs ran for 0.078 secs (0.078u,0.s)
Tactic call make_Build_T ran for 0.019 secs (0.019u,0.s)
Tactic call make_T_eta ran for 0.003 secs (0.003u,0.s)
Tactic call make_f_ty ran for 0.007 secs (0.007u,0.s)
Tactic call make_T_rect ran for 0.011 secs (0.011u,0.s)
Tactic call making ran for 0.321 secs (0.321u,0.s)
Tactic call constr-final-goal make_final_goal ran for 0. secs (0.u,0.s)
Tactic call everything ran for 0.324 secs (0.324u,0.s) (success)
Params: n= 37
Tactic call make_Ts ran for 0.234 secs (0.234u,0.s)
Tactic call make_T ran for 0. secs (0.u,0.s)
Tactic call make_T_projs ran for 0.08 secs (0.08u,0.s)
Tactic call make_Build_T ran for 0.006 secs (0.006u,0.s)
Tactic call make_T_eta ran for 0.003 secs (0.003u,0.s)
Tactic call make_f_ty ran for 0.007 secs (0.007u,0.s)
Tactic call make_T_rect ran for 0.011 secs (0.011u,0.s)
Tactic call making ran for 0.337 secs (0.337u,0.s)
Tactic call constr-final-goal make_final_goal ran for 0. secs (0.u,0.s)
Tactic call everything ran for 0.348 secs (0.348u,0.s) (success)
Params: n= 38
Tactic call make_Ts ran for 0.244 secs (0.244u,0.s)
Tactic call make_T ran for 0. secs (0.u,0.s)
Tactic call make_T_projs ran for 0.099 secs (0.099u,0.s)
Tactic call make_Build_T ran for 0.007 secs (0.007u,0.s)
Tactic call make_T_eta ran for 0.003 secs (0.003u,0.s)
Tactic call make_f_ty ran for 0.008 secs (0.008u,0.s)
Tactic call make_T_rect ran for 0.012 secs (0.012u,0.s)
Tactic call making ran for 0.367 secs (0.367u,0.s)
Tactic call constr-final-goal make_final_goal ran for 0. secs (0.u,0.s)
Tactic call everything ran for 0.371 secs (0.371u,0.s) (success)
Params: n= 39
Tactic call make_Ts ran for 0.263 secs (0.263u,0.s)
Tactic call make_T ran for 0. secs (0.u,0.s)
Tactic call make_T_projs ran for 0.101 secs (0.101u,0.s)
Tactic call make_Build_T ran for 0.007 secs (0.007u,0.s)
Tactic call make_T_eta ran for 0.003 secs (0.003u,0.s)
Tactic call make_f_ty ran for 0.008 secs (0.008u,0.s)
Tactic call make_T_rect ran for 0.012 secs (0.012u,0.s)
Tactic call making ran for 0.389 secs (0.389u,0.s)
Tactic call constr-final-goal make_final_goal ran for 0. secs (0.u,0.s)
Tactic call everything ran for 0.393 secs (0.393u,0.s) (success)
Params: n= 40
Tactic call make_Ts ran for 0.268 secs (0.268u,0.s)
Tactic call make_T ran for 0. secs (0.u,0.s)
Tactic call make_T_projs ran for 0.112 secs (0.112u,0.s)
Tactic call make_Build_T ran for 0.007 secs (0.007u,0.s)
Tactic call make_T_eta ran for 0.003 secs (0.003u,0.s)
Tactic call make_f_ty ran for 0.008 secs (0.008u,0.s)
Tactic call make_T_rect ran for 0.026 secs (0.026u,0.s)
Tactic call making ran for 0.419 secs (0.419u,0.s)
Tactic call constr-final-goal make_final_goal ran for 0. secs (0.u,0.s)
Tactic call everything ran for 0.423 secs (0.423u,0.s) (success)
Params: n= 41
Tactic call make_Ts ran for 0.289 secs (0.289u,0.s)
Tactic call make_T ran for 0. secs (0.u,0.s)
Tactic call make_T_projs ran for 0.107 secs (0.107u,0.s)
Tactic call make_Build_T ran for 0.019 secs (0.015u,0.003s)
Tactic call make_T_eta ran for 0.003 secs (0.003u,0.s)
Tactic call make_f_ty ran for 0.009 secs (0.009u,0.s)
Tactic call make_T_rect ran for 0.013 secs (0.013u,0.s)
Tactic call making ran for 0.434 secs (0.43u,0.003s)
Tactic call constr-final-goal make_final_goal ran for 0. secs (0.u,0.s)
Tactic call everything ran for 0.437 secs (0.433u,0.003s) (success)
Params: n= 42
Tactic call make_Ts ran for 0.328 secs (0.328u,0.s)
Tactic call make_T ran for 0. secs (0.u,0.s)
Tactic call make_T_projs ran for 0.127 secs (0.127u,0.s)
Tactic call make_Build_T ran for 0.008 secs (0.008u,0.s)
Tactic call make_T_eta ran for 0.004 secs (0.004u,0.s)
Tactic call make_f_ty ran for 0.009 secs (0.009u,0.s)
Tactic call make_T_rect ran for 0.013 secs (0.013u,0.s)
Tactic call making ran for 0.482 secs (0.482u,0.s)
Tactic call constr-final-goal make_final_goal ran for 0. secs (0.u,0.s)
Tactic call everything ran for 0.486 secs (0.486u,0.s) (success)
Params: n= 43
Tactic call make_Ts ran for 0.326 secs (0.326u,0.s)
Tactic call make_T ran for 0. secs (0.u,0.s)
Tactic call make_T_projs ran for 0.117 secs (0.117u,0.s)
Tactic call make_Build_T ran for 0.023 secs (0.023u,0.s)
Tactic call make_T_eta ran for 0.004 secs (0.004u,0.s)
Tactic call make_f_ty ran for 0.009 secs (0.009u,0.s)
Tactic call make_T_rect ran for 0.014 secs (0.014u,0.s)
Tactic call making ran for 0.486 secs (0.486u,0.s)
Tactic call constr-final-goal make_final_goal ran for 0. secs (0.u,0.s)
Tactic call everything ran for 0.49 secs (0.49u,0.s) (success)
Params: n= 44
Tactic call make_Ts ran for 0.34 secs (0.34u,0.s)
Tactic call make_T ran for 0. secs (0.u,0.s)
Tactic call make_T_projs ran for 0.14 secs (0.136u,0.003s)
Tactic call make_Build_T ran for 0.008 secs (0.008u,0.s)
Tactic call make_T_eta ran for 0.004 secs (0.004u,0.s)
Tactic call make_f_ty ran for 0.01 secs (0.01u,0.s)
Tactic call make_T_rect ran for 0.028 secs (0.028u,0.s)
Tactic call making ran for 0.522 secs (0.518u,0.003s)
Tactic call constr-final-goal make_final_goal ran for 0. secs (0.u,0.s)
Tactic call everything ran for 0.526 secs (0.522u,0.003s) (success)
Params: n= 45
Tactic call make_Ts ran for 0.353 secs (0.353u,0.s)
Tactic call make_T ran for 0. secs (0.u,0.s)
Tactic call make_T_projs ran for 0.148 secs (0.144u,0.003s)
Tactic call make_Build_T ran for 0.008 secs (0.008u,0.s)
Tactic call make_T_eta ran for 0.004 secs (0.004u,0.s)
Tactic call make_f_ty ran for 0.01 secs (0.01u,0.s)
Tactic call make_T_rect ran for 0.014 secs (0.014u,0.s)
Tactic call making ran for 0.531 secs (0.527u,0.004s)
Tactic call constr-final-goal make_final_goal ran for 0. secs (0.u,0.s)
Tactic call everything ran for 0.541 secs (0.537u,0.004s) (success)
Params: n= 46
Tactic call make_Ts ran for 0.368 secs (0.368u,0.s)
Tactic call make_T ran for 0. secs (0.u,0.s)
Tactic call make_T_projs ran for 0.153 secs (0.153u,0.s)
Tactic call make_Build_T ran for 0.008 secs (0.008u,0.s)
Tactic call make_T_eta ran for 0.004 secs (0.004u,0.s)
Tactic call make_f_ty ran for 0.01 secs (0.01u,0.s)
Tactic call make_T_rect ran for 0.014 secs (0.014u,0.s)
Tactic call making ran for 0.55 secs (0.55u,0.s)
Tactic call constr-final-goal make_final_goal ran for 0. secs (0.u,0.s)
Tactic call everything ran for 0.558 secs (0.558u,0.s) (success)
Params: n= 47
Tactic call make_Ts ran for 0.385 secs (0.385u,0.s)
Tactic call make_T ran for 0. secs (0.u,0.s)
Tactic call make_T_projs ran for 0.159 secs (0.156u,0.003s)
Tactic call make_Build_T ran for 0.009 secs (0.009u,0.s)
Tactic call make_T_eta ran for 0.004 secs (0.004u,0.s)
Tactic call make_f_ty ran for 0.014 secs (0.014u,0.s)
Tactic call make_T_rect ran for 0.019 secs (0.019u,0.s)
Tactic call making ran for 0.579 secs (0.575u,0.003s)
Tactic call constr-final-goal make_final_goal ran for 0. secs (0.u,0.s)
Tactic call everything ran for 0.583 secs (0.579u,0.003s) (success)
Params: n= 48
Tactic call make_Ts ran for 0.418 secs (0.418u,0.s)
Tactic call make_T ran for 0. secs (0.u,0.s)
Tactic call make_T_projs ran for 0.161 secs (0.161u,0.s)
Tactic call make_Build_T ran for 0.009 secs (0.009u,0.s)
Tactic call make_T_eta ran for 0.004 secs (0.004u,0.s)
Tactic call make_f_ty ran for 0.01 secs (0.01u,0.s)
Tactic call make_T_rect ran for 0.016 secs (0.016u,0.s)
Tactic call making ran for 0.611 secs (0.611u,0.s)
Tactic call constr-final-goal make_final_goal ran for 0. secs (0.u,0.s)
Tactic call everything ran for 0.615 secs (0.615u,0.s) (success)
Params: n= 49
Tactic call make_Ts ran for 0.437 secs (0.433u,0.003s)
Tactic call make_T ran for 0. secs (0.u,0.s)
Tactic call make_T_projs ran for 0.175 secs (0.175u,0.s)
Tactic call make_Build_T ran for 0.01 secs (0.01u,0.s)
Tactic call make_T_eta ran for 0.004 secs (0.004u,0.s)
Tactic call make_f_ty ran for 0.022 secs (0.022u,0.s)
Tactic call make_T_rect ran for 0.027 secs (0.027u,0.s)
Tactic call making ran for 0.656 secs (0.652u,0.003s)
Tactic call constr-final-goal make_final_goal ran for 0. secs (0.u,0.s)
Tactic call everything ran for 0.661 secs (0.657u,0.003s) (success)
Params: n= 50
Tactic call make_Ts ran for 0.459 secs (0.459u,0.s)
Tactic call make_T ran for 0. secs (0.u,0.s)
Tactic call make_T_projs ran for 0.188 secs (0.188u,0.s)
Tactic call make_Build_T ran for 0.01 secs (0.01u,0.s)
Tactic call make_T_eta ran for 0.004 secs (0.004u,0.s)
Tactic call make_f_ty ran for 0.011 secs (0.011u,0.s)
Tactic call make_T_rect ran for 0.016 secs (0.016u,0.s)
Tactic call making ran for 0.681 secs (0.681u,0.s)
Tactic call constr-final-goal make_final_goal ran for 0. secs (0.u,0.s)
Tactic call everything ran for 0.69 secs (0.69u,0.s) (success)
Params: n= 51
Tactic call make_Ts ran for 0.493 secs (0.489u,0.003s)
Tactic call make_T ran for 0. secs (0.u,0.s)
Tactic call make_T_projs ran for 0.203 secs (0.203u,0.s)
Tactic call make_Build_T ran for 0.01 secs (0.01u,0.s)
Tactic call make_T_eta ran for 0.005 secs (0.005u,0.s)
Tactic call make_f_ty ran for 0.011 secs (0.011u,0.s)
Tactic call make_T_rect ran for 0.017 secs (0.017u,0.s)
Tactic call making ran for 0.73 secs (0.726u,0.003s)
Tactic call constr-final-goal make_final_goal ran for 0. secs (0.u,0.s)
Tactic call everything ran for 0.744 secs (0.74u,0.003s) (success)
Params: n= 52
Tactic call make_Ts ran for 0.515 secs (0.515u,0.s)
Tactic call make_T ran for 0. secs (0.u,0.s)
Tactic call make_T_projs ran for 0.199 secs (0.199u,0.s)
Tactic call make_Build_T ran for 0.01 secs (0.01u,0.s)
Tactic call make_T_eta ran for 0.004 secs (0.004u,0.s)
Tactic call make_f_ty ran for 0.011 secs (0.011u,0.s)
Tactic call make_T_rect ran for 0.023 secs (0.023u,0.s)
Tactic call making ran for 0.755 secs (0.755u,0.s)
Tactic call constr-final-goal make_final_goal ran for 0. secs (0.u,0.s)
Tactic call everything ran for 0.759 secs (0.759u,0.s) (success)
Params: n= 53
Tactic call make_Ts ran for 0.553 secs (0.553u,0.s)
Tactic call make_T ran for 0. secs (0.u,0.s)
Tactic call make_T_projs ran for 0.22 secs (0.22u,0.s)
Tactic call make_Build_T ran for 0.02 secs (0.02u,0.s)
Tactic call make_T_eta ran for 0.005 secs (0.005u,0.s)
Tactic call make_f_ty ran for 0.012 secs (0.012u,0.s)
Tactic call make_T_rect ran for 0.018 secs (0.018u,0.s)
Tactic call making ran for 0.818 secs (0.818u,0.s)
Tactic call constr-final-goal make_final_goal ran for 0. secs (0.u,0.s)
Tactic call everything ran for 0.823 secs (0.823u,0.s) (success)
Params: n= 54
Tactic call make_Ts ran for 0.572 secs (0.572u,0.s)
Tactic call make_T ran for 0. secs (0.u,0.s)
Tactic call make_T_projs ran for 0.229 secs (0.229u,0.s)
Tactic call make_Build_T ran for 0.011 secs (0.011u,0.s)
Tactic call make_T_eta ran for 0.005 secs (0.005u,0.s)
Tactic call make_f_ty ran for 0.012 secs (0.012u,0.s)
Tactic call make_T_rect ran for 0.018 secs (0.018u,0.s)
Tactic call making ran for 0.839 secs (0.839u,0.s)
Tactic call constr-final-goal make_final_goal ran for 0. secs (0.u,0.s)
Tactic call everything ran for 0.854 secs (0.854u,0.s) (success)
Params: n= 55
Tactic call make_Ts ran for 0.591 secs (0.591u,0.s)
Tactic call make_T ran for 0. secs (0.u,0.s)
Tactic call make_T_projs ran for 0.25 secs (0.25u,0.s)
Tactic call make_Build_T ran for 0.011 secs (0.011u,0.s)
Tactic call make_T_eta ran for 0.005 secs (0.005u,0.s)
Tactic call make_f_ty ran for 0.013 secs (0.013u,0.s)
Tactic call make_T_rect ran for 0.018 secs (0.018u,0.s)
Tactic call making ran for 0.879 secs (0.878u,0.s)
Tactic call constr-final-goal make_final_goal ran for 0. secs (0.u,0.s)
Tactic call everything ran for 0.883 secs (0.883u,0.s) (success)
Params: n= 56
Tactic call make_Ts ran for 0.634 secs (0.634u,0.s)
Tactic call make_T ran for 0. secs (0.u,0.s)
Tactic call make_T_projs ran for 0.263 secs (0.263u,0.s)
Tactic call make_Build_T ran for 0.011 secs (0.011u,0.s)
Tactic call make_T_eta ran for 0.005 secs (0.005u,0.s)
Tactic call make_f_ty ran for 0.014 secs (0.014u,0.s)
Tactic call make_T_rect ran for 0.019 secs (0.019u,0.s)
Tactic call making ran for 0.935 secs (0.935u,0.s)
Tactic call constr-final-goal make_final_goal ran for 0. secs (0.u,0.s)
Tactic call everything ran for 0.94 secs (0.94u,0.s) (success)
Params: n= 57
Tactic call make_Ts ran for 0.661 secs (0.661u,0.s)
Tactic call make_T ran for 0. secs (0.u,0.s)
Tactic call make_T_projs ran for 0.272 secs (0.272u,0.s)
Tactic call make_Build_T ran for 0.012 secs (0.012u,0.s)
Tactic call make_T_eta ran for 0.005 secs (0.005u,0.s)
Tactic call make_f_ty ran for 0.013 secs (0.013u,0.s)
Tactic call make_T_rect ran for 0.019 secs (0.019u,0.s)
Tactic call making ran for 0.971 secs (0.97u,0.s)
Tactic call constr-final-goal make_final_goal ran for 0. secs (0.u,0.s)
Tactic call everything ran for 0.984 secs (0.984u,0.s) (success)
Params: n= 58
Tactic call make_Ts ran for 0.684 secs (0.684u,0.s)
Tactic call make_T ran for 0. secs (0.u,0.s)
Tactic call make_T_projs ran for 0.285 secs (0.285u,0.s)
Tactic call make_Build_T ran for 0.02 secs (0.02u,0.s)
Tactic call make_T_eta ran for 0.005 secs (0.005u,0.s)
Tactic call make_f_ty ran for 0.013 secs (0.013u,0.s)
Tactic call make_T_rect ran for 0.019 secs (0.019u,0.s)
Tactic call making ran for 1.016 secs (1.016u,0.s)
Tactic call constr-final-goal make_final_goal ran for 0. secs (0.u,0.s)
Tactic call everything ran for 1.021 secs (1.021u,0.s) (success)
Params: n= 59
Tactic call make_Ts ran for 0.699 secs (0.699u,0.s)
Tactic call make_T ran for 0. secs (0.u,0.s)
Tactic call make_T_projs ran for 0.285 secs (0.285u,0.s)
Tactic call make_Build_T ran for 0.013 secs (0.013u,0.s)
Tactic call make_T_eta ran for 0.005 secs (0.005u,0.s)
Tactic call make_f_ty ran for 0.022 secs (0.022u,0.s)
Tactic call make_T_rect ran for 0.028 secs (0.028u,0.s)
Tactic call making ran for 1.033 secs (1.033u,0.s)
Tactic call constr-final-goal make_final_goal ran for 0. secs (0.u,0.s)
Tactic call everything ran for 1.039 secs (1.039u,0.s) (success)
