Params: n= 0
Tactic call repeat-destruct ran for 0. secs (0.u,0.s) (success)
Tactic call cbn ran for 0. secs (0.u,0.s) (success)
Params: n= 1
Tactic call repeat-destruct ran for 0. secs (0.u,0.s) (success)
Tactic call cbn ran for 0. secs (0.u,0.s) (success)
Params: n= 2
Tactic call repeat-destruct ran for 0.001 secs (0.001u,0.s) (success)
Tactic call cbn ran for 0. secs (0.u,0.s) (success)
Params: n= 3
Tactic call repeat-destruct ran for 0.003 secs (0.003u,0.s) (success)
Tactic call cbn ran for 0. secs (0.u,0.s) (success)
Params: n= 4
Tactic call repeat-destruct ran for 0.009 secs (0.006u,0.002s) (success)
Tactic call cbn ran for 0. secs (0.u,0.s) (success)
Params: n= 5
Tactic call repeat-destruct ran for 0.024 secs (0.016u,0.008s) (success)
Tactic call cbn ran for 0. secs (0.u,0.s) (success)
Params: n= 6
Tactic call repeat-destruct ran for 0.097 secs (0.089u,0.007s) (success)
Tactic call cbn ran for 0. secs (0.u,0.s) (success)
Params: n= 7
Tactic call repeat-destruct ran for 0.09 secs (0.09u,0.s) (success)
Tactic call cbn ran for 0. secs (0.u,0.s) (success)
Params: n= 8
Tactic call repeat-destruct ran for 0.228 secs (0.228u,0.s) (success)
Tactic call cbn ran for 0. secs (0.u,0.s) (success)
Params: n= 9
Tactic call repeat-destruct ran for 0.658 secs (0.645u,0.s) (success)
Tactic call cbn ran for 0.002 secs (0.002u,0.s) (success)
Params: n= 10
Tactic call repeat-destruct ran for 1.556 secs (1.548u,0.007s) (success)
Tactic call cbn ran for 0.008 secs (0.008u,0.s) (success)
Params: n= 11
Tactic call repeat-destruct ran for 3.589 secs (3.581u,0.008s) (success)
Tactic call cbn ran for 0.033 secs (0.033u,0.s) (success)
Params: n= 12
Tactic call repeat-destruct ran for 8.131 secs (8.111u,0.02s) (success)
Tactic call cbn ran for 0.069 secs (0.069u,0.s) (success)
Params: n= 13
Tactic call repeat-destruct ran for 17.338 secs (17.314u,0.023s) (success)
Tactic call cbn ran for 0.158 secs (0.158u,0.s) (success)
