Params: n= 7000
Tactic call build ran for 0.148 secs (0.145u,0.003s)
Tactic call to_constr ran for 0.539 secs (0.467u,0.072s)
Tactic call type_of ran for 0.78 secs (0.78u,0.s)
Tactic call refine ran for 0.308 secs (0.308u,0.s) (success)
Tactic call build-and-refine ran for 1.776 secs (1.7u,0.076s) (success)
Params: n= 7100
Tactic call build ran for 0.143 secs (0.139u,0.003s)
Tactic call to_constr ran for 0.647 secs (0.587u,0.059s)
Tactic call type_of ran for 0.859 secs (0.859u,0.s)
Tactic call refine ran for 0.318 secs (0.318u,0.s) (success)
Tactic call build-and-refine ran for 1.97 secs (1.906u,0.063s) (success)
Params: n= 7200
Tactic call build ran for 0.138 secs (0.138u,0.s)
Tactic call to_constr ran for 0.791 secs (0.74u,0.051s)
Tactic call type_of ran for 0.689 secs (0.689u,0.s)
Tactic call refine ran for 0.327 secs (0.327u,0.s) (success)
Tactic call build-and-refine ran for 1.948 secs (1.896u,0.052s) (success)
Params: n= 7300
Tactic call build ran for 0.173 secs (0.169u,0.004s)
Tactic call to_constr ran for 0.483 secs (0.467u,0.015s)
Tactic call type_of ran for 1.164 secs (1.164u,0.s)
Tactic call refine ran for 0.337 secs (0.337u,0.s) (success)
Tactic call build-and-refine ran for 2.159 secs (2.139u,0.02s) (success)
Params: n= 7400
Tactic call build ran for 0.167 secs (0.167u,0.s)
Tactic call to_constr ran for 0.52 secs (0.476u,0.044s)
Tactic call type_of ran for 1.315 secs (1.315u,0.s)
Tactic call refine ran for 0.346 secs (0.346u,0.s) (success)
Tactic call build-and-refine ran for 2.35 secs (2.306u,0.044s) (success)
Params: n= 7500
Tactic call build ran for 0.138 secs (0.138u,0.s)
Tactic call to_constr ran for 0.552 secs (0.476u,0.075s)
Tactic call type_of ran for 1.244 secs (1.244u,0.s)
Tactic call refine ran for 0.357 secs (0.357u,0.s) (success)
Tactic call build-and-refine ran for 2.292 secs (2.216u,0.075s) (success)
Params: n= 7600
Tactic call build ran for 0.14 secs (0.14u,0.s)
Tactic call to_constr ran for 0.52 secs (0.508u,0.011s)
Tactic call type_of ran for 1.319 secs (1.319u,0.s)
Tactic call refine ran for 0.366 secs (0.366u,0.s) (success)
Tactic call build-and-refine ran for 2.347 secs (2.335u,0.011s) (success)
Params: n= 7700
Tactic call build ran for 0.174 secs (0.174u,0.s)
Tactic call to_constr ran for 0.616 secs (0.616u,0.s)
Tactic call type_of ran for 1.298 secs (1.298u,0.s)
Tactic call refine ran for 0.377 secs (0.377u,0.s) (success)
Tactic call build-and-refine ran for 2.466 secs (2.466u,0.s) (success)
Params: n= 7800
Tactic call build ran for 0.146 secs (0.146u,0.s)
Tactic call to_constr ran for 0.538 secs (0.534u,0.003s)
Tactic call type_of ran for 1.329 secs (1.329u,0.s)
Tactic call refine ran for 0.383 secs (0.383u,0.s) (success)
Tactic call build-and-refine ran for 2.399 secs (2.395u,0.003s) (success)
Params: n= 7900
Tactic call build ran for 0.17 secs (0.17u,0.s)
Tactic call to_constr ran for 1.244 secs (1.208u,0.036s)
Tactic call type_of ran for 1.064 secs (1.064u,0.s)
Tactic call refine ran for 0.394 secs (0.394u,0.s) (success)
Tactic call build-and-refine ran for 2.874 secs (2.838u,0.036s) (success)
Params: n= 8000
Tactic call build ran for 0.156 secs (0.156u,0.s)
Tactic call to_constr ran for 0.619 secs (0.579u,0.039s)
Tactic call type_of ran for 1.394 secs (1.393u,0.s)
Tactic call refine ran for 0.405 secs (0.405u,0.s) (success)
Tactic call build-and-refine ran for 2.575 secs (2.535u,0.039s) (success)
Params: n= 8100
Tactic call build ran for 0.155 secs (0.151u,0.003s)
Tactic call to_constr ran for 0.647 secs (0.59u,0.056s)
Tactic call type_of ran for 1.441 secs (1.441u,0.s)
Tactic call refine ran for 0.415 secs (0.415u,0.s) (success)
Tactic call build-and-refine ran for 2.659 secs (2.599u,0.06s) (success)
Params: n= 8200
Tactic call build ran for 0.177 secs (0.177u,0.s)
Tactic call to_constr ran for 1.248 secs (1.18u,0.067s)
Tactic call type_of ran for 0.882 secs (0.882u,0.s)
Tactic call refine ran for 0.424 secs (0.424u,0.s) (success)
Tactic call build-and-refine ran for 2.732 secs (2.664u,0.067s) (success)
Params: n= 8300
Tactic call build ran for 0.185 secs (0.181u,0.004s)
Tactic call to_constr ran for 1.361 secs (1.281u,0.079s)
Tactic call type_of ran for 0.902 secs (0.902u,0.s)
Tactic call refine ran for 0.436 secs (0.436u,0.s) (success)
Tactic call build-and-refine ran for 2.886 secs (2.802u,0.084s) (success)
Params: n= 8400
Tactic call build ran for 0.156 secs (0.156u,0.s)
Tactic call to_constr ran for 1.335 secs (1.283u,0.051s)
Tactic call type_of ran for 0.927 secs (0.923u,0.003s)
Tactic call refine ran for 0.447 secs (0.447u,0.s) (success)
Tactic call build-and-refine ran for 2.867 secs (2.811u,0.055s) (success)
Params: n= 8500
Tactic call build ran for 0.153 secs (0.145u,0.007s)
Tactic call to_constr ran for 1.872 secs (1.76u,0.112s)
Tactic call type_of ran for 1.008 secs (1.008u,0.s)
Tactic call refine ran for 0.459 secs (0.459u,0.s) (success)
Tactic call build-and-refine ran for 3.493 secs (3.373u,0.12s) (success)
Params: n= 8600
Tactic call build ran for 0.18 secs (0.18u,0.s)
Tactic call to_constr ran for 1.279 secs (1.275u,0.003s)
Tactic call type_of ran for 0.972 secs (0.972u,0.s)
Tactic call refine ran for 0.467 secs (0.467u,0.s) (success)
Tactic call build-and-refine ran for 2.899 secs (2.895u,0.003s) (success)
Params: n= 8700
Tactic call build ran for 0.176 secs (0.176u,0.s)
Tactic call to_constr ran for 1.366 secs (1.29u,0.076s)
Tactic call type_of ran for 0.997 secs (0.997u,0.s)
Tactic call refine ran for 0.479 secs (0.479u,0.s) (success)
Tactic call build-and-refine ran for 3.019 secs (2.943u,0.076s) (success)
Params: n= 8800
Tactic call build ran for 0.159 secs (0.156u,0.003s)
Tactic call to_constr ran for 1.324 secs (1.28u,0.044s)
Tactic call type_of ran for 1.117 secs (1.117u,0.s)
Tactic call refine ran for 0.49 secs (0.49u,0.s) (success)
Tactic call build-and-refine ran for 3.092 secs (3.044u,0.047s) (success)
Params: n= 8900
Tactic call build ran for 0.182 secs (0.182u,0.s)
Tactic call to_constr ran for 1.351 secs (1.287u,0.063s)
Tactic call type_of ran for 1.041 secs (1.041u,0.s)
Tactic call refine ran for 0.501 secs (0.501u,0.s) (success)
Tactic call build-and-refine ran for 3.076 secs (3.012u,0.064s) (success)
Params: n= 9000
Tactic call build ran for 0.183 secs (0.171u,0.011s)
Tactic call to_constr ran for 1.4 secs (1.368u,0.032s)
Tactic call type_of ran for 1.067 secs (1.067u,0.s)
Tactic call refine ran for 0.513 secs (0.513u,0.s) (success)
Tactic call build-and-refine ran for 3.165 secs (3.121u,0.043s) (success)
Params: n= 9100
Tactic call build ran for 0.17 secs (0.17u,0.s)
Tactic call to_constr ran for 1.912 secs (1.856u,0.055s)
Tactic call type_of ran for 1.209 secs (1.209u,0.s)
Tactic call refine ran for 0.527 secs (0.527u,0.s) (success)
Tactic call build-and-refine ran for 3.819 secs (3.763u,0.055s) (success)
Params: n= 9200
Tactic call build ran for 0.175 secs (0.175u,0.s)
Tactic call to_constr ran for 1.398 secs (1.37u,0.027s)
Tactic call type_of ran for 1.117 secs (1.117u,0.s)
Tactic call refine ran for 0.537 secs (0.537u,0.s) (success)
Tactic call build-and-refine ran for 3.229 secs (3.201u,0.028s) (success)
Params: n= 9300
Tactic call build ran for 0.172 secs (0.164u,0.007s)
Tactic call to_constr ran for 1.54 secs (1.44u,0.1s)
Tactic call type_of ran for 1.137 secs (1.137u,0.s)
Tactic call refine ran for 0.548 secs (0.548u,0.s) (success)
Tactic call build-and-refine ran for 3.399 secs (3.291u,0.107s) (success)
Params: n= 9400
Tactic call build ran for 0.19 secs (0.186u,0.003s)
Tactic call to_constr ran for 1.099 secs (1.059u,0.039s)
Tactic call type_of ran for 1.26 secs (1.26u,0.s)
Tactic call refine ran for 0.562 secs (0.562u,0.s) (success)
Tactic call build-and-refine ran for 3.112 secs (3.068u,0.043s) (success)
Params: n= 9500
Tactic call build ran for 0.177 secs (0.177u,0.s)
Tactic call to_constr ran for 1.038 secs (1.026u,0.011s)
Tactic call type_of ran for 1.327 secs (1.327u,0.s)
Tactic call refine ran for 0.574 secs (0.574u,0.s) (success)
Tactic call build-and-refine ran for 3.117 secs (3.105u,0.011s) (success)
Params: n= 9600
Tactic call build ran for 0.181 secs (0.181u,0.s)
Tactic call to_constr ran for 0.942 secs (0.898u,0.043s)
Tactic call type_of ran for 1.576 secs (1.576u,0.s)
Tactic call refine ran for 0.586 secs (0.586u,0.s) (success)
Tactic call build-and-refine ran for 3.286 secs (3.242u,0.044s) (success)
Params: n= 9700
Tactic call build ran for 0.181 secs (0.181u,0.s)
Tactic call to_constr ran for 1.791 secs (1.711u,0.079s)
Tactic call type_of ran for 1.248 secs (1.248u,0.s)
Tactic call refine ran for 0.599 secs (0.599u,0.s) (success)
Tactic call build-and-refine ran for 3.821 secs (3.741u,0.079s) (success)
Params: n= 9800
Tactic call build ran for 0.309 secs (0.309u,0.s)
Tactic call to_constr ran for 0.945 secs (0.857u,0.087s)
Tactic call type_of ran for 2.053 secs (2.053u,0.s)
Tactic call refine ran for 0.609 secs (0.609u,0.s) (success)
Tactic call build-and-refine ran for 3.918 secs (3.829u,0.088s) (success)
Params: n= 9900
Tactic call build ran for 0.19 secs (0.186u,0.003s)
Tactic call to_constr ran for 1.675 secs (1.571u,0.103s)
Tactic call type_of ran for 1.304 secs (1.304u,0.s)
Tactic call refine ran for 0.623 secs (0.623u,0.s) (success)
Tactic call build-and-refine ran for 3.792 secs (3.684u,0.107s) (success)
Params: n= 10000
Tactic call build ran for 0.213 secs (0.201u,0.011s)
Tactic call to_constr ran for 0.971 secs (0.899u,0.071s)
Tactic call type_of ran for 2.207 secs (2.207u,0.s)
Tactic call refine ran for 0.636 secs (0.636u,0.s) (success)
Tactic call build-and-refine ran for 4.028 secs (3.944u,0.083s) (success)
Params: n= 10100
Tactic call build ran for 0.801 secs (0.753u,0.047s)
Tactic call to_constr ran for 1.612 secs (1.596u,0.016s)
Tactic call type_of ran for 1.364 secs (1.364u,0.s)
Tactic call refine ran for 0.65 secs (0.65u,0.s) (success)
Tactic call build-and-refine ran for 4.428 secs (4.364u,0.064s) (success)
Params: n= 10200
Tactic call build ran for 0.217 secs (0.217u,0.s)
Tactic call to_constr ran for 1.041 secs (0.977u,0.063s)
Tactic call type_of ran for 2.279 secs (2.279u,0.s)
Tactic call refine ran for 0.66 secs (0.66u,0.s) (success)
Tactic call build-and-refine ran for 4.199 secs (4.135u,0.063s) (success)
Params: n= 10300
Tactic call build ran for 0.239 secs (0.239u,0.s)
Tactic call to_constr ran for 1.651 secs (1.563u,0.087s)
Tactic call type_of ran for 1.426 secs (1.426u,0.s)
Tactic call refine ran for 0.675 secs (0.675u,0.s) (success)
Tactic call build-and-refine ran for 3.992 secs (3.904u,0.088s) (success)
Params: n= 10400
Tactic call build ran for 0.218 secs (0.214u,0.004s)
Tactic call to_constr ran for 1.071 secs (0.995u,0.075s)
Tactic call type_of ran for 2.344 secs (2.344u,0.s)
Tactic call refine ran for 0.689 secs (0.689u,0.s) (success)
Tactic call build-and-refine ran for 4.324 secs (4.244u,0.08s) (success)
Params: n= 10500
Tactic call build ran for 0.879 secs (0.795u,0.083s)
Tactic call to_constr ran for 1.603 secs (1.571u,0.031s)
Tactic call type_of ran for 1.479 secs (1.479u,0.s)
Tactic call refine ran for 0.701 secs (0.701u,0.s) (success)
Tactic call build-and-refine ran for 4.664 secs (4.548u,0.116s) (success)
Params: n= 10600
Tactic call build ran for 0.224 secs (0.22u,0.003s)
Tactic call to_constr ran for 1.108 secs (0.996u,0.112s)
Tactic call type_of ran for 2.512 secs (2.512u,0.s)
Tactic call refine ran for 0.714 secs (0.714u,0.s) (success)
Tactic call build-and-refine ran for 4.559 secs (4.443u,0.115s) (success)
Params: n= 10700
Tactic call build ran for 0.247 secs (0.243u,0.003s)
Tactic call to_constr ran for 1.771 secs (1.691u,0.079s)
Tactic call type_of ran for 1.547 secs (1.547u,0.s)
Tactic call refine ran for 0.73 secs (0.73u,0.s) (success)
Tactic call build-and-refine ran for 4.296 secs (4.212u,0.083s) (success)
Params: n= 10800
Tactic call build ran for 0.227 secs (0.223u,0.003s)
Tactic call to_constr ran for 1.108 secs (1.032u,0.076s)
Tactic call type_of ran for 2.519 secs (2.519u,0.s)
Tactic call refine ran for 0.744 secs (0.744u,0.s) (success)
Tactic call build-and-refine ran for 4.599 secs (4.519u,0.08s) (success)
Params: n= 10900
Tactic call build ran for 0.227 secs (0.227u,0.s)
Tactic call to_constr ran for 1.616 secs (1.588u,0.028s)
Tactic call type_of ran for 1.651 secs (1.651u,0.s)
Tactic call refine ran for 0.759 secs (0.759u,0.s) (success)
Tactic call build-and-refine ran for 4.255 secs (4.227u,0.028s) (success)
Params: n= 11000
Tactic call build ran for 0.23 secs (0.222u,0.007s)
Tactic call to_constr ran for 2.147 secs (2.035u,0.111s)
Tactic call type_of ran for 1.728 secs (1.728u,0.s)
Tactic call refine ran for 0.771 secs (0.771u,0.s) (success)
Tactic call build-and-refine ran for 4.878 secs (4.758u,0.119s) (success)
Params: n= 11100
Tactic call build ran for 0.222 secs (0.222u,0.s)
Tactic call to_constr ran for 1.923 secs (1.847u,0.075s)
Tactic call type_of ran for 1.634 secs (1.634u,0.s)
Tactic call refine ran for 0.784 secs (0.784u,0.s) (success)
Tactic call build-and-refine ran for 4.565 secs (4.489u,0.076s) (success)
Params: n= 11200
Tactic call build ran for 0.234 secs (0.234u,0.s)
Tactic call to_constr ran for 1.283 secs (1.243u,0.039s)
Tactic call type_of ran for 2.196 secs (2.196u,0.s)
Tactic call refine ran for 0.82 secs (0.82u,0.s) (success)
Tactic call build-and-refine ran for 4.534 secs (4.494u,0.039s) (success)
Params: n= 11300
Tactic call build ran for 0.237 secs (0.233u,0.004s)
Tactic call to_constr ran for 1.844 secs (1.728u,0.116s)
Tactic call type_of ran for 1.737 secs (1.737u,0.s)
Tactic call refine ran for 0.816 secs (0.816u,0.s) (success)
Tactic call build-and-refine ran for 4.635 secs (4.515u,0.12s) (success)
Params: n= 11400
Tactic call build ran for 0.258 secs (0.254u,0.003s)
Tactic call to_constr ran for 1.352 secs (1.208u,0.144s)
Tactic call type_of ran for 2.695 secs (2.695u,0.s)
Tactic call refine ran for 0.87 secs (0.87u,0.s) (success)
Tactic call build-and-refine ran for 5.176 secs (5.028u,0.148s) (success)
Params: n= 11500
Tactic call build ran for 0.238 secs (0.234u,0.003s)
Tactic call to_constr ran for 1.801 secs (1.729u,0.071s)
Tactic call type_of ran for 1.827 secs (1.827u,0.s)
Tactic call refine ran for 0.844 secs (0.844u,0.s) (success)
Tactic call build-and-refine ran for 4.711 secs (4.635u,0.075s) (success)
Params: n= 11600
Tactic call build ran for 0.247 secs (0.247u,0.s)
Tactic call to_constr ran for 2.499 secs (2.475u,0.024s)
Tactic call type_of ran for 1.777 secs (1.777u,0.s)
Tactic call refine ran for 0.859 secs (0.859u,0.s) (success)
Tactic call build-and-refine ran for 5.384 secs (5.36u,0.024s) (success)
Params: n= 11700
Tactic call build ran for 0.241 secs (0.241u,0.s)
Tactic call to_constr ran for 2.003 secs (1.915u,0.087s)
Tactic call type_of ran for 1.839 secs (1.839u,0.s)
Tactic call refine ran for 0.874 secs (0.874u,0.s) (success)
Tactic call build-and-refine ran for 4.958 secs (4.87u,0.087s) (success)
Params: n= 11800
Tactic call build ran for 0.273 secs (0.269u,0.003s)
Tactic call to_constr ran for 2.007 secs (1.907u,0.099s)
Tactic call type_of ran for 1.838 secs (1.838u,0.s)
Tactic call refine ran for 0.892 secs (0.892u,0.s) (success)
Tactic call build-and-refine ran for 5.012 secs (4.908u,0.104s) (success)
Params: n= 11900
Tactic call build ran for 0.242 secs (0.242u,0.s)
Tactic call to_constr ran for 2.611 secs (2.499u,0.111s)
Tactic call type_of ran for 1.952 secs (1.952u,0.s)
Tactic call refine ran for 0.904 secs (0.904u,0.s) (success)
Tactic call build-and-refine ran for 5.712 secs (5.6u,0.111s) (success)
Params: n= 12000
Tactic call build ran for 0.258 secs (0.258u,0.s)
Tactic call to_constr ran for 1.966 secs (1.898u,0.068s)
Tactic call type_of ran for 1.908 secs (1.908u,0.s)
Tactic call refine ran for 0.922 secs (0.922u,0.s) (success)
Tactic call build-and-refine ran for 5.056 secs (4.988u,0.068s) (success)
Params: n= 12100
Tactic call build ran for 0.233 secs (0.229u,0.003s)
Tactic call to_constr ran for 2.005 secs (1.852u,0.152s)
Tactic call type_of ran for 2.044 secs (2.044u,0.s)
Tactic call refine ran for 0.935 secs (0.935u,0.s) (success)
Tactic call build-and-refine ran for 5.218 secs (5.062u,0.156s) (success)
Params: n= 12200
Tactic call build ran for 0.251 secs (0.251u,0.s)
Tactic call to_constr ran for 2.742 secs (2.554u,0.187s)
Tactic call type_of ran for 2.095 secs (2.095u,0.s)
Tactic call refine ran for 0.954 secs (0.954u,0.s) (success)
Tactic call build-and-refine ran for 6.044 secs (5.856u,0.187s) (success)
Params: n= 12300
Tactic call build ran for 0.231 secs (0.231u,0.s)
Tactic call to_constr ran for 2.024 secs (1.948u,0.076s)
Tactic call type_of ran for 2.006 secs (2.006u,0.s)
Tactic call refine ran for 0.968 secs (0.968u,0.s) (success)
Tactic call build-and-refine ran for 5.231 secs (5.155u,0.076s) (success)
Params: n= 12400
Tactic call build ran for 0.289 secs (0.289u,0.s)
Tactic call to_constr ran for 2.686 secs (2.538u,0.147s)
Tactic call type_of ran for 2.021 secs (2.021u,0.s)
Tactic call refine ran for 0.979 secs (0.979u,0.s) (success)
Tactic call build-and-refine ran for 5.978 secs (5.83u,0.148s) (success)
Params: n= 12500
Tactic call build ran for 0.232 secs (0.22u,0.012s)
Tactic call to_constr ran for 1.968 secs (1.908u,0.059s)
Tactic call type_of ran for 2.204 secs (2.204u,0.s)
Tactic call refine ran for 0.998 secs (0.998u,0.s) (success)
Tactic call build-and-refine ran for 5.403 secs (5.331u,0.071s) (success)
Params: n= 12600
Tactic call build ran for 0.244 secs (0.244u,0.s)
Tactic call to_constr ran for 2.565 secs (2.492u,0.071s)
Tactic call type_of ran for 2.239 secs (2.239u,0.s)
Tactic call refine ran for 1.019 secs (1.019u,0.s) (success)
Tactic call build-and-refine ran for 6.068 secs (5.996u,0.071s) (success)
Params: n= 12700
Tactic call build ran for 0.233 secs (0.233u,0.s)
Tactic call to_constr ran for 2.004 secs (1.916u,0.087s)
Tactic call type_of ran for 2.141 secs (2.141u,0.s)
Tactic call refine ran for 1.033 secs (1.033u,0.s) (success)
Tactic call build-and-refine ran for 5.413 secs (5.325u,0.087s) (success)
