Params: n= 0
Tactic call build ran for 0. secs (0.u,0.s)
Tactic call to_constr ran for 0. secs (0.u,0.s)
Tactic call type_of ran for 0. secs (0.u,0.s)
Tactic call refine ran for 0. secs (0.u,0.s) (success)
Tactic call build-and-refine ran for 0. secs (0.u,0.s) (success)
Params: n= 100
Tactic call build ran for 0.001 secs (0.001u,0.s)
Tactic call to_constr ran for 0. secs (0.u,0.s)
Tactic call type_of ran for 0. secs (0.u,0.s)
Tactic call refine ran for 0. secs (0.u,0.s) (success)
Tactic call build-and-refine ran for 0.002 secs (0.001u,0.s) (success)
Params: n= 200
Tactic call build ran for 0.003 secs (0.003u,0.s)
Tactic call to_constr ran for 0. secs (0.u,0.s)
Tactic call type_of ran for 0. secs (0.u,0.s)
Tactic call refine ran for 0. secs (0.u,0.s) (success)
Tactic call build-and-refine ran for 0.004 secs (0.004u,0.s) (success)
Params: n= 300
Tactic call build ran for 0.004 secs (0.004u,0.s)
Tactic call to_constr ran for 0.001 secs (0.001u,0.s)
Tactic call type_of ran for 0.077 secs (0.077u,0.s)
Tactic call refine ran for 0. secs (0.u,0.s) (success)
Tactic call build-and-refine ran for 0.084 secs (0.084u,0.s) (success)
Params: n= 400
Tactic call build ran for 0.006 secs (0.006u,0.s)
Tactic call to_constr ran for 0.002 secs (0.u,0.002s)
Tactic call type_of ran for 0.002 secs (0.u,0.001s)
Tactic call refine ran for 0. secs (0.u,0.s) (success)
Tactic call build-and-refine ran for 0.011 secs (0.007u,0.003s) (success)
Params: n= 500
Tactic call build ran for 0.007 secs (0.007u,0.s)
Tactic call to_constr ran for 0.003 secs (0.003u,0.s)
Tactic call type_of ran for 0.007 secs (0.007u,0.s)
Tactic call refine ran for 0.001 secs (0.001u,0.s) (success)
Tactic call build-and-refine ran for 0.02 secs (0.02u,0.s) (success)
Params: n= 600
Tactic call build ran for 0.009 secs (0.009u,0.s)
Tactic call to_constr ran for 0.004 secs (0.004u,0.s)
Tactic call type_of ran for 0.005 secs (0.005u,0.s)
Tactic call refine ran for 0.001 secs (0.001u,0.s) (success)
Tactic call build-and-refine ran for 0.021 secs (0.021u,0.s) (success)
Params: n= 700
Tactic call build ran for 0.01 secs (0.01u,0.s)
Tactic call to_constr ran for 0.006 secs (0.002u,0.003s)
Tactic call type_of ran for 0.016 secs (0.016u,0.s)
Tactic call refine ran for 0.002 secs (0.002u,0.s) (success)
Tactic call build-and-refine ran for 0.036 secs (0.032u,0.003s) (success)
Params: n= 800
Tactic call build ran for 0.012 secs (0.012u,0.s)
Tactic call to_constr ran for 0.007 secs (0.007u,0.s)
Tactic call type_of ran for 0.009 secs (0.009u,0.s)
Tactic call refine ran for 0.003 secs (0.003u,0.s) (success)
Tactic call build-and-refine ran for 0.033 secs (0.033u,0.s) (success)
Params: n= 900
Tactic call build ran for 0.014 secs (0.014u,0.s)
Tactic call to_constr ran for 0.009 secs (0.009u,0.s)
Tactic call type_of ran for 0.027 secs (0.027u,0.s)
Tactic call refine ran for 0.004 secs (0.004u,0.s) (success)
Tactic call build-and-refine ran for 0.055 secs (0.055u,0.s) (success)
Params: n= 1000
Tactic call build ran for 0.015 secs (0.015u,0.s)
Tactic call to_constr ran for 0.011 secs (0.011u,0.s)
Tactic call type_of ran for 0.014 secs (0.014u,0.s)
Tactic call refine ran for 0.005 secs (0.005u,0.s) (success)
Tactic call build-and-refine ran for 0.047 secs (0.047u,0.s) (success)
Params: n= 1100
Tactic call build ran for 0.017 secs (0.017u,0.s)
Tactic call to_constr ran for 0.014 secs (0.014u,0.s)
Tactic call type_of ran for 0.039 secs (0.039u,0.s)
Tactic call refine ran for 0.006 secs (0.006u,0.s) (success)
Tactic call build-and-refine ran for 0.077 secs (0.077u,0.s) (success)
Params: n= 1200
Tactic call build ran for 0.018 secs (0.018u,0.s)
Tactic call to_constr ran for 0.016 secs (0.016u,0.s)
Tactic call type_of ran for 0.022 secs (0.022u,0.s)
Tactic call refine ran for 0.007 secs (0.007u,0.s) (success)
Tactic call build-and-refine ran for 0.065 secs (0.065u,0.s) (success)
Params: n= 1300
Tactic call build ran for 0.02 secs (0.02u,0.s)
Tactic call to_constr ran for 0.019 secs (0.015u,0.003s)
Tactic call type_of ran for 0.026 secs (0.026u,0.s)
Tactic call refine ran for 0.008 secs (0.008u,0.s) (success)
Tactic call build-and-refine ran for 0.075 secs (0.071u,0.003s) (success)
Params: n= 1400
Tactic call build ran for 0.021 secs (0.021u,0.s)
Tactic call to_constr ran for 0.023 secs (0.023u,0.s)
Tactic call type_of ran for 0.031 secs (0.031u,0.s)
Tactic call refine ran for 0.01 secs (0.01u,0.s) (success)
Tactic call build-and-refine ran for 0.086 secs (0.086u,0.s) (success)
Params: n= 1500
Tactic call build ran for 0.023 secs (0.023u,0.s)
Tactic call to_constr ran for 0.026 secs (0.018u,0.007s)
Tactic call type_of ran for 0.035 secs (0.035u,0.s)
Tactic call refine ran for 0.012 secs (0.012u,0.s) (success)
Tactic call build-and-refine ran for 0.097 secs (0.089u,0.007s) (success)
Params: n= 1600
Tactic call build ran for 0.024 secs (0.024u,0.s)
Tactic call to_constr ran for 0.029 secs (0.029u,0.s)
Tactic call type_of ran for 0.042 secs (0.042u,0.s)
Tactic call refine ran for 0.013 secs (0.013u,0.s) (success)
Tactic call build-and-refine ran for 0.111 secs (0.111u,0.s) (success)
Params: n= 1700
Tactic call build ran for 0.028 secs (0.028u,0.s)
Tactic call to_constr ran for 0.033 secs (0.033u,0.s)
Tactic call type_of ran for 0.047 secs (0.047u,0.s)
Tactic call refine ran for 0.015 secs (0.015u,0.s) (success)
Tactic call build-and-refine ran for 0.126 secs (0.126u,0.s) (success)
Params: n= 1800
Tactic call build ran for 0.03 secs (0.03u,0.s)
Tactic call to_constr ran for 0.038 secs (0.034u,0.004s)
Tactic call type_of ran for 0.055 secs (0.055u,0.s)
Tactic call refine ran for 0.017 secs (0.017u,0.s) (success)
Tactic call build-and-refine ran for 0.142 secs (0.137u,0.004s) (success)
Params: n= 1900
Tactic call build ran for 0.044 secs (0.044u,0.s)
Tactic call to_constr ran for 0.044 secs (0.044u,0.s)
Tactic call type_of ran for 0.062 secs (0.058u,0.003s)
Tactic call refine ran for 0.019 secs (0.019u,0.s) (success)
Tactic call build-and-refine ran for 0.17 secs (0.166u,0.003s) (success)
Params: n= 2000
Tactic call build ran for 0.046 secs (0.046u,0.s)
Tactic call to_constr ran for 0.048 secs (0.044u,0.004s)
Tactic call type_of ran for 0.069 secs (0.069u,0.s)
Tactic call refine ran for 0.021 secs (0.021u,0.s) (success)
Tactic call build-and-refine ran for 0.186 secs (0.182u,0.004s) (success)
Params: n= 2100
Tactic call build ran for 0.041 secs (0.037u,0.004s)
Tactic call to_constr ran for 0.046 secs (0.042u,0.003s)
Tactic call type_of ran for 0.136 secs (0.136u,0.s)
Tactic call refine ran for 0.024 secs (0.024u,0.s) (success)
Tactic call build-and-refine ran for 0.248 secs (0.24u,0.007s) (success)
Params: n= 2200
Tactic call build ran for 0.034 secs (0.034u,0.s)
Tactic call to_constr ran for 0.058 secs (0.054u,0.003s)
Tactic call type_of ran for 0.086 secs (0.086u,0.s)
Tactic call refine ran for 0.026 secs (0.026u,0.s) (success)
Tactic call build-and-refine ran for 0.207 secs (0.203u,0.004s) (success)
Params: n= 2300
Tactic call build ran for 0.077 secs (0.077u,0.s)
Tactic call to_constr ran for 0.063 secs (0.055u,0.007s)
Tactic call type_of ran for 0.103 secs (0.102u,0.s)
Tactic call refine ran for 0.029 secs (0.029u,0.s) (success)
Tactic call build-and-refine ran for 0.273 secs (0.265u,0.007s) (success)
Params: n= 2400
Tactic call build ran for 0.045 secs (0.045u,0.s)
Tactic call to_constr ran for 0.07 secs (0.066u,0.003s)
Tactic call type_of ran for 0.106 secs (0.106u,0.s)
Tactic call refine ran for 0.032 secs (0.032u,0.s) (success)
Tactic call build-and-refine ran for 0.255 secs (0.251u,0.004s) (success)
Params: n= 2500
Tactic call build ran for 0.039 secs (0.039u,0.s)
Tactic call to_constr ran for 0.075 secs (0.075u,0.s)
Tactic call type_of ran for 0.124 secs (0.124u,0.s)
Tactic call refine ran for 0.035 secs (0.035u,0.s) (success)
Tactic call build-and-refine ran for 0.275 secs (0.275u,0.s) (success)
Params: n= 2600
Tactic call build ran for 0.043 secs (0.043u,0.s)
Tactic call to_constr ran for 0.082 secs (0.078u,0.003s)
Tactic call type_of ran for 0.131 secs (0.131u,0.s)
Tactic call refine ran for 0.038 secs (0.038u,0.s) (success)
Tactic call build-and-refine ran for 0.296 secs (0.292u,0.003s) (success)
Params: n= 2700
Tactic call build ran for 0.045 secs (0.045u,0.s)
Tactic call to_constr ran for 0.084 secs (0.084u,0.s)
Tactic call type_of ran for 0.143 secs (0.143u,0.s)
Tactic call refine ran for 0.041 secs (0.041u,0.s) (success)
Tactic call build-and-refine ran for 0.315 secs (0.315u,0.s) (success)
Params: n= 2800
Tactic call build ran for 0.068 secs (0.067u,0.s)
Tactic call to_constr ran for 0.086 secs (0.086u,0.s)
Tactic call type_of ran for 0.157 secs (0.156u,0.s)
Tactic call refine ran for 0.045 secs (0.045u,0.s) (success)
Tactic call build-and-refine ran for 0.357 secs (0.356u,0.s) (success)
Params: n= 2900
Tactic call build ran for 0.063 secs (0.063u,0.s)
Tactic call to_constr ran for 0.076 secs (0.071u,0.003s)
Tactic call type_of ran for 0.264 secs (0.264u,0.s)
Tactic call refine ran for 0.048 secs (0.048u,0.s) (success)
Tactic call build-and-refine ran for 0.452 secs (0.448u,0.003s) (success)
Params: n= 3000
Tactic call build ran for 0.046 secs (0.046u,0.s)
Tactic call to_constr ran for 0.159 secs (0.159u,0.s)
Tactic call type_of ran for 0.124 secs (0.124u,0.s)
Tactic call refine ran for 0.052 secs (0.052u,0.s) (success)
Tactic call build-and-refine ran for 0.383 secs (0.383u,0.s) (success)
Params: n= 3100
Tactic call build ran for 0.049 secs (0.048u,0.s)
Tactic call to_constr ran for 0.144 secs (0.136u,0.007s)
Tactic call type_of ran for 0.121 secs (0.121u,0.s)
Tactic call refine ran for 0.056 secs (0.056u,0.s) (success)
Tactic call build-and-refine ran for 0.371 secs (0.362u,0.007s) (success)
Params: n= 3200
Tactic call build ran for 0.05 secs (0.05u,0.s)
Tactic call to_constr ran for 0.123 secs (0.111u,0.011s)
Tactic call type_of ran for 0.16 secs (0.16u,0.s)
Tactic call refine ran for 0.06 secs (0.06u,0.s) (success)
Tactic call build-and-refine ran for 0.394 secs (0.381u,0.011s) (success)
Params: n= 3300
Tactic call build ran for 0.053 secs (0.053u,0.s)
Tactic call to_constr ran for 0.117 secs (0.109u,0.008s)
Tactic call type_of ran for 0.223 secs (0.219u,0.003s)
Tactic call refine ran for 0.064 secs (0.064u,0.s) (success)
Tactic call build-and-refine ran for 0.459 secs (0.446u,0.012s) (success)
Params: n= 3400
Tactic call build ran for 0.057 secs (0.057u,0.s)
Tactic call to_constr ran for 0.106 secs (0.106u,0.s)
Tactic call type_of ran for 0.259 secs (0.259u,0.s)
Tactic call refine ran for 0.068 secs (0.068u,0.s) (success)
Tactic call build-and-refine ran for 0.491 secs (0.491u,0.s) (success)
Params: n= 3500
Tactic call build ran for 0.06 secs (0.06u,0.s)
Tactic call to_constr ran for 0.109 secs (0.109u,0.s)
Tactic call type_of ran for 0.351 secs (0.351u,0.s)
Tactic call refine ran for 0.073 secs (0.072u,0.s) (success)
Tactic call build-and-refine ran for 0.594 secs (0.594u,0.s) (success)
Params: n= 3600
Tactic call build ran for 0.061 secs (0.061u,0.s)
Tactic call to_constr ran for 0.115 secs (0.115u,0.s)
Tactic call type_of ran for 0.251 secs (0.251u,0.s)
Tactic call refine ran for 0.077 secs (0.077u,0.s) (success)
Tactic call build-and-refine ran for 0.506 secs (0.506u,0.s) (success)
Params: n= 3700
Tactic call build ran for 0.063 secs (0.063u,0.s)
Tactic call to_constr ran for 0.123 secs (0.123u,0.s)
Tactic call type_of ran for 0.287 secs (0.282u,0.003s)
Tactic call refine ran for 0.081 secs (0.081u,0.s) (success)
Tactic call build-and-refine ran for 0.556 secs (0.552u,0.004s) (success)
Params: n= 3800
Tactic call build ran for 0.066 secs (0.066u,0.s)
Tactic call to_constr ran for 0.146 secs (0.138u,0.007s)
Tactic call type_of ran for 0.295 secs (0.294u,0.s)
Tactic call refine ran for 0.087 secs (0.086u,0.s) (success)
Tactic call build-and-refine ran for 0.595 secs (0.586u,0.007s) (success)
Params: n= 3900
Tactic call build ran for 0.068 secs (0.068u,0.s)
Tactic call to_constr ran for 0.141 secs (0.133u,0.007s)
Tactic call type_of ran for 0.32 secs (0.319u,0.s)
Tactic call refine ran for 0.092 secs (0.091u,0.s) (success)
Tactic call build-and-refine ran for 0.622 secs (0.613u,0.007s) (success)
Params: n= 4000
Tactic call build ran for 0.07 secs (0.069u,0.s)
Tactic call to_constr ran for 0.142 secs (0.142u,0.s)
Tactic call type_of ran for 0.435 secs (0.434u,0.s)
Tactic call refine ran for 0.096 secs (0.096u,0.s) (success)
Tactic call build-and-refine ran for 0.745 secs (0.743u,0.s) (success)
Params: n= 4100
Tactic call build ran for 0.074 secs (0.074u,0.s)
Tactic call to_constr ran for 0.151 secs (0.15u,0.s)
Tactic call type_of ran for 0.342 secs (0.341u,0.s)
Tactic call refine ran for 0.103 secs (0.103u,0.s) (success)
Tactic call build-and-refine ran for 0.672 secs (0.67u,0.s) (success)
Params: n= 4200
Tactic call build ran for 0.075 secs (0.075u,0.s)
Tactic call to_constr ran for 0.295 secs (0.29u,0.003s)
Tactic call type_of ran for 0.227 secs (0.227u,0.s)
Tactic call refine ran for 0.107 secs (0.107u,0.s) (success)
Tactic call build-and-refine ran for 0.705 secs (0.7u,0.003s) (success)
Params: n= 4300
Tactic call build ran for 0.078 secs (0.07u,0.007s)
Tactic call to_constr ran for 0.188 secs (0.179u,0.007s)
Tactic call type_of ran for 0.412 secs (0.407u,0.003s)
Tactic call refine ran for 0.112 secs (0.112u,0.s) (success)
Tactic call build-and-refine ran for 0.791 secs (0.769u,0.019s) (success)
Params: n= 4400
Tactic call build ran for 0.082 secs (0.082u,0.s)
Tactic call to_constr ran for 0.174 secs (0.169u,0.003s)
Tactic call type_of ran for 0.414 secs (0.413u,0.s)
Tactic call refine ran for 0.118 secs (0.118u,0.s) (success)
Tactic call build-and-refine ran for 0.79 secs (0.784u,0.003s) (success)
Params: n= 4500
Tactic call build ran for 0.081 secs (0.081u,0.s)
Tactic call to_constr ran for 0.181 secs (0.18u,0.s)
Tactic call type_of ran for 0.542 secs (0.541u,0.s)
Tactic call refine ran for 0.124 secs (0.124u,0.s) (success)
Tactic call build-and-refine ran for 0.93 secs (0.927u,0.s) (success)
Params: n= 4600
Tactic call build ran for 0.083 secs (0.083u,0.s)
Tactic call to_constr ran for 0.188 secs (0.184u,0.003s)
Tactic call type_of ran for 0.454 secs (0.454u,0.s)
Tactic call refine ran for 0.13 secs (0.13u,0.s) (success)
Tactic call build-and-refine ran for 0.857 secs (0.853u,0.003s) (success)
Params: n= 4700
Tactic call build ran for 0.089 secs (0.089u,0.s)
Tactic call to_constr ran for 0.203 secs (0.202u,0.s)
Tactic call type_of ran for 0.475 secs (0.474u,0.s)
Tactic call refine ran for 0.135 secs (0.135u,0.s) (success)
Tactic call build-and-refine ran for 0.903 secs (0.902u,0.s) (success)
Params: n= 4800
Tactic call build ran for 0.094 secs (0.093u,0.s)
Tactic call to_constr ran for 0.206 secs (0.202u,0.003s)
Tactic call type_of ran for 0.479 secs (0.479u,0.s)
Tactic call refine ran for 0.142 secs (0.142u,0.s) (success)
Tactic call build-and-refine ran for 0.923 secs (0.918u,0.003s) (success)
Params: n= 4900
Tactic call build ran for 0.131 secs (0.131u,0.s)
Tactic call to_constr ran for 0.214 secs (0.214u,0.s)
Tactic call type_of ran for 0.589 secs (0.589u,0.s)
Tactic call refine ran for 0.148 secs (0.148u,0.s) (success)
Tactic call build-and-refine ran for 1.084 secs (1.083u,0.s) (success)
Params: n= 5000
Tactic call build ran for 0.092 secs (0.092u,0.s)
Tactic call to_constr ran for 0.222 secs (0.221u,0.s)
Tactic call type_of ran for 0.529 secs (0.529u,0.s)
Tactic call refine ran for 0.154 secs (0.154u,0.s) (success)
Tactic call build-and-refine ran for 0.999 secs (0.998u,0.s) (success)
Params: n= 5100
Tactic call build ran for 0.106 secs (0.106u,0.s)
Tactic call to_constr ran for 0.238 secs (0.238u,0.s)
Tactic call type_of ran for 0.561 secs (0.56u,0.s)
Tactic call refine ran for 0.168 secs (0.168u,0.s) (success)
Tactic call build-and-refine ran for 1.076 secs (1.075u,0.s) (success)
Params: n= 5200
Tactic call build ran for 0.139 secs (0.139u,0.s)
Tactic call to_constr ran for 0.238 secs (0.238u,0.s)
Tactic call type_of ran for 0.657 secs (0.656u,0.s)
Tactic call refine ran for 0.167 secs (0.167u,0.s) (success)
Tactic call build-and-refine ran for 1.202 secs (1.201u,0.s) (success)
Params: n= 5300
Tactic call build ran for 0.098 secs (0.098u,0.s)
Tactic call to_constr ran for 0.246 secs (0.246u,0.s)
Tactic call type_of ran for 0.584 secs (0.583u,0.s)
Tactic call refine ran for 0.172 secs (0.172u,0.s) (success)
Tactic call build-and-refine ran for 1.101 secs (1.1u,0.s) (success)
Params: n= 5400
Tactic call build ran for 0.115 secs (0.115u,0.s)
Tactic call to_constr ran for 0.258 secs (0.258u,0.s)
Tactic call type_of ran for 0.617 secs (0.616u,0.s)
Tactic call refine ran for 0.18 secs (0.18u,0.s) (success)
Tactic call build-and-refine ran for 1.172 secs (1.171u,0.s) (success)
Params: n= 5500
Tactic call build ran for 0.143 secs (0.143u,0.s)
Tactic call to_constr ran for 0.266 secs (0.266u,0.s)
Tactic call type_of ran for 0.731 secs (0.73u,0.s)
Tactic call refine ran for 0.187 secs (0.187u,0.s) (success)
Tactic call build-and-refine ran for 1.329 secs (1.328u,0.s) (success)
Params: n= 5600
Tactic call build ran for 0.105 secs (0.105u,0.s)
Tactic call to_constr ran for 0.292 secs (0.283u,0.007s)
Tactic call type_of ran for 0.667 secs (0.666u,0.s)
Tactic call refine ran for 0.196 secs (0.195u,0.s) (success)
Tactic call build-and-refine ran for 1.26 secs (1.251u,0.007s) (success)
Params: n= 5700
Tactic call build ran for 0.115 secs (0.115u,0.s)
Tactic call to_constr ran for 0.305 secs (0.293u,0.011s)
Tactic call type_of ran for 0.699 secs (0.698u,0.s)
Tactic call refine ran for 0.203 secs (0.202u,0.s) (success)
Tactic call build-and-refine ran for 1.324 secs (1.31u,0.012s) (success)
Params: n= 5800
Tactic call build ran for 0.287 secs (0.287u,0.s)
Tactic call to_constr ran for 0.675 secs (0.67u,0.003s)
Tactic call type_of ran for 0.436 secs (0.436u,0.s)
Tactic call refine ran for 0.208 secs (0.208u,0.s) (success)
Tactic call build-and-refine ran for 1.608 secs (1.603u,0.003s) (success)
Params: n= 5900
Tactic call build ran for 0.11 secs (0.11u,0.s)
Tactic call to_constr ran for 0.305 secs (0.301u,0.003s)
Tactic call type_of ran for 0.758 secs (0.757u,0.s)
Tactic call refine ran for 0.216 secs (0.216u,0.s) (success)
Tactic call build-and-refine ran for 1.39 secs (1.385u,0.003s) (success)
Params: n= 6000
Tactic call build ran for 0.116 secs (0.116u,0.s)
Tactic call to_constr ran for 0.317 secs (0.312u,0.004s)
Tactic call type_of ran for 0.765 secs (0.764u,0.s)
Tactic call refine ran for 0.225 secs (0.225u,0.s) (success)
Tactic call build-and-refine ran for 1.424 secs (1.419u,0.004s) (success)
Params: n= 6100
Tactic call build ran for 0.149 secs (0.148u,0.s)
Tactic call to_constr ran for 0.428 secs (0.423u,0.003s)
Tactic call type_of ran for 0.783 secs (0.783u,0.s)
Tactic call refine ran for 0.232 secs (0.232u,0.s) (success)
Tactic call build-and-refine ran for 1.593 secs (1.588u,0.003s) (success)
Params: n= 6200
Tactic call build ran for 0.116 secs (0.115u,0.s)
Tactic call to_constr ran for 0.514 secs (0.486u,0.027s)
Tactic call type_of ran for 0.52 secs (0.519u,0.s)
Tactic call refine ran for 0.24 secs (0.24u,0.s) (success)
Tactic call build-and-refine ran for 1.392 secs (1.362u,0.027s) (success)
Params: n= 6300
Tactic call build ran for 0.118 secs (0.118u,0.s)
Tactic call to_constr ran for 0.438 secs (0.425u,0.011s)
Tactic call type_of ran for 1.099 secs (1.081u,0.016s)
Tactic call refine ran for 0.248 secs (0.248u,0.s) (success)
Tactic call build-and-refine ran for 1.904 secs (1.875u,0.028s) (success)
Params: n= 6400
Tactic call build ran for 0.151 secs (0.151u,0.s)
Tactic call to_constr ran for 0.368 secs (0.368u,0.s)
Tactic call type_of ran for 0.761 secs (0.76u,0.s)
Tactic call refine ran for 0.257 secs (0.257u,0.s) (success)
Tactic call build-and-refine ran for 1.539 secs (1.537u,0.s) (success)
Params: n= 6500
Tactic call build ran for 0.12 secs (0.12u,0.s)
Tactic call to_constr ran for 0.411 secs (0.386u,0.023s)
Tactic call type_of ran for 0.869 secs (0.868u,0.s)
Tactic call refine ran for 0.265 secs (0.264u,0.s) (success)
Tactic call build-and-refine ran for 1.666 secs (1.64u,0.023s) (success)
Params: n= 6600
Tactic call build ran for 0.124 secs (0.12u,0.003s)
Tactic call to_constr ran for 0.439 secs (0.374u,0.063s)
Tactic call type_of ran for 0.96 secs (0.96u,0.s)
Tactic call refine ran for 0.275 secs (0.275u,0.s) (success)
Tactic call build-and-refine ran for 1.8 secs (1.73u,0.067s) (success)
Params: n= 6700
Tactic call build ran for 0.126 secs (0.122u,0.003s)
Tactic call to_constr ran for 0.443 secs (0.403u,0.039s)
Tactic call type_of ran for 0.966 secs (0.966u,0.s)
Tactic call refine ran for 0.281 secs (0.281u,0.s) (success)
Tactic call build-and-refine ran for 1.819 secs (1.773u,0.043s) (success)
Params: n= 6800
Tactic call build ran for 0.237 secs (0.233u,0.003s)
Tactic call to_constr ran for 0.456 secs (0.423u,0.031s)
Tactic call type_of ran for 1.016 secs (1.015u,0.s)
Tactic call refine ran for 0.291 secs (0.29u,0.s) (success)
Tactic call build-and-refine ran for 2.001 secs (1.964u,0.035s) (success)
Params: n= 6900
Tactic call build ran for 0.127 secs (0.127u,0.s)
Tactic call to_constr ran for 0.452 secs (0.436u,0.015s)
Tactic call type_of ran for 1.531 secs (1.485u,0.044s)
Tactic call refine ran for 0.299 secs (0.299u,0.s) (success)
Tactic call build-and-refine ran for 2.41 secs (2.348u,0.06s) (success)
