Params: n= 800
Tactic call build ran for 0.029 secs (0.029u,0.s) (success)
Tactic call check ran for 2.594 secs (2.578u,0.016s) (success)
Tactic call type ran for 2.54 secs (2.532u,0.008s) (success)
Tactic call build-and-typecheck ran for 5.167 secs (5.14u,0.024s) (success)
Tactic call refine ran for 2.598 secs (2.59u,0.007s) (success)
Params: n= 900
Tactic call build ran for 0.034 secs (0.034u,0.s) (success)
Tactic call check ran for 3.235 secs (3.218u,0.007s) (success)
Tactic call type ran for 3.254 secs (3.254u,0.s) (success)
Tactic call build-and-typecheck ran for 6.525 secs (6.507u,0.007s) (success)
Tactic call refine ran for 3.221 secs (3.221u,0.s) (success)
Params: n= 1000
Tactic call build ran for 0.038 secs (0.037u,0.s) (success)
Tactic call check ran for 4.03 secs (4.03u,0.s) (success)
Tactic call type ran for 3.97 secs (3.93u,0.039s) (success)
Tactic call build-and-typecheck ran for 8.039 secs (7.999u,0.04s) (success)
Tactic call refine ran for 4.041 secs (4.041u,0.s) (success)
Params: n= 1100
Tactic call build ran for 0.042 secs (0.042u,0.s) (success)
Tactic call check ran for 4.786 secs (4.786u,0.s) (success)
Tactic call type ran for 4.832 secs (4.832u,0.s) (success)
Tactic call build-and-typecheck ran for 9.662 secs (9.661u,0.s) (success)
Tactic call refine ran for 4.875 secs (4.871u,0.s) (success)
Params: n= 1200
Tactic call build ran for 0.047 secs (0.047u,0.s) (success)
Tactic call check ran for 5.72 secs (5.716u,0.004s) (success)
Tactic call type ran for 5.814 secs (5.802u,0.011s) (success)
Tactic call build-and-typecheck ran for 11.582 secs (11.566u,0.015s) (success)
Tactic call refine ran for 5.801 secs (5.801u,0.s) (success)
Params: n= 1300
Tactic call build ran for 0.05 secs (0.05u,0.s) (success)
Tactic call check ran for 6.691 secs (6.687u,0.004s) (success)
Tactic call type ran for 6.728 secs (6.727u,0.s) (success)
Tactic call build-and-typecheck ran for 13.469 secs (13.465u,0.004s) (success)
Tactic call refine ran for 6.745 secs (6.745u,0.s) (success)
Params: n= 1400
Tactic call build ran for 0.054 secs (0.054u,0.s) (success)
Tactic call check ran for 7.796 secs (7.796u,0.s) (success)
Tactic call type ran for 7.746 secs (7.746u,0.s) (success)
Tactic call build-and-typecheck ran for 15.597 secs (15.596u,0.s) (success)
Tactic call refine ran for 7.841 secs (7.841u,0.s) (success)
Params: n= 1500
Tactic call build ran for 0.057 secs (0.057u,0.s) (success)
Tactic call check ran for 9.134 secs (9.126u,0.007s) (success)
Tactic call type ran for 8.867 secs (8.867u,0.s) (success)
Tactic call build-and-typecheck ran for 18.059 secs (18.051u,0.007s) (success)
Tactic call refine ran for 8.939 secs (8.931u,0.008s) (success)
Params: n= 1600
Tactic call build ran for 0.061 secs (0.061u,0.s) (success)
Tactic call check ran for 10.123 secs (10.119u,0.004s) (success)
Tactic call type ran for 10.328 secs (10.328u,0.s) (success)
Tactic call build-and-typecheck ran for 20.513 secs (20.508u,0.004s) (success)
Tactic call refine ran for 10.167 secs (10.167u,0.s) (success)
Params: n= 1700
Tactic call build ran for 0.063 secs (0.063u,0.s) (success)
Tactic call check ran for 11.448 secs (11.44u,0.008s) (success)
Tactic call type ran for 11.499 secs (11.495u,0.004s) (success)
Tactic call build-and-typecheck ran for 23.011 secs (22.999u,0.012s) (success)
Tactic call refine ran for 11.498 secs (11.494u,0.004s) (success)
Params: n= 1800
Tactic call build ran for 0.069 secs (0.069u,0.s) (success)
Tactic call check ran for 12.852 secs (12.84u,0.011s) (success)
Tactic call type ran for 12.815 secs (12.799u,0.016s) (success)
Tactic call build-and-typecheck ran for 25.736 secs (25.708u,0.028s) (success)
Tactic call refine ran for 12.856 secs (12.856u,0.s) (success)
Params: n= 1900
Tactic call build ran for 0.072 secs (0.072u,0.s) (success)
Tactic call check ran for 14.448 secs (14.444u,0.004s) (success)
Tactic call type ran for 14.063 secs (14.023u,0.039s) (success)
Tactic call build-and-typecheck ran for 28.584 secs (28.54u,0.044s) (success)
Tactic call refine ran for 14.401 secs (14.389u,0.011s) (success)
Params: n= 2000
Tactic call build ran for 0.075 secs (0.075u,0.s) (success)
Tactic call check ran for 15.594 secs (15.59u,0.004s) (success)
Tactic call type ran for 15.888 secs (15.876u,0.011s) (success)
Tactic call build-and-typecheck ran for 31.558 secs (31.542u,0.016s) (success)
Tactic call refine ran for 15.642 secs (15.626u,0.016s) (success)
