Params: n= 10
Tactic call build ran for 0.001 secs (0.001u,0.s) (success)
Tactic call check ran for 0. secs (0.u,0.s) (success)
Tactic call type ran for 0. secs (0.u,0.s) (success)
Tactic call build-and-typecheck ran for 0.002 secs (0.002u,0.s) (success)
Tactic call refine ran for 0. secs (0.u,0.s) (success)
Params: n= 20
Tactic call build ran for 0.001 secs (0.001u,0.s) (success)
Tactic call check ran for 0.003 secs (0.003u,0.s) (success)
Tactic call type ran for 0.069 secs (0.061u,0.007s) (success)
Tactic call build-and-typecheck ran for 0.074 secs (0.066u,0.007s) (success)
Tactic call refine ran for 0.001 secs (0.001u,0.s) (success)
Params: n= 30
Tactic call build ran for 0.001 secs (0.001u,0.s) (success)
Tactic call check ran for 0.003 secs (0.003u,0.s) (success)
Tactic call type ran for 0.003 secs (0.003u,0.s) (success)
Tactic call build-and-typecheck ran for 0.008 secs (0.008u,0.s) (success)
Tactic call refine ran for 0.003 secs (0.003u,0.s) (success)
Params: n= 40
Tactic call build ran for 0.001 secs (0.001u,0.s) (success)
Tactic call check ran for 0.006 secs (0.006u,0.s) (success)
Tactic call type ran for 0.006 secs (0.006u,0.s) (success)
Tactic call build-and-typecheck ran for 0.014 secs (0.014u,0.s) (success)
Tactic call refine ran for 0.006 secs (0.006u,0.s) (success)
Params: n= 50
Tactic call build ran for 0.001 secs (0.001u,0.s) (success)
Tactic call check ran for 0.011 secs (0.011u,0.s) (success)
Tactic call type ran for 0.009 secs (0.009u,0.s) (success)
Tactic call build-and-typecheck ran for 0.023 secs (0.023u,0.s) (success)
Tactic call refine ran for 0.01 secs (0.01u,0.s) (success)
Params: n= 60
Tactic call build ran for 0.002 secs (0.002u,0.s) (success)
Tactic call check ran for 0.015 secs (0.015u,0.s) (success)
Tactic call type ran for 0.014 secs (0.014u,0.s) (success)
Tactic call build-and-typecheck ran for 0.032 secs (0.032u,0.s) (success)
Tactic call refine ran for 0.014 secs (0.014u,0.s) (success)
Params: n= 70
Tactic call build ran for 0.002 secs (0.u,0.001s) (success)
Tactic call check ran for 0.02 secs (0.02u,0.s) (success)
Tactic call type ran for 0.019 secs (0.018u,0.s) (success)
Tactic call build-and-typecheck ran for 0.042 secs (0.039u,0.002s) (success)
Tactic call refine ran for 0.019 secs (0.019u,0.s) (success)
Params: n= 80
Tactic call build ran for 0.003 secs (0.003u,0.s) (success)
Tactic call check ran for 0.025 secs (0.025u,0.s) (success)
Tactic call type ran for 0.026 secs (0.026u,0.s) (success)
Tactic call build-and-typecheck ran for 0.054 secs (0.054u,0.s) (success)
Tactic call refine ran for 0.026 secs (0.026u,0.s) (success)
Params: n= 90
Tactic call build ran for 0.003 secs (0.003u,0.s) (success)
Tactic call check ran for 0.034 secs (0.034u,0.s) (success)
Tactic call type ran for 0.031 secs (0.031u,0.s) (success)
Tactic call build-and-typecheck ran for 0.07 secs (0.07u,0.s) (success)
Tactic call refine ran for 0.034 secs (0.034u,0.s) (success)
Params: n= 100
Tactic call build ran for 0.003 secs (0.003u,0.s) (success)
Tactic call check ran for 0.04 secs (0.04u,0.s) (success)
Tactic call type ran for 0.04 secs (0.04u,0.s) (success)
Tactic call build-and-typecheck ran for 0.084 secs (0.084u,0.s) (success)
Tactic call refine ran for 0.042 secs (0.042u,0.s) (success)
Params: n= 110
Tactic call build ran for 0.004 secs (0.004u,0.s) (success)
Tactic call check ran for 0.049 secs (0.049u,0.s) (success)
Tactic call type ran for 0.048 secs (0.048u,0.s) (success)
Tactic call build-and-typecheck ran for 0.102 secs (0.102u,0.s) (success)
Tactic call refine ran for 0.048 secs (0.048u,0.s) (success)
Params: n= 120
Tactic call build ran for 0.006 secs (0.006u,0.s) (success)
Tactic call check ran for 0.057 secs (0.057u,0.s) (success)
Tactic call type ran for 0.056 secs (0.056u,0.s) (success)
Tactic call build-and-typecheck ran for 0.12 secs (0.12u,0.s) (success)
Tactic call refine ran for 0.061 secs (0.061u,0.s) (success)
Params: n= 130
Tactic call build ran for 0.004 secs (0.004u,0.s) (success)
Tactic call check ran for 0.07 secs (0.07u,0.s) (success)
Tactic call type ran for 0.066 secs (0.066u,0.s) (success)
Tactic call build-and-typecheck ran for 0.142 secs (0.142u,0.s) (success)
Tactic call refine ran for 0.069 secs (0.069u,0.s) (success)
Params: n= 140
Tactic call build ran for 0.008 secs (0.008u,0.s) (success)
Tactic call check ran for 0.081 secs (0.081u,0.s) (success)
Tactic call type ran for 0.083 secs (0.083u,0.s) (success)
Tactic call build-and-typecheck ran for 0.174 secs (0.174u,0.s) (success)
Tactic call refine ran for 0.083 secs (0.083u,0.s) (success)
Params: n= 150
Tactic call build ran for 0.005 secs (0.005u,0.s) (success)
Tactic call check ran for 0.094 secs (0.094u,0.s) (success)
Tactic call type ran for 0.094 secs (0.094u,0.s) (success)
Tactic call build-and-typecheck ran for 0.194 secs (0.194u,0.s) (success)
Tactic call refine ran for 0.094 secs (0.094u,0.s) (success)
Params: n= 160
Tactic call build ran for 0.009 secs (0.009u,0.s) (success)
Tactic call check ran for 0.104 secs (0.104u,0.s) (success)
Tactic call type ran for 0.105 secs (0.102u,0.003s) (success)
Tactic call build-and-typecheck ran for 0.22 secs (0.216u,0.003s) (success)
Tactic call refine ran for 0.11 secs (0.11u,0.s) (success)
Params: n= 170
Tactic call build ran for 0.006 secs (0.006u,0.s) (success)
Tactic call check ran for 0.119 secs (0.119u,0.s) (success)
Tactic call type ran for 0.122 secs (0.122u,0.s) (success)
Tactic call build-and-typecheck ran for 0.248 secs (0.248u,0.s) (success)
Tactic call refine ran for 0.123 secs (0.123u,0.s) (success)
Params: n= 180
Tactic call build ran for 0.006 secs (0.006u,0.s) (success)
Tactic call check ran for 0.136 secs (0.136u,0.s) (success)
Tactic call type ran for 0.134 secs (0.134u,0.s) (success)
Tactic call build-and-typecheck ran for 0.278 secs (0.278u,0.s) (success)
Tactic call refine ran for 0.136 secs (0.136u,0.s) (success)
Params: n= 190
Tactic call build ran for 0.007 secs (0.007u,0.s) (success)
Tactic call check ran for 0.148 secs (0.148u,0.s) (success)
Tactic call type ran for 0.149 secs (0.149u,0.s) (success)
Tactic call build-and-typecheck ran for 0.305 secs (0.305u,0.s) (success)
Tactic call refine ran for 0.154 secs (0.154u,0.s) (success)
Params: n= 200
Tactic call build ran for 0.007 secs (0.007u,0.s) (success)
Tactic call check ran for 0.165 secs (0.165u,0.s) (success)
Tactic call type ran for 0.167 secs (0.159u,0.007s) (success)
Tactic call build-and-typecheck ran for 0.341 secs (0.333u,0.007s) (success)
Tactic call refine ran for 0.161 secs (0.161u,0.s) (success)
Params: n= 210
Tactic call build ran for 0.007 secs (0.007u,0.s) (success)
Tactic call check ran for 0.178 secs (0.178u,0.s) (success)
Tactic call type ran for 0.18 secs (0.18u,0.s) (success)
Tactic call build-and-typecheck ran for 0.366 secs (0.366u,0.s) (success)
Tactic call refine ran for 0.181 secs (0.181u,0.s) (success)
Params: n= 220
Tactic call build ran for 0.008 secs (0.008u,0.s) (success)
Tactic call check ran for 0.195 secs (0.191u,0.003s) (success)
Tactic call type ran for 0.197 secs (0.197u,0.s) (success)
Tactic call build-and-typecheck ran for 0.401 secs (0.397u,0.003s) (success)
Tactic call refine ran for 0.193 secs (0.193u,0.s) (success)
Params: n= 230
Tactic call build ran for 0.008 secs (0.008u,0.s) (success)
Tactic call check ran for 0.213 secs (0.205u,0.007s) (success)
Tactic call type ran for 0.214 secs (0.214u,0.s) (success)
Tactic call build-and-typecheck ran for 0.436 secs (0.428u,0.008s) (success)
Tactic call refine ran for 0.215 secs (0.215u,0.s) (success)
Params: n= 240
Tactic call build ran for 0.008 secs (0.008u,0.s) (success)
Tactic call check ran for 0.228 secs (0.224u,0.003s) (success)
Tactic call type ran for 0.23 secs (0.23u,0.s) (success)
Tactic call build-and-typecheck ran for 0.468 secs (0.464u,0.004s) (success)
Tactic call refine ran for 0.229 secs (0.229u,0.s) (success)
Params: n= 250
Tactic call build ran for 0.009 secs (0.009u,0.s) (success)
Tactic call check ran for 0.249 secs (0.249u,0.s) (success)
Tactic call type ran for 0.255 secs (0.255u,0.s) (success)
Tactic call build-and-typecheck ran for 0.515 secs (0.515u,0.s) (success)
Tactic call refine ran for 0.256 secs (0.256u,0.s) (success)
Params: n= 260
Tactic call build ran for 0.013 secs (0.013u,0.s) (success)
Tactic call check ran for 0.276 secs (0.276u,0.s) (success)
Tactic call type ran for 0.274 secs (0.274u,0.s) (success)
Tactic call build-and-typecheck ran for 0.565 secs (0.565u,0.s) (success)
Tactic call refine ran for 0.277 secs (0.277u,0.s) (success)
Params: n= 270
Tactic call build ran for 0.013 secs (0.013u,0.s) (success)
Tactic call check ran for 0.295 secs (0.295u,0.s) (success)
Tactic call type ran for 0.3 secs (0.296u,0.003s) (success)
Tactic call build-and-typecheck ran for 0.61 secs (0.606u,0.003s) (success)
Tactic call refine ran for 0.297 secs (0.297u,0.s) (success)
Params: n= 280
Tactic call build ran for 0.013 secs (0.013u,0.s) (success)
Tactic call check ran for 0.318 secs (0.318u,0.s) (success)
Tactic call type ran for 0.32 secs (0.316u,0.003s) (success)
Tactic call build-and-typecheck ran for 0.653 secs (0.649u,0.003s) (success)
Tactic call refine ran for 0.313 secs (0.313u,0.s) (success)
Params: n= 290
Tactic call build ran for 0.012 secs (0.012u,0.s) (success)
Tactic call check ran for 0.336 secs (0.336u,0.s) (success)
Tactic call type ran for 0.34 secs (0.34u,0.s) (success)
Tactic call build-and-typecheck ran for 0.689 secs (0.689u,0.s) (success)
Tactic call refine ran for 0.337 secs (0.333u,0.004s) (success)
Params: n= 300
Tactic call build ran for 0.011 secs (0.011u,0.s) (success)
Tactic call check ran for 0.358 secs (0.354u,0.003s) (success)
Tactic call type ran for 0.362 secs (0.362u,0.s) (success)
Tactic call build-and-typecheck ran for 0.731 secs (0.727u,0.003s) (success)
Tactic call refine ran for 0.36 secs (0.36u,0.s) (success)
Params: n= 310
Tactic call build ran for 0.012 secs (0.012u,0.s) (success)
Tactic call check ran for 0.389 secs (0.389u,0.s) (success)
Tactic call type ran for 0.38 secs (0.38u,0.s) (success)
Tactic call build-and-typecheck ran for 0.782 secs (0.782u,0.s) (success)
Tactic call refine ran for 0.386 secs (0.386u,0.s) (success)
Params: n= 320
Tactic call build ran for 0.011 secs (0.011u,0.s) (success)
Tactic call check ran for 0.407 secs (0.407u,0.s) (success)
Tactic call type ran for 0.412 secs (0.412u,0.s) (success)
Tactic call build-and-typecheck ran for 0.831 secs (0.831u,0.s) (success)
Tactic call refine ran for 0.413 secs (0.413u,0.s) (success)
Params: n= 330
Tactic call build ran for 0.015 secs (0.015u,0.s) (success)
Tactic call check ran for 0.442 secs (0.442u,0.s) (success)
Tactic call type ran for 0.44 secs (0.44u,0.s) (success)
Tactic call build-and-typecheck ran for 0.899 secs (0.899u,0.s) (success)
Tactic call refine ran for 0.447 secs (0.447u,0.s) (success)
Params: n= 340
Tactic call build ran for 0.012 secs (0.012u,0.s) (success)
Tactic call check ran for 0.468 secs (0.468u,0.s) (success)
Tactic call type ran for 0.466 secs (0.466u,0.s) (success)
Tactic call build-and-typecheck ran for 0.948 secs (0.948u,0.s) (success)
Tactic call refine ran for 0.459 secs (0.459u,0.s) (success)
Params: n= 350
Tactic call build ran for 0.014 secs (0.014u,0.s) (success)
Tactic call check ran for 0.484 secs (0.484u,0.s) (success)
Tactic call type ran for 0.488 secs (0.488u,0.s) (success)
Tactic call build-and-typecheck ran for 0.986 secs (0.986u,0.s) (success)
Tactic call refine ran for 0.488 secs (0.488u,0.s) (success)
Params: n= 360
Tactic call build ran for 0.014 secs (0.014u,0.s) (success)
Tactic call check ran for 0.514 secs (0.514u,0.s) (success)
Tactic call type ran for 0.519 secs (0.519u,0.s) (success)
Tactic call build-and-typecheck ran for 1.049 secs (1.049u,0.s) (success)
Tactic call refine ran for 0.515 secs (0.515u,0.s) (success)
Params: n= 370
Tactic call build ran for 0.013 secs (0.013u,0.s) (success)
Tactic call check ran for 0.544 secs (0.544u,0.s) (success)
Tactic call type ran for 0.552 secs (0.552u,0.s) (success)
Tactic call build-and-typecheck ran for 1.111 secs (1.111u,0.s) (success)
Tactic call refine ran for 0.563 secs (0.563u,0.s) (success)
Params: n= 380
Tactic call build ran for 0.014 secs (0.014u,0.s) (success)
Tactic call check ran for 0.586 secs (0.586u,0.s) (success)
Tactic call type ran for 0.587 secs (0.587u,0.s) (success)
Tactic call build-and-typecheck ran for 1.187 secs (1.187u,0.s) (success)
Tactic call refine ran for 0.581 secs (0.581u,0.s) (success)
Params: n= 390
Tactic call build ran for 0.014 secs (0.014u,0.s) (success)
Tactic call check ran for 0.602 secs (0.602u,0.s) (success)
Tactic call type ran for 0.607 secs (0.607u,0.s) (success)
Tactic call build-and-typecheck ran for 1.224 secs (1.224u,0.s) (success)
Tactic call refine ran for 0.609 secs (0.609u,0.s) (success)
Params: n= 400
Tactic call build ran for 0.016 secs (0.016u,0.s) (success)
Tactic call check ran for 0.633 secs (0.633u,0.s) (success)
Tactic call type ran for 0.64 secs (0.64u,0.s) (success)
Tactic call build-and-typecheck ran for 1.29 secs (1.29u,0.s) (success)
Tactic call refine ran for 0.637 secs (0.637u,0.s) (success)
Params: n= 410
Tactic call build ran for 0.016 secs (0.016u,0.s) (success)
Tactic call check ran for 0.67 secs (0.67u,0.s) (success)
Tactic call type ran for 0.675 secs (0.675u,0.s) (success)
Tactic call build-and-typecheck ran for 1.362 secs (1.362u,0.s) (success)
Tactic call refine ran for 0.69 secs (0.69u,0.s) (success)
Params: n= 420
Tactic call build ran for 0.015 secs (0.015u,0.s) (success)
Tactic call check ran for 0.722 secs (0.718u,0.s) (success)
Tactic call type ran for 0.719 secs (0.719u,0.s) (success)
Tactic call build-and-typecheck ran for 1.457 secs (1.453u,0.s) (success)
Tactic call refine ran for 0.713 secs (0.711u,0.s) (success)
Params: n= 430
Tactic call build ran for 0.017 secs (0.017u,0.s) (success)
Tactic call check ran for 0.735 secs (0.735u,0.s) (success)
Tactic call type ran for 0.74 secs (0.74u,0.s) (success)
Tactic call build-and-typecheck ran for 1.493 secs (1.493u,0.s) (success)
Tactic call refine ran for 0.741 secs (0.741u,0.s) (success)
Params: n= 440
Tactic call build ran for 0.019 secs (0.019u,0.s) (success)
Tactic call check ran for 0.763 secs (0.763u,0.s) (success)
Tactic call type ran for 0.764 secs (0.764u,0.s) (success)
Tactic call build-and-typecheck ran for 1.547 secs (1.547u,0.s) (success)
Tactic call refine ran for 0.78 secs (0.78u,0.s) (success)
Params: n= 450
Tactic call build ran for 0.02 secs (0.02u,0.s) (success)
Tactic call check ran for 0.818 secs (0.818u,0.s) (success)
Tactic call type ran for 0.82 secs (0.82u,0.s) (success)
Tactic call build-and-typecheck ran for 1.658 secs (1.658u,0.s) (success)
Tactic call refine ran for 0.823 secs (0.823u,0.s) (success)
Params: n= 460
Tactic call build ran for 0.016 secs (0.016u,0.s) (success)
Tactic call check ran for 0.835 secs (0.835u,0.s) (success)
Tactic call type ran for 0.839 secs (0.839u,0.s) (success)
Tactic call build-and-typecheck ran for 1.691 secs (1.691u,0.s) (success)
Tactic call refine ran for 0.838 secs (0.834u,0.003s) (success)
Params: n= 470
Tactic call build ran for 0.02 secs (0.02u,0.s) (success)
Tactic call check ran for 0.871 secs (0.871u,0.s) (success)
Tactic call type ran for 0.878 secs (0.878u,0.s) (success)
Tactic call build-and-typecheck ran for 1.771 secs (1.771u,0.s) (success)
Tactic call refine ran for 0.895 secs (0.895u,0.s) (success)
Params: n= 480
Tactic call build ran for 0.017 secs (0.017u,0.s) (success)
Tactic call check ran for 0.938 secs (0.938u,0.s) (success)
Tactic call type ran for 0.93 secs (0.93u,0.s) (success)
Tactic call build-and-typecheck ran for 1.887 secs (1.887u,0.s) (success)
Tactic call refine ran for 0.928 secs (0.928u,0.s) (success)
Params: n= 490
Tactic call build ran for 0.018 secs (0.018u,0.s) (success)
Tactic call check ran for 0.958 secs (0.958u,0.s) (success)
Tactic call type ran for 0.963 secs (0.963u,0.s) (success)
Tactic call build-and-typecheck ran for 1.94 secs (1.94u,0.s) (success)
Tactic call refine ran for 0.962 secs (0.962u,0.s) (success)
Params: n= 500
Tactic call build ran for 0.018 secs (0.018u,0.s) (success)
Tactic call check ran for 0.999 secs (0.999u,0.s) (success)
Tactic call type ran for 1.025 secs (1.025u,0.s) (success)
Tactic call build-and-typecheck ran for 2.042 secs (2.042u,0.s) (success)
Tactic call refine ran for 1.024 secs (1.02u,0.003s) (success)
Params: n= 510
Tactic call build ran for 0.022 secs (0.022u,0.s) (success)
Tactic call check ran for 1.044 secs (1.044u,0.s) (success)
Tactic call type ran for 1.035 secs (1.031u,0.003s) (success)
Tactic call build-and-typecheck ran for 2.102 secs (2.098u,0.003s) (success)
Tactic call refine ran for 1.032 secs (1.032u,0.s) (success)
Params: n= 520
Tactic call build ran for 0.018 secs (0.018u,0.s) (success)
Tactic call check ran for 1.079 secs (1.079u,0.s) (success)
Tactic call type ran for 1.07 secs (1.07u,0.s) (success)
Tactic call build-and-typecheck ran for 2.169 secs (2.169u,0.s) (success)
Tactic call refine ran for 1.108 secs (1.108u,0.s) (success)
Params: n= 530
Tactic call build ran for 0.019 secs (0.019u,0.s) (success)
Tactic call check ran for 1.149 secs (1.149u,0.s) (success)
Tactic call type ran for 1.134 secs (1.134u,0.s) (success)
Tactic call build-and-typecheck ran for 2.303 secs (2.303u,0.s) (success)
Tactic call refine ran for 1.137 secs (1.137u,0.s) (success)
Params: n= 540
Tactic call build ran for 0.019 secs (0.019u,0.s) (success)
Tactic call check ran for 1.164 secs (1.156u,0.007s) (success)
Tactic call type ran for 1.155 secs (1.151u,0.003s) (success)
Tactic call build-and-typecheck ran for 2.34 secs (2.328u,0.011s) (success)
Tactic call refine ran for 1.169 secs (1.169u,0.s) (success)
Params: n= 550
Tactic call build ran for 0.02 secs (0.02u,0.s) (success)
Tactic call check ran for 1.244 secs (1.244u,0.s) (success)
Tactic call type ran for 1.23 secs (1.23u,0.s) (success)
Tactic call build-and-typecheck ran for 2.495 secs (2.495u,0.s) (success)
Tactic call refine ran for 1.213 secs (1.213u,0.s) (success)
Params: n= 560
Tactic call build ran for 0.022 secs (0.022u,0.s) (success)
Tactic call check ran for 1.244 secs (1.244u,0.s) (success)
Tactic call type ran for 1.257 secs (1.257u,0.s) (success)
Tactic call build-and-typecheck ran for 2.523 secs (2.523u,0.s) (success)
Tactic call refine ran for 1.251 secs (1.251u,0.s) (success)
Params: n= 570
Tactic call build ran for 0.022 secs (0.022u,0.s) (success)
Tactic call check ran for 1.321 secs (1.317u,0.003s) (success)
Tactic call type ran for 1.328 secs (1.328u,0.s) (success)
Tactic call build-and-typecheck ran for 2.672 secs (2.668u,0.004s) (success)
Tactic call refine ran for 1.303 secs (1.299u,0.003s) (success)
Params: n= 580
Tactic call build ran for 0.021 secs (0.021u,0.s) (success)
Tactic call check ran for 1.336 secs (1.332u,0.003s) (success)
Tactic call type ran for 1.341 secs (1.341u,0.s) (success)
Tactic call build-and-typecheck ran for 2.7 secs (2.696u,0.003s) (success)
Tactic call refine ran for 1.347 secs (1.343u,0.003s) (success)
Params: n= 590
Tactic call build ran for 0.025 secs (0.025u,0.s) (success)
Tactic call check ran for 1.414 secs (1.414u,0.s) (success)
Tactic call type ran for 1.401 secs (1.401u,0.s) (success)
Tactic call build-and-typecheck ran for 2.841 secs (2.841u,0.s) (success)
Tactic call refine ran for 1.382 secs (1.382u,0.s) (success)
Params: n= 600
Tactic call build ran for 0.022 secs (0.022u,0.s) (success)
Tactic call check ran for 1.433 secs (1.433u,0.s) (success)
Tactic call type ran for 1.421 secs (1.421u,0.s) (success)
Tactic call build-and-typecheck ran for 2.877 secs (2.877u,0.s) (success)
Tactic call refine ran for 1.452 secs (1.452u,0.s) (success)
Params: n= 610
Tactic call build ran for 0.026 secs (0.026u,0.s) (success)
Tactic call check ran for 1.51 secs (1.51u,0.s) (success)
Tactic call type ran for 1.497 secs (1.497u,0.s) (success)
Tactic call build-and-typecheck ran for 3.034 secs (3.034u,0.s) (success)
Tactic call refine ran for 1.491 secs (1.491u,0.s) (success)
Params: n= 620
Tactic call build ran for 0.024 secs (0.024u,0.s) (success)
Tactic call check ran for 1.534 secs (1.534u,0.s) (success)
Tactic call type ran for 1.538 secs (1.538u,0.s) (success)
Tactic call build-and-typecheck ran for 3.097 secs (3.097u,0.s) (success)
Tactic call refine ran for 1.578 secs (1.574u,0.003s) (success)
Params: n= 630
Tactic call build ran for 0.026 secs (0.026u,0.s) (success)
Tactic call check ran for 1.591 secs (1.591u,0.s) (success)
Tactic call type ran for 1.586 secs (1.586u,0.s) (success)
Tactic call build-and-typecheck ran for 3.204 secs (3.204u,0.s) (success)
Tactic call refine ran for 1.59 secs (1.59u,0.s) (success)
Params: n= 640
Tactic call build ran for 0.023 secs (0.023u,0.s) (success)
Tactic call check ran for 1.626 secs (1.622u,0.003s) (success)
Tactic call type ran for 1.665 secs (1.665u,0.s) (success)
Tactic call build-and-typecheck ran for 3.316 secs (3.312u,0.003s) (success)
Tactic call refine ran for 1.651 secs (1.651u,0.s) (success)
Params: n= 650
Tactic call build ran for 0.027 secs (0.027u,0.s) (success)
Tactic call check ran for 1.682 secs (1.682u,0.s) (success)
Tactic call type ran for 1.68 secs (1.68u,0.s) (success)
Tactic call build-and-typecheck ran for 3.39 secs (3.39u,0.s) (success)
Tactic call refine ran for 1.685 secs (1.685u,0.s) (success)
Params: n= 660
Tactic call build ran for 0.027 secs (0.027u,0.s) (success)
Tactic call check ran for 1.752 secs (1.752u,0.s) (success)
Tactic call type ran for 1.731 secs (1.731u,0.s) (success)
Tactic call build-and-typecheck ran for 3.51 secs (3.51u,0.s) (success)
Tactic call refine ran for 1.718 secs (1.718u,0.s) (success)
Params: n= 670
Tactic call build ran for 0.027 secs (0.027u,0.s) (success)
Tactic call check ran for 1.757 secs (1.757u,0.s) (success)
Tactic call type ran for 1.77 secs (1.766u,0.004s) (success)
Tactic call build-and-typecheck ran for 3.555 secs (3.551u,0.004s) (success)
Tactic call refine ran for 1.802 secs (1.798u,0.003s) (success)
Params: n= 680
Tactic call build ran for 0.024 secs (0.024u,0.s) (success)
Tactic call check ran for 1.82 secs (1.82u,0.s) (success)
Tactic call type ran for 1.817 secs (1.817u,0.s) (success)
Tactic call build-and-typecheck ran for 3.662 secs (3.662u,0.s) (success)
Tactic call refine ran for 1.819 secs (1.819u,0.s) (success)
Params: n= 690
Tactic call build ran for 0.027 secs (0.027u,0.s) (success)
Tactic call check ran for 1.901 secs (1.901u,0.s) (success)
Tactic call type ran for 1.873 secs (1.873u,0.s) (success)
Tactic call build-and-typecheck ran for 3.802 secs (3.802u,0.s) (success)
Tactic call refine ran for 1.863 secs (1.863u,0.s) (success)
Params: n= 700
Tactic call build ran for 0.026 secs (0.026u,0.s) (success)
Tactic call check ran for 1.925 secs (1.925u,0.s) (success)
Tactic call type ran for 1.98 secs (1.98u,0.s) (success)
Tactic call build-and-typecheck ran for 3.932 secs (3.932u,0.s) (success)
Tactic call refine ran for 1.946 secs (1.946u,0.s) (success)
Params: n= 710
Tactic call build ran for 0.028 secs (0.028u,0.s) (success)
Tactic call check ran for 1.966 secs (1.966u,0.s) (success)
Tactic call type ran for 1.975 secs (1.967u,0.007s) (success)
Tactic call build-and-typecheck ran for 3.97 secs (3.962u,0.007s) (success)
Tactic call refine ran for 2.015 secs (2.015u,0.s) (success)
Params: n= 720
Tactic call build ran for 0.028 secs (0.028u,0.s) (success)
Tactic call check ran for 2.043 secs (2.039u,0.003s) (success)
Tactic call type ran for 2.03 secs (2.03u,0.s) (success)
Tactic call build-and-typecheck ran for 4.102 secs (4.098u,0.004s) (success)
Tactic call refine ran for 2.035 secs (2.035u,0.s) (success)
Params: n= 730
Tactic call build ran for 0.026 secs (0.026u,0.s) (success)
Tactic call check ran for 2.127 secs (2.127u,0.s) (success)
Tactic call type ran for 2.095 secs (2.091u,0.003s) (success)
Tactic call build-and-typecheck ran for 4.25 secs (4.246u,0.003s) (success)
Tactic call refine ran for 2.093 secs (2.089u,0.004s) (success)
Params: n= 740
Tactic call build ran for 0.03 secs (0.03u,0.s) (success)
Tactic call check ran for 2.135 secs (2.131u,0.003s) (success)
Tactic call type ran for 2.183 secs (2.183u,0.s) (success)
Tactic call build-and-typecheck ran for 4.35 secs (4.346u,0.003s) (success)
Tactic call refine ran for 2.15 secs (2.15u,0.s) (success)
