Params: n= 0
Tactic call cbv ran for 0. secs (0.u,0.s) (success)
Params: n= 10
Tactic call cbv ran for 0. secs (0.u,0.s) (success)
Params: n= 20
Tactic call cbv ran for 0. secs (0.u,0.s) (success)
Params: n= 30
Tactic call cbv ran for 0.001 secs (0.u,0.001s) (success)
Params: n= 40
Tactic call cbv ran for 0.001 secs (0.u,0.001s) (success)
Params: n= 50
Tactic call cbv ran for 0.002 secs (0.002u,0.s) (success)
Params: n= 60
Tactic call cbv ran for 0.003 secs (0.003u,0.s) (success)
Params: n= 70
Tactic call cbv ran for 0.005 secs (0.002u,0.002s) (success)
Params: n= 80
Tactic call cbv ran for 0.006 secs (0.006u,0.s) (success)
Params: n= 90
Tactic call cbv ran for 0.004 secs (0.004u,0.s) (success)
Params: n= 100
Tactic call cbv ran for 0.006 secs (0.006u,0.s) (success)
Params: n= 110
Tactic call cbv ran for 0.007 secs (0.007u,0.s) (success)
Params: n= 120
Tactic call cbv ran for 0.008 secs (0.008u,0.s) (success)
Params: n= 130
Tactic call cbv ran for 0.01 secs (0.01u,0.s) (success)
Params: n= 140
Tactic call cbv ran for 0.013 secs (0.013u,0.s) (success)
Params: n= 150
Tactic call cbv ran for 0.012 secs (0.012u,0.s) (success)
Params: n= 160
Tactic call cbv ran for 0.014 secs (0.014u,0.s) (success)
Params: n= 170
Tactic call cbv ran for 0.015 secs (0.015u,0.s) (success)
Params: n= 180
Tactic call cbv ran for 0.02 secs (0.02u,0.s) (success)
Params: n= 190
Tactic call cbv ran for 0.02 secs (0.02u,0.s) (success)
Params: n= 200
Tactic call cbv ran for 0.026 secs (0.026u,0.s) (success)
Params: n= 210
Tactic call cbv ran for 0.024 secs (0.024u,0.s) (success)
Params: n= 220
Tactic call cbv ran for 0.038 secs (0.038u,0.s) (success)
Params: n= 230
Tactic call cbv ran for 0.029 secs (0.029u,0.s) (success)
Params: n= 240
Tactic call cbv ran for 0.038 secs (0.034u,0.003s) (success)
Params: n= 250
Tactic call cbv ran for 0.049 secs (0.049u,0.s) (success)
Params: n= 260
Tactic call cbv ran for 0.062 secs (0.058u,0.004s) (success)
Params: n= 270
Tactic call cbv ran for 0.039 secs (0.039u,0.s) (success)
Params: n= 280
Tactic call cbv ran for 0.042 secs (0.042u,0.s) (success)
Params: n= 290
Tactic call cbv ran for 0.052 secs (0.052u,0.s) (success)
Params: n= 300
Tactic call cbv ran for 0.06 secs (0.06u,0.s) (success)
Params: n= 310
Tactic call cbv ran for 0.084 secs (0.08u,0.003s) (success)
Params: n= 320
Tactic call cbv ran for 0.113 secs (0.11u,0.s) (success)
Params: n= 330
Tactic call cbv ran for 0.063 secs (0.063u,0.s) (success)
Params: n= 340
Tactic call cbv ran for 0.085 secs (0.081u,0.003s) (success)
Params: n= 350
Tactic call cbv ran for 0.128 secs (0.124u,0.003s) (success)
Params: n= 360
Tactic call cbv ran for 0.103 secs (0.103u,0.s) (success)
Params: n= 370
Tactic call cbv ran for 0.116 secs (0.116u,0.s) (success)
Params: n= 380
Tactic call cbv ran for 0.151 secs (0.151u,0.s) (success)
Params: n= 390
Tactic call cbv ran for 0.131 secs (0.13u,0.s) (success)
Params: n= 400
Tactic call cbv ran for 0.104 secs (0.1u,0.003s) (success)
Params: n= 410
Tactic call cbv ran for 0.168 secs (0.16u,0.008s) (success)
Params: n= 420
Tactic call cbv ran for 0.167 secs (0.152u,0.004s) (success)
Params: n= 430
Tactic call cbv ran for 0.196 secs (0.196u,0.s) (success)
Params: n= 440
Tactic call cbv ran for 0.202 secs (0.194u,0.007s) (success)
Params: n= 450
Tactic call cbv ran for 0.253 secs (0.249u,0.004s) (success)
Params: n= 460
Tactic call cbv ran for 0.229 secs (0.229u,0.s) (success)
Params: n= 470
Tactic call cbv ran for 0.2 secs (0.2u,0.s) (success)
Params: n= 480
Tactic call cbv ran for 0.192 secs (0.192u,0.s) (success)
Params: n= 490
Tactic call cbv ran for 0.243 secs (0.243u,0.s) (success)
Params: n= 500
Tactic call cbv ran for 0.247 secs (0.243u,0.003s) (success)
Params: n= 510
Tactic call cbv ran for 0.28 secs (0.279u,0.s) (success)
Params: n= 520
Tactic call cbv ran for 0.212 secs (0.212u,0.s) (success)
Params: n= 530
Tactic call cbv ran for 0.288 secs (0.28u,0.007s) (success)
Params: n= 540
Tactic call cbv ran for 0.459 secs (0.459u,0.s) (success)
Params: n= 550
Tactic call cbv ran for 0.334 secs (0.334u,0.s) (success)
Params: n= 560
Tactic call cbv ran for 0.26 secs (0.26u,0.s) (success)
Params: n= 570
Tactic call cbv ran for 0.257 secs (0.256u,0.s) (success)
Params: n= 580
Tactic call cbv ran for 0.3 secs (0.299u,0.s) (success)
Params: n= 590
Tactic call cbv ran for 0.382 secs (0.381u,0.s) (success)
Params: n= 600
Tactic call cbv ran for 0.273 secs (0.269u,0.003s) (success)
Params: n= 610
Tactic call cbv ran for 0.383 secs (0.354u,0.027s) (success)
Params: n= 620
Tactic call cbv ran for 0.539 secs (0.538u,0.s) (success)
Params: n= 630
Tactic call cbv ran for 0.398 secs (0.398u,0.s) (success)
Params: n= 640
Tactic call cbv ran for 0.323 secs (0.323u,0.s) (success)
Params: n= 650
Tactic call cbv ran for 0.419 secs (0.418u,0.s) (success)
Params: n= 660
Tactic call cbv ran for 0.419 secs (0.418u,0.s) (success)
Params: n= 670
Tactic call cbv ran for 0.389 secs (0.389u,0.s) (success)
Params: n= 680
Tactic call cbv ran for 0.485 secs (0.484u,0.s) (success)
Params: n= 690
Tactic call cbv ran for 0.398 secs (0.398u,0.s) (success)
Params: n= 700
Tactic call cbv ran for 0.437 secs (0.436u,0.s) (success)
Params: n= 710
Tactic call cbv ran for 0.494 secs (0.494u,0.s) (success)
Params: n= 720
Tactic call cbv ran for 0.424 secs (0.424u,0.s) (success)
Params: n= 730
Tactic call cbv ran for 0.499 secs (0.498u,0.s) (success)
Params: n= 740
Tactic call cbv ran for 0.526 secs (0.525u,0.s) (success)
Params: n= 750
Tactic call cbv ran for 0.468 secs (0.467u,0.s) (success)
Params: n= 760
Tactic call cbv ran for 0.503 secs (0.502u,0.s) (success)
Params: n= 770
Tactic call cbv ran for 0.561 secs (0.56u,0.s) (success)
Params: n= 780
Tactic call cbv ran for 0.583 secs (0.583u,0.s) (success)
Params: n= 790
Tactic call cbv ran for 0.583 secs (0.582u,0.s) (success)
Params: n= 800
Tactic call cbv ran for 0.807 secs (0.806u,0.s) (success)
Params: n= 810
Tactic call cbv ran for 0.646 secs (0.646u,0.s) (success)
Params: n= 820
Tactic call cbv ran for 0.517 secs (0.517u,0.s) (success)
Params: n= 830
Tactic call cbv ran for 0.673 secs (0.672u,0.s) (success)
Params: n= 840
Tactic call cbv ran for 0.627 secs (0.614u,0.011s) (success)
Params: n= 850
Tactic call cbv ran for 0.892 secs (0.887u,0.003s) (success)
Params: n= 860
Tactic call cbv ran for 0.584 secs (0.583u,0.s) (success)
Params: n= 870
Tactic call cbv ran for 0.62 secs (0.62u,0.s) (success)
Params: n= 880
Tactic call cbv ran for 0.613 secs (0.612u,0.s) (success)
Params: n= 890
Tactic call cbv ran for 0.684 secs (0.684u,0.s) (success)
Params: n= 900
Tactic call cbv ran for 0.612 secs (0.612u,0.s) (success)
Params: n= 910
Tactic call cbv ran for 0.714 secs (0.714u,0.s) (success)
Params: n= 920
Tactic call cbv ran for 0.874 secs (0.873u,0.s) (success)
Params: n= 930
Tactic call cbv ran for 0.74 secs (0.738u,0.001s) (success)
Params: n= 940
Tactic call cbv ran for 0.707 secs (0.706u,0.s) (success)
Params: n= 950
Tactic call cbv ran for 0.755 secs (0.742u,0.011s) (success)
Params: n= 960
Tactic call cbv ran for 1.068 secs (1.059u,0.007s) (success)
Params: n= 970
Tactic call cbv ran for 0.728 secs (0.728u,0.s) (success)
Params: n= 980
Tactic call cbv ran for 0.813 secs (0.812u,0.s) (success)
Params: n= 990
Tactic call cbv ran for 1.014 secs (1.013u,0.s) (success)
