Params: n= 1
Finished transaction in 0. secs (0.u,0.s) (successful)
Tactic call build ran for 0. secs (0.u,0.s)
Tactic call assert ran for 0. secs (0.u,0.s) (success)
Tactic call destruct ran for 0. secs (0.u,0.s) (success)
Tactic call cbn ran for 0. secs (0.u,0.s) (success)
Params: n= 2
Finished transaction in 0. secs (0.u,0.s) (successful)
Tactic call build ran for 0. secs (0.u,0.s)
Tactic call assert ran for 0. secs (0.u,0.s) (success)
Tactic call destruct ran for 0. secs (0.u,0.s) (success)
Tactic call cbn ran for 0. secs (0.u,0.s) (success)
Params: n= 3
Finished transaction in 0. secs (0.u,0.s) (successful)
Tactic call build ran for 0. secs (0.u,0.s)
Tactic call assert ran for 0. secs (0.u,0.s) (success)
Tactic call destruct ran for 0. secs (0.u,0.s) (success)
Tactic call cbn ran for 0. secs (0.u,0.s) (success)
Params: n= 4
Finished transaction in 0. secs (0.u,0.s) (successful)
Tactic call build ran for 0. secs (0.u,0.s)
Tactic call assert ran for 0. secs (0.u,0.s) (success)
Tactic call destruct ran for 0. secs (0.u,0.s) (success)
Tactic call cbn ran for 0. secs (0.u,0.s) (success)
Params: n= 5
Finished transaction in 0. secs (0.u,0.s) (successful)
Tactic call build ran for 0. secs (0.u,0.s)
Tactic call assert ran for 0. secs (0.u,0.s) (success)
Tactic call destruct ran for 0. secs (0.u,0.s) (success)
Tactic call cbn ran for 0. secs (0.u,0.s) (success)
Params: n= 6
Finished transaction in 0. secs (0.u,0.s) (successful)
Tactic call build ran for 0. secs (0.u,0.s)
Tactic call assert ran for 0. secs (0.u,0.s) (success)
Tactic call destruct ran for 0. secs (0.u,0.s) (success)
Tactic call cbn ran for 0. secs (0.u,0.s) (success)
Params: n= 7
Finished transaction in 0. secs (0.u,0.s) (successful)
Tactic call build ran for 0. secs (0.u,0.s)
Tactic call assert ran for 0. secs (0.u,0.s) (success)
Tactic call destruct ran for 0. secs (0.u,0.s) (success)
Tactic call cbn ran for 0. secs (0.u,0.s) (success)
Params: n= 8
Finished transaction in 0. secs (0.u,0.s) (successful)
Tactic call build ran for 0. secs (0.u,0.s)
Tactic call assert ran for 0. secs (0.u,0.s) (success)
Tactic call destruct ran for 0. secs (0.u,0.s) (success)
Tactic call cbn ran for 0. secs (0.u,0.s) (success)
Params: n= 9
Finished transaction in 0. secs (0.u,0.s) (successful)
Tactic call build ran for 0. secs (0.u,0.s)
Tactic call assert ran for 0. secs (0.u,0.s) (success)
Tactic call destruct ran for 0. secs (0.u,0.s) (success)
Tactic call cbn ran for 0. secs (0.u,0.s) (success)
Params: n= 10
Finished transaction in 0. secs (0.u,0.s) (successful)
Tactic call build ran for 0. secs (0.u,0.s)
Tactic call assert ran for 0. secs (0.u,0.s) (success)
Tactic call destruct ran for 0. secs (0.u,0.s) (success)
Tactic call cbn ran for 0. secs (0.u,0.s) (success)
Params: n= 11
Finished transaction in 0.001 secs (0.001u,0.s) (successful)
Tactic call build ran for 0. secs (0.u,0.s)
Tactic call assert ran for 0. secs (0.u,0.s) (success)
Tactic call destruct ran for 0. secs (0.u,0.s) (success)
Tactic call cbn ran for 0. secs (0.u,0.s) (success)
Params: n= 12
Finished transaction in 0.001 secs (0.001u,0.s) (successful)
Tactic call build ran for 0. secs (0.u,0.s)
Tactic call assert ran for 0. secs (0.u,0.s) (success)
Tactic call destruct ran for 0. secs (0.u,0.s) (success)
Tactic call cbn ran for 0. secs (0.u,0.s) (success)
Params: n= 13
Finished transaction in 0.001 secs (0.001u,0.s) (successful)
Tactic call build ran for 0. secs (0.u,0.s)
Tactic call assert ran for 0. secs (0.u,0.s) (success)
Tactic call destruct ran for 0. secs (0.u,0.s) (success)
Tactic call cbn ran for 0. secs (0.u,0.s) (success)
Params: n= 14
Finished transaction in 0.001 secs (0.001u,0.s) (successful)
Tactic call build ran for 0. secs (0.u,0.s)
Tactic call assert ran for 0. secs (0.u,0.s) (success)
Tactic call destruct ran for 0. secs (0.u,0.s) (success)
Tactic call cbn ran for 0. secs (0.u,0.s) (success)
Params: n= 15
Finished transaction in 0.001 secs (0.001u,0.s) (successful)
Tactic call build ran for 0. secs (0.u,0.s)
Tactic call assert ran for 0. secs (0.u,0.s) (success)
Tactic call destruct ran for 0. secs (0.u,0.s) (success)
Tactic call cbn ran for 0. secs (0.u,0.s) (success)
Params: n= 16
Finished transaction in 0.001 secs (0.001u,0.s) (successful)
Tactic call build ran for 0. secs (0.u,0.s)
Tactic call assert ran for 0. secs (0.u,0.s) (success)
Tactic call destruct ran for 0. secs (0.u,0.s) (success)
Tactic call cbn ran for 0. secs (0.u,0.s) (success)
Params: n= 17
Finished transaction in 0.001 secs (0.001u,0.s) (successful)
Tactic call build ran for 0. secs (0.u,0.s)
Tactic call assert ran for 0. secs (0.u,0.s) (success)
Tactic call destruct ran for 0. secs (0.u,0.s) (success)
Tactic call cbn ran for 0. secs (0.u,0.s) (success)
Params: n= 18
Finished transaction in 0.001 secs (0.001u,0.s) (successful)
Tactic call build ran for 0. secs (0.u,0.s)
Tactic call assert ran for 0. secs (0.u,0.s) (success)
Tactic call destruct ran for 0. secs (0.u,0.s) (success)
Tactic call cbn ran for 0. secs (0.u,0.s) (success)
Params: n= 19
Finished transaction in 0.001 secs (0.001u,0.s) (successful)
Tactic call build ran for 0. secs (0.u,0.s)
Tactic call assert ran for 0. secs (0.u,0.s) (success)
Tactic call destruct ran for 0. secs (0.u,0.s) (success)
Tactic call cbn ran for 0. secs (0.u,0.s) (success)
Params: n= 20
Finished transaction in 0.002 secs (0.002u,0.s) (successful)
Tactic call build ran for 0. secs (0.u,0.s)
Tactic call assert ran for 0. secs (0.u,0.s) (success)
Tactic call destruct ran for 0. secs (0.u,0.s) (success)
Tactic call cbn ran for 0. secs (0.u,0.s) (success)
Params: n= 21
Finished transaction in 0.002 secs (0.002u,0.s) (successful)
Tactic call build ran for 0. secs (0.u,0.s)
Tactic call assert ran for 0. secs (0.u,0.s) (success)
Tactic call destruct ran for 0. secs (0.u,0.s) (success)
Tactic call cbn ran for 0. secs (0.u,0.s) (success)
Params: n= 22
Finished transaction in 0.002 secs (0.002u,0.s) (successful)
Tactic call build ran for 0. secs (0.u,0.s)
Tactic call assert ran for 0. secs (0.u,0.s) (success)
Tactic call destruct ran for 0. secs (0.u,0.s) (success)
Tactic call cbn ran for 0. secs (0.u,0.s) (success)
Params: n= 23
Finished transaction in 0.002 secs (0.002u,0.s) (successful)
Tactic call build ran for 0. secs (0.u,0.s)
Tactic call assert ran for 0. secs (0.u,0.s) (success)
Tactic call destruct ran for 0. secs (0.u,0.s) (success)
Tactic call cbn ran for 0. secs (0.u,0.s) (success)
Params: n= 24
Finished transaction in 0.002 secs (0.002u,0.s) (successful)
Tactic call build ran for 0. secs (0.u,0.s)
Tactic call assert ran for 0. secs (0.u,0.s) (success)
Tactic call destruct ran for 0. secs (0.u,0.s) (success)
Tactic call cbn ran for 0. secs (0.u,0.s) (success)
Params: n= 25
Finished transaction in 0.002 secs (0.002u,0.s) (successful)
Tactic call build ran for 0. secs (0.u,0.s)
Tactic call assert ran for 0. secs (0.u,0.s) (success)
Tactic call destruct ran for 0. secs (0.u,0.s) (success)
Tactic call cbn ran for 0. secs (0.u,0.s) (success)
Params: n= 26
Finished transaction in 0.002 secs (0.002u,0.s) (successful)
Tactic call build ran for 0. secs (0.u,0.s)
Tactic call assert ran for 0. secs (0.u,0.s) (success)
Tactic call destruct ran for 0. secs (0.u,0.s) (success)
Tactic call cbn ran for 0. secs (0.u,0.s) (success)
Params: n= 27
Finished transaction in 0.003 secs (0.003u,0.s) (successful)
Tactic call build ran for 0. secs (0.u,0.s)
Tactic call assert ran for 0. secs (0.u,0.s) (success)
Tactic call destruct ran for 0. secs (0.u,0.s) (success)
Tactic call cbn ran for 0. secs (0.u,0.s) (success)
Params: n= 28
Finished transaction in 0.003 secs (0.003u,0.s) (successful)
Tactic call build ran for 0. secs (0.u,0.s)
Tactic call assert ran for 0. secs (0.u,0.s) (success)
Tactic call destruct ran for 0. secs (0.u,0.s) (success)
Tactic call cbn ran for 0. secs (0.u,0.s) (success)
Params: n= 29
Finished transaction in 0.003 secs (0.003u,0.s) (successful)
Tactic call build ran for 0. secs (0.u,0.s)
Tactic call assert ran for 0. secs (0.u,0.s) (success)
Tactic call destruct ran for 0. secs (0.u,0.s) (success)
Tactic call cbn ran for 0. secs (0.u,0.s) (success)
Params: n= 30
Finished transaction in 0.003 secs (0.003u,0.s) (successful)
Tactic call build ran for 0. secs (0.u,0.s)
Tactic call assert ran for 0. secs (0.u,0.s) (success)
Tactic call destruct ran for 0. secs (0.u,0.s) (success)
Tactic call cbn ran for 0. secs (0.u,0.s) (success)
Params: n= 31
Finished transaction in 0.003 secs (0.003u,0.s) (successful)
Tactic call build ran for 0. secs (0.u,0.s)
Tactic call assert ran for 0. secs (0.u,0.s) (success)
Tactic call destruct ran for 0. secs (0.u,0.s) (success)
Tactic call cbn ran for 0. secs (0.u,0.s) (success)
Params: n= 32
Finished transaction in 0.003 secs (0.003u,0.s) (successful)
Tactic call build ran for 0. secs (0.u,0.s)
Tactic call assert ran for 0. secs (0.u,0.s) (success)
Tactic call destruct ran for 0. secs (0.u,0.s) (success)
Tactic call cbn ran for 0. secs (0.u,0.s) (success)
Params: n= 33
Finished transaction in 0.004 secs (0.004u,0.s) (successful)
Tactic call build ran for 0. secs (0.u,0.s)
Tactic call assert ran for 0. secs (0.u,0.s) (success)
Tactic call destruct ran for 0. secs (0.u,0.s) (success)
Tactic call cbn ran for 0. secs (0.u,0.s) (success)
Params: n= 34
Finished transaction in 0.004 secs (0.004u,0.s) (successful)
Tactic call build ran for 0. secs (0.u,0.s)
Tactic call assert ran for 0. secs (0.u,0.s) (success)
Tactic call destruct ran for 0. secs (0.u,0.s) (success)
Tactic call cbn ran for 0. secs (0.u,0.s) (success)
Params: n= 35
Finished transaction in 0.004 secs (0.004u,0.s) (successful)
Tactic call build ran for 0. secs (0.u,0.s)
Tactic call assert ran for 0. secs (0.u,0.s) (success)
Tactic call destruct ran for 0.001 secs (0.001u,0.s) (success)
Tactic call cbn ran for 0. secs (0.u,0.s) (success)
Params: n= 36
Finished transaction in 0.004 secs (0.004u,0.s) (successful)
Tactic call build ran for 0. secs (0.u,0.s)
Tactic call assert ran for 0. secs (0.u,0.s) (success)
Tactic call destruct ran for 0.001 secs (0.001u,0.s) (success)
Tactic call cbn ran for 0. secs (0.u,0.s) (success)
Params: n= 37
Finished transaction in 0.004 secs (0.004u,0.s) (successful)
Tactic call build ran for 0. secs (0.u,0.s)
Tactic call assert ran for 0. secs (0.u,0.s) (success)
Tactic call destruct ran for 0.001 secs (0.001u,0.s) (success)
Tactic call cbn ran for 0. secs (0.u,0.s) (success)
Params: n= 38
Finished transaction in 0.005 secs (0.005u,0.s) (successful)
Tactic call build ran for 0. secs (0.u,0.s)
Tactic call assert ran for 0. secs (0.u,0.s) (success)
Tactic call destruct ran for 0.001 secs (0.001u,0.s) (success)
Tactic call cbn ran for 0. secs (0.u,0.s) (success)
Params: n= 39
Finished transaction in 0.005 secs (0.005u,0.s) (successful)
Tactic call build ran for 0. secs (0.u,0.s)
Tactic call assert ran for 0. secs (0.u,0.s) (success)
Tactic call destruct ran for 0.001 secs (0.001u,0.s) (success)
Tactic call cbn ran for 0. secs (0.u,0.s) (success)
Params: n= 40
Finished transaction in 0.005 secs (0.005u,0.s) (successful)
Tactic call build ran for 0. secs (0.u,0.s)
Tactic call assert ran for 0. secs (0.u,0.s) (success)
Tactic call destruct ran for 0.001 secs (0.001u,0.s) (success)
Tactic call cbn ran for 0. secs (0.u,0.s) (success)
Params: n= 41
Finished transaction in 0.005 secs (0.005u,0.s) (successful)
Tactic call build ran for 0. secs (0.u,0.s)
Tactic call assert ran for 0. secs (0.u,0.s) (success)
Tactic call destruct ran for 0.001 secs (0.001u,0.s) (success)
Tactic call cbn ran for 0. secs (0.u,0.s) (success)
Params: n= 42
Finished transaction in 0.006 secs (0.006u,0.s) (successful)
Tactic call build ran for 0. secs (0.u,0.s)
Tactic call assert ran for 0. secs (0.u,0.s) (success)
Tactic call destruct ran for 0.001 secs (0.001u,0.s) (success)
Tactic call cbn ran for 0. secs (0.u,0.s) (success)
Params: n= 43
Finished transaction in 0.006 secs (0.006u,0.s) (successful)
Tactic call build ran for 0. secs (0.u,0.s)
Tactic call assert ran for 0. secs (0.u,0.s) (success)
Tactic call destruct ran for 0.001 secs (0.001u,0.s) (success)
Tactic call cbn ran for 0. secs (0.u,0.s) (success)
Params: n= 44
Finished transaction in 0.006 secs (0.006u,0.s) (successful)
Tactic call build ran for 0. secs (0.u,0.s)
Tactic call assert ran for 0. secs (0.u,0.s) (success)
Tactic call destruct ran for 0.001 secs (0.001u,0.s) (success)
Tactic call cbn ran for 0. secs (0.u,0.s) (success)
Params: n= 45
Finished transaction in 0.006 secs (0.006u,0.s) (successful)
Tactic call build ran for 0. secs (0.u,0.s)
Tactic call assert ran for 0. secs (0.u,0.s) (success)
Tactic call destruct ran for 0.001 secs (0.001u,0.s) (success)
Tactic call cbn ran for 0. secs (0.u,0.s) (success)
Params: n= 46
Finished transaction in 0.007 secs (0.007u,0.s) (successful)
Tactic call build ran for 0. secs (0.u,0.s)
Tactic call assert ran for 0. secs (0.u,0.s) (success)
Tactic call destruct ran for 0.001 secs (0.001u,0.s) (success)
Tactic call cbn ran for 0. secs (0.u,0.s) (success)
Params: n= 47
Finished transaction in 0.007 secs (0.007u,0.s) (successful)
Tactic call build ran for 0. secs (0.u,0.s)
Tactic call assert ran for 0. secs (0.u,0.s) (success)
Tactic call destruct ran for 0.001 secs (0.001u,0.s) (success)
Tactic call cbn ran for 0. secs (0.u,0.s) (success)
Params: n= 48
Finished transaction in 0.007 secs (0.007u,0.s) (successful)
Tactic call build ran for 0. secs (0.u,0.s)
Tactic call assert ran for 0. secs (0.u,0.s) (success)
Tactic call destruct ran for 0.001 secs (0.001u,0.s) (success)
Tactic call cbn ran for 0. secs (0.u,0.s) (success)
Params: n= 49
Finished transaction in 0.007 secs (0.007u,0.s) (successful)
Tactic call build ran for 0. secs (0.u,0.s)
Tactic call assert ran for 0. secs (0.u,0.s) (success)
Tactic call destruct ran for 0.001 secs (0.001u,0.s) (success)
Tactic call cbn ran for 0. secs (0.u,0.s) (success)
Params: n= 50
Finished transaction in 0.008 secs (0.008u,0.s) (successful)
Tactic call build ran for 0. secs (0.u,0.s)
Tactic call assert ran for 0. secs (0.u,0.s) (success)
Tactic call destruct ran for 0.001 secs (0.001u,0.s) (success)
Tactic call cbn ran for 0. secs (0.u,0.s) (success)
Params: n= 51
Finished transaction in 0.008 secs (0.008u,0.s) (successful)
Tactic call build ran for 0. secs (0.u,0.s)
Tactic call assert ran for 0. secs (0.u,0.s) (success)
Tactic call destruct ran for 0.001 secs (0.001u,0.s) (success)
Tactic call cbn ran for 0. secs (0.u,0.s) (success)
Params: n= 52
Finished transaction in 0.008 secs (0.008u,0.s) (successful)
Tactic call build ran for 0. secs (0.u,0.s)
Tactic call assert ran for 0. secs (0.u,0.s) (success)
Tactic call destruct ran for 0.001 secs (0.001u,0.s) (success)
Tactic call cbn ran for 0. secs (0.u,0.s) (success)
Params: n= 53
Finished transaction in 0.009 secs (0.009u,0.s) (successful)
Tactic call build ran for 0. secs (0.u,0.s)
Tactic call assert ran for 0. secs (0.u,0.s) (success)
Tactic call destruct ran for 0.001 secs (0.001u,0.s) (success)
Tactic call cbn ran for 0. secs (0.u,0.s) (success)
Params: n= 54
Finished transaction in 0.009 secs (0.009u,0.s) (successful)
Tactic call build ran for 0. secs (0.u,0.s)
Tactic call assert ran for 0. secs (0.u,0.s) (success)
Tactic call destruct ran for 0.001 secs (0.001u,0.s) (success)
Tactic call cbn ran for 0. secs (0.u,0.s) (success)
Params: n= 55
Finished transaction in 0.009 secs (0.009u,0.s) (successful)
Tactic call build ran for 0. secs (0.u,0.s)
Tactic call assert ran for 0. secs (0.u,0.s) (success)
Tactic call destruct ran for 0.001 secs (0.001u,0.s) (success)
Tactic call cbn ran for 0. secs (0.u,0.s) (success)
Params: n= 56
Finished transaction in 0.009 secs (0.009u,0.s) (successful)
Tactic call build ran for 0. secs (0.u,0.s)
Tactic call assert ran for 0. secs (0.u,0.s) (success)
Tactic call destruct ran for 0.002 secs (0.002u,0.s) (success)
Tactic call cbn ran for 0. secs (0.u,0.s) (success)
Params: n= 57
Finished transaction in 0.01 secs (0.01u,0.s) (successful)
Tactic call build ran for 0. secs (0.u,0.s)
Tactic call assert ran for 0. secs (0.u,0.s) (success)
Tactic call destruct ran for 0.002 secs (0.002u,0.s) (success)
Tactic call cbn ran for 0. secs (0.u,0.s) (success)
Params: n= 58
Finished transaction in 0.01 secs (0.01u,0.s) (successful)
Tactic call build ran for 0. secs (0.u,0.s)
Tactic call assert ran for 0. secs (0.u,0.s) (success)
Tactic call destruct ran for 0.002 secs (0.002u,0.s) (success)
Tactic call cbn ran for 0. secs (0.u,0.s) (success)
Params: n= 59
Finished transaction in 0.012 secs (0.012u,0.s) (successful)
Tactic call build ran for 0. secs (0.u,0.s)
Tactic call assert ran for 0. secs (0.u,0.s) (success)
Tactic call destruct ran for 0.002 secs (0.002u,0.s) (success)
Tactic call cbn ran for 0. secs (0.u,0.s) (success)
Params: n= 60
Finished transaction in 0.011 secs (0.011u,0.s) (successful)
Tactic call build ran for 0. secs (0.u,0.s)
Tactic call assert ran for 0. secs (0.u,0.s) (success)
Tactic call destruct ran for 0.002 secs (0.002u,0.s) (success)
Tactic call cbn ran for 0. secs (0.u,0.s) (success)
Params: n= 61
Finished transaction in 0.011 secs (0.011u,0.s) (successful)
Tactic call build ran for 0. secs (0.u,0.s)
Tactic call assert ran for 0. secs (0.u,0.s) (success)
Tactic call destruct ran for 0.002 secs (0.002u,0.s) (success)
Tactic call cbn ran for 0. secs (0.u,0.s) (success)
Params: n= 62
Finished transaction in 0.012 secs (0.012u,0.s) (successful)
Tactic call build ran for 0. secs (0.u,0.s)
Tactic call assert ran for 0. secs (0.u,0.s) (success)
Tactic call destruct ran for 0.002 secs (0.002u,0.s) (success)
Tactic call cbn ran for 0. secs (0.u,0.s) (success)
Params: n= 63
Finished transaction in 0.012 secs (0.012u,0.s) (successful)
Tactic call build ran for 0. secs (0.u,0.s)
Tactic call assert ran for 0. secs (0.u,0.s) (success)
Tactic call destruct ran for 0.002 secs (0.002u,0.s) (success)
Tactic call cbn ran for 0. secs (0.u,0.s) (success)
Params: n= 64
Finished transaction in 0.012 secs (0.012u,0.s) (successful)
Tactic call build ran for 0. secs (0.u,0.s)
Tactic call assert ran for 0. secs (0.u,0.s) (success)
Tactic call destruct ran for 0.002 secs (0.002u,0.s) (success)
Tactic call cbn ran for 0. secs (0.u,0.s) (success)
Params: n= 65
Finished transaction in 0.013 secs (0.013u,0.s) (successful)
Tactic call build ran for 0. secs (0.u,0.s)
Tactic call assert ran for 0. secs (0.u,0.s) (success)
Tactic call destruct ran for 0.002 secs (0.002u,0.s) (success)
Tactic call cbn ran for 0. secs (0.u,0.s) (success)
Params: n= 66
Finished transaction in 0.013 secs (0.009u,0.003s) (successful)
Tactic call build ran for 0. secs (0.u,0.s)
Tactic call assert ran for 0. secs (0.u,0.s) (success)
Tactic call destruct ran for 0.002 secs (0.002u,0.s) (success)
Tactic call cbn ran for 0. secs (0.u,0.s) (success)
Params: n= 67
Finished transaction in 0.015 secs (0.015u,0.s) (successful)
Tactic call build ran for 0. secs (0.u,0.s)
Tactic call assert ran for 0. secs (0.u,0.s) (success)
Tactic call destruct ran for 0.002 secs (0.002u,0.s) (success)
Tactic call cbn ran for 0. secs (0.u,0.s) (success)
Params: n= 68
Finished transaction in 0.014 secs (0.014u,0.s) (successful)
Tactic call build ran for 0. secs (0.u,0.s)
Tactic call assert ran for 0. secs (0.u,0.s) (success)
Tactic call destruct ran for 0.002 secs (0.002u,0.s) (success)
Tactic call cbn ran for 0. secs (0.u,0.s) (success)
Params: n= 69
Finished transaction in 0.015 secs (0.015u,0.s) (successful)
Tactic call build ran for 0. secs (0.u,0.s)
Tactic call assert ran for 0. secs (0.u,0.s) (success)
Tactic call destruct ran for 0.002 secs (0.002u,0.s) (success)
Tactic call cbn ran for 0. secs (0.u,0.s) (success)
Params: n= 70
Finished transaction in 0.015 secs (0.015u,0.s) (successful)
Tactic call build ran for 0. secs (0.u,0.s)
Tactic call assert ran for 0. secs (0.u,0.s) (success)
Tactic call destruct ran for 0.003 secs (0.003u,0.s) (success)
Tactic call cbn ran for 0. secs (0.u,0.s) (success)
Params: n= 71
Finished transaction in 0.016 secs (0.016u,0.s) (successful)
Tactic call build ran for 0. secs (0.u,0.s)
Tactic call assert ran for 0. secs (0.u,0.s) (success)
Tactic call destruct ran for 0.003 secs (0.003u,0.s) (success)
Tactic call cbn ran for 0. secs (0.u,0.s) (success)
Params: n= 72
Finished transaction in 0.017 secs (0.017u,0.s) (successful)
Tactic call build ran for 0. secs (0.u,0.s)
Tactic call assert ran for 0. secs (0.u,0.s) (success)
Tactic call destruct ran for 0.003 secs (0.u,0.003s) (success)
Tactic call cbn ran for 0. secs (0.u,0.s) (success)
Params: n= 73
Finished transaction in 0.016 secs (0.016u,0.s) (successful)
Tactic call build ran for 0. secs (0.u,0.s)
Tactic call assert ran for 0. secs (0.u,0.s) (success)
Tactic call destruct ran for 0.003 secs (0.003u,0.s) (success)
Tactic call cbn ran for 0. secs (0.u,0.s) (success)
Params: n= 74
Finished transaction in 0.016 secs (0.016u,0.s) (successful)
Tactic call build ran for 0. secs (0.u,0.s)
Tactic call assert ran for 0. secs (0.u,0.s) (success)
Tactic call destruct ran for 0.003 secs (0.003u,0.s) (success)
Tactic call cbn ran for 0. secs (0.u,0.s) (success)
Params: n= 75
Finished transaction in 0.017 secs (0.017u,0.s) (successful)
Tactic call build ran for 0. secs (0.u,0.s)
Tactic call assert ran for 0. secs (0.u,0.s) (success)
Tactic call destruct ran for 0.003 secs (0.003u,0.s) (success)
Tactic call cbn ran for 0. secs (0.u,0.s) (success)
Params: n= 76
Finished transaction in 0.058 secs (0.054u,0.003s) (successful)
Tactic call build ran for 0. secs (0.u,0.s)
Tactic call assert ran for 0. secs (0.u,0.s) (success)
Tactic call destruct ran for 0.003 secs (0.003u,0.s) (success)
Tactic call cbn ran for 0. secs (0.u,0.s) (success)
Params: n= 77
Finished transaction in 0.019 secs (0.019u,0.s) (successful)
Tactic call build ran for 0. secs (0.u,0.s)
Tactic call assert ran for 0. secs (0.u,0.s) (success)
Tactic call destruct ran for 0.003 secs (0.003u,0.s) (success)
Tactic call cbn ran for 0. secs (0.u,0.s) (success)
Params: n= 78
Finished transaction in 0.018 secs (0.018u,0.s) (successful)
Tactic call build ran for 0. secs (0.u,0.s)
Tactic call assert ran for 0. secs (0.u,0.s) (success)
Tactic call destruct ran for 0.003 secs (0.003u,0.s) (success)
Tactic call cbn ran for 0. secs (0.u,0.s) (success)
Params: n= 79
Finished transaction in 0.018 secs (0.018u,0.s) (successful)
Tactic call build ran for 0. secs (0.u,0.s)
Tactic call assert ran for 0. secs (0.u,0.s) (success)
Tactic call destruct ran for 0.003 secs (0.003u,0.s) (success)
Tactic call cbn ran for 0. secs (0.u,0.s) (success)
Params: n= 80
Finished transaction in 0.019 secs (0.019u,0.s) (successful)
Tactic call build ran for 0. secs (0.u,0.s)
Tactic call assert ran for 0. secs (0.u,0.s) (success)
Tactic call destruct ran for 0.003 secs (0.003u,0.s) (success)
Tactic call cbn ran for 0. secs (0.u,0.s) (success)
Params: n= 81
Finished transaction in 0.019 secs (0.019u,0.s) (successful)
Tactic call build ran for 0. secs (0.u,0.s)
Tactic call assert ran for 0. secs (0.u,0.s) (success)
Tactic call destruct ran for 0.003 secs (0.003u,0.s) (success)
Tactic call cbn ran for 0. secs (0.u,0.s) (success)
Params: n= 82
Finished transaction in 0.02 secs (0.02u,0.s) (successful)
Tactic call build ran for 0. secs (0.u,0.s)
Tactic call assert ran for 0. secs (0.u,0.s) (success)
Tactic call destruct ran for 0.003 secs (0.003u,0.s) (success)
Tactic call cbn ran for 0. secs (0.u,0.s) (success)
Params: n= 83
Finished transaction in 0.02 secs (0.02u,0.s) (successful)
Tactic call build ran for 0. secs (0.u,0.s)
Tactic call assert ran for 0. secs (0.u,0.s) (success)
Tactic call destruct ran for 0.004 secs (0.004u,0.s) (success)
Tactic call cbn ran for 0. secs (0.u,0.s) (success)
Params: n= 84
Finished transaction in 0.021 secs (0.021u,0.s) (successful)
Tactic call build ran for 0. secs (0.u,0.s)
Tactic call assert ran for 0. secs (0.u,0.s) (success)
Tactic call destruct ran for 0.004 secs (0.004u,0.s) (success)
Tactic call cbn ran for 0. secs (0.u,0.s) (success)
Params: n= 85
Finished transaction in 0.021 secs (0.021u,0.s) (successful)
Tactic call build ran for 0. secs (0.u,0.s)
Tactic call assert ran for 0. secs (0.u,0.s) (success)
Tactic call destruct ran for 0.004 secs (0.004u,0.s) (success)
Tactic call cbn ran for 0. secs (0.u,0.s) (success)
Params: n= 86
Finished transaction in 0.021 secs (0.021u,0.s) (successful)
Tactic call build ran for 0. secs (0.u,0.s)
Tactic call assert ran for 0. secs (0.u,0.s) (success)
Tactic call destruct ran for 0.004 secs (0.004u,0.s) (success)
Tactic call cbn ran for 0. secs (0.u,0.s) (success)
Params: n= 87
Finished transaction in 0.081 secs (0.073u,0.007s) (successful)
Tactic call build ran for 0. secs (0.u,0.s)
Tactic call assert ran for 0. secs (0.u,0.s) (success)
Tactic call destruct ran for 0.004 secs (0.004u,0.s) (success)
Tactic call cbn ran for 0. secs (0.u,0.s) (success)
Params: n= 88
Finished transaction in 0.022 secs (0.022u,0.s) (successful)
Tactic call build ran for 0. secs (0.u,0.s)
Tactic call assert ran for 0. secs (0.u,0.s) (success)
Tactic call destruct ran for 0.004 secs (0.004u,0.s) (success)
Tactic call cbn ran for 0. secs (0.u,0.s) (success)
Params: n= 89
Finished transaction in 0.023 secs (0.023u,0.s) (successful)
Tactic call build ran for 0. secs (0.u,0.s)
Tactic call assert ran for 0. secs (0.u,0.s) (success)
Tactic call destruct ran for 0.004 secs (0.004u,0.s) (success)
Tactic call cbn ran for 0. secs (0.u,0.s) (success)
Params: n= 90
Finished transaction in 0.023 secs (0.023u,0.s) (successful)
Tactic call build ran for 0. secs (0.u,0.s)
Tactic call assert ran for 0. secs (0.u,0.s) (success)
Tactic call destruct ran for 0.004 secs (0.004u,0.s) (success)
Tactic call cbn ran for 0. secs (0.u,0.s) (success)
Params: n= 91
Finished transaction in 0.024 secs (0.024u,0.s) (successful)
Tactic call build ran for 0. secs (0.u,0.s)
Tactic call assert ran for 0. secs (0.u,0.s) (success)
Tactic call destruct ran for 0.006 secs (0.006u,0.s) (success)
Tactic call cbn ran for 0. secs (0.u,0.s) (success)
Params: n= 92
Finished transaction in 0.024 secs (0.024u,0.s) (successful)
Tactic call build ran for 0. secs (0.u,0.s)
Tactic call assert ran for 0. secs (0.u,0.s) (success)
Tactic call destruct ran for 0.004 secs (0.004u,0.s) (success)
Tactic call cbn ran for 0. secs (0.u,0.s) (success)
Params: n= 93
Finished transaction in 0.025 secs (0.025u,0.s) (successful)
Tactic call build ran for 0. secs (0.u,0.s)
Tactic call assert ran for 0. secs (0.u,0.s) (success)
Tactic call destruct ran for 0.004 secs (0.004u,0.s) (success)
Tactic call cbn ran for 0. secs (0.u,0.s) (success)
Params: n= 94
Finished transaction in 0.026 secs (0.026u,0.s) (successful)
Tactic call build ran for 0. secs (0.u,0.s)
Tactic call assert ran for 0. secs (0.u,0.s) (success)
Tactic call destruct ran for 0.005 secs (0.005u,0.s) (success)
Tactic call cbn ran for 0. secs (0.u,0.s) (success)
Params: n= 95
Finished transaction in 0.026 secs (0.026u,0.s) (successful)
Tactic call build ran for 0. secs (0.u,0.s)
Tactic call assert ran for 0. secs (0.u,0.s) (success)
Tactic call destruct ran for 0.005 secs (0.005u,0.s) (success)
Tactic call cbn ran for 0. secs (0.u,0.s) (success)
Params: n= 96
Finished transaction in 0.029 secs (0.029u,0.s) (successful)
Tactic call build ran for 0. secs (0.u,0.s)
Tactic call assert ran for 0. secs (0.u,0.s) (success)
Tactic call destruct ran for 0.005 secs (0.005u,0.s) (success)
Tactic call cbn ran for 0. secs (0.u,0.s) (success)
Params: n= 97
Finished transaction in 0.027 secs (0.027u,0.s) (successful)
Tactic call build ran for 0. secs (0.u,0.s)
Tactic call assert ran for 0. secs (0.u,0.s) (success)
Tactic call destruct ran for 0.005 secs (0.005u,0.s) (success)
Tactic call cbn ran for 0. secs (0.u,0.s) (success)
Params: n= 98
Finished transaction in 0.028 secs (0.028u,0.s) (successful)
Tactic call build ran for 0. secs (0.u,0.s)
Tactic call assert ran for 0. secs (0.u,0.s) (success)
Tactic call destruct ran for 0.005 secs (0.005u,0.s) (success)
Tactic call cbn ran for 0. secs (0.u,0.s) (success)
Params: n= 99
Finished transaction in 0.116 secs (0.116u,0.s) (successful)
Tactic call build ran for 0. secs (0.u,0.s)
Tactic call assert ran for 0. secs (0.u,0.s) (success)
Tactic call destruct ran for 0.005 secs (0.005u,0.s) (success)
Tactic call cbn ran for 0. secs (0.u,0.s) (success)
Params: n= 100
Finished transaction in 0.028 secs (0.028u,0.s) (successful)
Tactic call build ran for 0. secs (0.u,0.s)
Tactic call assert ran for 0. secs (0.u,0.s) (success)
Tactic call destruct ran for 0.005 secs (0.005u,0.s) (success)
Tactic call cbn ran for 0. secs (0.u,0.s) (success)
Params: n= 101
Finished transaction in 0.029 secs (0.029u,0.s) (successful)
Tactic call build ran for 0. secs (0.u,0.s)
Tactic call assert ran for 0. secs (0.u,0.s) (success)
Tactic call destruct ran for 0.005 secs (0.005u,0.s) (success)
Tactic call cbn ran for 0. secs (0.u,0.s) (success)
Params: n= 102
Finished transaction in 0.029 secs (0.029u,0.s) (successful)
Tactic call build ran for 0. secs (0.u,0.s)
Tactic call assert ran for 0. secs (0.u,0.s) (success)
Tactic call destruct ran for 0.005 secs (0.005u,0.s) (success)
Tactic call cbn ran for 0. secs (0.u,0.s) (success)
Params: n= 103
Finished transaction in 0.03 secs (0.03u,0.s) (successful)
Tactic call build ran for 0. secs (0.u,0.s)
Tactic call assert ran for 0. secs (0.u,0.s) (success)
Tactic call destruct ran for 0.005 secs (0.005u,0.s) (success)
Tactic call cbn ran for 0. secs (0.u,0.s) (success)
Params: n= 104
Finished transaction in 0.033 secs (0.033u,0.s) (successful)
Tactic call build ran for 0. secs (0.u,0.s)
Tactic call assert ran for 0. secs (0.u,0.s) (success)
Tactic call destruct ran for 0.006 secs (0.006u,0.s) (success)
Tactic call cbn ran for 0. secs (0.u,0.s) (success)
Params: n= 105
Finished transaction in 0.031 secs (0.031u,0.s) (successful)
Tactic call build ran for 0. secs (0.u,0.s)
Tactic call assert ran for 0. secs (0.u,0.s) (success)
Tactic call destruct ran for 0.006 secs (0.006u,0.s) (success)
Tactic call cbn ran for 0. secs (0.u,0.s) (success)
Params: n= 106
Finished transaction in 0.032 secs (0.032u,0.s) (successful)
Tactic call build ran for 0. secs (0.u,0.s)
Tactic call assert ran for 0. secs (0.u,0.s) (success)
Tactic call destruct ran for 0.006 secs (0.006u,0.s) (success)
Tactic call cbn ran for 0. secs (0.u,0.s) (success)
Params: n= 107
Finished transaction in 0.032 secs (0.032u,0.s) (successful)
Tactic call build ran for 0. secs (0.u,0.s)
Tactic call assert ran for 0. secs (0.u,0.s) (success)
Tactic call destruct ran for 0.006 secs (0.006u,0.s) (success)
Tactic call cbn ran for 0. secs (0.u,0.s) (success)
Params: n= 108
Finished transaction in 0.033 secs (0.033u,0.s) (successful)
Tactic call build ran for 0. secs (0.u,0.s)
Tactic call assert ran for 0. secs (0.u,0.s) (success)
Tactic call destruct ran for 0.006 secs (0.006u,0.s) (success)
Tactic call cbn ran for 0. secs (0.u,0.s) (success)
Params: n= 109
Finished transaction in 0.034 secs (0.034u,0.s) (successful)
Tactic call build ran for 0. secs (0.u,0.s)
Tactic call assert ran for 0. secs (0.u,0.s) (success)
Tactic call destruct ran for 0.006 secs (0.006u,0.s) (success)
Tactic call cbn ran for 0. secs (0.u,0.s) (success)
Params: n= 110
Finished transaction in 0.037 secs (0.037u,0.s) (successful)
Tactic call build ran for 0. secs (0.u,0.s)
Tactic call assert ran for 0. secs (0.u,0.s) (success)
Tactic call destruct ran for 0.006 secs (0.006u,0.s) (success)
Tactic call cbn ran for 0. secs (0.u,0.s) (success)
Params: n= 111
Finished transaction in 0.035 secs (0.035u,0.s) (successful)
Tactic call build ran for 0. secs (0.u,0.s)
Tactic call assert ran for 0. secs (0.u,0.s) (success)
Tactic call destruct ran for 0.006 secs (0.006u,0.s) (success)
Tactic call cbn ran for 0. secs (0.u,0.s) (success)
Params: n= 112
Finished transaction in 0.039 secs (0.039u,0.s) (successful)
Tactic call build ran for 0. secs (0.u,0.s)
Tactic call assert ran for 0. secs (0.u,0.s) (success)
Tactic call destruct ran for 0.007 secs (0.007u,0.s) (success)
Tactic call cbn ran for 0. secs (0.u,0.s) (success)
Params: n= 113
Finished transaction in 0.036 secs (0.036u,0.s) (successful)
Tactic call build ran for 0. secs (0.u,0.s)
Tactic call assert ran for 0. secs (0.u,0.s) (success)
Tactic call destruct ran for 0.007 secs (0.007u,0.s) (success)
Tactic call cbn ran for 0. secs (0.u,0.s) (success)
Params: n= 114
Finished transaction in 0.201 secs (0.189u,0.011s) (successful)
Tactic call build ran for 0. secs (0.u,0.s)
Tactic call assert ran for 0. secs (0.u,0.s) (success)
Tactic call destruct ran for 0.007 secs (0.007u,0.s) (success)
Tactic call cbn ran for 0. secs (0.u,0.s) (success)
Params: n= 115
Finished transaction in 0.037 secs (0.037u,0.s) (successful)
Tactic call build ran for 0. secs (0.u,0.s)
Tactic call assert ran for 0. secs (0.u,0.s) (success)
Tactic call destruct ran for 0.007 secs (0.007u,0.s) (success)
Tactic call cbn ran for 0. secs (0.u,0.s) (success)
Params: n= 116
Finished transaction in 0.038 secs (0.038u,0.s) (successful)
Tactic call build ran for 0. secs (0.u,0.s)
Tactic call assert ran for 0. secs (0.u,0.s) (success)
Tactic call destruct ran for 0.007 secs (0.007u,0.s) (success)
Tactic call cbn ran for 0. secs (0.u,0.s) (success)
Params: n= 117
Finished transaction in 0.038 secs (0.038u,0.s) (successful)
Tactic call build ran for 0. secs (0.u,0.s)
Tactic call assert ran for 0. secs (0.u,0.s) (success)
Tactic call destruct ran for 0.007 secs (0.007u,0.s) (success)
Tactic call cbn ran for 0. secs (0.u,0.s) (success)
Params: n= 118
Finished transaction in 0.039 secs (0.039u,0.s) (successful)
Tactic call build ran for 0. secs (0.u,0.s)
Tactic call assert ran for 0. secs (0.u,0.s) (success)
Tactic call destruct ran for 0.008 secs (0.008u,0.s) (success)
Tactic call cbn ran for 0. secs (0.u,0.s) (success)
Params: n= 119
Finished transaction in 0.04 secs (0.04u,0.s) (successful)
Tactic call build ran for 0. secs (0.u,0.s)
Tactic call assert ran for 0. secs (0.u,0.s) (success)
Tactic call destruct ran for 0.007 secs (0.007u,0.s) (success)
Tactic call cbn ran for 0. secs (0.u,0.s) (success)
Params: n= 120
Finished transaction in 0.041 secs (0.041u,0.s) (successful)
Tactic call build ran for 0. secs (0.u,0.s)
Tactic call assert ran for 0. secs (0.u,0.s) (success)
Tactic call destruct ran for 0.008 secs (0.008u,0.s) (success)
Tactic call cbn ran for 0. secs (0.u,0.s) (success)
Params: n= 121
Finished transaction in 0.041 secs (0.041u,0.s) (successful)
Tactic call build ran for 0. secs (0.u,0.s)
Tactic call assert ran for 0. secs (0.u,0.s) (success)
Tactic call destruct ran for 0.008 secs (0.008u,0.s) (success)
Tactic call cbn ran for 0. secs (0.u,0.s) (success)
Params: n= 122
Finished transaction in 0.042 secs (0.042u,0.s) (successful)
Tactic call build ran for 0. secs (0.u,0.s)
Tactic call assert ran for 0. secs (0.u,0.s) (success)
Tactic call destruct ran for 0.008 secs (0.008u,0.s) (success)
Tactic call cbn ran for 0. secs (0.u,0.s) (success)
Params: n= 123
Finished transaction in 0.042 secs (0.042u,0.s) (successful)
Tactic call build ran for 0. secs (0.u,0.s)
Tactic call assert ran for 0. secs (0.u,0.s) (success)
Tactic call destruct ran for 0.008 secs (0.008u,0.s) (success)
Tactic call cbn ran for 0. secs (0.u,0.s) (success)
Params: n= 124
Finished transaction in 0.045 secs (0.045u,0.s) (successful)
Tactic call build ran for 0. secs (0.u,0.s)
Tactic call assert ran for 0. secs (0.u,0.s) (success)
Tactic call destruct ran for 0.009 secs (0.009u,0.s) (success)
Tactic call cbn ran for 0. secs (0.u,0.s) (success)
Params: n= 125
Finished transaction in 0.045 secs (0.045u,0.s) (successful)
Tactic call build ran for 0. secs (0.u,0.s)
Tactic call assert ran for 0. secs (0.u,0.s) (success)
Tactic call destruct ran for 0.008 secs (0.008u,0.s) (success)
Tactic call cbn ran for 0. secs (0.u,0.s) (success)
Params: n= 126
Finished transaction in 0.045 secs (0.045u,0.s) (successful)
Tactic call build ran for 0. secs (0.u,0.s)
Tactic call assert ran for 0. secs (0.u,0.s) (success)
Tactic call destruct ran for 0.008 secs (0.008u,0.s) (success)
Tactic call cbn ran for 0. secs (0.u,0.s) (success)
Params: n= 127
Finished transaction in 0.046 secs (0.046u,0.s) (successful)
Tactic call build ran for 0. secs (0.u,0.s)
Tactic call assert ran for 0. secs (0.u,0.s) (success)
Tactic call destruct ran for 0.009 secs (0.009u,0.s) (success)
Tactic call cbn ran for 0. secs (0.u,0.s) (success)
Params: n= 128
Finished transaction in 0.048 secs (0.048u,0.s) (successful)
Tactic call build ran for 0. secs (0.u,0.s)
Tactic call assert ran for 0. secs (0.u,0.s) (success)
Tactic call destruct ran for 0.009 secs (0.009u,0.s) (success)
Tactic call cbn ran for 0. secs (0.u,0.s) (success)
Params: n= 129
Finished transaction in 0.051 secs (0.051u,0.s) (successful)
Tactic call build ran for 0. secs (0.u,0.s)
Tactic call assert ran for 0. secs (0.u,0.s) (success)
Tactic call destruct ran for 0.009 secs (0.009u,0.s) (success)
Tactic call cbn ran for 0. secs (0.u,0.s) (success)
Params: n= 130
Finished transaction in 0.048 secs (0.048u,0.s) (successful)
Tactic call build ran for 0. secs (0.u,0.s)
Tactic call assert ran for 0. secs (0.u,0.s) (success)
Tactic call destruct ran for 0.009 secs (0.009u,0.s) (success)
Tactic call cbn ran for 0. secs (0.u,0.s) (success)
Params: n= 131
Finished transaction in 0.263 secs (0.239u,0.023s) (successful)
Tactic call build ran for 0. secs (0.u,0.s)
Tactic call assert ran for 0. secs (0.u,0.s) (success)
Tactic call destruct ran for 0.01 secs (0.01u,0.s) (success)
Tactic call cbn ran for 0. secs (0.u,0.s) (success)
Params: n= 132
Finished transaction in 0.047 secs (0.047u,0.s) (successful)
Tactic call build ran for 0. secs (0.u,0.s)
Tactic call assert ran for 0. secs (0.u,0.s) (success)
Tactic call destruct ran for 0.009 secs (0.009u,0.s) (success)
Tactic call cbn ran for 0. secs (0.u,0.s) (success)
Params: n= 133
Finished transaction in 0.048 secs (0.048u,0.s) (successful)
Tactic call build ran for 0. secs (0.u,0.s)
Tactic call assert ran for 0. secs (0.u,0.s) (success)
Tactic call destruct ran for 0.009 secs (0.009u,0.s) (success)
Tactic call cbn ran for 0. secs (0.u,0.s) (success)
Params: n= 134
Finished transaction in 0.049 secs (0.049u,0.s) (successful)
Tactic call build ran for 0. secs (0.u,0.s)
Tactic call assert ran for 0. secs (0.u,0.s) (success)
Tactic call destruct ran for 0.01 secs (0.01u,0.s) (success)
Tactic call cbn ran for 0. secs (0.u,0.s) (success)
Params: n= 135
Finished transaction in 0.05 secs (0.05u,0.s) (successful)
Tactic call build ran for 0. secs (0.u,0.s)
Tactic call assert ran for 0. secs (0.u,0.s) (success)
Tactic call destruct ran for 0.01 secs (0.01u,0.s) (success)
Tactic call cbn ran for 0. secs (0.u,0.s) (success)
Params: n= 136
Finished transaction in 0.051 secs (0.051u,0.s) (successful)
Tactic call build ran for 0. secs (0.u,0.s)
Tactic call assert ran for 0. secs (0.u,0.s) (success)
Tactic call destruct ran for 0.01 secs (0.01u,0.s) (success)
Tactic call cbn ran for 0. secs (0.u,0.s) (success)
Params: n= 137
Finished transaction in 0.052 secs (0.052u,0.s) (successful)
Tactic call build ran for 0. secs (0.u,0.s)
Tactic call assert ran for 0. secs (0.u,0.s) (success)
Tactic call destruct ran for 0.01 secs (0.01u,0.s) (success)
Tactic call cbn ran for 0. secs (0.u,0.s) (success)
Params: n= 138
Finished transaction in 0.052 secs (0.052u,0.s) (successful)
Tactic call build ran for 0. secs (0.u,0.s)
Tactic call assert ran for 0. secs (0.u,0.s) (success)
Tactic call destruct ran for 0.01 secs (0.01u,0.s) (success)
Tactic call cbn ran for 0. secs (0.u,0.s) (success)
Params: n= 139
Finished transaction in 0.058 secs (0.058u,0.s) (successful)
Tactic call build ran for 0. secs (0.u,0.s)
Tactic call assert ran for 0. secs (0.u,0.s) (success)
Tactic call destruct ran for 0.01 secs (0.01u,0.s) (success)
Tactic call cbn ran for 0. secs (0.u,0.s) (success)
Params: n= 140
Finished transaction in 0.053 secs (0.053u,0.s) (successful)
Tactic call build ran for 0. secs (0.u,0.s)
Tactic call assert ran for 0. secs (0.u,0.s) (success)
Tactic call destruct ran for 0.01 secs (0.01u,0.s) (success)
Tactic call cbn ran for 0. secs (0.u,0.s) (success)
Params: n= 141
Finished transaction in 0.054 secs (0.054u,0.s) (successful)
Tactic call build ran for 0. secs (0.u,0.s)
Tactic call assert ran for 0. secs (0.u,0.s) (success)
Tactic call destruct ran for 0.01 secs (0.01u,0.s) (success)
Tactic call cbn ran for 0. secs (0.u,0.s) (success)
Params: n= 142
Finished transaction in 0.055 secs (0.055u,0.s) (successful)
Tactic call build ran for 0. secs (0.u,0.s)
Tactic call assert ran for 0. secs (0.u,0.s) (success)
Tactic call destruct ran for 0.011 secs (0.011u,0.s) (success)
Tactic call cbn ran for 0. secs (0.u,0.s) (success)
Params: n= 143
Finished transaction in 0.056 secs (0.056u,0.s) (successful)
Tactic call build ran for 0. secs (0.u,0.s)
Tactic call assert ran for 0. secs (0.u,0.s) (success)
Tactic call destruct ran for 0.011 secs (0.011u,0.s) (success)
Tactic call cbn ran for 0. secs (0.u,0.s) (success)
Params: n= 144
Finished transaction in 0.057 secs (0.057u,0.s) (successful)
Tactic call build ran for 0. secs (0.u,0.s)
Tactic call assert ran for 0. secs (0.u,0.s) (success)
Tactic call destruct ran for 0.011 secs (0.011u,0.s) (success)
Tactic call cbn ran for 0. secs (0.u,0.s) (success)
Params: n= 145
Finished transaction in 0.058 secs (0.058u,0.s) (successful)
Tactic call build ran for 0. secs (0.u,0.s)
Tactic call assert ran for 0. secs (0.u,0.s) (success)
Tactic call destruct ran for 0.011 secs (0.011u,0.s) (success)
Tactic call cbn ran for 0. secs (0.u,0.s) (success)
Params: n= 146
Finished transaction in 0.058 secs (0.058u,0.s) (successful)
Tactic call build ran for 0. secs (0.u,0.s)
Tactic call assert ran for 0. secs (0.u,0.s) (success)
Tactic call destruct ran for 0.011 secs (0.011u,0.s) (success)
Tactic call cbn ran for 0. secs (0.u,0.s) (success)
Params: n= 147
Finished transaction in 0.06 secs (0.06u,0.s) (successful)
Tactic call build ran for 0. secs (0.u,0.s)
Tactic call assert ran for 0. secs (0.u,0.s) (success)
Tactic call destruct ran for 0.011 secs (0.011u,0.s) (success)
Tactic call cbn ran for 0. secs (0.u,0.s) (success)
Params: n= 148
Finished transaction in 0.061 secs (0.061u,0.s) (successful)
Tactic call build ran for 0. secs (0.u,0.s)
Tactic call assert ran for 0. secs (0.u,0.s) (success)
Tactic call destruct ran for 0.011 secs (0.011u,0.s) (success)
Tactic call cbn ran for 0. secs (0.u,0.s) (success)
Params: n= 149
Finished transaction in 0.062 secs (0.062u,0.s) (successful)
Tactic call build ran for 0. secs (0.u,0.s)
Tactic call assert ran for 0. secs (0.u,0.s) (success)
Tactic call destruct ran for 0.012 secs (0.012u,0.s) (success)
Tactic call cbn ran for 0. secs (0.u,0.s) (success)
Params: n= 150
Finished transaction in 0.371 secs (0.359u,0.011s) (successful)
Tactic call build ran for 0. secs (0.u,0.s)
Tactic call assert ran for 0. secs (0.u,0.s) (success)
Tactic call destruct ran for 0.012 secs (0.012u,0.s) (success)
Tactic call cbn ran for 0. secs (0.u,0.s) (success)
Params: n= 151
Finished transaction in 0.061 secs (0.061u,0.s) (successful)
Tactic call build ran for 0. secs (0.u,0.s)
Tactic call assert ran for 0. secs (0.u,0.s) (success)
Tactic call destruct ran for 0.012 secs (0.012u,0.s) (success)
Tactic call cbn ran for 0. secs (0.u,0.s) (success)
Params: n= 152
Finished transaction in 0.063 secs (0.063u,0.s) (successful)
Tactic call build ran for 0. secs (0.u,0.s)
Tactic call assert ran for 0. secs (0.u,0.s) (success)
Tactic call destruct ran for 0.012 secs (0.012u,0.s) (success)
Tactic call cbn ran for 0. secs (0.u,0.s) (success)
Params: n= 153
Finished transaction in 0.064 secs (0.064u,0.s) (successful)
Tactic call build ran for 0. secs (0.u,0.s)
Tactic call assert ran for 0. secs (0.u,0.s) (success)
Tactic call destruct ran for 0.012 secs (0.012u,0.s) (success)
Tactic call cbn ran for 0. secs (0.u,0.s) (success)
Params: n= 154
Finished transaction in 0.068 secs (0.068u,0.s) (successful)
Tactic call build ran for 0. secs (0.u,0.s)
Tactic call assert ran for 0. secs (0.u,0.s) (success)
Tactic call destruct ran for 0.012 secs (0.012u,0.s) (success)
Tactic call cbn ran for 0. secs (0.u,0.s) (success)
Params: n= 155
Finished transaction in 0.066 secs (0.066u,0.s) (successful)
Tactic call build ran for 0. secs (0.u,0.s)
Tactic call assert ran for 0. secs (0.u,0.s) (success)
Tactic call destruct ran for 0.013 secs (0.013u,0.s) (success)
Tactic call cbn ran for 0. secs (0.u,0.s) (success)
Params: n= 156
Finished transaction in 0.068 secs (0.068u,0.s) (successful)
Tactic call build ran for 0. secs (0.u,0.s)
Tactic call assert ran for 0. secs (0.u,0.s) (success)
Tactic call destruct ran for 0.013 secs (0.013u,0.s) (success)
Tactic call cbn ran for 0. secs (0.u,0.s) (success)
Params: n= 157
Finished transaction in 0.067 secs (0.067u,0.s) (successful)
Tactic call build ran for 0. secs (0.u,0.s)
Tactic call assert ran for 0. secs (0.u,0.s) (success)
Tactic call destruct ran for 0.013 secs (0.013u,0.s) (success)
Tactic call cbn ran for 0. secs (0.u,0.s) (success)
Params: n= 158
Finished transaction in 0.069 secs (0.069u,0.s) (successful)
Tactic call build ran for 0. secs (0.u,0.s)
Tactic call assert ran for 0. secs (0.u,0.s) (success)
Tactic call destruct ran for 0.013 secs (0.013u,0.s) (success)
Tactic call cbn ran for 0. secs (0.u,0.s) (success)
Params: n= 159
Finished transaction in 0.07 secs (0.07u,0.s) (successful)
Tactic call build ran for 0. secs (0.u,0.s)
Tactic call assert ran for 0. secs (0.u,0.s) (success)
Tactic call destruct ran for 0.013 secs (0.013u,0.s) (success)
Tactic call cbn ran for 0. secs (0.u,0.s) (success)
Params: n= 160
Finished transaction in 0.072 secs (0.072u,0.s) (successful)
Tactic call build ran for 0. secs (0.u,0.s)
Tactic call assert ran for 0. secs (0.u,0.s) (success)
Tactic call destruct ran for 0.014 secs (0.014u,0.s) (success)
Tactic call cbn ran for 0. secs (0.u,0.s) (success)
Params: n= 161
Finished transaction in 0.071 secs (0.071u,0.s) (successful)
Tactic call build ran for 0. secs (0.u,0.s)
Tactic call assert ran for 0. secs (0.u,0.s) (success)
Tactic call destruct ran for 0.014 secs (0.014u,0.s) (success)
Tactic call cbn ran for 0. secs (0.u,0.s) (success)
Params: n= 162
Finished transaction in 0.072 secs (0.072u,0.s) (successful)
Tactic call build ran for 0. secs (0.u,0.s)
Tactic call assert ran for 0. secs (0.u,0.s) (success)
Tactic call destruct ran for 0.014 secs (0.014u,0.s) (success)
Tactic call cbn ran for 0. secs (0.u,0.s) (success)
Params: n= 163
Finished transaction in 0.073 secs (0.073u,0.s) (successful)
Tactic call build ran for 0. secs (0.u,0.s)
Tactic call assert ran for 0. secs (0.u,0.s) (success)
Tactic call destruct ran for 0.014 secs (0.014u,0.s) (success)
Tactic call cbn ran for 0. secs (0.u,0.s) (success)
Params: n= 164
Finished transaction in 0.074 secs (0.074u,0.s) (successful)
Tactic call build ran for 0. secs (0.u,0.s)
Tactic call assert ran for 0. secs (0.u,0.s) (success)
Tactic call destruct ran for 0.014 secs (0.014u,0.s) (success)
Tactic call cbn ran for 0. secs (0.u,0.s) (success)
Params: n= 165
Finished transaction in 0.076 secs (0.076u,0.s) (successful)
Tactic call build ran for 0. secs (0.u,0.s)
Tactic call assert ran for 0. secs (0.u,0.s) (success)
Tactic call destruct ran for 0.015 secs (0.015u,0.s) (success)
Tactic call cbn ran for 0. secs (0.u,0.s) (success)
Params: n= 166
Finished transaction in 0.076 secs (0.076u,0.s) (successful)
Tactic call build ran for 0. secs (0.u,0.s)
Tactic call assert ran for 0. secs (0.u,0.s) (success)
Tactic call destruct ran for 0.015 secs (0.015u,0.s) (success)
Tactic call cbn ran for 0. secs (0.u,0.s) (success)
Params: n= 167
Finished transaction in 0.077 secs (0.077u,0.s) (successful)
Tactic call build ran for 0. secs (0.u,0.s)
Tactic call assert ran for 0. secs (0.u,0.s) (success)
Tactic call destruct ran for 0.015 secs (0.015u,0.s) (success)
Tactic call cbn ran for 0. secs (0.u,0.s) (success)
Params: n= 168
Finished transaction in 0.079 secs (0.079u,0.s) (successful)
Tactic call build ran for 0. secs (0.u,0.s)
Tactic call assert ran for 0. secs (0.u,0.s) (success)
Tactic call destruct ran for 0.016 secs (0.016u,0.s) (success)
Tactic call cbn ran for 0. secs (0.u,0.s) (success)
Params: n= 169
Finished transaction in 0.079 secs (0.079u,0.s) (successful)
Tactic call build ran for 0. secs (0.u,0.s)
Tactic call assert ran for 0. secs (0.u,0.s) (success)
Tactic call destruct ran for 0.015 secs (0.015u,0.s) (success)
Tactic call cbn ran for 0. secs (0.u,0.s) (success)
Params: n= 170
Finished transaction in 0.086 secs (0.086u,0.s) (successful)
Tactic call build ran for 0. secs (0.u,0.s)
Tactic call assert ran for 0. secs (0.u,0.s) (success)
Tactic call destruct ran for 0.015 secs (0.015u,0.s) (success)
Tactic call cbn ran for 0. secs (0.u,0.s) (success)
Params: n= 171
Finished transaction in 0.08 secs (0.08u,0.s) (successful)
Tactic call build ran for 0. secs (0.u,0.s)
Tactic call assert ran for 0. secs (0.u,0.s) (success)
Tactic call destruct ran for 0.015 secs (0.015u,0.s) (success)
Tactic call cbn ran for 0. secs (0.u,0.s) (success)
Params: n= 172
Finished transaction in 0.574 secs (0.558u,0.015s) (successful)
Tactic call build ran for 0. secs (0.u,0.s)
Tactic call assert ran for 0. secs (0.u,0.s) (success)
Tactic call destruct ran for 0.016 secs (0.016u,0.s) (success)
Tactic call cbn ran for 0. secs (0.u,0.s) (success)
Params: n= 173
Finished transaction in 0.079 secs (0.079u,0.s) (successful)
Tactic call build ran for 0. secs (0.u,0.s)
Tactic call assert ran for 0. secs (0.u,0.s) (success)
Tactic call destruct ran for 0.016 secs (0.016u,0.s) (success)
Tactic call cbn ran for 0. secs (0.u,0.s) (success)
Params: n= 174
Finished transaction in 0.081 secs (0.081u,0.s) (successful)
Tactic call build ran for 0. secs (0.u,0.s)
Tactic call assert ran for 0. secs (0.u,0.s) (success)
Tactic call destruct ran for 0.016 secs (0.016u,0.s) (success)
Tactic call cbn ran for 0. secs (0.u,0.s) (success)
Params: n= 175
Finished transaction in 0.082 secs (0.082u,0.s) (successful)
Tactic call build ran for 0. secs (0.u,0.s)
Tactic call assert ran for 0. secs (0.u,0.s) (success)
Tactic call destruct ran for 0.017 secs (0.017u,0.s) (success)
Tactic call cbn ran for 0. secs (0.u,0.s) (success)
Params: n= 176
Finished transaction in 0.082 secs (0.082u,0.s) (successful)
Tactic call build ran for 0. secs (0.u,0.s)
Tactic call assert ran for 0. secs (0.u,0.s) (success)
Tactic call destruct ran for 0.017 secs (0.017u,0.s) (success)
Tactic call cbn ran for 0. secs (0.u,0.s) (success)
Params: n= 177
Finished transaction in 0.084 secs (0.084u,0.s) (successful)
Tactic call build ran for 0. secs (0.u,0.s)
Tactic call assert ran for 0. secs (0.u,0.s) (success)
Tactic call destruct ran for 0.017 secs (0.017u,0.s) (success)
Tactic call cbn ran for 0. secs (0.u,0.s) (success)
Params: n= 178
Finished transaction in 0.085 secs (0.085u,0.s) (successful)
Tactic call build ran for 0. secs (0.u,0.s)
Tactic call assert ran for 0. secs (0.u,0.s) (success)
Tactic call destruct ran for 0.017 secs (0.017u,0.s) (success)
Tactic call cbn ran for 0. secs (0.u,0.s) (success)
Params: n= 179
Finished transaction in 0.086 secs (0.086u,0.s) (successful)
Tactic call build ran for 0. secs (0.u,0.s)
Tactic call assert ran for 0. secs (0.u,0.s) (success)
Tactic call destruct ran for 0.017 secs (0.017u,0.s) (success)
Tactic call cbn ran for 0. secs (0.u,0.s) (success)
Params: n= 180
Finished transaction in 0.087 secs (0.087u,0.s) (successful)
Tactic call build ran for 0. secs (0.u,0.s)
Tactic call assert ran for 0. secs (0.u,0.s) (success)
Tactic call destruct ran for 0.018 secs (0.018u,0.s) (success)
Tactic call cbn ran for 0. secs (0.u,0.s) (success)
Params: n= 181
Finished transaction in 0.084 secs (0.084u,0.s) (successful)
Tactic call build ran for 0. secs (0.u,0.s)
Tactic call assert ran for 0. secs (0.u,0.s) (success)
Tactic call destruct ran for 0.018 secs (0.018u,0.s) (success)
Tactic call cbn ran for 0. secs (0.u,0.s) (success)
Params: n= 182
Finished transaction in 0.086 secs (0.086u,0.s) (successful)
Tactic call build ran for 0. secs (0.u,0.s)
Tactic call assert ran for 0. secs (0.u,0.s) (success)
Tactic call destruct ran for 0.017 secs (0.017u,0.s) (success)
Tactic call cbn ran for 0. secs (0.u,0.s) (success)
Params: n= 183
Finished transaction in 0.087 secs (0.087u,0.s) (successful)
Tactic call build ran for 0. secs (0.u,0.s)
Tactic call assert ran for 0. secs (0.u,0.s) (success)
Tactic call destruct ran for 0.018 secs (0.018u,0.s) (success)
Tactic call cbn ran for 0. secs (0.u,0.s) (success)
Params: n= 184
Finished transaction in 0.09 secs (0.09u,0.s) (successful)
Tactic call build ran for 0. secs (0.u,0.s)
Tactic call assert ran for 0. secs (0.u,0.s) (success)
Tactic call destruct ran for 0.018 secs (0.018u,0.s) (success)
Tactic call cbn ran for 0. secs (0.u,0.s) (success)
Params: n= 185
Finished transaction in 0.089 secs (0.089u,0.s) (successful)
Tactic call build ran for 0. secs (0.u,0.s)
Tactic call assert ran for 0. secs (0.u,0.s) (success)
Tactic call destruct ran for 0.018 secs (0.018u,0.s) (success)
Tactic call cbn ran for 0. secs (0.u,0.s) (success)
Params: n= 186
Finished transaction in 0.091 secs (0.091u,0.s) (successful)
Tactic call build ran for 0. secs (0.u,0.s)
Tactic call assert ran for 0. secs (0.u,0.s) (success)
Tactic call destruct ran for 0.018 secs (0.018u,0.s) (success)
Tactic call cbn ran for 0. secs (0.u,0.s) (success)
Params: n= 187
Finished transaction in 0.092 secs (0.092u,0.s) (successful)
Tactic call build ran for 0. secs (0.u,0.s)
Tactic call assert ran for 0. secs (0.u,0.s) (success)
Tactic call destruct ran for 0.018 secs (0.018u,0.s) (success)
Tactic call cbn ran for 0. secs (0.u,0.s) (success)
Params: n= 188
Finished transaction in 0.093 secs (0.093u,0.s) (successful)
Tactic call build ran for 0. secs (0.u,0.s)
Tactic call assert ran for 0. secs (0.u,0.s) (success)
Tactic call destruct ran for 0.018 secs (0.018u,0.s) (success)
Tactic call cbn ran for 0. secs (0.u,0.s) (success)
Params: n= 189
Finished transaction in 0.096 secs (0.096u,0.s) (successful)
Tactic call build ran for 0. secs (0.u,0.s)
Tactic call assert ran for 0. secs (0.u,0.s) (success)
Tactic call destruct ran for 0.019 secs (0.019u,0.s) (success)
Tactic call cbn ran for 0. secs (0.u,0.s) (success)
Params: n= 190
Finished transaction in 0.096 secs (0.096u,0.s) (successful)
Tactic call build ran for 0. secs (0.u,0.s)
Tactic call assert ran for 0. secs (0.u,0.s) (success)
Tactic call destruct ran for 0.019 secs (0.019u,0.s) (success)
Tactic call cbn ran for 0. secs (0.u,0.s) (success)
Params: n= 191
Finished transaction in 0.096 secs (0.096u,0.s) (successful)
Tactic call build ran for 0. secs (0.u,0.s)
Tactic call assert ran for 0. secs (0.u,0.s) (success)
Tactic call destruct ran for 0.019 secs (0.019u,0.s) (success)
Tactic call cbn ran for 0. secs (0.u,0.s) (success)
Params: n= 192
Finished transaction in 0.097 secs (0.097u,0.s) (successful)
Tactic call build ran for 0. secs (0.u,0.s)
Tactic call assert ran for 0. secs (0.u,0.s) (success)
Tactic call destruct ran for 0.03 secs (0.029u,0.s) (success)
Tactic call cbn ran for 0. secs (0.u,0.s) (success)
Params: n= 193
Finished transaction in 0.102 secs (0.102u,0.s) (successful)
Tactic call build ran for 0. secs (0.u,0.s)
Tactic call assert ran for 0. secs (0.u,0.s) (success)
Tactic call destruct ran for 0.021 secs (0.021u,0.s) (success)
Tactic call cbn ran for 0. secs (0.u,0.s) (success)
Params: n= 194
Finished transaction in 0.103 secs (0.103u,0.s) (successful)
Tactic call build ran for 0. secs (0.u,0.s)
Tactic call assert ran for 0. secs (0.u,0.s) (success)
Tactic call destruct ran for 0.021 secs (0.021u,0.s) (success)
Tactic call cbn ran for 0. secs (0.u,0.s) (success)
Params: n= 195
Finished transaction in 0.106 secs (0.106u,0.s) (successful)
Tactic call build ran for 0. secs (0.u,0.s)
Tactic call assert ran for 0. secs (0.u,0.s) (success)
Tactic call destruct ran for 0.021 secs (0.021u,0.s) (success)
Tactic call cbn ran for 0. secs (0.u,0.s) (success)
Params: n= 196
Finished transaction in 0.105 secs (0.105u,0.s) (successful)
Tactic call build ran for 0. secs (0.u,0.s)
Tactic call assert ran for 0. secs (0.u,0.s) (success)
Tactic call destruct ran for 0.021 secs (0.021u,0.s) (success)
Tactic call cbn ran for 0. secs (0.u,0.s) (success)
Params: n= 197
Finished transaction in 0.972 secs (0.959u,0.011s) (successful)
Tactic call build ran for 0. secs (0.u,0.s)
Tactic call assert ran for 0. secs (0.u,0.s) (success)
Tactic call destruct ran for 0.021 secs (0.021u,0.s) (success)
Tactic call cbn ran for 0. secs (0.u,0.s) (success)
Params: n= 198
Finished transaction in 0.104 secs (0.104u,0.s) (successful)
Tactic call build ran for 0. secs (0.u,0.s)
Tactic call assert ran for 0. secs (0.u,0.s) (success)
Tactic call destruct ran for 0.021 secs (0.021u,0.s) (success)
Tactic call cbn ran for 0. secs (0.u,0.s) (success)
Params: n= 199
Finished transaction in 0.106 secs (0.106u,0.s) (successful)
Tactic call build ran for 0. secs (0.u,0.s)
Tactic call assert ran for 0. secs (0.u,0.s) (success)
Tactic call destruct ran for 0.021 secs (0.021u,0.s) (success)
Tactic call cbn ran for 0. secs (0.u,0.s) (success)
Params: n= 200
Finished transaction in 0.106 secs (0.106u,0.s) (successful)
Tactic call build ran for 0. secs (0.u,0.s)
Tactic call assert ran for 0. secs (0.u,0.s) (success)
Tactic call destruct ran for 0.022 secs (0.022u,0.s) (success)
Tactic call cbn ran for 0. secs (0.u,0.s) (success)
