Params: n= 800
Tactic call build ran for 0.1 secs (0.073u,0.023s) (success)
Tactic call check ran for 2.7 secs (2.697u,0.s) (success)
Tactic call type ran for 2.627 secs (2.617u,0.008s) (success)
Tactic call build-and-typecheck ran for 5.429 secs (5.388u,0.031s) (success)
Tactic call refine ran for 2.705 secs (2.702u,0.s) (success)
Params: n= 900
Tactic call build ran for 0.034 secs (0.034u,0.s) (success)
Tactic call check ran for 3.334 secs (3.327u,0.004s) (success)
Tactic call type ran for 3.367 secs (3.364u,0.s) (success)
Tactic call build-and-typecheck ran for 6.736 secs (6.726u,0.004s) (success)
Tactic call refine ran for 3.353 secs (3.335u,0.011s) (success)
Params: n= 1000
Tactic call build ran for 0.037 secs (0.037u,0.s) (success)
Tactic call check ran for 4.201 secs (4.189u,0.s) (success)
Tactic call type ran for 4.127 secs (4.123u,0.s) (success)
Tactic call build-and-typecheck ran for 8.366 secs (8.35u,0.s) (success)
Tactic call refine ran for 4.191 secs (4.184u,0.004s) (success)
Params: n= 1100
Tactic call build ran for 0.038 secs (0.038u,0.s) (success)
Tactic call check ran for 4.979 secs (4.974u,0.s) (success)
Tactic call type ran for 5.034 secs (5.03u,0.s) (success)
Tactic call build-and-typecheck ran for 10.052 secs (10.043u,0.s) (success)
Tactic call refine ran for 5.037 secs (5.032u,0.s) (success)
Params: n= 1200
Tactic call build ran for 0.042 secs (0.042u,0.s) (success)
Tactic call check ran for 5.964 secs (5.951u,0.007s) (success)
Tactic call type ran for 5.973 secs (5.967u,0.s) (success)
Tactic call build-and-typecheck ran for 11.98 secs (11.961u,0.007s) (success)
Tactic call refine ran for 5.953 secs (5.943u,0.004s) (success)
Params: n= 1300
Tactic call build ran for 0.049 secs (0.049u,0.s) (success)
Tactic call check ran for 7.021 secs (7.014u,0.s) (success)
Tactic call type ran for 7.047 secs (7.039u,0.s) (success)
Tactic call build-and-typecheck ran for 14.118 secs (14.102u,0.s) (success)
Tactic call refine ran for 7.256 secs (7.232u,0.007s) (success)
Params: n= 1400
Tactic call build ran for 0.05 secs (0.05u,0.s) (success)
Tactic call check ran for 8.119 secs (8.109u,0.s) (success)
Tactic call type ran for 8.166 secs (8.15u,0.007s) (success)
Tactic call build-and-typecheck ran for 16.336 secs (16.309u,0.007s) (success)
Tactic call refine ran for 8.352 secs (8.343u,0.s) (success)
Params: n= 1500
Tactic call build ran for 0.052 secs (0.052u,0.s) (success)
Tactic call check ran for 9.34 secs (9.331u,0.s) (success)
Tactic call type ran for 9.383 secs (9.374u,0.s) (success)
Tactic call build-and-typecheck ran for 18.777 secs (18.758u,0.s) (success)
Tactic call refine ran for 9.352 secs (9.3u,0.039s) (success)
Params: n= 1600
Tactic call build ran for 0.06 secs (0.06u,0.s) (success)
Tactic call check ran for 10.651 secs (10.544u,0.087s) (success)
Tactic call type ran for 10.607 secs (10.597u,0.s) (success)
Tactic call build-and-typecheck ran for 21.32 secs (21.203u,0.087s) (success)
Tactic call refine ran for 10.834 secs (10.815u,0.008s) (success)
Params: n= 1700
Tactic call build ran for 0.062 secs (0.062u,0.s) (success)
Tactic call check ran for 11.988 secs (11.976u,0.s) (success)
Tactic call type ran for 11.977 secs (11.965u,0.s) (success)
Tactic call build-and-typecheck ran for 24.028 secs (24.004u,0.s) (success)
Tactic call refine ran for 12.042 secs (11.999u,0.019s) (success)
Params: n= 1800
Tactic call build ran for 0.064 secs (0.064u,0.s) (success)
Tactic call check ran for 13.553 secs (13.536u,0.003s) (success)
Tactic call type ran for 13.291 secs (13.214u,0.064s) (success)
Tactic call build-and-typecheck ran for 26.909 secs (26.815u,0.068s) (success)
Tactic call refine ran for 13.626 secs (13.613u,0.s) (success)
Params: n= 1900
Tactic call build ran for 0.07 secs (0.069u,0.s) (success)
Tactic call check ran for 14.846 secs (14.822u,0.s) (success)
Tactic call type ran for 14.818 secs (14.8u,0.003s) (success)
Tactic call build-and-typecheck ran for 29.734 secs (29.692u,0.003s) (success)
Tactic call refine ran for 14.856 secs (14.842u,0.s) (success)
Params: n= 2000
Tactic call build ran for 0.073 secs (0.073u,0.s) (success)
Tactic call check ran for 16.438 secs (16.419u,0.003s) (success)
Tactic call type ran for 16.471 secs (16.293u,0.152s) (success)
Tactic call build-and-typecheck ran for 32.984 secs (32.786u,0.156s) (success)
Tactic call refine ran for 16.451 secs (16.431u,0.003s) (success)
