Params: n= 0
Tactic call build ran for 0. secs (0.u,0.s) (success)
Tactic call check ran for 0. secs (0.u,0.s) (success)
Tactic call type ran for 0. secs (0.u,0.s) (success)
Tactic call build-and-typecheck ran for 0. secs (0.u,0.s) (success)
Tactic call refine ran for 0. secs (0.u,0.s) (success)
Params: n= 10
Tactic call build ran for 0.001 secs (0.u,0.s) (success)
Tactic call check ran for 0. secs (0.u,0.s) (success)
Tactic call type ran for 0. secs (0.u,0.s) (success)
Tactic call build-and-typecheck ran for 0.003 secs (0.002u,0.s) (success)
Tactic call refine ran for 0. secs (0.u,0.s) (success)
Params: n= 20
Tactic call build ran for 0.001 secs (0.001u,0.s) (success)
Tactic call check ran for 0.003 secs (0.u,0.003s) (success)
Tactic call type ran for 0.003 secs (0.u,0.003s) (success)
Tactic call build-and-typecheck ran for 0.009 secs (0.002u,0.006s) (success)
Tactic call refine ran for 0.003 secs (0.003u,0.s) (success)
Params: n= 30
Tactic call build ran for 0.002 secs (0.002u,0.s) (success)
Tactic call check ran for 0.007 secs (0.004u,0.003s) (success)
Tactic call type ran for 0.007 secs (0.006u,0.s) (success)
Tactic call build-and-typecheck ran for 0.018 secs (0.013u,0.004s) (success)
Tactic call refine ran for 0.073 secs (0.069u,0.003s) (success)
Params: n= 40
Tactic call build ran for 0.001 secs (0.001u,0.s) (success)
Tactic call check ran for 0.007 secs (0.007u,0.s) (success)
Tactic call type ran for 0.007 secs (0.007u,0.s) (success)
Tactic call build-and-typecheck ran for 0.016 secs (0.016u,0.s) (success)
Tactic call refine ran for 0.007 secs (0.007u,0.s) (success)
Params: n= 50
Tactic call build ran for 0.002 secs (0.002u,0.s) (success)
Tactic call check ran for 0.011 secs (0.011u,0.s) (success)
Tactic call type ran for 0.012 secs (0.009u,0.003s) (success)
Tactic call build-and-typecheck ran for 0.026 secs (0.022u,0.003s) (success)
Tactic call refine ran for 0.011 secs (0.011u,0.s) (success)
Params: n= 60
Tactic call build ran for 0.002 secs (0.002u,0.s) (success)
Tactic call check ran for 0.016 secs (0.016u,0.s) (success)
Tactic call type ran for 0.015 secs (0.015u,0.s) (success)
Tactic call build-and-typecheck ran for 0.034 secs (0.034u,0.s) (success)
Tactic call refine ran for 0.015 secs (0.015u,0.s) (success)
Params: n= 70
Tactic call build ran for 0.002 secs (0.002u,0.s) (success)
Tactic call check ran for 0.021 secs (0.021u,0.s) (success)
Tactic call type ran for 0.02 secs (0.02u,0.s) (success)
Tactic call build-and-typecheck ran for 0.045 secs (0.045u,0.s) (success)
Tactic call refine ran for 0.02 secs (0.02u,0.s) (success)
Params: n= 80
Tactic call build ran for 0.003 secs (0.003u,0.s) (success)
Tactic call check ran for 0.026 secs (0.026u,0.s) (success)
Tactic call type ran for 0.027 secs (0.023u,0.003s) (success)
Tactic call build-and-typecheck ran for 0.058 secs (0.054u,0.003s) (success)
Tactic call refine ran for 0.026 secs (0.026u,0.s) (success)
Params: n= 90
Tactic call build ran for 0.004 secs (0.004u,0.s) (success)
Tactic call check ran for 0.033 secs (0.033u,0.s) (success)
Tactic call type ran for 0.034 secs (0.034u,0.s) (success)
Tactic call build-and-typecheck ran for 0.072 secs (0.072u,0.s) (success)
Tactic call refine ran for 0.035 secs (0.035u,0.s) (success)
Params: n= 100
Tactic call build ran for 0.003 secs (0.003u,0.s) (success)
Tactic call check ran for 0.044 secs (0.04u,0.003s) (success)
Tactic call type ran for 0.044 secs (0.044u,0.s) (success)
Tactic call build-and-typecheck ran for 0.092 secs (0.088u,0.003s) (success)
Tactic call refine ran for 0.043 secs (0.043u,0.s) (success)
Params: n= 110
Tactic call build ran for 0.003 secs (0.003u,0.s) (success)
Tactic call check ran for 0.053 secs (0.053u,0.s) (success)
Tactic call type ran for 0.051 secs (0.051u,0.s) (success)
Tactic call build-and-typecheck ran for 0.108 secs (0.108u,0.s) (success)
Tactic call refine ran for 0.052 secs (0.052u,0.s) (success)
Params: n= 120
Tactic call build ran for 0.004 secs (0.004u,0.s) (success)
Tactic call check ran for 0.063 secs (0.063u,0.s) (success)
Tactic call type ran for 0.064 secs (0.064u,0.s) (success)
Tactic call build-and-typecheck ran for 0.132 secs (0.132u,0.s) (success)
Tactic call refine ran for 0.063 secs (0.063u,0.s) (success)
Params: n= 130
Tactic call build ran for 0.004 secs (0.004u,0.s) (success)
Tactic call check ran for 0.072 secs (0.072u,0.s) (success)
Tactic call type ran for 0.07 secs (0.07u,0.s) (success)
Tactic call build-and-typecheck ran for 0.147 secs (0.147u,0.s) (success)
Tactic call refine ran for 0.073 secs (0.073u,0.s) (success)
Params: n= 140
Tactic call build ran for 0.01 secs (0.01u,0.s) (success)
Tactic call check ran for 0.085 secs (0.081u,0.003s) (success)
Tactic call type ran for 0.088 secs (0.088u,0.s) (success)
Tactic call build-and-typecheck ran for 0.183 secs (0.18u,0.003s) (success)
Tactic call refine ran for 0.087 secs (0.087u,0.s) (success)
Params: n= 150
Tactic call build ran for 0.005 secs (0.005u,0.s) (success)
Tactic call check ran for 0.101 secs (0.101u,0.s) (success)
Tactic call type ran for 0.101 secs (0.101u,0.s) (success)
Tactic call build-and-typecheck ran for 0.207 secs (0.207u,0.s) (success)
Tactic call refine ran for 0.1 secs (0.1u,0.s) (success)
Params: n= 160
Tactic call build ran for 0.005 secs (0.005u,0.s) (success)
Tactic call check ran for 0.111 secs (0.111u,0.s) (success)
Tactic call type ran for 0.111 secs (0.111u,0.s) (success)
Tactic call build-and-typecheck ran for 0.228 secs (0.228u,0.s) (success)
Tactic call refine ran for 0.116 secs (0.116u,0.s) (success)
Params: n= 170
Tactic call build ran for 0.006 secs (0.006u,0.s) (success)
Tactic call check ran for 0.128 secs (0.128u,0.s) (success)
Tactic call type ran for 0.124 secs (0.124u,0.s) (success)
Tactic call build-and-typecheck ran for 0.258 secs (0.258u,0.s) (success)
Tactic call refine ran for 0.129 secs (0.129u,0.s) (success)
Params: n= 180
Tactic call build ran for 0.006 secs (0.006u,0.s) (success)
Tactic call check ran for 0.14 secs (0.14u,0.s) (success)
Tactic call type ran for 0.144 secs (0.144u,0.s) (success)
Tactic call build-and-typecheck ran for 0.291 secs (0.291u,0.s) (success)
Tactic call refine ran for 0.142 secs (0.142u,0.s) (success)
Params: n= 190
Tactic call build ran for 0.011 secs (0.011u,0.s) (success)
Tactic call check ran for 0.157 secs (0.156u,0.s) (success)
Tactic call type ran for 0.155 secs (0.155u,0.s) (success)
Tactic call build-and-typecheck ran for 0.323 secs (0.323u,0.s) (success)
Tactic call refine ran for 0.156 secs (0.156u,0.s) (success)
Params: n= 200
Tactic call build ran for 0.007 secs (0.007u,0.s) (success)
Tactic call check ran for 0.172 secs (0.172u,0.s) (success)
Tactic call type ran for 0.171 secs (0.171u,0.s) (success)
Tactic call build-and-typecheck ran for 0.351 secs (0.351u,0.s) (success)
Tactic call refine ran for 0.173 secs (0.173u,0.s) (success)
Params: n= 210
Tactic call build ran for 0.007 secs (0.007u,0.s) (success)
Tactic call check ran for 0.189 secs (0.189u,0.s) (success)
Tactic call type ran for 0.19 secs (0.19u,0.s) (success)
Tactic call build-and-typecheck ran for 0.388 secs (0.388u,0.s) (success)
Tactic call refine ran for 0.191 secs (0.191u,0.s) (success)
Params: n= 220
Tactic call build ran for 0.007 secs (0.007u,0.s) (success)
Tactic call check ran for 0.203 secs (0.203u,0.s) (success)
Tactic call type ran for 0.207 secs (0.203u,0.003s) (success)
Tactic call build-and-typecheck ran for 0.419 secs (0.415u,0.003s) (success)
Tactic call refine ran for 0.212 secs (0.21u,0.s) (success)
Params: n= 230
Tactic call build ran for 0.012 secs (0.012u,0.s) (success)
Tactic call check ran for 0.219 secs (0.219u,0.s) (success)
Tactic call type ran for 0.224 secs (0.22u,0.003s) (success)
Tactic call build-and-typecheck ran for 0.455 secs (0.452u,0.003s) (success)
Tactic call refine ran for 0.224 secs (0.224u,0.s) (success)
Params: n= 240
Tactic call build ran for 0.009 secs (0.009u,0.s) (success)
Tactic call check ran for 0.243 secs (0.242u,0.s) (success)
Tactic call type ran for 0.244 secs (0.244u,0.s) (success)
Tactic call build-and-typecheck ran for 0.497 secs (0.497u,0.s) (success)
Tactic call refine ran for 0.245 secs (0.245u,0.s) (success)
Params: n= 250
Tactic call build ran for 0.008 secs (0.008u,0.s) (success)
Tactic call check ran for 0.269 secs (0.269u,0.s) (success)
Tactic call type ran for 0.275 secs (0.275u,0.s) (success)
Tactic call build-and-typecheck ran for 0.553 secs (0.553u,0.s) (success)
Tactic call refine ran for 0.275 secs (0.275u,0.s) (success)
Params: n= 260
Tactic call build ran for 0.009 secs (0.009u,0.s) (success)
Tactic call check ran for 0.295 secs (0.295u,0.s) (success)
Tactic call type ran for 0.291 secs (0.291u,0.s) (success)
Tactic call build-and-typecheck ran for 0.595 secs (0.595u,0.s) (success)
Tactic call refine ran for 0.29 secs (0.29u,0.s) (success)
Params: n= 270
Tactic call build ran for 0.012 secs (0.012u,0.s) (success)
Tactic call check ran for 0.31 secs (0.31u,0.s) (success)
Tactic call type ran for 0.318 secs (0.318u,0.s) (success)
Tactic call build-and-typecheck ran for 0.642 secs (0.642u,0.s) (success)
Tactic call refine ran for 0.317 secs (0.317u,0.s) (success)
Params: n= 280
Tactic call build ran for 0.009 secs (0.009u,0.s) (success)
Tactic call check ran for 0.336 secs (0.336u,0.s) (success)
Tactic call type ran for 0.332 secs (0.328u,0.003s) (success)
Tactic call build-and-typecheck ran for 0.678 secs (0.674u,0.003s) (success)
Tactic call refine ran for 0.331 secs (0.331u,0.s) (success)
Params: n= 290
Tactic call build ran for 0.01 secs (0.01u,0.s) (success)
Tactic call check ran for 0.354 secs (0.346u,0.008s) (success)
Tactic call type ran for 0.358 secs (0.354u,0.003s) (success)
Tactic call build-and-typecheck ran for 0.723 secs (0.711u,0.011s) (success)
Tactic call refine ran for 0.355 secs (0.355u,0.s) (success)
Params: n= 300
Tactic call build ran for 0.01 secs (0.01u,0.s) (success)
Tactic call check ran for 0.379 secs (0.379u,0.s) (success)
Tactic call type ran for 0.385 secs (0.385u,0.s) (success)
Tactic call build-and-typecheck ran for 0.775 secs (0.775u,0.s) (success)
Tactic call refine ran for 0.384 secs (0.384u,0.s) (success)
Params: n= 310
Tactic call build ran for 0.01 secs (0.01u,0.s) (success)
Tactic call check ran for 0.403 secs (0.403u,0.s) (success)
Tactic call type ran for 0.408 secs (0.408u,0.s) (success)
Tactic call build-and-typecheck ran for 0.823 secs (0.822u,0.s) (success)
Tactic call refine ran for 0.405 secs (0.405u,0.s) (success)
Params: n= 320
Tactic call build ran for 0.011 secs (0.011u,0.s) (success)
Tactic call check ran for 0.45 secs (0.45u,0.s) (success)
Tactic call type ran for 0.444 secs (0.444u,0.s) (success)
Tactic call build-and-typecheck ran for 0.906 secs (0.906u,0.s) (success)
Tactic call refine ran for 0.438 secs (0.438u,0.s) (success)
Params: n= 330
Tactic call build ran for 0.011 secs (0.011u,0.s) (success)
Tactic call check ran for 0.464 secs (0.464u,0.s) (success)
Tactic call type ran for 0.468 secs (0.468u,0.s) (success)
Tactic call build-and-typecheck ran for 0.945 secs (0.944u,0.s) (success)
Tactic call refine ran for 0.464 secs (0.464u,0.s) (success)
Params: n= 340
Tactic call build ran for 0.012 secs (0.012u,0.s) (success)
Tactic call check ran for 0.486 secs (0.485u,0.s) (success)
Tactic call type ran for 0.485 secs (0.485u,0.s) (success)
Tactic call build-and-typecheck ran for 0.983 secs (0.983u,0.s) (success)
Tactic call refine ran for 0.484 secs (0.484u,0.s) (success)
Params: n= 350
Tactic call build ran for 0.016 secs (0.016u,0.s) (success)
Tactic call check ran for 0.515 secs (0.515u,0.s) (success)
Tactic call type ran for 0.518 secs (0.518u,0.s) (success)
Tactic call build-and-typecheck ran for 1.05 secs (1.05u,0.s) (success)
Tactic call refine ran for 0.521 secs (0.521u,0.s) (success)
Params: n= 360
Tactic call build ran for 0.012 secs (0.012u,0.s) (success)
Tactic call check ran for 0.546 secs (0.544u,0.s) (success)
Tactic call type ran for 0.546 secs (0.546u,0.s) (success)
Tactic call build-and-typecheck ran for 1.105 secs (1.103u,0.s) (success)
Tactic call refine ran for 0.553 secs (0.553u,0.s) (success)
Params: n= 370
Tactic call build ran for 0.012 secs (0.012u,0.s) (success)
Tactic call check ran for 0.589 secs (0.589u,0.s) (success)
Tactic call type ran for 0.589 secs (0.589u,0.s) (success)
Tactic call build-and-typecheck ran for 1.191 secs (1.191u,0.s) (success)
Tactic call refine ran for 0.588 secs (0.588u,0.s) (success)
Params: n= 380
Tactic call build ran for 0.017 secs (0.017u,0.s) (success)
Tactic call check ran for 0.612 secs (0.612u,0.s) (success)
Tactic call type ran for 0.616 secs (0.612u,0.003s) (success)
Tactic call build-and-typecheck ran for 1.245 secs (1.241u,0.003s) (success)
Tactic call refine ran for 0.608 secs (0.608u,0.s) (success)
Params: n= 390
Tactic call build ran for 0.013 secs (0.013u,0.s) (success)
Tactic call check ran for 0.643 secs (0.643u,0.s) (success)
Tactic call type ran for 0.647 secs (0.643u,0.003s) (success)
Tactic call build-and-typecheck ran for 1.304 secs (1.3u,0.003s) (success)
Tactic call refine ran for 0.646 secs (0.646u,0.s) (success)
Params: n= 400
Tactic call build ran for 0.015 secs (0.015u,0.s) (success)
Tactic call check ran for 0.67 secs (0.666u,0.003s) (success)
Tactic call type ran for 0.674 secs (0.674u,0.s) (success)
Tactic call build-and-typecheck ran for 1.36 secs (1.356u,0.003s) (success)
Tactic call refine ran for 0.692 secs (0.692u,0.s) (success)
Params: n= 410
Tactic call build ran for 0.014 secs (0.014u,0.s) (success)
Tactic call check ran for 0.728 secs (0.728u,0.s) (success)
Tactic call type ran for 0.729 secs (0.729u,0.s) (success)
Tactic call build-and-typecheck ran for 1.473 secs (1.473u,0.s) (success)
Tactic call refine ran for 0.725 secs (0.725u,0.s) (success)
Params: n= 420
Tactic call build ran for 0.014 secs (0.014u,0.s) (success)
Tactic call check ran for 0.74 secs (0.74u,0.s) (success)
Tactic call type ran for 0.749 secs (0.749u,0.s) (success)
Tactic call build-and-typecheck ran for 1.504 secs (1.504u,0.s) (success)
Tactic call refine ran for 0.742 secs (0.742u,0.s) (success)
Params: n= 430
Tactic call build ran for 0.014 secs (0.014u,0.s) (success)
Tactic call check ran for 0.778 secs (0.777u,0.s) (success)
Tactic call type ran for 0.779 secs (0.779u,0.s) (success)
Tactic call build-and-typecheck ran for 1.572 secs (1.572u,0.s) (success)
Tactic call refine ran for 0.783 secs (0.781u,0.s) (success)
Params: n= 440
Tactic call build ran for 0.015 secs (0.015u,0.s) (success)
Tactic call check ran for 0.817 secs (0.817u,0.s) (success)
Tactic call type ran for 0.845 secs (0.845u,0.s) (success)
Tactic call build-and-typecheck ran for 1.679 secs (1.679u,0.s) (success)
Tactic call refine ran for 0.836 secs (0.836u,0.s) (success)
Params: n= 450
Tactic call build ran for 0.015 secs (0.015u,0.s) (success)
Tactic call check ran for 0.866 secs (0.866u,0.s) (success)
Tactic call type ran for 0.852 secs (0.852u,0.s) (success)
Tactic call build-and-typecheck ran for 1.735 secs (1.734u,0.s) (success)
Tactic call refine ran for 0.853 secs (0.853u,0.s) (success)
Params: n= 460
Tactic call build ran for 0.016 secs (0.016u,0.s) (success)
Tactic call check ran for 0.885 secs (0.885u,0.s) (success)
Tactic call type ran for 0.89 secs (0.889u,0.s) (success)
Tactic call build-and-typecheck ran for 1.791 secs (1.791u,0.s) (success)
Tactic call refine ran for 0.891 secs (0.891u,0.s) (success)
Params: n= 470
Tactic call build ran for 0.016 secs (0.016u,0.s) (success)
Tactic call check ran for 0.929 secs (0.929u,0.s) (success)
Tactic call type ran for 0.954 secs (0.954u,0.s) (success)
Tactic call build-and-typecheck ran for 1.9 secs (1.9u,0.s) (success)
Tactic call refine ran for 0.95 secs (0.95u,0.s) (success)
Params: n= 480
Tactic call build ran for 0.02 secs (0.02u,0.s) (success)
Tactic call check ran for 0.986 secs (0.986u,0.s) (success)
Tactic call type ran for 0.974 secs (0.974u,0.s) (success)
Tactic call build-and-typecheck ran for 1.981 secs (1.981u,0.s) (success)
Tactic call refine ran for 0.97 secs (0.97u,0.s) (success)
Params: n= 490
Tactic call build ran for 0.017 secs (0.017u,0.s) (success)
Tactic call check ran for 1.003 secs (1.001u,0.s) (success)
Tactic call type ran for 1.005 secs (1.005u,0.s) (success)
Tactic call build-and-typecheck ran for 2.026 secs (2.024u,0.s) (success)
Tactic call refine ran for 1.004 secs (1.004u,0.s) (success)
Params: n= 500
Tactic call build ran for 0.021 secs (0.021u,0.s) (success)
Tactic call check ran for 1.076 secs (1.076u,0.s) (success)
Tactic call type ran for 1.083 secs (1.083u,0.s) (success)
Tactic call build-and-typecheck ran for 2.182 secs (2.182u,0.s) (success)
Tactic call refine ran for 1.08 secs (1.08u,0.s) (success)
Params: n= 510
Tactic call build ran for 0.018 secs (0.018u,0.s) (success)
Tactic call check ran for 1.086 secs (1.086u,0.s) (success)
Tactic call type ran for 1.099 secs (1.099u,0.s) (success)
Tactic call build-and-typecheck ran for 2.205 secs (2.204u,0.s) (success)
Tactic call refine ran for 1.098 secs (1.097u,0.s) (success)
Params: n= 520
Tactic call build ran for 0.019 secs (0.019u,0.s) (success)
Tactic call check ran for 1.143 secs (1.143u,0.s) (success)
Tactic call type ran for 1.161 secs (1.161u,0.s) (success)
Tactic call build-and-typecheck ran for 2.324 secs (2.324u,0.s) (success)
Tactic call refine ran for 1.164 secs (1.164u,0.s) (success)
Params: n= 530
Tactic call build ran for 0.018 secs (0.018u,0.s) (success)
Tactic call check ran for 1.194 secs (1.193u,0.s) (success)
Tactic call type ran for 1.182 secs (1.182u,0.s) (success)
Tactic call build-and-typecheck ran for 2.395 secs (2.394u,0.s) (success)
Tactic call refine ran for 1.183 secs (1.181u,0.s) (success)
Params: n= 540
Tactic call build ran for 0.018 secs (0.018u,0.s) (success)
Tactic call check ran for 1.217 secs (1.217u,0.s) (success)
Tactic call type ran for 1.229 secs (1.229u,0.s) (success)
Tactic call build-and-typecheck ran for 2.466 secs (2.466u,0.s) (success)
Tactic call refine ran for 1.259 secs (1.259u,0.s) (success)
Params: n= 550
Tactic call build ran for 0.019 secs (0.019u,0.s) (success)
Tactic call check ran for 1.29 secs (1.29u,0.s) (success)
Tactic call type ran for 1.271 secs (1.271u,0.s) (success)
Tactic call build-and-typecheck ran for 2.582 secs (2.581u,0.s) (success)
Tactic call refine ran for 1.269 secs (1.269u,0.s) (success)
Params: n= 560
Tactic call build ran for 0.019 secs (0.019u,0.s) (success)
Tactic call check ran for 1.311 secs (1.311u,0.s) (success)
Tactic call type ran for 1.31 secs (1.309u,0.s) (success)
Tactic call build-and-typecheck ran for 2.641 secs (2.641u,0.s) (success)
Tactic call refine ran for 1.344 secs (1.344u,0.s) (success)
Params: n= 570
Tactic call build ran for 0.022 secs (0.022u,0.s) (success)
Tactic call check ran for 1.383 secs (1.383u,0.s) (success)
Tactic call type ran for 1.365 secs (1.363u,0.s) (success)
Tactic call build-and-typecheck ran for 2.772 secs (2.77u,0.s) (success)
Tactic call refine ran for 1.361 secs (1.361u,0.s) (success)
Params: n= 580
Tactic call build ran for 0.023 secs (0.023u,0.s) (success)
Tactic call check ran for 1.403 secs (1.403u,0.s) (success)
Tactic call type ran for 1.417 secs (1.417u,0.s) (success)
Tactic call build-and-typecheck ran for 2.844 secs (2.844u,0.s) (success)
Tactic call refine ran for 1.451 secs (1.451u,0.s) (success)
Params: n= 590
Tactic call build ran for 0.02 secs (0.02u,0.s) (success)
Tactic call check ran for 1.493 secs (1.493u,0.s) (success)
Tactic call type ran for 1.463 secs (1.463u,0.s) (success)
Tactic call build-and-typecheck ran for 2.977 secs (2.977u,0.s) (success)
Tactic call refine ran for 1.468 secs (1.468u,0.s) (success)
Params: n= 600
Tactic call build ran for 0.022 secs (0.022u,0.s) (success)
Tactic call check ran for 1.514 secs (1.514u,0.s) (success)
Tactic call type ran for 1.533 secs (1.533u,0.s) (success)
Tactic call build-and-typecheck ran for 3.07 secs (3.07u,0.s) (success)
Tactic call refine ran for 1.543 secs (1.543u,0.s) (success)
Params: n= 610
Tactic call build ran for 0.024 secs (0.024u,0.s) (success)
Tactic call check ran for 1.556 secs (1.556u,0.s) (success)
Tactic call type ran for 1.545 secs (1.545u,0.s) (success)
Tactic call build-and-typecheck ran for 3.125 secs (3.125u,0.s) (success)
Tactic call refine ran for 1.552 secs (1.552u,0.s) (success)
Params: n= 620
Tactic call build ran for 0.021 secs (0.021u,0.s) (success)
Tactic call check ran for 1.634 secs (1.634u,0.s) (success)
Tactic call type ran for 1.644 secs (1.644u,0.s) (success)
Tactic call build-and-typecheck ran for 3.301 secs (3.301u,0.s) (success)
Tactic call refine ran for 1.613 secs (1.613u,0.s) (success)
Params: n= 630
Tactic call build ran for 0.023 secs (0.023u,0.s) (success)
Tactic call check ran for 1.653 secs (1.653u,0.s) (success)
Tactic call type ran for 1.664 secs (1.664u,0.s) (success)
Tactic call build-and-typecheck ran for 3.341 secs (3.341u,0.s) (success)
Tactic call refine ran for 1.702 secs (1.702u,0.s) (success)
Params: n= 640
Tactic call build ran for 0.025 secs (0.025u,0.s) (success)
Tactic call check ran for 1.733 secs (1.733u,0.s) (success)
Tactic call type ran for 1.703 secs (1.703u,0.s) (success)
Tactic call build-and-typecheck ran for 3.462 secs (3.462u,0.s) (success)
Tactic call refine ran for 1.716 secs (1.716u,0.s) (success)
Params: n= 650
Tactic call build ran for 0.025 secs (0.025u,0.s) (success)
Tactic call check ran for 1.769 secs (1.769u,0.s) (success)
Tactic call type ran for 1.802 secs (1.802u,0.s) (success)
Tactic call build-and-typecheck ran for 3.597 secs (3.597u,0.s) (success)
Tactic call refine ran for 1.774 secs (1.774u,0.s) (success)
Params: n= 660
Tactic call build ran for 0.025 secs (0.025u,0.s) (success)
Tactic call check ran for 1.816 secs (1.816u,0.s) (success)
Tactic call type ran for 1.816 secs (1.816u,0.s) (success)
Tactic call build-and-typecheck ran for 3.658 secs (3.658u,0.s) (success)
Tactic call refine ran for 1.844 secs (1.844u,0.s) (success)
Params: n= 670
Tactic call build ran for 0.026 secs (0.026u,0.s) (success)
Tactic call check ran for 1.889 secs (1.889u,0.s) (success)
Tactic call type ran for 1.872 secs (1.872u,0.s) (success)
Tactic call build-and-typecheck ran for 3.788 secs (3.788u,0.s) (success)
Tactic call refine ran for 1.871 secs (1.871u,0.s) (success)
Params: n= 680
Tactic call build ran for 0.027 secs (0.027u,0.s) (success)
Tactic call check ran for 1.95 secs (1.949u,0.s) (success)
Tactic call type ran for 1.969 secs (1.969u,0.s) (success)
Tactic call build-and-typecheck ran for 3.946 secs (3.946u,0.s) (success)
Tactic call refine ran for 1.935 secs (1.935u,0.s) (success)
Params: n= 690
Tactic call build ran for 0.023 secs (0.023u,0.s) (success)
Tactic call check ran for 1.985 secs (1.985u,0.s) (success)
Tactic call type ran for 2.015 secs (2.015u,0.s) (success)
Tactic call build-and-typecheck ran for 4.025 secs (4.025u,0.s) (success)
Tactic call refine ran for 2.031 secs (2.031u,0.s) (success)
Params: n= 700
Tactic call build ran for 0.024 secs (0.024u,0.s) (success)
Tactic call check ran for 2.054 secs (2.054u,0.s) (success)
Tactic call type ran for 2.065 secs (2.065u,0.s) (success)
Tactic call build-and-typecheck ran for 4.144 secs (4.144u,0.s) (success)
Tactic call refine ran for 2.089 secs (2.089u,0.s) (success)
Params: n= 710
Tactic call build ran for 0.027 secs (0.027u,0.s) (success)
Tactic call check ran for 2.128 secs (2.128u,0.s) (success)
Tactic call type ran for 2.09 secs (2.09u,0.s) (success)
Tactic call build-and-typecheck ran for 4.247 secs (4.247u,0.s) (success)
Tactic call refine ran for 2.101 secs (2.101u,0.s) (success)
Params: n= 720
Tactic call build ran for 0.026 secs (0.026u,0.s) (success)
Tactic call check ran for 2.195 secs (2.195u,0.s) (success)
Tactic call type ran for 2.175 secs (2.175u,0.s) (success)
Tactic call build-and-typecheck ran for 4.396 secs (4.396u,0.s) (success)
Tactic call refine ran for 2.155 secs (2.155u,0.s) (success)
Params: n= 730
Tactic call build ran for 0.024 secs (0.024u,0.s) (success)
Tactic call check ran for 2.224 secs (2.224u,0.s) (success)
Tactic call type ran for 2.281 secs (2.281u,0.s) (success)
Tactic call build-and-typecheck ran for 4.53 secs (4.53u,0.s) (success)
Tactic call refine ran for 2.243 secs (2.243u,0.s) (success)
Params: n= 740
Tactic call build ran for 0.028 secs (0.028u,0.s) (success)
Tactic call check ran for 2.289 secs (2.289u,0.s) (success)
Tactic call type ran for 2.311 secs (2.311u,0.s) (success)
Tactic call build-and-typecheck ran for 4.629 secs (4.629u,0.s) (success)
Tactic call refine ran for 2.337 secs (2.333u,0.003s) (success)
