Params: n= 1
Tactic call repeat-constructor ran for 0. secs (0.u,0.s) (success)
Params: n= 2
Tactic call repeat-constructor ran for 0. secs (0.u,0.s) (success)
Params: n= 3
Tactic call repeat-constructor ran for 0. secs (0.u,0.s) (success)
Params: n= 4
Tactic call repeat-constructor ran for 0. secs (0.u,0.s) (success)
Params: n= 5
Tactic call repeat-constructor ran for 0. secs (0.u,0.s) (success)
Params: n= 6
Tactic call repeat-constructor ran for 0. secs (0.u,0.s) (success)
Params: n= 7
Tactic call repeat-constructor ran for 0. secs (0.u,0.s) (success)
Params: n= 8
Tactic call repeat-constructor ran for 0. secs (0.u,0.s) (success)
Params: n= 9
Tactic call repeat-constructor ran for 0. secs (0.u,0.s) (success)
Params: n= 10
Tactic call repeat-constructor ran for 0.001 secs (0.001u,0.s) (success)
Params: n= 11
Tactic call repeat-constructor ran for 0.001 secs (0.001u,0.s) (success)
Params: n= 12
Tactic call repeat-constructor ran for 0.001 secs (0.001u,0.s) (success)
Params: n= 13
Tactic call repeat-constructor ran for 0.001 secs (0.001u,0.s) (success)
Params: n= 14
Tactic call repeat-constructor ran for 0.001 secs (0.001u,0.s) (success)
Params: n= 15
Tactic call repeat-constructor ran for 0.001 secs (0.001u,0.s) (success)
Params: n= 16
Tactic call repeat-constructor ran for 0.001 secs (0.u,0.001s) (success)
Params: n= 17
Tactic call repeat-constructor ran for 0.002 secs (0.u,0.001s) (success)
Params: n= 18
Tactic call repeat-constructor ran for 0.002 secs (0.u,0.002s) (success)
Params: n= 19
Tactic call repeat-constructor ran for 0.002 secs (0.u,0.002s) (success)
Params: n= 20
Tactic call repeat-constructor ran for 0.002 secs (0.u,0.002s) (success)
Params: n= 21
Tactic call repeat-constructor ran for 0.002 secs (0.002u,0.s) (success)
Params: n= 22
Tactic call repeat-constructor ran for 0.003 secs (0.u,0.003s) (success)
Params: n= 23
Tactic call repeat-constructor ran for 0.003 secs (0.003u,0.s) (success)
Params: n= 24
Tactic call repeat-constructor ran for 0.003 secs (0.003u,0.s) (success)
Params: n= 25
Tactic call repeat-constructor ran for 0.003 secs (0.u,0.003s) (success)
Params: n= 26
Tactic call repeat-constructor ran for 0.003 secs (0.003u,0.s) (success)
Params: n= 27
Tactic call repeat-constructor ran for 0.003 secs (0.003u,0.s) (success)
Params: n= 28
Tactic call repeat-constructor ran for 0.004 secs (0.u,0.004s) (success)
Params: n= 29
Tactic call repeat-constructor ran for 0.06 secs (0.056u,0.003s) (success)
Params: n= 30
Tactic call repeat-constructor ran for 0.002 secs (0.002u,0.s) (success)
Params: n= 31
Tactic call repeat-constructor ran for 0.003 secs (0.003u,0.s) (success)
Params: n= 32
Tactic call repeat-constructor ran for 0.003 secs (0.003u,0.s) (success)
Params: n= 33
Tactic call repeat-constructor ran for 0.003 secs (0.003u,0.s) (success)
Params: n= 34
Tactic call repeat-constructor ran for 0.003 secs (0.003u,0.s) (success)
Params: n= 35
Tactic call repeat-constructor ran for 0.003 secs (0.003u,0.s) (success)
Params: n= 36
Tactic call repeat-constructor ran for 0.003 secs (0.003u,0.s) (success)
Params: n= 37
Tactic call repeat-constructor ran for 0.003 secs (0.003u,0.s) (success)
Params: n= 38
Tactic call repeat-constructor ran for 0.003 secs (0.003u,0.s) (success)
Params: n= 39
Tactic call repeat-constructor ran for 0.004 secs (0.004u,0.s) (success)
Params: n= 40
Tactic call repeat-constructor ran for 0.004 secs (0.004u,0.s) (success)
Params: n= 41
Tactic call repeat-constructor ran for 0.004 secs (0.004u,0.s) (success)
Params: n= 42
Tactic call repeat-constructor ran for 0.004 secs (0.004u,0.s) (success)
Params: n= 43
Tactic call repeat-constructor ran for 0.004 secs (0.004u,0.s) (success)
Params: n= 44
Tactic call repeat-constructor ran for 0.004 secs (0.004u,0.s) (success)
Params: n= 45
Tactic call repeat-constructor ran for 0.004 secs (0.004u,0.s) (success)
Params: n= 46
Tactic call repeat-constructor ran for 0.004 secs (0.004u,0.s) (success)
Params: n= 47
Tactic call repeat-constructor ran for 0.004 secs (0.004u,0.s) (success)
Params: n= 48
Tactic call repeat-constructor ran for 0.005 secs (0.005u,0.s) (success)
Params: n= 49
Tactic call repeat-constructor ran for 0.005 secs (0.005u,0.s) (success)
Params: n= 50
Tactic call repeat-constructor ran for 0.005 secs (0.005u,0.s) (success)
Params: n= 51
Tactic call repeat-constructor ran for 0.005 secs (0.005u,0.s) (success)
Params: n= 52
Tactic call repeat-constructor ran for 0.005 secs (0.005u,0.s) (success)
Params: n= 53
Tactic call repeat-constructor ran for 0.005 secs (0.005u,0.s) (success)
Params: n= 54
Tactic call repeat-constructor ran for 0.005 secs (0.005u,0.s) (success)
Params: n= 55
Tactic call repeat-constructor ran for 0.006 secs (0.006u,0.s) (success)
Params: n= 56
Tactic call repeat-constructor ran for 0.006 secs (0.006u,0.s) (success)
Params: n= 57
Tactic call repeat-constructor ran for 0.006 secs (0.006u,0.s) (success)
Params: n= 58
Tactic call repeat-constructor ran for 0.006 secs (0.006u,0.s) (success)
Params: n= 59
Tactic call repeat-constructor ran for 0.007 secs (0.007u,0.s) (success)
Params: n= 60
Tactic call repeat-constructor ran for 0.007 secs (0.007u,0.s) (success)
Params: n= 61
Tactic call repeat-constructor ran for 0.007 secs (0.007u,0.s) (success)
Params: n= 62
Tactic call repeat-constructor ran for 0.007 secs (0.007u,0.s) (success)
Params: n= 63
Tactic call repeat-constructor ran for 0.007 secs (0.007u,0.s) (success)
Params: n= 64
Tactic call repeat-constructor ran for 0.007 secs (0.007u,0.s) (success)
Params: n= 65
Tactic call repeat-constructor ran for 0.009 secs (0.009u,0.s) (success)
Params: n= 66
Tactic call repeat-constructor ran for 0.008 secs (0.008u,0.s) (success)
Params: n= 67
Tactic call repeat-constructor ran for 0.008 secs (0.008u,0.s) (success)
Params: n= 68
Tactic call repeat-constructor ran for 0.008 secs (0.008u,0.s) (success)
Params: n= 69
Tactic call repeat-constructor ran for 0.008 secs (0.008u,0.s) (success)
Params: n= 70
Tactic call repeat-constructor ran for 0.01 secs (0.01u,0.s) (success)
Params: n= 71
Tactic call repeat-constructor ran for 0.009 secs (0.009u,0.s) (success)
Params: n= 72
Tactic call repeat-constructor ran for 0.009 secs (0.009u,0.s) (success)
Params: n= 73
Tactic call repeat-constructor ran for 0.009 secs (0.009u,0.s) (success)
Params: n= 74
Tactic call repeat-constructor ran for 0.009 secs (0.009u,0.s) (success)
Params: n= 75
Tactic call repeat-constructor ran for 0.012 secs (0.012u,0.s) (success)
Params: n= 76
Tactic call repeat-constructor ran for 0.01 secs (0.01u,0.s) (success)
Params: n= 77
Tactic call repeat-constructor ran for 0.01 secs (0.01u,0.s) (success)
Params: n= 78
Tactic call repeat-constructor ran for 0.01 secs (0.01u,0.s) (success)
Params: n= 79
Tactic call repeat-constructor ran for 0.012 secs (0.012u,0.s) (success)
Params: n= 80
Tactic call repeat-constructor ran for 0.011 secs (0.011u,0.s) (success)
Params: n= 81
Tactic call repeat-constructor ran for 0.011 secs (0.011u,0.s) (success)
Params: n= 82
Tactic call repeat-constructor ran for 0.011 secs (0.011u,0.s) (success)
Params: n= 83
Tactic call repeat-constructor ran for 0.015 secs (0.015u,0.s) (success)
Params: n= 84
Tactic call repeat-constructor ran for 0.012 secs (0.012u,0.s) (success)
Params: n= 85
Tactic call repeat-constructor ran for 0.012 secs (0.012u,0.s) (success)
Params: n= 86
Tactic call repeat-constructor ran for 0.012 secs (0.012u,0.s) (success)
Params: n= 87
Tactic call repeat-constructor ran for 0.013 secs (0.013u,0.s) (success)
Params: n= 88
Tactic call repeat-constructor ran for 0.012 secs (0.012u,0.s) (success)
Params: n= 89
Tactic call repeat-constructor ran for 0.012 secs (0.012u,0.s) (success)
Params: n= 90
Tactic call repeat-constructor ran for 0.014 secs (0.014u,0.s) (success)
Params: n= 91
Tactic call repeat-constructor ran for 0.013 secs (0.013u,0.s) (success)
Params: n= 92
Tactic call repeat-constructor ran for 0.013 secs (0.013u,0.s) (success)
Params: n= 93
Tactic call repeat-constructor ran for 0.016 secs (0.016u,0.s) (success)
Params: n= 94
Tactic call repeat-constructor ran for 0.014 secs (0.014u,0.s) (success)
Params: n= 95
Tactic call repeat-constructor ran for 0.014 secs (0.014u,0.s) (success)
Params: n= 96
Tactic call repeat-constructor ran for 0.02 secs (0.02u,0.s) (success)
Params: n= 97
Tactic call repeat-constructor ran for 0.014 secs (0.014u,0.s) (success)
Params: n= 98
Tactic call repeat-constructor ran for 0.015 secs (0.015u,0.s) (success)
Params: n= 99
Tactic call repeat-constructor ran for 0.017 secs (0.017u,0.s) (success)
Params: n= 100
Tactic call repeat-constructor ran for 0.021 secs (0.015u,0.s) (success)
