Params: n= 3
Tactic call cbv ran for 0. secs (0.u,0.s) (success)
Params: n= 4
Tactic call cbv ran for 0. secs (0.u,0.s) (success)
Params: n= 5
Tactic call cbv ran for 0. secs (0.u,0.s) (success)
Params: n= 6
Tactic call cbv ran for 0. secs (0.u,0.s) (success)
Params: n= 7
Tactic call cbv ran for 0. secs (0.u,0.s) (success)
Params: n= 8
Tactic call cbv ran for 0. secs (0.u,0.s) (success)
Params: n= 9
Tactic call cbv ran for 0. secs (0.u,0.s) (success)
Params: n= 10
Tactic call cbv ran for 0.001 secs (0.u,0.001s) (success)
Params: n= 11
Tactic call cbv ran for 0.003 secs (0.002u,0.s) (success)
Params: n= 12
Tactic call cbv ran for 0.006 secs (0.005u,0.s) (success)
Params: n= 13
Tactic call cbv ran for 0.013 secs (0.01u,0.003s) (success)
Params: n= 14
Tactic call cbv ran for 0.063 secs (0.059u,0.003s) (success)
Params: n= 15
Tactic call cbv ran for 0.029 secs (0.029u,0.s) (success)
Params: n= 16
Tactic call cbv ran for 0.066 secs (0.066u,0.s) (success)
Params: n= 17
Tactic call cbv ran for 0.151 secs (0.151u,0.s) (success)
Params: n= 18
Tactic call cbv ran for 0.292 secs (0.289u,0.003s) (success)
Params: n= 19
Tactic call cbv ran for 0.509 secs (0.489u,0.019s) (success)
Params: n= 20
Tactic call cbv ran for 1.075 secs (1.055u,0.019s) (success)
Params: n= 21
Tactic call cbv ran for 2.075 secs (2.063u,0.011s) (success)
