Params: n= 60
Tactic call make_Ts ran for 0.218 secs (0.207u,0.011s)
Tactic call make_T ran for 0. secs (0.u,0.s)
Tactic call make_T_projs ran for 0.055 secs (0.055u,0.s)
Tactic call make_Build_T ran for 0.023 secs (0.023u,0.s)
Tactic call make_T_eta ran for 0.005 secs (0.005u,0.s)
Tactic call make_f_ty ran for 0.014 secs (0.014u,0.s)
Tactic call make_T_rect ran for 0.019 secs (0.019u,0.s)
Tactic call making ran for 0.323 secs (0.312u,0.011s)
Tactic call constr-final-goal make_final_goal ran for 0. secs (0.u,0.s)
Tactic call everything ran for 0.329 secs (0.317u,0.012s) (success)
Params: n= 61
Tactic call make_Ts ran for 0.174 secs (0.174u,0.s)
Tactic call make_T ran for 0. secs (0.u,0.s)
Tactic call make_T_projs ran for 0.089 secs (0.085u,0.004s)
Tactic call make_Build_T ran for 0.011 secs (0.011u,0.s)
Tactic call make_T_eta ran for 0.006 secs (0.006u,0.s)
Tactic call make_f_ty ran for 0.014 secs (0.014u,0.s)
Tactic call make_T_rect ran for 0.02 secs (0.02u,0.s)
Tactic call making ran for 0.304 secs (0.298u,0.004s)
Tactic call constr-final-goal make_final_goal ran for 0. secs (0.u,0.s)
Tactic call everything ran for 0.309 secs (0.303u,0.004s) (success)
Params: n= 62
Tactic call make_Ts ran for 0.235 secs (0.23u,0.s)
Tactic call make_T ran for 0. secs (0.u,0.s)
Tactic call make_T_projs ran for 0.091 secs (0.091u,0.s)
Tactic call make_Build_T ran for 0.012 secs (0.012u,0.s)
Tactic call make_T_eta ran for 0.006 secs (0.006u,0.s)
Tactic call make_f_ty ran for 0.033 secs (0.033u,0.s)
Tactic call make_T_rect ran for 0.039 secs (0.039u,0.s)
Tactic call making ran for 0.386 secs (0.381u,0.s)
Tactic call constr-final-goal make_final_goal ran for 0. secs (0.u,0.s)
Tactic call everything ran for 0.391 secs (0.386u,0.s) (success)
Params: n= 63
Tactic call make_Ts ran for 0.249 secs (0.249u,0.s)
Tactic call make_T ran for 0. secs (0.u,0.s)
Tactic call make_T_projs ran for 0.099 secs (0.099u,0.s)
Tactic call make_Build_T ran for 0.012 secs (0.012u,0.s)
Tactic call make_T_eta ran for 0.006 secs (0.006u,0.s)
Tactic call make_f_ty ran for 0.015 secs (0.015u,0.s)
Tactic call make_T_rect ran for 0.022 secs (0.022u,0.s)
Tactic call making ran for 0.39 secs (0.39u,0.s)
Tactic call constr-final-goal make_final_goal ran for 0. secs (0.u,0.s)
Tactic call everything ran for 0.396 secs (0.396u,0.s) (success)
Params: n= 64
Tactic call make_Ts ran for 0.255 secs (0.248u,0.007s)
Tactic call make_T ran for 0. secs (0.u,0.s)
Tactic call make_T_projs ran for 0.081 secs (0.08u,0.s)
Tactic call make_Build_T ran for 0.013 secs (0.013u,0.s)
Tactic call make_T_eta ran for 0.006 secs (0.006u,0.s)
Tactic call make_f_ty ran for 0.014 secs (0.014u,0.s)
Tactic call make_T_rect ran for 0.02 secs (0.02u,0.s)
Tactic call making ran for 0.377 secs (0.369u,0.007s)
Tactic call constr-final-goal make_final_goal ran for 0. secs (0.u,0.s)
Tactic call everything ran for 0.382 secs (0.375u,0.007s) (success)
Params: n= 65
Tactic call make_Ts ran for 0.25 secs (0.246u,0.003s)
Tactic call make_T ran for 0. secs (0.u,0.s)
Tactic call make_T_projs ran for 0.086 secs (0.086u,0.s)
Tactic call make_Build_T ran for 0.018 secs (0.018u,0.s)
Tactic call make_T_eta ran for 0.006 secs (0.006u,0.s)
Tactic call make_f_ty ran for 0.015 secs (0.015u,0.s)
Tactic call make_T_rect ran for 0.021 secs (0.021u,0.s)
Tactic call making ran for 0.382 secs (0.378u,0.003s)
Tactic call constr-final-goal make_final_goal ran for 0. secs (0.u,0.s)
Tactic call everything ran for 0.388 secs (0.384u,0.003s) (success)
Params: n= 66
Tactic call make_Ts ran for 0.257 secs (0.257u,0.s)
Tactic call make_T ran for 0. secs (0.u,0.s)
Tactic call make_T_projs ran for 0.097 secs (0.097u,0.s)
Tactic call make_Build_T ran for 0.012 secs (0.012u,0.s)
Tactic call make_T_eta ran for 0.006 secs (0.006u,0.s)
Tactic call make_f_ty ran for 0.015 secs (0.015u,0.s)
Tactic call make_T_rect ran for 0.021 secs (0.021u,0.s)
Tactic call making ran for 0.396 secs (0.396u,0.s)
Tactic call constr-final-goal make_final_goal ran for 0. secs (0.u,0.s)
Tactic call everything ran for 0.415 secs (0.415u,0.s) (success)
Params: n= 67
Tactic call make_Ts ran for 0.283 secs (0.28u,0.003s)
Tactic call make_T ran for 0. secs (0.u,0.s)
Tactic call make_T_projs ran for 0.111 secs (0.111u,0.s)
Tactic call make_Build_T ran for 0.013 secs (0.013u,0.s)
Tactic call make_T_eta ran for 0.006 secs (0.006u,0.s)
Tactic call make_f_ty ran for 0.029 secs (0.029u,0.s)
Tactic call make_T_rect ran for 0.035 secs (0.035u,0.s)
Tactic call making ran for 0.45 secs (0.447u,0.003s)
Tactic call constr-final-goal make_final_goal ran for 0. secs (0.u,0.s)
Tactic call everything ran for 0.456 secs (0.452u,0.003s) (success)
Params: n= 68
Tactic call make_Ts ran for 0.31 secs (0.306u,0.003s)
Tactic call make_T ran for 0. secs (0.u,0.s)
Tactic call make_T_projs ran for 0.125 secs (0.125u,0.s)
Tactic call make_Build_T ran for 0.013 secs (0.013u,0.s)
Tactic call make_T_eta ran for 0.006 secs (0.006u,0.s)
Tactic call make_f_ty ran for 0.016 secs (0.016u,0.s)
Tactic call make_T_rect ran for 0.035 secs (0.031u,0.003s)
Tactic call making ran for 0.492 secs (0.484u,0.007s)
Tactic call constr-final-goal make_final_goal ran for 0. secs (0.u,0.s)
Tactic call everything ran for 0.497 secs (0.489u,0.007s) (success)
Params: n= 69
Tactic call make_Ts ran for 0.372 secs (0.372u,0.s)
Tactic call make_T ran for 0. secs (0.u,0.s)
Tactic call make_T_projs ran for 0.132 secs (0.132u,0.s)
Tactic call make_Build_T ran for 0.013 secs (0.013u,0.s)
Tactic call make_T_eta ran for 0.006 secs (0.006u,0.s)
Tactic call make_f_ty ran for 0.016 secs (0.016u,0.s)
Tactic call make_T_rect ran for 0.022 secs (0.022u,0.s)
Tactic call making ran for 0.547 secs (0.547u,0.s)
Tactic call constr-final-goal make_final_goal ran for 0. secs (0.u,0.s)
Tactic call everything ran for 0.569 secs (0.569u,0.s) (success)
Params: n= 70
Tactic call make_Ts ran for 0.371 secs (0.367u,0.003s)
Tactic call make_T ran for 0. secs (0.u,0.s)
Tactic call make_T_projs ran for 0.142 secs (0.142u,0.s)
Tactic call make_Build_T ran for 0.014 secs (0.014u,0.s)
Tactic call make_T_eta ran for 0.006 secs (0.002u,0.003s)
Tactic call make_f_ty ran for 0.031 secs (0.027u,0.003s)
Tactic call make_T_rect ran for 0.037 secs (0.033u,0.003s)
Tactic call making ran for 0.573 secs (0.561u,0.011s)
Tactic call constr-final-goal make_final_goal ran for 0. secs (0.u,0.s)
Tactic call everything ran for 0.578 secs (0.567u,0.011s) (success)
Params: n= 71
Tactic call make_Ts ran for 0.417 secs (0.417u,0.s)
Tactic call make_T ran for 0. secs (0.u,0.s)
Tactic call make_T_projs ran for 0.145 secs (0.141u,0.003s)
Tactic call make_Build_T ran for 0.015 secs (0.015u,0.s)
Tactic call make_T_eta ran for 0.006 secs (0.006u,0.s)
Tactic call make_f_ty ran for 0.017 secs (0.017u,0.s)
Tactic call make_T_rect ran for 0.023 secs (0.023u,0.s)
Tactic call making ran for 0.609 secs (0.605u,0.004s)
Tactic call constr-final-goal make_final_goal ran for 0. secs (0.u,0.s)
Tactic call everything ran for 0.615 secs (0.611u,0.004s) (success)
Params: n= 72
Tactic call make_Ts ran for 0.416 secs (0.416u,0.s)
Tactic call make_T ran for 0. secs (0.u,0.s)
Tactic call make_T_projs ran for 0.154 secs (0.154u,0.s)
Tactic call make_Build_T ran for 0.014 secs (0.014u,0.s)
Tactic call make_T_eta ran for 0.007 secs (0.007u,0.s)
Tactic call make_f_ty ran for 0.022 secs (0.022u,0.s)
Tactic call make_T_rect ran for 0.028 secs (0.028u,0.s)
Tactic call making ran for 0.623 secs (0.622u,0.s)
Tactic call constr-final-goal make_final_goal ran for 0. secs (0.u,0.s)
Tactic call everything ran for 0.629 secs (0.627u,0.s) (success)
Params: n= 73
Tactic call make_Ts ran for 0.434 secs (0.434u,0.s)
Tactic call make_T ran for 0. secs (0.u,0.s)
Tactic call make_T_projs ran for 0.165 secs (0.165u,0.s)
Tactic call make_Build_T ran for 0.014 secs (0.014u,0.s)
Tactic call make_T_eta ran for 0.006 secs (0.006u,0.s)
Tactic call make_f_ty ran for 0.023 secs (0.023u,0.s)
Tactic call make_T_rect ran for 0.029 secs (0.029u,0.s)
Tactic call making ran for 0.651 secs (0.651u,0.s)
Tactic call constr-final-goal make_final_goal ran for 0. secs (0.u,0.s)
Tactic call everything ran for 0.657 secs (0.657u,0.s) (success)
Params: n= 74
Tactic call make_Ts ran for 0.48 secs (0.48u,0.s)
Tactic call make_T ran for 0. secs (0.u,0.s)
Tactic call make_T_projs ran for 0.184 secs (0.184u,0.s)
Tactic call make_Build_T ran for 0.02 secs (0.02u,0.s)
Tactic call make_T_eta ran for 0.007 secs (0.007u,0.s)
Tactic call make_f_ty ran for 0.018 secs (0.018u,0.s)
Tactic call make_T_rect ran for 0.025 secs (0.025u,0.s)
Tactic call making ran for 0.718 secs (0.718u,0.s)
Tactic call constr-final-goal make_final_goal ran for 0. secs (0.u,0.s)
Tactic call everything ran for 0.724 secs (0.724u,0.s) (success)
Params: n= 75
Tactic call make_Ts ran for 0.52 secs (0.52u,0.s)
Tactic call make_T ran for 0. secs (0.u,0.s)
Tactic call make_T_projs ran for 0.193 secs (0.193u,0.s)
Tactic call make_Build_T ran for 0.015 secs (0.015u,0.s)
Tactic call make_T_eta ran for 0.007 secs (0.007u,0.s)
Tactic call make_f_ty ran for 0.029 secs (0.029u,0.s)
Tactic call make_T_rect ran for 0.035 secs (0.035u,0.s)
Tactic call making ran for 0.773 secs (0.773u,0.s)
Tactic call constr-final-goal make_final_goal ran for 0. secs (0.u,0.s)
Tactic call everything ran for 0.779 secs (0.779u,0.s) (success)
Params: n= 76
Tactic call make_Ts ran for 0.537 secs (0.533u,0.003s)
Tactic call make_T ran for 0. secs (0.u,0.s)
Tactic call make_T_projs ran for 0.252 secs (0.252u,0.s)
Tactic call make_Build_T ran for 0.016 secs (0.016u,0.s)
Tactic call make_T_eta ran for 0.008 secs (0.008u,0.s)
Tactic call make_f_ty ran for 0.02 secs (0.02u,0.s)
Tactic call make_T_rect ran for 0.027 secs (0.027u,0.s)
Tactic call making ran for 0.842 secs (0.838u,0.003s)
Tactic call constr-final-goal make_final_goal ran for 0. secs (0.u,0.s)
Tactic call everything ran for 0.858 secs (0.854u,0.003s) (success)
Params: n= 77
Tactic call make_Ts ran for 0.65 secs (0.65u,0.s)
Tactic call make_T ran for 0. secs (0.u,0.s)
Tactic call make_T_projs ran for 0.236 secs (0.236u,0.s)
Tactic call make_Build_T ran for 0.016 secs (0.016u,0.s)
Tactic call make_T_eta ran for 0.007 secs (0.007u,0.s)
Tactic call make_f_ty ran for 0.031 secs (0.031u,0.s)
Tactic call make_T_rect ran for 0.037 secs (0.037u,0.s)
Tactic call making ran for 0.948 secs (0.948u,0.s)
Tactic call constr-final-goal make_final_goal ran for 0. secs (0.u,0.s)
Tactic call everything ran for 0.954 secs (0.954u,0.s) (success)
Params: n= 78
Tactic call make_Ts ran for 0.653 secs (0.653u,0.s)
Tactic call make_T ran for 0. secs (0.u,0.s)
Tactic call make_T_projs ran for 0.236 secs (0.236u,0.s)
Tactic call make_Build_T ran for 0.026 secs (0.026u,0.s)
Tactic call make_T_eta ran for 0.007 secs (0.007u,0.s)
Tactic call make_f_ty ran for 0.019 secs (0.019u,0.s)
Tactic call make_T_rect ran for 0.026 secs (0.026u,0.s)
Tactic call making ran for 0.95 secs (0.95u,0.s)
Tactic call constr-final-goal make_final_goal ran for 0. secs (0.u,0.s)
Tactic call everything ran for 0.956 secs (0.956u,0.s) (success)
Params: n= 79
Tactic call make_Ts ran for 0.741 secs (0.741u,0.s)
Tactic call make_T ran for 0. secs (0.u,0.s)
Tactic call make_T_projs ran for 0.245 secs (0.245u,0.s)
Tactic call make_Build_T ran for 0.017 secs (0.017u,0.s)
Tactic call make_T_eta ran for 0.015 secs (0.015u,0.s)
Tactic call make_f_ty ran for 0.02 secs (0.02u,0.s)
Tactic call make_T_rect ran for 0.027 secs (0.027u,0.s)
Tactic call making ran for 1.048 secs (1.048u,0.s)
Tactic call constr-final-goal make_final_goal ran for 0. secs (0.u,0.s)
Tactic call everything ran for 1.054 secs (1.054u,0.s) (success)
Params: n= 80
Tactic call make_Ts ran for 0.715 secs (0.715u,0.s)
Tactic call make_T ran for 0. secs (0.u,0.s)
Tactic call make_T_projs ran for 0.242 secs (0.242u,0.s)
Tactic call make_Build_T ran for 0.025 secs (0.025u,0.s)
Tactic call make_T_eta ran for 0.007 secs (0.007u,0.s)
Tactic call make_f_ty ran for 0.02 secs (0.02u,0.s)
Tactic call make_T_rect ran for 0.026 secs (0.026u,0.s)
Tactic call making ran for 1.019 secs (1.019u,0.s)
Tactic call constr-final-goal make_final_goal ran for 0. secs (0.u,0.s)
Tactic call everything ran for 1.025 secs (1.025u,0.s) (success)
Params: n= 81
Tactic call make_Ts ran for 0.757 secs (0.757u,0.s)
Tactic call make_T ran for 0. secs (0.u,0.s)
Tactic call make_T_projs ran for 0.249 secs (0.249u,0.s)
Tactic call make_Build_T ran for 0.018 secs (0.018u,0.s)
Tactic call make_T_eta ran for 0.008 secs (0.008u,0.s)
Tactic call make_f_ty ran for 0.02 secs (0.02u,0.s)
Tactic call make_T_rect ran for 0.031 secs (0.031u,0.s)
Tactic call making ran for 1.066 secs (1.066u,0.s)
Tactic call constr-final-goal make_final_goal ran for 0. secs (0.u,0.s)
Tactic call everything ran for 1.073 secs (1.073u,0.s) (success)
Params: n= 82
Tactic call make_Ts ran for 0.795 secs (0.795u,0.s)
Tactic call make_T ran for 0. secs (0.u,0.s)
Tactic call make_T_projs ran for 0.319 secs (0.319u,0.s)
Tactic call make_Build_T ran for 0.019 secs (0.019u,0.s)
Tactic call make_T_eta ran for 0.008 secs (0.008u,0.s)
Tactic call make_f_ty ran for 0.021 secs (0.021u,0.s)
Tactic call make_T_rect ran for 0.027 secs (0.027u,0.s)
Tactic call making ran for 1.171 secs (1.171u,0.s)
Tactic call constr-final-goal make_final_goal ran for 0. secs (0.u,0.s)
Tactic call everything ran for 1.185 secs (1.185u,0.s) (success)
Params: n= 83
Tactic call make_Ts ran for 0.856 secs (0.856u,0.s)
Tactic call make_T ran for 0. secs (0.u,0.s)
Tactic call make_T_projs ran for 0.295 secs (0.295u,0.s)
Tactic call make_Build_T ran for 0.017 secs (0.017u,0.s)
Tactic call make_T_eta ran for 0.007 secs (0.007u,0.s)
Tactic call make_f_ty ran for 0.025 secs (0.025u,0.s)
Tactic call make_T_rect ran for 0.032 secs (0.032u,0.s)
Tactic call making ran for 1.212 secs (1.211u,0.s)
Tactic call constr-final-goal make_final_goal ran for 0. secs (0.u,0.s)
Tactic call everything ran for 1.218 secs (1.217u,0.s) (success)
Params: n= 84
Tactic call make_Ts ran for 0.906 secs (0.906u,0.s)
Tactic call make_T ran for 0. secs (0.u,0.s)
Tactic call make_T_projs ran for 0.327 secs (0.327u,0.s)
Tactic call make_Build_T ran for 0.028 secs (0.028u,0.s)
Tactic call make_T_eta ran for 0.008 secs (0.008u,0.s)
Tactic call make_f_ty ran for 0.022 secs (0.022u,0.s)
Tactic call make_T_rect ran for 0.03 secs (0.03u,0.s)
Tactic call making ran for 1.301 secs (1.301u,0.s)
Tactic call constr-final-goal make_final_goal ran for 0. secs (0.u,0.s)
Tactic call everything ran for 1.308 secs (1.308u,0.s) (success)
Params: n= 85
Tactic call make_Ts ran for 0.961 secs (0.961u,0.s)
Tactic call make_T ran for 0. secs (0.u,0.s)
Tactic call make_T_projs ran for 0.317 secs (0.317u,0.s)
Tactic call make_Build_T ran for 0.028 secs (0.028u,0.s)
Tactic call make_T_eta ran for 0.008 secs (0.008u,0.s)
Tactic call make_f_ty ran for 0.022 secs (0.022u,0.s)
Tactic call make_T_rect ran for 0.029 secs (0.029u,0.s)
Tactic call making ran for 1.346 secs (1.346u,0.s)
Tactic call constr-final-goal make_final_goal ran for 0. secs (0.u,0.s)
Tactic call everything ran for 1.353 secs (1.353u,0.s) (success)
Params: n= 86
Tactic call make_Ts ran for 1.073 secs (1.073u,0.s)
Tactic call make_T ran for 0. secs (0.u,0.s)
Tactic call make_T_projs ran for 0.377 secs (0.377u,0.s)
Tactic call make_Build_T ran for 0.02 secs (0.02u,0.s)
Tactic call make_T_eta ran for 0.008 secs (0.008u,0.s)
Tactic call make_f_ty ran for 0.022 secs (0.022u,0.s)
Tactic call make_T_rect ran for 0.03 secs (0.03u,0.s)
Tactic call making ran for 1.51 secs (1.51u,0.s)
Tactic call constr-final-goal make_final_goal ran for 0. secs (0.u,0.s)
Tactic call everything ran for 1.526 secs (1.526u,0.s) (success)
Params: n= 87
Tactic call make_Ts ran for 1.089 secs (1.085u,0.003s)
Tactic call make_T ran for 0. secs (0.u,0.s)
Tactic call make_T_projs ran for 0.475 secs (0.475u,0.s)
Tactic call make_Build_T ran for 0.03 secs (0.03u,0.s)
Tactic call make_T_eta ran for 0.008 secs (0.008u,0.s)
Tactic call make_f_ty ran for 0.022 secs (0.022u,0.s)
Tactic call make_T_rect ran for 0.03 secs (0.03u,0.s)
Tactic call making ran for 1.635 secs (1.631u,0.003s)
Tactic call constr-final-goal make_final_goal ran for 0. secs (0.u,0.s)
Tactic call everything ran for 1.644 secs (1.64u,0.003s) (success)
Params: n= 88
Tactic call make_Ts ran for 1.077 secs (1.077u,0.s)
Tactic call make_T ran for 0. secs (0.u,0.s)
Tactic call make_T_projs ran for 0.388 secs (0.388u,0.s)
Tactic call make_Build_T ran for 0.02 secs (0.02u,0.s)
Tactic call make_T_eta ran for 0.008 secs (0.008u,0.s)
Tactic call make_f_ty ran for 0.023 secs (0.019u,0.003s)
Tactic call make_T_rect ran for 0.03 secs (0.026u,0.003s)
Tactic call making ran for 1.527 secs (1.523u,0.003s)
Tactic call constr-final-goal make_final_goal ran for 0. secs (0.u,0.s)
Tactic call everything ran for 1.545 secs (1.541u,0.003s) (success)
Params: n= 89
Tactic call make_Ts ran for 1.144 secs (1.144u,0.s)
Tactic call make_T ran for 0. secs (0.u,0.s)
Tactic call make_T_projs ran for 0.398 secs (0.398u,0.s)
Tactic call make_Build_T ran for 0.02 secs (0.02u,0.s)
Tactic call make_T_eta ran for 0.011 secs (0.011u,0.s)
Tactic call make_f_ty ran for 0.023 secs (0.023u,0.s)
Tactic call make_T_rect ran for 0.031 secs (0.031u,0.s)
Tactic call making ran for 1.607 secs (1.607u,0.s)
Tactic call constr-final-goal make_final_goal ran for 0. secs (0.u,0.s)
Tactic call everything ran for 1.614 secs (1.614u,0.s) (success)
Params: n= 90
Tactic call make_Ts ran for 1.197 secs (1.196u,0.s)
Tactic call make_T ran for 0. secs (0.u,0.s)
Tactic call make_T_projs ran for 0.415 secs (0.415u,0.s)
Tactic call make_Build_T ran for 0.021 secs (0.021u,0.s)
Tactic call make_T_eta ran for 0.012 secs (0.012u,0.s)
Tactic call make_f_ty ran for 0.024 secs (0.024u,0.s)
Tactic call make_T_rect ran for 0.032 secs (0.032u,0.s)
Tactic call making ran for 1.681 secs (1.679u,0.s)
Tactic call constr-final-goal make_final_goal ran for 0. secs (0.u,0.s)
Tactic call everything ran for 1.688 secs (1.687u,0.s) (success)
Params: n= 91
Tactic call make_Ts ran for 1.282 secs (1.282u,0.s)
Tactic call make_T ran for 0. secs (0.u,0.s)
Tactic call make_T_projs ran for 0.437 secs (0.437u,0.s)
Tactic call make_Build_T ran for 0.022 secs (0.022u,0.s)
Tactic call make_T_eta ran for 0.009 secs (0.009u,0.s)
Tactic call make_f_ty ran for 0.024 secs (0.024u,0.s)
Tactic call make_T_rect ran for 0.039 secs (0.039u,0.s)
Tactic call making ran for 1.791 secs (1.791u,0.s)
Tactic call constr-final-goal make_final_goal ran for 0. secs (0.u,0.s)
Tactic call everything ran for 1.798 secs (1.798u,0.s) (success)
Params: n= 92
Tactic call make_Ts ran for 1.362 secs (1.362u,0.s)
Tactic call make_T ran for 0. secs (0.u,0.s)
Tactic call make_T_projs ran for 0.51 secs (0.51u,0.s)
Tactic call make_Build_T ran for 0.022 secs (0.022u,0.s)
Tactic call make_T_eta ran for 0.009 secs (0.009u,0.s)
Tactic call make_f_ty ran for 0.025 secs (0.025u,0.s)
Tactic call make_T_rect ran for 0.033 secs (0.033u,0.s)
Tactic call making ran for 1.939 secs (1.939u,0.s)
Tactic call constr-final-goal make_final_goal ran for 0. secs (0.u,0.s)
Tactic call everything ran for 1.954 secs (1.954u,0.s) (success)
Params: n= 93
Tactic call make_Ts ran for 1.419 secs (1.419u,0.s)
Tactic call make_T ran for 0. secs (0.u,0.s)
Tactic call make_T_projs ran for 0.511 secs (0.511u,0.s)
Tactic call make_Build_T ran for 0.023 secs (0.023u,0.s)
Tactic call make_T_eta ran for 0.009 secs (0.009u,0.s)
Tactic call make_f_ty ran for 0.032 secs (0.032u,0.s)
Tactic call make_T_rect ran for 0.04 secs (0.04u,0.s)
Tactic call making ran for 2.006 secs (2.005u,0.s)
Tactic call constr-final-goal make_final_goal ran for 0. secs (0.u,0.s)
Tactic call everything ran for 2.014 secs (2.013u,0.s) (success)
Params: n= 94
Tactic call make_Ts ran for 1.514 secs (1.514u,0.s)
Tactic call make_T ran for 0. secs (0.u,0.s)
Tactic call make_T_projs ran for 0.564 secs (0.564u,0.s)
Tactic call make_Build_T ran for 0.023 secs (0.023u,0.s)
Tactic call make_T_eta ran for 0.009 secs (0.009u,0.s)
Tactic call make_f_ty ran for 0.025 secs (0.025u,0.s)
Tactic call make_T_rect ran for 0.04 secs (0.04u,0.s)
Tactic call making ran for 2.152 secs (2.152u,0.s)
Tactic call constr-final-goal make_final_goal ran for 0. secs (0.u,0.s)
Tactic call everything ran for 2.159 secs (2.159u,0.s) (success)
Params: n= 95
Tactic call make_Ts ran for 1.539 secs (1.539u,0.s)
Tactic call make_T ran for 0. secs (0.u,0.s)
Tactic call make_T_projs ran for 0.553 secs (0.553u,0.s)
Tactic call make_Build_T ran for 0.024 secs (0.024u,0.s)
Tactic call make_T_eta ran for 0.01 secs (0.01u,0.s)
Tactic call make_f_ty ran for 0.03 secs (0.03u,0.s)
Tactic call make_T_rect ran for 0.039 secs (0.039u,0.s)
Tactic call making ran for 2.168 secs (2.168u,0.s)
Tactic call constr-final-goal make_final_goal ran for 0. secs (0.u,0.s)
Tactic call everything ran for 2.175 secs (2.175u,0.s) (success)
Params: n= 96
Tactic call make_Ts ran for 1.582 secs (1.582u,0.s)
Tactic call make_T ran for 0. secs (0.u,0.s)
Tactic call make_T_projs ran for 0.572 secs (0.572u,0.s)
Tactic call make_Build_T ran for 0.024 secs (0.024u,0.s)
Tactic call make_T_eta ran for 0.01 secs (0.01u,0.s)
Tactic call make_f_ty ran for 0.035 secs (0.035u,0.s)
Tactic call make_T_rect ran for 0.043 secs (0.043u,0.s)
Tactic call making ran for 2.234 secs (2.234u,0.s)
Tactic call constr-final-goal make_final_goal ran for 0. secs (0.u,0.s)
Tactic call everything ran for 2.241 secs (2.241u,0.s) (success)
Params: n= 97
Tactic call make_Ts ran for 1.632 secs (1.632u,0.s)
Tactic call make_T ran for 0. secs (0.u,0.s)
Tactic call make_T_projs ran for 0.611 secs (0.611u,0.s)
Tactic call make_Build_T ran for 0.025 secs (0.025u,0.s)
Tactic call make_T_eta ran for 0.01 secs (0.01u,0.s)
Tactic call make_f_ty ran for 0.029 secs (0.029u,0.s)
Tactic call make_T_rect ran for 0.037 secs (0.037u,0.s)
Tactic call making ran for 2.317 secs (2.317u,0.s)
Tactic call constr-final-goal make_final_goal ran for 0. secs (0.u,0.s)
Tactic call everything ran for 2.325 secs (2.325u,0.s) (success)
Params: n= 98
Tactic call make_Ts ran for 1.708 secs (1.708u,0.s)
Tactic call make_T ran for 0. secs (0.u,0.s)
Tactic call make_T_projs ran for 0.645 secs (0.645u,0.s)
Tactic call make_Build_T ran for 0.025 secs (0.025u,0.s)
Tactic call make_T_eta ran for 0.01 secs (0.01u,0.s)
Tactic call make_f_ty ran for 0.029 secs (0.029u,0.s)
Tactic call make_T_rect ran for 0.038 secs (0.038u,0.s)
Tactic call making ran for 2.429 secs (2.428u,0.s)
Tactic call constr-final-goal make_final_goal ran for 0. secs (0.u,0.s)
Tactic call everything ran for 2.437 secs (2.436u,0.s) (success)
Params: n= 99
Tactic call make_Ts ran for 1.829 secs (1.829u,0.s)
Tactic call make_T ran for 0. secs (0.u,0.s)
Tactic call make_T_projs ran for 0.679 secs (0.679u,0.s)
Tactic call make_Build_T ran for 0.031 secs (0.031u,0.s)
Tactic call make_T_eta ran for 0.01 secs (0.01u,0.s)
Tactic call make_f_ty ran for 0.027 secs (0.027u,0.s)
Tactic call make_T_rect ran for 0.036 secs (0.036u,0.s)
Tactic call making ran for 2.587 secs (2.587u,0.s)
Tactic call constr-final-goal make_final_goal ran for 0. secs (0.u,0.s)
Tactic call everything ran for 2.602 secs (2.602u,0.s) (success)
