Params: n= 3
Tactic call make_Ts ran for 0.01 secs (0.009u,0.s)
Tactic call make_T ran for 0. secs (0.u,0.s)
Tactic call make_T_projs ran for 0.003 secs (0.u,0.003s)
Tactic call make_Build_T ran for 0.001 secs (0.u,0.001s)
Tactic call make_T_eta ran for 0.001 secs (0.u,0.001s)
Tactic call make_f_ty ran for 0.001 secs (0.u,0.001s)
Tactic call make_T_rect ran for 0.003 secs (0.001u,0.001s)
Tactic call making ran for 0.02 secs (0.011u,0.008s)
Tactic call constr-final-goal make_final_goal ran for 0. secs (0.u,0.s)
Tactic call everything ran for 0.021 secs (0.013u,0.008s) (success)
Params: n= 4
Tactic call make_Ts ran for 0.013 secs (0.004u,0.008s)
Tactic call make_T ran for 0. secs (0.u,0.s)
Tactic call make_T_projs ran for 0.004 secs (0.001u,0.002s)
Tactic call make_Build_T ran for 0.058 secs (0.057u,0.s)
Tactic call make_T_eta ran for 0.001 secs (0.001u,0.s)
Tactic call make_f_ty ran for 0.001 secs (0.001u,0.s)
Tactic call make_T_rect ran for 0.002 secs (0.002u,0.s)
Tactic call making ran for 0.08 secs (0.068u,0.012s)
Tactic call constr-final-goal make_final_goal ran for 0. secs (0.u,0.s)
Tactic call everything ran for 0.081 secs (0.068u,0.012s) (success)
Params: n= 5
Tactic call make_Ts ran for 0.011 secs (0.011u,0.s)
Tactic call make_T ran for 0. secs (0.u,0.s)
Tactic call make_T_projs ran for 0.003 secs (0.003u,0.s)
Tactic call make_Build_T ran for 0. secs (0.u,0.s)
Tactic call make_T_eta ran for 0.001 secs (0.001u,0.s)
Tactic call make_f_ty ran for 0.001 secs (0.001u,0.s)
Tactic call make_T_rect ran for 0.002 secs (0.002u,0.s)
Tactic call making ran for 0.019 secs (0.019u,0.s)
Tactic call constr-final-goal make_final_goal ran for 0. secs (0.u,0.s)
Tactic call everything ran for 0.02 secs (0.02u,0.s) (success)
Params: n= 6
Tactic call make_Ts ran for 0.013 secs (0.013u,0.s)
Tactic call make_T ran for 0. secs (0.u,0.s)
Tactic call make_T_projs ran for 0.004 secs (0.004u,0.s)
Tactic call make_Build_T ran for 0.001 secs (0.001u,0.s)
Tactic call make_T_eta ran for 0.001 secs (0.001u,0.s)
Tactic call make_f_ty ran for 0.001 secs (0.001u,0.s)
Tactic call make_T_rect ran for 0.002 secs (0.002u,0.s)
Tactic call making ran for 0.023 secs (0.023u,0.s)
Tactic call constr-final-goal make_final_goal ran for 0. secs (0.u,0.s)
Tactic call everything ran for 0.024 secs (0.024u,0.s) (success)
Params: n= 7
Tactic call make_Ts ran for 0.015 secs (0.015u,0.s)
Tactic call make_T ran for 0. secs (0.u,0.s)
Tactic call make_T_projs ran for 0.01 secs (0.01u,0.s)
Tactic call make_Build_T ran for 0.001 secs (0.001u,0.s)
Tactic call make_T_eta ran for 0.001 secs (0.001u,0.s)
Tactic call make_f_ty ran for 0.001 secs (0.001u,0.s)
Tactic call make_T_rect ran for 0.002 secs (0.002u,0.s)
Tactic call making ran for 0.031 secs (0.031u,0.s)
Tactic call constr-final-goal make_final_goal ran for 0. secs (0.u,0.s)
Tactic call everything ran for 0.032 secs (0.032u,0.s) (success)
Params: n= 8
Tactic call make_Ts ran for 0.018 secs (0.018u,0.s)
Tactic call make_T ran for 0. secs (0.u,0.s)
Tactic call make_T_projs ran for 0.006 secs (0.006u,0.s)
Tactic call make_Build_T ran for 0.001 secs (0.001u,0.s)
Tactic call make_T_eta ran for 0.001 secs (0.001u,0.s)
Tactic call make_f_ty ran for 0.001 secs (0.001u,0.s)
Tactic call make_T_rect ran for 0.003 secs (0.003u,0.s)
Tactic call making ran for 0.031 secs (0.031u,0.s)
Tactic call constr-final-goal make_final_goal ran for 0. secs (0.u,0.s)
Tactic call everything ran for 0.032 secs (0.032u,0.s) (success)
Params: n= 9
Tactic call make_Ts ran for 0.02 secs (0.02u,0.s)
Tactic call make_T ran for 0. secs (0.u,0.s)
Tactic call make_T_projs ran for 0.006 secs (0.006u,0.s)
Tactic call make_Build_T ran for 0.001 secs (0.001u,0.s)
Tactic call make_T_eta ran for 0.009 secs (0.009u,0.s)
Tactic call make_f_ty ran for 0.001 secs (0.001u,0.s)
Tactic call make_T_rect ran for 0.003 secs (0.003u,0.s)
Tactic call making ran for 0.042 secs (0.042u,0.s)
Tactic call constr-final-goal make_final_goal ran for 0. secs (0.u,0.s)
Tactic call everything ran for 0.044 secs (0.044u,0.s) (success)
Params: n= 10
Tactic call make_Ts ran for 0.023 secs (0.023u,0.s)
Tactic call make_T ran for 0. secs (0.u,0.s)
Tactic call make_T_projs ran for 0.007 secs (0.007u,0.s)
Tactic call make_Build_T ran for 0.001 secs (0.001u,0.s)
Tactic call make_T_eta ran for 0.001 secs (0.001u,0.s)
Tactic call make_f_ty ran for 0.002 secs (0.002u,0.s)
Tactic call make_T_rect ran for 0.003 secs (0.003u,0.s)
Tactic call making ran for 0.039 secs (0.039u,0.s)
Tactic call constr-final-goal make_final_goal ran for 0. secs (0.u,0.s)
Tactic call everything ran for 0.04 secs (0.04u,0.s) (success)
Params: n= 11
Tactic call make_Ts ran for 0.027 secs (0.027u,0.s)
Tactic call make_T ran for 0. secs (0.u,0.s)
Tactic call make_T_projs ran for 0.015 secs (0.015u,0.s)
Tactic call make_Build_T ran for 0.001 secs (0.001u,0.s)
Tactic call make_T_eta ran for 0.001 secs (0.001u,0.s)
Tactic call make_f_ty ran for 0.002 secs (0.002u,0.s)
Tactic call make_T_rect ran for 0.003 secs (0.003u,0.s)
Tactic call making ran for 0.05 secs (0.05u,0.s)
Tactic call constr-final-goal make_final_goal ran for 0. secs (0.u,0.s)
Tactic call everything ran for 0.051 secs (0.051u,0.s) (success)
Params: n= 12
Tactic call make_Ts ran for 0.03 secs (0.03u,0.s)
Tactic call make_T ran for 0. secs (0.u,0.s)
Tactic call make_T_projs ran for 0.009 secs (0.009u,0.s)
Tactic call make_Build_T ran for 0.001 secs (0.001u,0.s)
Tactic call make_T_eta ran for 0.001 secs (0.001u,0.s)
Tactic call make_f_ty ran for 0.002 secs (0.002u,0.s)
Tactic call make_T_rect ran for 0.004 secs (0.004u,0.s)
Tactic call making ran for 0.048 secs (0.048u,0.s)
Tactic call constr-final-goal make_final_goal ran for 0. secs (0.u,0.s)
Tactic call everything ran for 0.05 secs (0.05u,0.s) (success)
Params: n= 13
Tactic call make_Ts ran for 0.041 secs (0.041u,0.s)
Tactic call make_T ran for 0. secs (0.u,0.s)
Tactic call make_T_projs ran for 0.01 secs (0.01u,0.s)
Tactic call make_Build_T ran for 0.001 secs (0.001u,0.s)
Tactic call make_T_eta ran for 0.001 secs (0.001u,0.s)
Tactic call make_f_ty ran for 0.002 secs (0.002u,0.s)
Tactic call make_T_rect ran for 0.004 secs (0.004u,0.s)
Tactic call making ran for 0.06 secs (0.06u,0.s)
Tactic call constr-final-goal make_final_goal ran for 0. secs (0.u,0.s)
Tactic call everything ran for 0.062 secs (0.062u,0.s) (success)
Params: n= 14
Tactic call make_Ts ran for 0.043 secs (0.043u,0.s)
Tactic call make_T ran for 0. secs (0.u,0.s)
Tactic call make_T_projs ran for 0.011 secs (0.011u,0.s)
Tactic call make_Build_T ran for 0.002 secs (0.002u,0.s)
Tactic call make_T_eta ran for 0.001 secs (0.001u,0.s)
Tactic call make_f_ty ran for 0.002 secs (0.002u,0.s)
Tactic call make_T_rect ran for 0.004 secs (0.004u,0.s)
Tactic call making ran for 0.064 secs (0.064u,0.s)
Tactic call constr-final-goal make_final_goal ran for 0. secs (0.u,0.s)
Tactic call everything ran for 0.065 secs (0.065u,0.s) (success)
Params: n= 15
Tactic call make_Ts ran for 0.04 secs (0.04u,0.s)
Tactic call make_T ran for 0. secs (0.u,0.s)
Tactic call make_T_projs ran for 0.019 secs (0.019u,0.s)
Tactic call make_Build_T ran for 0.002 secs (0.002u,0.s)
Tactic call make_T_eta ran for 0.001 secs (0.001u,0.s)
Tactic call make_f_ty ran for 0.002 secs (0.002u,0.s)
Tactic call make_T_rect ran for 0.005 secs (0.005u,0.s)
Tactic call making ran for 0.069 secs (0.069u,0.s)
Tactic call constr-final-goal make_final_goal ran for 0. secs (0.u,0.s)
Tactic call everything ran for 0.071 secs (0.071u,0.s) (success)
Params: n= 16
Tactic call make_Ts ran for 0.045 secs (0.045u,0.s)
Tactic call make_T ran for 0. secs (0.u,0.s)
Tactic call make_T_projs ran for 0.014 secs (0.014u,0.s)
Tactic call make_Build_T ran for 0.002 secs (0.002u,0.s)
Tactic call make_T_eta ran for 0.001 secs (0.001u,0.s)
Tactic call make_f_ty ran for 0.012 secs (0.012u,0.s)
Tactic call make_T_rect ran for 0.014 secs (0.014u,0.s)
Tactic call making ran for 0.078 secs (0.078u,0.s)
Tactic call constr-final-goal make_final_goal ran for 0. secs (0.u,0.s)
Tactic call everything ran for 0.08 secs (0.08u,0.s) (success)
Params: n= 17
Tactic call make_Ts ran for 0.048 secs (0.048u,0.s)
Tactic call make_T ran for 0. secs (0.u,0.s)
Tactic call make_T_projs ran for 0.015 secs (0.015u,0.s)
Tactic call make_Build_T ran for 0.002 secs (0.002u,0.s)
Tactic call make_T_eta ran for 0.001 secs (0.001u,0.s)
Tactic call make_f_ty ran for 0.003 secs (0.003u,0.s)
Tactic call make_T_rect ran for 0.016 secs (0.016u,0.s)
Tactic call making ran for 0.086 secs (0.086u,0.s)
Tactic call constr-final-goal make_final_goal ran for 0. secs (0.u,0.s)
Tactic call everything ran for 0.088 secs (0.088u,0.s) (success)
Params: n= 18
Tactic call make_Ts ran for 0.055 secs (0.055u,0.s)
Tactic call make_T ran for 0. secs (0.u,0.s)
Tactic call make_T_projs ran for 0.017 secs (0.017u,0.s)
Tactic call make_Build_T ran for 0.002 secs (0.002u,0.s)
Tactic call make_T_eta ran for 0.002 secs (0.002u,0.s)
Tactic call make_f_ty ran for 0.013 secs (0.013u,0.s)
Tactic call make_T_rect ran for 0.016 secs (0.016u,0.s)
Tactic call making ran for 0.093 secs (0.093u,0.s)
Tactic call constr-final-goal make_final_goal ran for 0. secs (0.u,0.s)
Tactic call everything ran for 0.095 secs (0.095u,0.s) (success)
Params: n= 19
Tactic call make_Ts ran for 0.058 secs (0.058u,0.s)
Tactic call make_T ran for 0. secs (0.u,0.s)
Tactic call make_T_projs ran for 0.019 secs (0.019u,0.s)
Tactic call make_Build_T ran for 0.015 secs (0.015u,0.s)
Tactic call make_T_eta ran for 0.002 secs (0.002u,0.s)
Tactic call make_f_ty ran for 0.003 secs (0.003u,0.s)
Tactic call make_T_rect ran for 0.006 secs (0.006u,0.s)
Tactic call making ran for 0.102 secs (0.102u,0.s)
Tactic call constr-final-goal make_final_goal ran for 0. secs (0.u,0.s)
Tactic call everything ran for 0.104 secs (0.104u,0.s) (success)
Params: n= 20
Tactic call make_Ts ran for 0.065 secs (0.061u,0.003s)
Tactic call make_T ran for 0. secs (0.u,0.s)
Tactic call make_T_projs ran for 0.032 secs (0.032u,0.s)
Tactic call make_Build_T ran for 0.003 secs (0.003u,0.s)
Tactic call make_T_eta ran for 0.002 secs (0.002u,0.s)
Tactic call make_f_ty ran for 0.003 secs (0.003u,0.s)
Tactic call make_T_rect ran for 0.006 secs (0.006u,0.s)
Tactic call making ran for 0.109 secs (0.105u,0.003s)
Tactic call constr-final-goal make_final_goal ran for 0. secs (0.u,0.s)
Tactic call everything ran for 0.111 secs (0.107u,0.003s) (success)
Params: n= 21
Tactic call make_Ts ran for 0.081 secs (0.081u,0.s)
Tactic call make_T ran for 0. secs (0.u,0.s)
Tactic call make_T_projs ran for 0.023 secs (0.023u,0.s)
Tactic call make_Build_T ran for 0.003 secs (0.003u,0.s)
Tactic call make_T_eta ran for 0.002 secs (0.002u,0.s)
Tactic call make_f_ty ran for 0.004 secs (0.004u,0.s)
Tactic call make_T_rect ran for 0.006 secs (0.006u,0.s)
Tactic call making ran for 0.117 secs (0.117u,0.s)
Tactic call constr-final-goal make_final_goal ran for 0. secs (0.u,0.s)
Tactic call everything ran for 0.12 secs (0.12u,0.s) (success)
Params: n= 22
Tactic call make_Ts ran for 0.084 secs (0.084u,0.s)
Tactic call make_T ran for 0. secs (0.u,0.s)
Tactic call make_T_projs ran for 0.024 secs (0.024u,0.s)
Tactic call make_Build_T ran for 0.003 secs (0.003u,0.s)
Tactic call make_T_eta ran for 0.002 secs (0.002u,0.s)
Tactic call make_f_ty ran for 0.004 secs (0.004u,0.s)
Tactic call make_T_rect ran for 0.007 secs (0.007u,0.s)
Tactic call making ran for 0.122 secs (0.122u,0.s)
Tactic call constr-final-goal make_final_goal ran for 0. secs (0.u,0.s)
Tactic call everything ran for 0.125 secs (0.124u,0.s) (success)
Params: n= 23
Tactic call make_Ts ran for 0.09 secs (0.09u,0.s)
Tactic call make_T ran for 0. secs (0.u,0.s)
Tactic call make_T_projs ran for 0.027 secs (0.027u,0.s)
Tactic call make_Build_T ran for 0.015 secs (0.015u,0.s)
Tactic call make_T_eta ran for 0.002 secs (0.002u,0.s)
Tactic call make_f_ty ran for 0.004 secs (0.004u,0.s)
Tactic call make_T_rect ran for 0.007 secs (0.007u,0.s)
Tactic call making ran for 0.143 secs (0.142u,0.s)
Tactic call constr-final-goal make_final_goal ran for 0. secs (0.u,0.s)
Tactic call everything ran for 0.145 secs (0.144u,0.s) (success)
Params: n= 24
Tactic call make_Ts ran for 0.102 secs (0.102u,0.s)
Tactic call make_T ran for 0. secs (0.u,0.s)
Tactic call make_T_projs ran for 0.031 secs (0.031u,0.s)
Tactic call make_Build_T ran for 0.003 secs (0.003u,0.s)
Tactic call make_T_eta ran for 0.002 secs (0.002u,0.s)
Tactic call make_f_ty ran for 0.004 secs (0.004u,0.s)
Tactic call make_T_rect ran for 0.007 secs (0.007u,0.s)
Tactic call making ran for 0.147 secs (0.147u,0.s)
Tactic call constr-final-goal make_final_goal ran for 0. secs (0.u,0.s)
Tactic call everything ran for 0.15 secs (0.15u,0.s) (success)
Params: n= 25
Tactic call make_Ts ran for 0.099 secs (0.099u,0.s)
Tactic call make_T ran for 0. secs (0.u,0.s)
Tactic call make_T_projs ran for 0.03 secs (0.03u,0.s)
Tactic call make_Build_T ran for 0.009 secs (0.009u,0.s)
Tactic call make_T_eta ran for 0.002 secs (0.002u,0.s)
Tactic call make_f_ty ran for 0.004 secs (0.004u,0.s)
Tactic call make_T_rect ran for 0.007 secs (0.007u,0.s)
Tactic call making ran for 0.15 secs (0.15u,0.s)
Tactic call constr-final-goal make_final_goal ran for 0. secs (0.u,0.s)
Tactic call everything ran for 0.153 secs (0.153u,0.s) (success)
Params: n= 26
Tactic call make_Ts ran for 0.111 secs (0.111u,0.s)
Tactic call make_T ran for 0. secs (0.u,0.s)
Tactic call make_T_projs ran for 0.033 secs (0.033u,0.s)
Tactic call make_Build_T ran for 0.004 secs (0.004u,0.s)
Tactic call make_T_eta ran for 0.002 secs (0.002u,0.s)
Tactic call make_f_ty ran for 0.005 secs (0.005u,0.s)
Tactic call make_T_rect ran for 0.008 secs (0.008u,0.s)
Tactic call making ran for 0.16 secs (0.16u,0.s)
Tactic call constr-final-goal make_final_goal ran for 0. secs (0.u,0.s)
Tactic call everything ran for 0.163 secs (0.163u,0.s) (success)
Params: n= 27
Tactic call make_Ts ran for 0.129 secs (0.129u,0.s)
Tactic call make_T ran for 0. secs (0.u,0.s)
Tactic call make_T_projs ran for 0.051 secs (0.051u,0.s)
Tactic call make_Build_T ran for 0.004 secs (0.004u,0.s)
Tactic call make_T_eta ran for 0.002 secs (0.002u,0.s)
Tactic call make_f_ty ran for 0.005 secs (0.005u,0.s)
Tactic call make_T_rect ran for 0.008 secs (0.008u,0.s)
Tactic call making ran for 0.197 secs (0.197u,0.s)
Tactic call constr-final-goal make_final_goal ran for 0. secs (0.u,0.s)
Tactic call everything ran for 0.199 secs (0.199u,0.s) (success)
Params: n= 28
Tactic call make_Ts ran for 0.135 secs (0.135u,0.s)
Tactic call make_T ran for 0. secs (0.u,0.s)
Tactic call make_T_projs ran for 0.055 secs (0.055u,0.s)
Tactic call make_Build_T ran for 0.004 secs (0.004u,0.s)
Tactic call make_T_eta ran for 0.002 secs (0.002u,0.s)
Tactic call make_f_ty ran for 0.005 secs (0.005u,0.s)
Tactic call make_T_rect ran for 0.009 secs (0.009u,0.s)
Tactic call making ran for 0.206 secs (0.206u,0.s)
Tactic call constr-final-goal make_final_goal ran for 0. secs (0.u,0.s)
Tactic call everything ran for 0.209 secs (0.209u,0.s) (success)
Params: n= 29
Tactic call make_Ts ran for 0.128 secs (0.128u,0.s)
Tactic call make_T ran for 0. secs (0.u,0.s)
Tactic call make_T_projs ran for 0.045 secs (0.045u,0.s)
Tactic call make_Build_T ran for 0.018 secs (0.018u,0.s)
Tactic call make_T_eta ran for 0.003 secs (0.003u,0.s)
Tactic call make_f_ty ran for 0.005 secs (0.005u,0.s)
Tactic call make_T_rect ran for 0.008 secs (0.008u,0.s)
Tactic call making ran for 0.206 secs (0.206u,0.s)
Tactic call constr-final-goal make_final_goal ran for 0. secs (0.u,0.s)
Tactic call everything ran for 0.208 secs (0.208u,0.s) (success)
Params: n= 30
Tactic call make_Ts ran for 0.141 secs (0.141u,0.s)
Tactic call make_T ran for 0. secs (0.u,0.s)
Tactic call make_T_projs ran for 0.047 secs (0.047u,0.s)
Tactic call make_Build_T ran for 0.005 secs (0.005u,0.s)
Tactic call make_T_eta ran for 0.002 secs (0.002u,0.s)
Tactic call make_f_ty ran for 0.005 secs (0.005u,0.s)
Tactic call make_T_rect ran for 0.008 secs (0.008u,0.s)
Tactic call making ran for 0.22 secs (0.22u,0.s)
Tactic call constr-final-goal make_final_goal ran for 0. secs (0.u,0.s)
Tactic call everything ran for 0.223 secs (0.223u,0.s) (success)
Params: n= 31
Tactic call make_Ts ran for 0.15 secs (0.15u,0.s)
Tactic call make_T ran for 0. secs (0.u,0.s)
Tactic call make_T_projs ran for 0.069 secs (0.065u,0.003s)
Tactic call make_Build_T ran for 0.005 secs (0.005u,0.s)
Tactic call make_T_eta ran for 0.002 secs (0.002u,0.s)
Tactic call make_f_ty ran for 0.006 secs (0.006u,0.s)
Tactic call make_T_rect ran for 0.009 secs (0.009u,0.s)
Tactic call making ran for 0.237 secs (0.233u,0.003s)
Tactic call constr-final-goal make_final_goal ran for 0. secs (0.u,0.s)
Tactic call everything ran for 0.24 secs (0.236u,0.003s) (success)
Params: n= 32
Tactic call make_Ts ran for 0.162 secs (0.162u,0.s)
Tactic call make_T ran for 0. secs (0.u,0.s)
Tactic call make_T_projs ran for 0.073 secs (0.073u,0.s)
Tactic call make_Build_T ran for 0.005 secs (0.005u,0.s)
Tactic call make_T_eta ran for 0.002 secs (0.002u,0.s)
Tactic call make_f_ty ran for 0.006 secs (0.006u,0.s)
Tactic call make_T_rect ran for 0.009 secs (0.009u,0.s)
Tactic call making ran for 0.254 secs (0.254u,0.s)
Tactic call constr-final-goal make_final_goal ran for 0. secs (0.u,0.s)
Tactic call everything ran for 0.257 secs (0.257u,0.s) (success)
Params: n= 33
Tactic call make_Ts ran for 0.175 secs (0.175u,0.s)
Tactic call make_T ran for 0. secs (0.u,0.s)
Tactic call make_T_projs ran for 0.072 secs (0.072u,0.s)
Tactic call make_Build_T ran for 0.005 secs (0.005u,0.s)
Tactic call make_T_eta ran for 0.003 secs (0.003u,0.s)
Tactic call make_f_ty ran for 0.006 secs (0.006u,0.s)
Tactic call make_T_rect ran for 0.01 secs (0.01u,0.s)
Tactic call making ran for 0.267 secs (0.267u,0.s)
Tactic call constr-final-goal make_final_goal ran for 0. secs (0.u,0.s)
Tactic call everything ran for 0.271 secs (0.271u,0.s) (success)
Params: n= 34
Tactic call make_Ts ran for 0.195 secs (0.195u,0.s)
Tactic call make_T ran for 0. secs (0.u,0.s)
Tactic call make_T_projs ran for 0.065 secs (0.065u,0.s)
Tactic call make_Build_T ran for 0.005 secs (0.005u,0.s)
Tactic call make_T_eta ran for 0.008 secs (0.008u,0.s)
Tactic call make_f_ty ran for 0.007 secs (0.007u,0.s)
Tactic call make_T_rect ran for 0.01 secs (0.01u,0.s)
Tactic call making ran for 0.286 secs (0.286u,0.s)
Tactic call constr-final-goal make_final_goal ran for 0. secs (0.u,0.s)
Tactic call everything ran for 0.289 secs (0.289u,0.s) (success)
Params: n= 35
Tactic call make_Ts ran for 0.198 secs (0.198u,0.s)
Tactic call make_T ran for 0. secs (0.u,0.s)
Tactic call make_T_projs ran for 0.075 secs (0.075u,0.s)
Tactic call make_Build_T ran for 0.006 secs (0.006u,0.s)
Tactic call make_T_eta ran for 0.003 secs (0.003u,0.s)
Tactic call make_f_ty ran for 0.007 secs (0.007u,0.s)
Tactic call make_T_rect ran for 0.011 secs (0.011u,0.s)
Tactic call making ran for 0.295 secs (0.295u,0.s)
Tactic call constr-final-goal make_final_goal ran for 0. secs (0.u,0.s)
Tactic call everything ran for 0.298 secs (0.298u,0.s) (success)
Params: n= 36
Tactic call make_Ts ran for 0.208 secs (0.208u,0.s)
Tactic call make_T ran for 0. secs (0.u,0.s)
Tactic call make_T_projs ran for 0.088 secs (0.088u,0.s)
Tactic call make_Build_T ran for 0.006 secs (0.006u,0.s)
Tactic call make_T_eta ran for 0.003 secs (0.003u,0.s)
Tactic call make_f_ty ran for 0.007 secs (0.007u,0.s)
Tactic call make_T_rect ran for 0.011 secs (0.011u,0.s)
Tactic call making ran for 0.317 secs (0.317u,0.s)
Tactic call constr-final-goal make_final_goal ran for 0. secs (0.u,0.s)
Tactic call everything ran for 0.32 secs (0.32u,0.s) (success)
Params: n= 37
Tactic call make_Ts ran for 0.233 secs (0.233u,0.s)
Tactic call make_T ran for 0. secs (0.u,0.s)
Tactic call make_T_projs ran for 0.077 secs (0.077u,0.s)
Tactic call make_Build_T ran for 0.006 secs (0.006u,0.s)
Tactic call make_T_eta ran for 0.003 secs (0.003u,0.s)
Tactic call make_f_ty ran for 0.017 secs (0.017u,0.s)
Tactic call make_T_rect ran for 0.021 secs (0.021u,0.s)
Tactic call making ran for 0.343 secs (0.343u,0.s)
Tactic call constr-final-goal make_final_goal ran for 0. secs (0.u,0.s)
Tactic call everything ran for 0.346 secs (0.346u,0.s) (success)
Params: n= 38
Tactic call make_Ts ran for 0.25 secs (0.25u,0.s)
Tactic call make_T ran for 0. secs (0.u,0.s)
Tactic call make_T_projs ran for 0.099 secs (0.099u,0.s)
Tactic call make_Build_T ran for 0.006 secs (0.006u,0.s)
Tactic call make_T_eta ran for 0.003 secs (0.003u,0.s)
Tactic call make_f_ty ran for 0.008 secs (0.008u,0.s)
Tactic call make_T_rect ran for 0.012 secs (0.012u,0.s)
Tactic call making ran for 0.372 secs (0.372u,0.s)
Tactic call constr-final-goal make_final_goal ran for 0. secs (0.u,0.s)
Tactic call everything ran for 0.388 secs (0.388u,0.s) (success)
Params: n= 39
Tactic call make_Ts ran for 0.255 secs (0.255u,0.s)
Tactic call make_T ran for 0. secs (0.u,0.s)
Tactic call make_T_projs ran for 0.099 secs (0.099u,0.s)
Tactic call make_Build_T ran for 0.007 secs (0.007u,0.s)
Tactic call make_T_eta ran for 0.003 secs (0.003u,0.s)
Tactic call make_f_ty ran for 0.008 secs (0.008u,0.s)
Tactic call make_T_rect ran for 0.012 secs (0.012u,0.s)
Tactic call making ran for 0.378 secs (0.378u,0.s)
Tactic call constr-final-goal make_final_goal ran for 0. secs (0.u,0.s)
Tactic call everything ran for 0.395 secs (0.395u,0.s) (success)
Params: n= 40
Tactic call make_Ts ran for 0.29 secs (0.29u,0.s)
Tactic call make_T ran for 0. secs (0.u,0.s)
Tactic call make_T_projs ran for 0.097 secs (0.097u,0.s)
Tactic call make_Build_T ran for 0.007 secs (0.007u,0.s)
Tactic call make_T_eta ran for 0.003 secs (0.003u,0.s)
Tactic call make_f_ty ran for 0.022 secs (0.022u,0.s)
Tactic call make_T_rect ran for 0.026 secs (0.026u,0.s)
Tactic call making ran for 0.426 secs (0.426u,0.s)
Tactic call constr-final-goal make_final_goal ran for 0. secs (0.u,0.s)
Tactic call everything ran for 0.43 secs (0.43u,0.s) (success)
Params: n= 41
Tactic call make_Ts ran for 0.291 secs (0.291u,0.s)
Tactic call make_T ran for 0. secs (0.u,0.s)
Tactic call make_T_projs ran for 0.122 secs (0.122u,0.s)
Tactic call make_Build_T ran for 0.007 secs (0.007u,0.s)
Tactic call make_T_eta ran for 0.003 secs (0.003u,0.s)
Tactic call make_f_ty ran for 0.008 secs (0.008u,0.s)
Tactic call make_T_rect ran for 0.012 secs (0.012u,0.s)
Tactic call making ran for 0.439 secs (0.439u,0.s)
Tactic call constr-final-goal make_final_goal ran for 0. secs (0.u,0.s)
Tactic call everything ran for 0.442 secs (0.442u,0.s) (success)
Params: n= 42
Tactic call make_Ts ran for 0.32 secs (0.317u,0.003s)
Tactic call make_T ran for 0. secs (0.u,0.s)
Tactic call make_T_projs ran for 0.126 secs (0.126u,0.s)
Tactic call make_Build_T ran for 0.007 secs (0.007u,0.s)
Tactic call make_T_eta ran for 0.004 secs (0.004u,0.s)
Tactic call make_f_ty ran for 0.009 secs (0.009u,0.s)
Tactic call make_T_rect ran for 0.013 secs (0.013u,0.s)
Tactic call making ran for 0.473 secs (0.469u,0.003s)
Tactic call constr-final-goal make_final_goal ran for 0. secs (0.u,0.s)
Tactic call everything ran for 0.489 secs (0.485u,0.003s) (success)
Params: n= 43
Tactic call make_Ts ran for 0.332 secs (0.332u,0.s)
Tactic call make_T ran for 0. secs (0.u,0.s)
Tactic call make_T_projs ran for 0.126 secs (0.126u,0.s)
Tactic call make_Build_T ran for 0.007 secs (0.007u,0.s)
Tactic call make_T_eta ran for 0.007 secs (0.007u,0.s)
Tactic call make_f_ty ran for 0.009 secs (0.009u,0.s)
Tactic call make_T_rect ran for 0.013 secs (0.013u,0.s)
Tactic call making ran for 0.487 secs (0.487u,0.s)
Tactic call constr-final-goal make_final_goal ran for 0. secs (0.u,0.s)
Tactic call everything ran for 0.491 secs (0.491u,0.s) (success)
Params: n= 44
Tactic call make_Ts ran for 0.327 secs (0.327u,0.s)
Tactic call make_T ran for 0. secs (0.u,0.s)
Tactic call make_T_projs ran for 0.131 secs (0.127u,0.003s)
Tactic call make_Build_T ran for 0.008 secs (0.008u,0.s)
Tactic call make_T_eta ran for 0.006 secs (0.006u,0.s)
Tactic call make_f_ty ran for 0.009 secs (0.009u,0.s)
Tactic call make_T_rect ran for 0.013 secs (0.013u,0.s)
Tactic call making ran for 0.488 secs (0.484u,0.004s)
Tactic call constr-final-goal make_final_goal ran for 0. secs (0.u,0.s)
Tactic call everything ran for 0.492 secs (0.488u,0.004s) (success)
Params: n= 45
Tactic call make_Ts ran for 0.347 secs (0.347u,0.s)
Tactic call make_T ran for 0. secs (0.u,0.s)
Tactic call make_T_projs ran for 0.142 secs (0.142u,0.s)
Tactic call make_Build_T ran for 0.008 secs (0.008u,0.s)
Tactic call make_T_eta ran for 0.004 secs (0.004u,0.s)
Tactic call make_f_ty ran for 0.014 secs (0.014u,0.s)
Tactic call make_T_rect ran for 0.019 secs (0.019u,0.s)
Tactic call making ran for 0.522 secs (0.522u,0.s)
Tactic call constr-final-goal make_final_goal ran for 0. secs (0.u,0.s)
Tactic call everything ran for 0.526 secs (0.526u,0.s) (success)
Params: n= 46
Tactic call make_Ts ran for 0.358 secs (0.358u,0.s)
Tactic call make_T ran for 0. secs (0.u,0.s)
Tactic call make_T_projs ran for 0.147 secs (0.147u,0.s)
Tactic call make_Build_T ran for 0.008 secs (0.008u,0.s)
Tactic call make_T_eta ran for 0.004 secs (0.004u,0.s)
Tactic call make_f_ty ran for 0.014 secs (0.014u,0.s)
Tactic call make_T_rect ran for 0.019 secs (0.019u,0.s)
Tactic call making ran for 0.538 secs (0.538u,0.s)
Tactic call constr-final-goal make_final_goal ran for 0. secs (0.u,0.s)
Tactic call everything ran for 0.542 secs (0.542u,0.s) (success)
Params: n= 47
Tactic call make_Ts ran for 0.388 secs (0.388u,0.s)
Tactic call make_T ran for 0. secs (0.u,0.s)
Tactic call make_T_projs ran for 0.156 secs (0.156u,0.s)
Tactic call make_Build_T ran for 0.013 secs (0.013u,0.s)
Tactic call make_T_eta ran for 0.004 secs (0.004u,0.s)
Tactic call make_f_ty ran for 0.01 secs (0.01u,0.s)
Tactic call make_T_rect ran for 0.015 secs (0.015u,0.s)
Tactic call making ran for 0.579 secs (0.579u,0.s)
Tactic call constr-final-goal make_final_goal ran for 0. secs (0.u,0.s)
Tactic call everything ran for 0.583 secs (0.583u,0.s) (success)
Params: n= 48
Tactic call make_Ts ran for 0.417 secs (0.413u,0.003s)
Tactic call make_T ran for 0. secs (0.u,0.s)
Tactic call make_T_projs ran for 0.165 secs (0.165u,0.s)
Tactic call make_Build_T ran for 0.009 secs (0.009u,0.s)
Tactic call make_T_eta ran for 0.004 secs (0.004u,0.s)
Tactic call make_f_ty ran for 0.011 secs (0.011u,0.s)
Tactic call make_T_rect ran for 0.016 secs (0.016u,0.s)
Tactic call making ran for 0.614 secs (0.61u,0.003s)
Tactic call constr-final-goal make_final_goal ran for 0. secs (0.u,0.s)
Tactic call everything ran for 0.618 secs (0.614u,0.003s) (success)
Params: n= 49
Tactic call make_Ts ran for 0.438 secs (0.434u,0.003s)
Tactic call make_T ran for 0. secs (0.u,0.s)
Tactic call make_T_projs ran for 0.177 secs (0.177u,0.s)
Tactic call make_Build_T ran for 0.021 secs (0.013u,0.008s)
Tactic call make_T_eta ran for 0.004 secs (0.004u,0.s)
Tactic call make_f_ty ran for 0.011 secs (0.011u,0.s)
Tactic call make_T_rect ran for 0.016 secs (0.016u,0.s)
Tactic call making ran for 0.658 secs (0.646u,0.012s)
Tactic call constr-final-goal make_final_goal ran for 0. secs (0.u,0.s)
Tactic call everything ran for 0.662 secs (0.65u,0.012s) (success)
Params: n= 50
Tactic call make_Ts ran for 0.476 secs (0.472u,0.003s)
Tactic call make_T ran for 0. secs (0.u,0.s)
Tactic call make_T_projs ran for 0.2 secs (0.2u,0.s)
Tactic call make_Build_T ran for 0.01 secs (0.01u,0.s)
Tactic call make_T_eta ran for 0.005 secs (0.005u,0.s)
Tactic call make_f_ty ran for 0.016 secs (0.016u,0.s)
Tactic call make_T_rect ran for 0.021 secs (0.021u,0.s)
Tactic call making ran for 0.714 secs (0.71u,0.003s)
Tactic call constr-final-goal make_final_goal ran for 0. secs (0.u,0.s)
Tactic call everything ran for 0.719 secs (0.715u,0.003s) (success)
Params: n= 51
Tactic call make_Ts ran for 0.501 secs (0.497u,0.003s)
Tactic call make_T ran for 0. secs (0.u,0.s)
Tactic call make_T_projs ran for 0.209 secs (0.209u,0.s)
Tactic call make_Build_T ran for 0.01 secs (0.01u,0.s)
Tactic call make_T_eta ran for 0.005 secs (0.005u,0.s)
Tactic call make_f_ty ran for 0.023 secs (0.023u,0.s)
Tactic call make_T_rect ran for 0.028 secs (0.028u,0.s)
Tactic call making ran for 0.757 secs (0.753u,0.003s)
Tactic call constr-final-goal make_final_goal ran for 0. secs (0.u,0.s)
Tactic call everything ran for 0.761 secs (0.757u,0.003s) (success)
Params: n= 52
Tactic call make_Ts ran for 0.528 secs (0.528u,0.s)
Tactic call make_T ran for 0. secs (0.u,0.s)
Tactic call make_T_projs ran for 0.219 secs (0.219u,0.s)
Tactic call make_Build_T ran for 0.011 secs (0.011u,0.s)
Tactic call make_T_eta ran for 0.014 secs (0.014u,0.s)
Tactic call make_f_ty ran for 0.011 secs (0.011u,0.s)
Tactic call make_T_rect ran for 0.017 secs (0.017u,0.s)
Tactic call making ran for 0.791 secs (0.791u,0.s)
Tactic call constr-final-goal make_final_goal ran for 0. secs (0.u,0.s)
Tactic call everything ran for 0.796 secs (0.796u,0.s) (success)
Params: n= 53
Tactic call make_Ts ran for 0.563 secs (0.563u,0.s)
Tactic call make_T ran for 0. secs (0.u,0.s)
Tactic call make_T_projs ran for 0.233 secs (0.233u,0.s)
Tactic call make_Build_T ran for 0.011 secs (0.011u,0.s)
Tactic call make_T_eta ran for 0.005 secs (0.005u,0.s)
Tactic call make_f_ty ran for 0.012 secs (0.012u,0.s)
Tactic call make_T_rect ran for 0.017 secs (0.017u,0.s)
Tactic call making ran for 0.832 secs (0.832u,0.s)
Tactic call constr-final-goal make_final_goal ran for 0. secs (0.u,0.s)
Tactic call everything ran for 0.837 secs (0.837u,0.s) (success)
Params: n= 54
Tactic call make_Ts ran for 0.589 secs (0.589u,0.s)
Tactic call make_T ran for 0. secs (0.u,0.s)
Tactic call make_T_projs ran for 0.23 secs (0.23u,0.s)
Tactic call make_Build_T ran for 0.011 secs (0.011u,0.s)
Tactic call make_T_eta ran for 0.017 secs (0.017u,0.s)
Tactic call make_f_ty ran for 0.012 secs (0.012u,0.s)
Tactic call make_T_rect ran for 0.017 secs (0.017u,0.s)
Tactic call making ran for 0.867 secs (0.867u,0.s)
Tactic call constr-final-goal make_final_goal ran for 0. secs (0.u,0.s)
Tactic call everything ran for 0.872 secs (0.868u,0.003s) (success)
Params: n= 55
Tactic call make_Ts ran for 0.621 secs (0.621u,0.s)
Tactic call make_T ran for 0. secs (0.u,0.s)
Tactic call make_T_projs ran for 0.254 secs (0.254u,0.s)
Tactic call make_Build_T ran for 0.011 secs (0.011u,0.s)
Tactic call make_T_eta ran for 0.005 secs (0.005u,0.s)
Tactic call make_f_ty ran for 0.013 secs (0.013u,0.s)
Tactic call make_T_rect ran for 0.033 secs (0.033u,0.s)
Tactic call making ran for 0.927 secs (0.927u,0.s)
Tactic call constr-final-goal make_final_goal ran for 0. secs (0.u,0.s)
Tactic call everything ran for 0.931 secs (0.931u,0.s) (success)
Params: n= 56
Tactic call make_Ts ran for 0.654 secs (0.654u,0.s)
Tactic call make_T ran for 0. secs (0.u,0.s)
Tactic call make_T_projs ran for 0.258 secs (0.258u,0.s)
Tactic call make_Build_T ran for 0.012 secs (0.012u,0.s)
Tactic call make_T_eta ran for 0.005 secs (0.005u,0.s)
Tactic call make_f_ty ran for 0.014 secs (0.014u,0.s)
Tactic call make_T_rect ran for 0.031 secs (0.031u,0.s)
Tactic call making ran for 0.962 secs (0.962u,0.s)
Tactic call constr-final-goal make_final_goal ran for 0. secs (0.u,0.s)
Tactic call everything ran for 0.967 secs (0.966u,0.s) (success)
Params: n= 57
Tactic call make_Ts ran for 0.677 secs (0.677u,0.s)
Tactic call make_T ran for 0. secs (0.u,0.s)
Tactic call make_T_projs ran for 0.261 secs (0.261u,0.s)
Tactic call make_Build_T ran for 0.011 secs (0.011u,0.s)
Tactic call make_T_eta ran for 0.009 secs (0.009u,0.s)
Tactic call make_f_ty ran for 0.013 secs (0.013u,0.s)
Tactic call make_T_rect ran for 0.019 secs (0.019u,0.s)
Tactic call making ran for 0.98 secs (0.98u,0.s)
Tactic call constr-final-goal make_final_goal ran for 0. secs (0.u,0.s)
Tactic call everything ran for 0.985 secs (0.985u,0.s) (success)
Params: n= 58
Tactic call make_Ts ran for 0.685 secs (0.685u,0.s)
Tactic call make_T ran for 0. secs (0.u,0.s)
Tactic call make_T_projs ran for 0.283 secs (0.283u,0.s)
Tactic call make_Build_T ran for 0.012 secs (0.012u,0.s)
Tactic call make_T_eta ran for 0.005 secs (0.005u,0.s)
Tactic call make_f_ty ran for 0.014 secs (0.014u,0.s)
Tactic call make_T_rect ran for 0.02 secs (0.02u,0.s)
Tactic call making ran for 1.007 secs (1.007u,0.s)
Tactic call constr-final-goal make_final_goal ran for 0. secs (0.u,0.s)
Tactic call everything ran for 1.012 secs (1.012u,0.s) (success)
Params: n= 59
Tactic call make_Ts ran for 0.727 secs (0.727u,0.s)
Tactic call make_T ran for 0. secs (0.u,0.s)
Tactic call make_T_projs ran for 0.291 secs (0.291u,0.s)
Tactic call make_Build_T ran for 0.021 secs (0.021u,0.s)
Tactic call make_T_eta ran for 0.005 secs (0.005u,0.s)
Tactic call make_f_ty ran for 0.013 secs (0.013u,0.s)
Tactic call make_T_rect ran for 0.019 secs (0.019u,0.s)
Tactic call making ran for 1.066 secs (1.066u,0.s)
Tactic call constr-final-goal make_final_goal ran for 0. secs (0.u,0.s)
Tactic call everything ran for 1.071 secs (1.071u,0.s) (success)
