Params: n= 0
Tactic call build ran for 0. secs (0.u,0.s) (success)
Tactic call check ran for 0. secs (0.u,0.s) (success)
Tactic call type ran for 0. secs (0.u,0.s) (success)
Tactic call build-and-typecheck ran for 0. secs (0.u,0.s) (success)
Tactic call refine ran for 0. secs (0.u,0.s) (success)
Params: n= 1
Tactic call build ran for 0. secs (0.u,0.s) (success)
Tactic call check ran for 0. secs (0.u,0.s) (success)
Tactic call type ran for 0. secs (0.u,0.s) (success)
Tactic call build-and-typecheck ran for 0. secs (0.u,0.s) (success)
Tactic call refine ran for 0. secs (0.u,0.s) (success)
Params: n= 2
Tactic call build ran for 0. secs (0.u,0.s) (success)
Tactic call check ran for 0. secs (0.u,0.s) (success)
Tactic call type ran for 0. secs (0.u,0.s) (success)
Tactic call build-and-typecheck ran for 0. secs (0.u,0.s) (success)
Tactic call refine ran for 0. secs (0.u,0.s) (success)
Params: n= 3
Tactic call build ran for 0. secs (0.u,0.s) (success)
Tactic call check ran for 0. secs (0.u,0.s) (success)
Tactic call type ran for 0. secs (0.u,0.s) (success)
Tactic call build-and-typecheck ran for 0. secs (0.u,0.s) (success)
Tactic call refine ran for 0. secs (0.u,0.s) (success)
Params: n= 4
Tactic call build ran for 0. secs (0.u,0.s) (success)
Tactic call check ran for 0. secs (0.u,0.s) (success)
Tactic call type ran for 0. secs (0.u,0.s) (success)
Tactic call build-and-typecheck ran for 0. secs (0.u,0.s) (success)
Tactic call refine ran for 0. secs (0.u,0.s) (success)
Params: n= 5
Tactic call build ran for 0. secs (0.u,0.s) (success)
Tactic call check ran for 0. secs (0.u,0.s) (success)
Tactic call type ran for 0. secs (0.u,0.s) (success)
Tactic call build-and-typecheck ran for 0.001 secs (0.u,0.001s) (success)
Tactic call refine ran for 0. secs (0.u,0.s) (success)
Params: n= 6
Tactic call build ran for 0. secs (0.u,0.s) (success)
Tactic call check ran for 0. secs (0.u,0.s) (success)
Tactic call type ran for 0. secs (0.u,0.s) (success)
Tactic call build-and-typecheck ran for 0.001 secs (0.u,0.001s) (success)
Tactic call refine ran for 0. secs (0.u,0.s) (success)
Params: n= 7
Tactic call build ran for 0. secs (0.u,0.s) (success)
Tactic call check ran for 0.001 secs (0.u,0.001s) (success)
Tactic call type ran for 0.001 secs (0.001u,0.s) (success)
Tactic call build-and-typecheck ran for 0.003 secs (0.001u,0.001s) (success)
Tactic call refine ran for 0.001 secs (0.u,0.s) (success)
Params: n= 8
Tactic call build ran for 0. secs (0.u,0.s) (success)
Tactic call check ran for 0.002 secs (0.002u,0.s) (success)
Tactic call type ran for 0.002 secs (0.002u,0.s) (success)
Tactic call build-and-typecheck ran for 0.005 secs (0.005u,0.s) (success)
Tactic call refine ran for 0.002 secs (0.002u,0.s) (success)
Params: n= 9
Tactic call build ran for 0. secs (0.u,0.s) (success)
Tactic call check ran for 0.005 secs (0.002u,0.003s) (success)
Tactic call type ran for 0.005 secs (0.004u,0.s) (success)
Tactic call build-and-typecheck ran for 0.011 secs (0.007u,0.003s) (success)
Tactic call refine ran for 0.005 secs (0.u,0.004s) (success)
Params: n= 10
Tactic call build ran for 0. secs (0.u,0.s) (success)
Tactic call check ran for 0.01 secs (0.u,0.01s) (success)
Tactic call type ran for 0.058 secs (0.05u,0.007s) (success)
Tactic call build-and-typecheck ran for 0.069 secs (0.05u,0.019s) (success)
Tactic call refine ran for 0.006 secs (0.005u,0.s) (success)
Params: n= 11
Tactic call build ran for 0. secs (0.u,0.s) (success)
Tactic call check ran for 0.013 secs (0.013u,0.s) (success)
Tactic call type ran for 0.013 secs (0.013u,0.s) (success)
Tactic call build-and-typecheck ran for 0.027 secs (0.027u,0.s) (success)
Tactic call refine ran for 0.013 secs (0.013u,0.s) (success)
Params: n= 12
Tactic call build ran for 0. secs (0.u,0.s) (success)
Tactic call check ran for 0.028 secs (0.028u,0.s) (success)
Tactic call type ran for 0.028 secs (0.028u,0.s) (success)
Tactic call build-and-typecheck ran for 0.057 secs (0.057u,0.s) (success)
Tactic call refine ran for 0.028 secs (0.028u,0.s) (success)
Params: n= 13
Tactic call build ran for 0. secs (0.u,0.s) (success)
Tactic call check ran for 0.058 secs (0.058u,0.s) (success)
Tactic call type ran for 0.06 secs (0.06u,0.s) (success)
Tactic call build-and-typecheck ran for 0.12 secs (0.119u,0.s) (success)
Tactic call refine ran for 0.059 secs (0.059u,0.s) (success)
Params: n= 14
Tactic call build ran for 0. secs (0.u,0.s) (success)
Tactic call check ran for 0.137 secs (0.137u,0.s) (success)
Tactic call type ran for 0.138 secs (0.138u,0.s) (success)
Tactic call build-and-typecheck ran for 0.276 secs (0.276u,0.s) (success)
Tactic call refine ran for 0.132 secs (0.132u,0.s) (success)
Params: n= 15
Tactic call build ran for 0. secs (0.u,0.s) (success)
Tactic call check ran for 0.29 secs (0.29u,0.s) (success)
Tactic call type ran for 0.275 secs (0.275u,0.s) (success)
Tactic call build-and-typecheck ran for 0.566 secs (0.566u,0.s) (success)
Tactic call refine ran for 0.279 secs (0.279u,0.s) (success)
Params: n= 16
Tactic call build ran for 0. secs (0.u,0.s) (success)
Tactic call check ran for 0.603 secs (0.603u,0.s) (success)
Tactic call type ran for 0.569 secs (0.569u,0.s) (success)
Tactic call build-and-typecheck ran for 1.174 secs (1.172u,0.s) (success)
Tactic call refine ran for 0.587 secs (0.584u,0.002s) (success)
Params: n= 17
Tactic call build ran for 0. secs (0.u,0.s) (success)
Tactic call check ran for 1.162 secs (1.161u,0.s) (success)
Tactic call type ran for 1.175 secs (1.17u,0.003s) (success)
Tactic call build-and-typecheck ran for 2.339 secs (2.332u,0.003s) (success)
Tactic call refine ran for 1.158 secs (1.149u,0.008s) (success)
Params: n= 18
Tactic call build ran for 0. secs (0.u,0.s) (success)
Tactic call check ran for 2.435 secs (2.433u,0.s) (success)
Tactic call type ran for 2.395 secs (2.389u,0.003s) (success)
Tactic call build-and-typecheck ran for 4.831 secs (4.823u,0.003s) (success)
Tactic call refine ran for 2.386 secs (2.38u,0.004s) (success)
Params: n= 19
Tactic call build ran for 0. secs (0.u,0.s) (success)
Tactic call check ran for 4.973 secs (4.964u,0.003s) (success)
Tactic call type ran for 4.941 secs (4.937u,0.s) (success)
Tactic call build-and-typecheck ran for 9.915 secs (9.902u,0.003s) (success)
Tactic call refine ran for 4.993 secs (4.975u,0.008s) (success)
Params: n= 20
Tactic call build ran for 0. secs (0.u,0.s) (success)
Tactic call check ran for 10.06 secs (10.032u,0.027s) (success)
Tactic call type ran for 10.044 secs (10.036u,0.007s) (success)
Tactic call build-and-typecheck ran for 20.105 secs (20.069u,0.036s) (success)
Tactic call refine ran for 10.086 secs (10.082u,0.003s) (success)
Params: n= 21
Tactic call build ran for 0. secs (0.u,0.s) (success)
Tactic call check ran for 20.588 secs (20.568u,0.019s) (success)
Tactic call type ran for 20.488 secs (20.468u,0.019s) (success)
Tactic call build-and-typecheck ran for 41.077 secs (41.037u,0.039s) (success)
Tactic call refine ran for 20.859 secs (20.851u,0.007s) (success)
