Params: n= 500
Tactic call uconstr ran for 0.007 secs (0.007u,0.s)
Tactic call open_constr ran for 0.127 secs (0.119u,0.007s)
Tactic call build-and-open ran for 0.135 secs (0.127u,0.007s) (success)
Params: n= 510
Tactic call uconstr ran for 0.055 secs (0.055u,0.s)
Tactic call open_constr ran for 0.144 secs (0.139u,0.004s)
Tactic call build-and-open ran for 0.199 secs (0.195u,0.004s) (success)
Params: n= 520
Tactic call uconstr ran for 0.007 secs (0.007u,0.s)
Tactic call open_constr ran for 0.158 secs (0.157u,0.s)
Tactic call build-and-open ran for 0.166 secs (0.165u,0.s) (success)
Params: n= 530
Tactic call uconstr ran for 0.011 secs (0.011u,0.s)
Tactic call open_constr ran for 0.115 secs (0.115u,0.s)
Tactic call build-and-open ran for 0.126 secs (0.126u,0.s) (success)
Params: n= 540
Tactic call uconstr ran for 0.008 secs (0.008u,0.s)
Tactic call open_constr ran for 0.142 secs (0.142u,0.s)
Tactic call build-and-open ran for 0.151 secs (0.15u,0.s) (success)
Params: n= 550
Tactic call uconstr ran for 0.008 secs (0.008u,0.s)
Tactic call open_constr ran for 0.144 secs (0.144u,0.s)
Tactic call build-and-open ran for 0.153 secs (0.153u,0.s) (success)
Params: n= 560
Tactic call uconstr ran for 0.009 secs (0.009u,0.s)
Tactic call open_constr ran for 0.155 secs (0.143u,0.011s)
Tactic call build-and-open ran for 0.164 secs (0.152u,0.011s) (success)
Params: n= 570
Tactic call uconstr ran for 0.022 secs (0.022u,0.s)
Tactic call open_constr ran for 0.167 secs (0.155u,0.011s)
Tactic call build-and-open ran for 0.189 secs (0.177u,0.011s) (success)
Params: n= 580
Tactic call uconstr ran for 0.009 secs (0.009u,0.s)
Tactic call open_constr ran for 0.205 secs (0.193u,0.011s)
Tactic call build-and-open ran for 0.214 secs (0.202u,0.011s) (success)
Params: n= 590
Tactic call uconstr ran for 0.009 secs (0.009u,0.s)
Tactic call open_constr ran for 0.176 secs (0.172u,0.003s)
Tactic call build-and-open ran for 0.186 secs (0.182u,0.003s) (success)
Params: n= 600
Tactic call uconstr ran for 0.009 secs (0.009u,0.s)
Tactic call open_constr ran for 0.175 secs (0.171u,0.003s)
Tactic call build-and-open ran for 0.184 secs (0.18u,0.004s) (success)
Params: n= 610
Tactic call uconstr ran for 0.009 secs (0.009u,0.s)
Tactic call open_constr ran for 0.176 secs (0.176u,0.s)
Tactic call build-and-open ran for 0.186 secs (0.186u,0.s) (success)
Params: n= 620
Tactic call uconstr ran for 0.009 secs (0.009u,0.s)
Tactic call open_constr ran for 0.169 secs (0.169u,0.s)
Tactic call build-and-open ran for 0.179 secs (0.179u,0.s) (success)
Params: n= 630
Tactic call uconstr ran for 0.012 secs (0.009u,0.003s)
Tactic call open_constr ran for 0.162 secs (0.162u,0.s)
Tactic call build-and-open ran for 0.175 secs (0.171u,0.003s) (success)
Params: n= 640
Tactic call uconstr ran for 0.01 secs (0.01u,0.s)
Tactic call open_constr ran for 0.234 secs (0.226u,0.007s)
Tactic call build-and-open ran for 0.244 secs (0.236u,0.007s) (success)
Params: n= 650
Tactic call uconstr ran for 0.01 secs (0.01u,0.s)
Tactic call open_constr ran for 0.264 secs (0.252u,0.011s)
Tactic call build-and-open ran for 0.274 secs (0.262u,0.012s) (success)
Params: n= 660
Tactic call uconstr ran for 0.01 secs (0.01u,0.s)
Tactic call open_constr ran for 0.233 secs (0.225u,0.007s)
Tactic call build-and-open ran for 0.243 secs (0.235u,0.007s) (success)
Params: n= 670
Tactic call uconstr ran for 0.01 secs (0.01u,0.s)
Tactic call open_constr ran for 0.218 secs (0.217u,0.s)
Tactic call build-and-open ran for 0.228 secs (0.228u,0.s) (success)
Params: n= 680
Tactic call uconstr ran for 0.01 secs (0.01u,0.s)
Tactic call open_constr ran for 0.266 secs (0.253u,0.011s)
Tactic call build-and-open ran for 0.276 secs (0.264u,0.011s) (success)
Params: n= 690
Tactic call uconstr ran for 0.01 secs (0.01u,0.s)
Tactic call open_constr ran for 0.298 secs (0.298u,0.s)
Tactic call build-and-open ran for 0.309 secs (0.309u,0.s) (success)
Params: n= 700
Tactic call uconstr ran for 0.014 secs (0.014u,0.s)
Tactic call open_constr ran for 0.273 secs (0.272u,0.s)
Tactic call build-and-open ran for 0.287 secs (0.287u,0.s) (success)
Params: n= 710
Tactic call uconstr ran for 0.01 secs (0.01u,0.s)
Tactic call open_constr ran for 0.348 secs (0.344u,0.003s)
Tactic call build-and-open ran for 0.359 secs (0.355u,0.003s) (success)
Params: n= 720
Tactic call uconstr ran for 0.011 secs (0.011u,0.s)
Tactic call open_constr ran for 0.299 secs (0.295u,0.003s)
Tactic call build-and-open ran for 0.311 secs (0.307u,0.003s) (success)
Params: n= 730
Tactic call uconstr ran for 0.011 secs (0.011u,0.s)
Tactic call open_constr ran for 0.346 secs (0.346u,0.s)
Tactic call build-and-open ran for 0.357 secs (0.357u,0.s) (success)
Params: n= 740
Tactic call uconstr ran for 0.011 secs (0.011u,0.s)
Tactic call open_constr ran for 0.498 secs (0.497u,0.s)
Tactic call build-and-open ran for 0.51 secs (0.509u,0.s) (success)
Params: n= 750
Tactic call uconstr ran for 0.011 secs (0.011u,0.s)
Tactic call open_constr ran for 0.361 secs (0.361u,0.s)
Tactic call build-and-open ran for 0.373 secs (0.373u,0.s) (success)
Params: n= 760
Tactic call uconstr ran for 0.011 secs (0.011u,0.s)
Tactic call open_constr ran for 0.388 secs (0.388u,0.s)
Tactic call build-and-open ran for 0.4 secs (0.4u,0.s) (success)
Params: n= 770
Tactic call uconstr ran for 0.012 secs (0.012u,0.s)
Tactic call open_constr ran for 0.324 secs (0.323u,0.s)
Tactic call build-and-open ran for 0.336 secs (0.335u,0.s) (success)
Params: n= 780
Tactic call uconstr ran for 0.012 secs (0.012u,0.s)
Tactic call open_constr ran for 0.334 secs (0.334u,0.s)
Tactic call build-and-open ran for 0.346 secs (0.346u,0.s) (success)
Params: n= 790
Tactic call uconstr ran for 0.014 secs (0.014u,0.s)
Tactic call open_constr ran for 0.36 secs (0.359u,0.s)
Tactic call build-and-open ran for 0.374 secs (0.374u,0.s) (success)
Params: n= 800
Tactic call uconstr ran for 0.012 secs (0.012u,0.s)
Tactic call open_constr ran for 0.46 secs (0.459u,0.s)
Tactic call build-and-open ran for 0.472 secs (0.472u,0.s) (success)
Params: n= 810
Tactic call uconstr ran for 0.015 secs (0.015u,0.s)
Tactic call open_constr ran for 0.366 secs (0.366u,0.s)
Tactic call build-and-open ran for 0.382 secs (0.381u,0.s) (success)
Params: n= 820
Tactic call uconstr ran for 0.012 secs (0.012u,0.s)
Tactic call open_constr ran for 0.367 secs (0.358u,0.007s)
Tactic call build-and-open ran for 0.38 secs (0.371u,0.007s) (success)
Params: n= 830
Tactic call uconstr ran for 0.052 secs (0.052u,0.s)
Tactic call open_constr ran for 0.387 secs (0.383u,0.003s)
Tactic call build-and-open ran for 0.44 secs (0.436u,0.003s) (success)
Params: n= 840
Tactic call uconstr ran for 0.057 secs (0.057u,0.s)
Tactic call open_constr ran for 0.424 secs (0.423u,0.s)
Tactic call build-and-open ran for 0.481 secs (0.48u,0.s) (success)
Params: n= 850
Tactic call uconstr ran for 0.014 secs (0.014u,0.s)
Tactic call open_constr ran for 0.458 secs (0.457u,0.s)
Tactic call build-and-open ran for 0.472 secs (0.471u,0.s) (success)
Params: n= 860
Tactic call uconstr ran for 0.013 secs (0.013u,0.s)
Tactic call open_constr ran for 0.425 secs (0.424u,0.s)
Tactic call build-and-open ran for 0.438 secs (0.438u,0.s) (success)
Params: n= 870
Tactic call uconstr ran for 0.013 secs (0.013u,0.s)
Tactic call open_constr ran for 0.437 secs (0.436u,0.s)
Tactic call build-and-open ran for 0.45 secs (0.45u,0.s) (success)
Params: n= 880
Tactic call uconstr ran for 0.013 secs (0.013u,0.s)
Tactic call open_constr ran for 0.449 secs (0.449u,0.s)
Tactic call build-and-open ran for 0.463 secs (0.463u,0.s) (success)
Params: n= 890
Tactic call uconstr ran for 0.071 secs (0.07u,0.s)
Tactic call open_constr ran for 0.479 secs (0.478u,0.s)
Tactic call build-and-open ran for 0.55 secs (0.549u,0.s) (success)
Params: n= 900
Tactic call uconstr ran for 0.084 secs (0.084u,0.s)
Tactic call open_constr ran for 0.458 secs (0.457u,0.s)
Tactic call build-and-open ran for 0.542 secs (0.542u,0.s) (success)
Params: n= 910
Tactic call uconstr ran for 0.014 secs (0.014u,0.s)
Tactic call open_constr ran for 0.47 secs (0.47u,0.s)
Tactic call build-and-open ran for 0.484 secs (0.484u,0.s) (success)
Params: n= 920
Tactic call uconstr ran for 0.017 secs (0.017u,0.s)
Tactic call open_constr ran for 0.529 secs (0.529u,0.s)
Tactic call build-and-open ran for 0.547 secs (0.546u,0.s) (success)
Params: n= 930
Tactic call uconstr ran for 0.014 secs (0.014u,0.s)
Tactic call open_constr ran for 0.549 secs (0.548u,0.s)
Tactic call build-and-open ran for 0.564 secs (0.563u,0.s) (success)
Params: n= 940
Tactic call uconstr ran for 0.015 secs (0.015u,0.s)
Tactic call open_constr ran for 0.519 secs (0.518u,0.s)
Tactic call build-and-open ran for 0.535 secs (0.534u,0.s) (success)
Params: n= 950
Tactic call uconstr ran for 0.056 secs (0.056u,0.s)
Tactic call open_constr ran for 0.53 secs (0.53u,0.s)
Tactic call build-and-open ran for 0.587 secs (0.586u,0.s) (success)
Params: n= 960
Tactic call uconstr ran for 0.07 secs (0.07u,0.s)
Tactic call open_constr ran for 0.631 secs (0.63u,0.s)
Tactic call build-and-open ran for 0.702 secs (0.701u,0.s) (success)
Params: n= 970
Tactic call uconstr ran for 0.015 secs (0.015u,0.s)
Tactic call open_constr ran for 0.561 secs (0.56u,0.s)
Tactic call build-and-open ran for 0.576 secs (0.575u,0.s) (success)
Params: n= 980
Tactic call uconstr ran for 0.015 secs (0.015u,0.s)
Tactic call open_constr ran for 0.604 secs (0.603u,0.s)
Tactic call build-and-open ran for 0.619 secs (0.619u,0.s) (success)
Params: n= 990
Tactic call uconstr ran for 0.072 secs (0.072u,0.s)
Tactic call open_constr ran for 0.659 secs (0.658u,0.s)
Tactic call build-and-open ran for 0.732 secs (0.731u,0.s) (success)
Params: n= 1000
Tactic call uconstr ran for 0.018 secs (0.018u,0.s)
Tactic call open_constr ran for 0.604 secs (0.575u,0.027s)
Tactic call build-and-open ran for 0.622 secs (0.593u,0.027s) (success)
Params: n= 1100
Tactic call uconstr ran for 0.017 secs (0.017u,0.s)
Tactic call open_constr ran for 0.751 secs (0.747u,0.003s)
Tactic call build-and-open ran for 0.769 secs (0.764u,0.003s) (success)
Params: n= 1200
Tactic call uconstr ran for 0.073 secs (0.073u,0.s)
Tactic call open_constr ran for 1.024 secs (1.023u,0.s)
Tactic call build-and-open ran for 1.098 secs (1.097u,0.s) (success)
Params: n= 1300
Tactic call uconstr ran for 0.02 secs (0.02u,0.s)
Tactic call open_constr ran for 1.129 secs (1.128u,0.s)
Tactic call build-and-open ran for 1.149 secs (1.148u,0.s) (success)
Params: n= 1400
Tactic call uconstr ran for 0.021 secs (0.021u,0.s)
Tactic call open_constr ran for 1.463 secs (1.446u,0.015s)
Tactic call build-and-open ran for 1.485 secs (1.468u,0.015s) (success)
Params: n= 1500
Tactic call uconstr ran for 0.064 secs (0.064u,0.s)
Tactic call open_constr ran for 1.687 secs (1.681u,0.003s)
Tactic call build-and-open ran for 1.751 secs (1.745u,0.003s) (success)
Params: n= 1600
Tactic call uconstr ran for 0.025 secs (0.025u,0.s)
Tactic call open_constr ran for 1.879 secs (1.878u,0.s)
Tactic call build-and-open ran for 1.905 secs (1.903u,0.s) (success)
Params: n= 1700
Tactic call uconstr ran for 0.032 secs (0.032u,0.s)
Tactic call open_constr ran for 2.122 secs (2.113u,0.003s)
Tactic call build-and-open ran for 2.155 secs (2.145u,0.003s) (success)
Params: n= 1800
Tactic call uconstr ran for 0.066 secs (0.066u,0.s)
Tactic call open_constr ran for 2.407 secs (2.387u,0.019s)
Tactic call build-and-open ran for 2.474 secs (2.454u,0.02s) (success)
Params: n= 1900
Tactic call uconstr ran for 0.617 secs (0.593u,0.023s)
Tactic call open_constr ran for 2.627 secs (2.579u,0.047s)
Tactic call build-and-open ran for 3.244 secs (3.172u,0.071s) (success)
Params: n= 2000
Tactic call uconstr ran for 0.04 secs (0.04u,0.s)
Tactic call open_constr ran for 3.372 secs (3.284u,0.087s)
Tactic call build-and-open ran for 3.413 secs (3.325u,0.087s) (success)
Params: n= 2100
Tactic call uconstr ran for 0.149 secs (0.149u,0.s)
Tactic call open_constr ran for 4.314 secs (4.27u,0.044s)
Tactic call build-and-open ran for 4.464 secs (4.42u,0.044s) (success)
Params: n= 2200
Tactic call uconstr ran for 0.035 secs (0.035u,0.s)
Tactic call open_constr ran for 3.992 secs (3.992u,0.s)
Tactic call build-and-open ran for 4.027 secs (4.027u,0.s) (success)
Params: n= 2300
Tactic call uconstr ran for 0.044 secs (0.044u,0.s)
Tactic call open_constr ran for 4.326 secs (4.322u,0.003s)
Tactic call build-and-open ran for 4.37 secs (4.366u,0.004s) (success)
Params: n= 2400
Tactic call uconstr ran for 0.043 secs (0.043u,0.s)
Tactic call open_constr ran for 4.534 secs (4.534u,0.s)
Tactic call build-and-open ran for 4.577 secs (4.577u,0.s) (success)
Params: n= 2500
Tactic call uconstr ran for 0.089 secs (0.089u,0.s)
Tactic call open_constr ran for 5.902 secs (5.902u,0.s)
Tactic call build-and-open ran for 5.992 secs (5.992u,0.s) (success)
Params: n= 2600
Tactic call uconstr ran for 0.048 secs (0.048u,0.s)
Tactic call open_constr ran for 5.923 secs (5.884u,0.036s)
Tactic call build-and-open ran for 5.971 secs (5.933u,0.036s) (success)
Params: n= 2700
Tactic call uconstr ran for 0.05 secs (0.05u,0.s)
Tactic call open_constr ran for 7.28 secs (7.28u,0.s)
Tactic call build-and-open ran for 7.331 secs (7.33u,0.s) (success)
Params: n= 2800
Tactic call uconstr ran for 0.052 secs (0.052u,0.s)
Tactic call open_constr ran for 7.182 secs (7.106u,0.075s)
Tactic call build-and-open ran for 7.235 secs (7.159u,0.075s) (success)
Params: n= 2900
Tactic call uconstr ran for 0.059 secs (0.059u,0.s)
Tactic call open_constr ran for 7.214 secs (7.206u,0.007s)
Tactic call build-and-open ran for 7.274 secs (7.266u,0.007s) (success)
Params: n= 3000
Tactic call uconstr ran for 0.05 secs (0.05u,0.s)
Tactic call open_constr ran for 8.831 secs (8.691u,0.139s)
Tactic call build-and-open ran for 8.881 secs (8.741u,0.14s) (success)
