Params: n= 6000
Tactic call build ran for 0.127 secs (0.123u,0.003s) (success)
Tactic call check ran for 1.42 secs (1.42u,0.s) (success)
Tactic call type ran for 1.328 secs (1.328u,0.s) (success)
Tactic call build-and-typecheck ran for 2.876 secs (2.872u,0.004s) (success)
Tactic call refine ran for 1.423 secs (1.423u,0.s) (success)
Params: n= 6100
Tactic call build ran for 0.133 secs (0.133u,0.s) (success)
Tactic call check ran for 1.471 secs (1.471u,0.s) (success)
Tactic call type ran for 1.335 secs (1.335u,0.s) (success)
Tactic call build-and-typecheck ran for 2.94 secs (2.94u,0.s) (success)
Tactic call refine ran for 1.473 secs (1.473u,0.s) (success)
Params: n= 6200
Tactic call build ran for 0.134 secs (0.134u,0.s) (success)
Tactic call check ran for 1.509 secs (1.509u,0.s) (success)
Tactic call type ran for 1.521 secs (1.521u,0.s) (success)
Tactic call build-and-typecheck ran for 3.166 secs (3.166u,0.s) (success)
Tactic call refine ran for 1.519 secs (1.518u,0.s) (success)
Params: n= 6300
Tactic call build ran for 0.136 secs (0.136u,0.s) (success)
Tactic call check ran for 0.765 secs (0.761u,0.003s) (success)
Tactic call type ran for 1.574 secs (1.574u,0.s) (success)
Tactic call build-and-typecheck ran for 2.476 secs (2.472u,0.003s) (success)
Tactic call refine ran for 1.57 secs (1.57u,0.s) (success)
Params: n= 6400
Tactic call build ran for 0.141 secs (0.137u,0.003s) (success)
Tactic call check ran for 1.626 secs (1.626u,0.s) (success)
Tactic call type ran for 1.625 secs (1.625u,0.s) (success)
Tactic call build-and-typecheck ran for 3.393 secs (3.389u,0.004s) (success)
Tactic call refine ran for 1.625 secs (1.625u,0.s) (success)
Params: n= 6500
Tactic call build ran for 0.155 secs (0.155u,0.s) (success)
Tactic call check ran for 0.726 secs (0.726u,0.s) (success)
Tactic call type ran for 1.674 secs (1.674u,0.s) (success)
Tactic call build-and-typecheck ran for 2.556 secs (2.556u,0.s) (success)
Tactic call refine ran for 1.675 secs (1.675u,0.s) (success)
Params: n= 6600
Tactic call build ran for 0.169 secs (0.165u,0.003s) (success)
Tactic call check ran for 1.725 secs (1.725u,0.s) (success)
Tactic call type ran for 1.733 secs (1.733u,0.s) (success)
Tactic call build-and-typecheck ran for 3.628 secs (3.624u,0.003s) (success)
Tactic call refine ran for 0.746 secs (0.746u,0.s) (success)
Params: n= 6700
Tactic call build ran for 0.154 secs (0.15u,0.004s) (success)
Tactic call check ran for 1.791 secs (1.791u,0.s) (success)
Tactic call type ran for 0.846 secs (0.846u,0.s) (success)
Tactic call build-and-typecheck ran for 2.792 secs (2.788u,0.004s) (success)
Tactic call refine ran for 1.779 secs (1.779u,0.s) (success)
Params: n= 6800
Tactic call build ran for 0.15 secs (0.15u,0.s) (success)
Tactic call check ran for 1.257 secs (1.257u,0.s) (success)
Tactic call type ran for 1.837 secs (1.837u,0.s) (success)
Tactic call build-and-typecheck ran for 3.244 secs (3.244u,0.s) (success)
Tactic call refine ran for 1.835 secs (1.835u,0.s) (success)
Params: n= 6900
Tactic call build ran for 0.16 secs (0.152u,0.008s) (success)
Tactic call check ran for 1.9 secs (1.9u,0.s) (success)
Tactic call type ran for 0.843 secs (0.843u,0.s) (success)
Tactic call build-and-typecheck ran for 2.903 secs (2.895u,0.008s) (success)
Tactic call refine ran for 1.885 secs (1.885u,0.s) (success)
Params: n= 7000
Tactic call build ran for 0.153 secs (0.153u,0.s) (success)
Tactic call check ran for 1.914 secs (1.914u,0.s) (success)
Tactic call type ran for 1.944 secs (1.944u,0.s) (success)
Tactic call build-and-typecheck ran for 4.012 secs (4.012u,0.s) (success)
Tactic call refine ran for 0.826 secs (0.826u,0.s) (success)
Params: n= 7100
Tactic call build ran for 0.154 secs (0.154u,0.s) (success)
Tactic call check ran for 1.988 secs (1.988u,0.s) (success)
Tactic call type ran for 1.995 secs (1.994u,0.s) (success)
Tactic call build-and-typecheck ran for 4.138 secs (4.138u,0.s) (success)
Tactic call refine ran for 1.99 secs (1.99u,0.s) (success)
Params: n= 7200
Tactic call build ran for 0.157 secs (0.157u,0.s) (success)
Tactic call check ran for 2.052 secs (2.052u,0.s) (success)
Tactic call type ran for 0.869 secs (0.869u,0.s) (success)
Tactic call build-and-typecheck ran for 3.079 secs (3.079u,0.s) (success)
Tactic call refine ran for 2.047 secs (2.047u,0.s) (success)
Params: n= 7300
Tactic call build ran for 0.156 secs (0.156u,0.s) (success)
Tactic call check ran for 2.105 secs (2.105u,0.s) (success)
Tactic call type ran for 2.111 secs (2.111u,0.s) (success)
Tactic call build-and-typecheck ran for 4.374 secs (4.374u,0.s) (success)
Tactic call refine ran for 1.379 secs (1.378u,0.s) (success)
Params: n= 7400
Tactic call build ran for 0.156 secs (0.156u,0.s) (success)
Tactic call check ran for 1.895 secs (1.895u,0.s) (success)
Tactic call type ran for 2.166 secs (2.165u,0.s) (success)
Tactic call build-and-typecheck ran for 4.218 secs (4.217u,0.s) (success)
Tactic call refine ran for 0.934 secs (0.934u,0.s) (success)
Params: n= 7500
Tactic call build ran for 0.159 secs (0.159u,0.s) (success)
Tactic call check ran for 1.364 secs (1.364u,0.s) (success)
Tactic call type ran for 2.228 secs (2.228u,0.s) (success)
Tactic call build-and-typecheck ran for 3.753 secs (3.753u,0.s) (success)
Tactic call refine ran for 2.119 secs (2.119u,0.s) (success)
Params: n= 7600
Tactic call build ran for 0.179 secs (0.179u,0.s) (success)
Tactic call check ran for 2.294 secs (2.294u,0.s) (success)
Tactic call type ran for 0.99 secs (0.99u,0.s) (success)
Tactic call build-and-typecheck ran for 3.464 secs (3.464u,0.s) (success)
Tactic call refine ran for 2.286 secs (2.286u,0.s) (success)
Params: n= 7700
Tactic call build ran for 0.183 secs (0.179u,0.003s) (success)
Tactic call check ran for 2.358 secs (2.358u,0.s) (success)
Tactic call type ran for 1.106 secs (1.106u,0.s) (success)
Tactic call build-and-typecheck ran for 3.648 secs (3.644u,0.004s) (success)
Tactic call refine ran for 2.353 secs (2.353u,0.s) (success)
Params: n= 7800
Tactic call build ran for 0.181 secs (0.177u,0.003s) (success)
Tactic call check ran for 2.418 secs (2.418u,0.s) (success)
Tactic call type ran for 1.613 secs (1.609u,0.003s) (success)
Tactic call build-and-typecheck ran for 4.214 secs (4.206u,0.007s) (success)
Tactic call refine ran for 2.417 secs (2.417u,0.s) (success)
Params: n= 7900
Tactic call build ran for 0.18 secs (0.18u,0.s) (success)
Tactic call check ran for 2.084 secs (2.084u,0.s) (success)
Tactic call type ran for 2.473 secs (2.473u,0.s) (success)
Tactic call build-and-typecheck ran for 4.738 secs (4.738u,0.s) (success)
Tactic call refine ran for 2.484 secs (2.484u,0.s) (success)
Params: n= 8000
Tactic call build ran for 0.167 secs (0.167u,0.s) (success)
Tactic call check ran for 1.672 secs (1.672u,0.s) (success)
Tactic call type ran for 2.54 secs (2.54u,0.s) (success)
Tactic call build-and-typecheck ran for 4.381 secs (4.381u,0.s) (success)
Tactic call refine ran for 1.094 secs (1.094u,0.s) (success)
Params: n= 8100
Tactic call build ran for 0.175 secs (0.175u,0.s) (success)
Tactic call check ran for 2.606 secs (2.606u,0.s) (success)
Tactic call type ran for 2.608 secs (2.608u,0.s) (success)
Tactic call build-and-typecheck ran for 5.391 secs (5.391u,0.s) (success)
Tactic call refine ran for 2.607 secs (2.607u,0.s) (success)
Params: n= 8200
Tactic call build ran for 0.181 secs (0.181u,0.s) (success)
Tactic call check ran for 2.675 secs (2.675u,0.s) (success)
Tactic call type ran for 2.453 secs (2.453u,0.s) (success)
Tactic call build-and-typecheck ran for 5.31 secs (5.31u,0.s) (success)
Tactic call refine ran for 2.668 secs (2.667u,0.s) (success)
Params: n= 8300
Tactic call build ran for 0.18 secs (0.176u,0.003s) (success)
Tactic call check ran for 2.524 secs (2.524u,0.s) (success)
Tactic call type ran for 2.745 secs (2.745u,0.s) (success)
Tactic call build-and-typecheck ran for 5.45 secs (5.446u,0.004s) (success)
Tactic call refine ran for 1.625 secs (1.625u,0.s) (success)
Params: n= 8400
Tactic call build ran for 0.177 secs (0.177u,0.s) (success)
Tactic call check ran for 2.812 secs (2.812u,0.s) (success)
Tactic call type ran for 2.09 secs (2.09u,0.s) (success)
Tactic call build-and-typecheck ran for 5.081 secs (5.081u,0.s) (success)
Tactic call refine ran for 2.814 secs (2.814u,0.s) (success)
Params: n= 8500
Tactic call build ran for 0.18 secs (0.18u,0.s) (success)
Tactic call check ran for 2.875 secs (2.875u,0.s) (success)
Tactic call type ran for 2.679 secs (2.679u,0.s) (success)
Tactic call build-and-typecheck ran for 5.735 secs (5.735u,0.s) (success)
Tactic call refine ran for 2.883 secs (2.883u,0.s) (success)
Params: n= 8600
Tactic call build ran for 0.199 secs (0.199u,0.s) (success)
Tactic call check ran for 2.961 secs (2.961u,0.s) (success)
Tactic call type ran for 2.656 secs (2.656u,0.s) (success)
Tactic call build-and-typecheck ran for 5.816 secs (5.816u,0.s) (success)
Tactic call refine ran for 2.949 secs (2.949u,0.s) (success)
Params: n= 8700
Tactic call build ran for 0.207 secs (0.207u,0.s) (success)
Tactic call check ran for 1.858 secs (1.858u,0.s) (success)
Tactic call type ran for 3.017 secs (3.017u,0.s) (success)
Tactic call build-and-typecheck ran for 5.083 secs (5.083u,0.s) (success)
Tactic call refine ran for 1.453 secs (1.453u,0.s) (success)
Params: n= 8800
Tactic call build ran for 0.2 secs (0.199u,0.s) (success)
Tactic call check ran for 2.457 secs (2.457u,0.s) (success)
Tactic call type ran for 3.056 secs (3.056u,0.s) (success)
Tactic call build-and-typecheck ran for 5.714 secs (5.714u,0.s) (success)
Tactic call refine ran for 3.059 secs (3.059u,0.s) (success)
Params: n= 8900
Tactic call build ran for 0.182 secs (0.182u,0.s) (success)
Tactic call check ran for 3.133 secs (3.133u,0.s) (success)
Tactic call type ran for 2.288 secs (2.288u,0.s) (success)
Tactic call build-and-typecheck ran for 5.604 secs (5.604u,0.s) (success)
Tactic call refine ran for 3.13 secs (3.13u,0.s) (success)
Params: n= 9000
Tactic call build ran for 0.185 secs (0.185u,0.s) (success)
Tactic call check ran for 3.186 secs (3.186u,0.s) (success)
Tactic call type ran for 1.707 secs (1.707u,0.s) (success)
Tactic call build-and-typecheck ran for 5.078 secs (5.078u,0.s) (success)
Tactic call refine ran for 3.179 secs (3.179u,0.s) (success)
Params: n= 9100
Tactic call build ran for 0.188 secs (0.188u,0.s) (success)
Tactic call check ran for 3.263 secs (3.263u,0.s) (success)
Tactic call type ran for 1.58 secs (1.58u,0.s) (success)
Tactic call build-and-typecheck ran for 5.032 secs (5.032u,0.s) (success)
Tactic call refine ran for 3.254 secs (3.254u,0.s) (success)
Params: n= 9200
Tactic call build ran for 0.19 secs (0.19u,0.s) (success)
Tactic call check ran for 3.334 secs (3.334u,0.s) (success)
Tactic call type ran for 1.728 secs (1.728u,0.s) (success)
Tactic call build-and-typecheck ran for 5.253 secs (5.253u,0.s) (success)
Tactic call refine ran for 3.331 secs (3.331u,0.s) (success)
Params: n= 9300
Tactic call build ran for 0.192 secs (0.192u,0.s) (success)
Tactic call check ran for 3.404 secs (3.404u,0.s) (success)
Tactic call type ran for 2.311 secs (2.311u,0.s) (success)
Tactic call build-and-typecheck ran for 5.908 secs (5.908u,0.s) (success)
Tactic call refine ran for 3.407 secs (3.407u,0.s) (success)
Params: n= 9400
Tactic call build ran for 0.193 secs (0.193u,0.s) (success)
Tactic call check ran for 3.481 secs (3.481u,0.s) (success)
Tactic call type ran for 3.478 secs (3.478u,0.s) (success)
Tactic call build-and-typecheck ran for 7.153 secs (7.153u,0.s) (success)
Tactic call refine ran for 3.482 secs (3.482u,0.s) (success)
Params: n= 9500
Tactic call build ran for 0.228 secs (0.228u,0.s) (success)
Tactic call check ran for 3.558 secs (3.558u,0.s) (success)
Tactic call type ran for 1.752 secs (1.752u,0.s) (success)
Tactic call build-and-typecheck ran for 5.539 secs (5.539u,0.s) (success)
Tactic call refine ran for 3.553 secs (3.553u,0.s) (success)
Params: n= 9600
Tactic call build ran for 0.205 secs (0.205u,0.s) (success)
Tactic call check ran for 3.633 secs (3.633u,0.s) (success)
Tactic call type ran for 3.636 secs (3.636u,0.s) (success)
Tactic call build-and-typecheck ran for 7.475 secs (7.474u,0.s) (success)
Tactic call refine ran for 3.632 secs (3.632u,0.s) (success)
Params: n= 9700
Tactic call build ran for 0.21 secs (0.21u,0.s) (success)
Tactic call check ran for 2.651 secs (2.651u,0.s) (success)
Tactic call type ran for 3.713 secs (3.713u,0.s) (success)
Tactic call build-and-typecheck ran for 6.576 secs (6.575u,0.s) (success)
Tactic call refine ran for 2.799 secs (2.798u,0.s) (success)
Params: n= 9800
Tactic call build ran for 0.212 secs (0.212u,0.s) (success)
Tactic call check ran for 3.784 secs (3.784u,0.s) (success)
Tactic call type ran for 2.205 secs (2.205u,0.s) (success)
Tactic call build-and-typecheck ran for 6.203 secs (6.203u,0.s) (success)
Tactic call refine ran for 3.784 secs (3.784u,0.s) (success)
Params: n= 9900
Tactic call build ran for 0.204 secs (0.204u,0.s) (success)
Tactic call check ran for 2.072 secs (2.072u,0.s) (success)
Tactic call type ran for 3.863 secs (3.863u,0.s) (success)
Tactic call build-and-typecheck ran for 6.14 secs (6.14u,0.s) (success)
Tactic call refine ran for 2.292 secs (2.292u,0.s) (success)
Params: n= 10000
Tactic call build ran for 0.211 secs (0.211u,0.s) (success)
Tactic call check ran for 3.943 secs (3.943u,0.s) (success)
Tactic call type ran for 2.562 secs (2.562u,0.s) (success)
Tactic call build-and-typecheck ran for 6.717 secs (6.717u,0.s) (success)
Tactic call refine ran for 3.945 secs (3.945u,0.s) (success)
Params: n= 10100
Tactic call build ran for 0.209 secs (0.209u,0.s) (success)
Tactic call check ran for 3.366 secs (3.366u,0.s) (success)
Tactic call type ran for 4.027 secs (4.027u,0.s) (success)
Tactic call build-and-typecheck ran for 7.603 secs (7.603u,0.s) (success)
Tactic call refine ran for 3.956 secs (3.955u,0.s) (success)
Params: n= 10200
Tactic call build ran for 0.222 secs (0.222u,0.s) (success)
Tactic call check ran for 4.105 secs (4.105u,0.s) (success)
Tactic call type ran for 1.765 secs (1.765u,0.s) (success)
Tactic call build-and-typecheck ran for 6.093 secs (6.093u,0.s) (success)
Tactic call refine ran for 4.107 secs (4.107u,0.s) (success)
Params: n= 10300
Tactic call build ran for 0.227 secs (0.227u,0.s) (success)
Tactic call check ran for 2.784 secs (2.784u,0.s) (success)
Tactic call type ran for 4.199 secs (4.199u,0.s) (success)
Tactic call build-and-typecheck ran for 7.212 secs (7.212u,0.s) (success)
Tactic call refine ran for 3.502 secs (3.502u,0.s) (success)
Params: n= 10400
Tactic call build ran for 0.221 secs (0.221u,0.s) (success)
Tactic call check ran for 1.876 secs (1.876u,0.s) (success)
Tactic call type ran for 4.269 secs (4.269u,0.s) (success)
Tactic call build-and-typecheck ran for 6.367 secs (6.367u,0.s) (success)
Tactic call refine ran for 2.202 secs (2.202u,0.s) (success)
Params: n= 10500
Tactic call build ran for 0.217 secs (0.217u,0.s) (success)
Tactic call check ran for 3.535 secs (3.535u,0.s) (success)
Tactic call type ran for 4.347 secs (4.347u,0.s) (success)
Tactic call build-and-typecheck ran for 8.101 secs (8.1u,0.s) (success)
Tactic call refine ran for 1.869 secs (1.869u,0.s) (success)
Params: n= 10600
Tactic call build ran for 0.223 secs (0.223u,0.s) (success)
Tactic call check ran for 4.427 secs (4.427u,0.s) (success)
Tactic call type ran for 4.433 secs (4.433u,0.s) (success)
Tactic call build-and-typecheck ran for 9.085 secs (9.084u,0.s) (success)
Tactic call refine ran for 1.87 secs (1.87u,0.s) (success)
Params: n= 10700
Tactic call build ran for 0.223 secs (0.223u,0.s) (success)
Tactic call check ran for 4.518 secs (4.518u,0.s) (success)
Tactic call type ran for 4.521 secs (4.521u,0.s) (success)
Tactic call build-and-typecheck ran for 9.263 secs (9.263u,0.s) (success)
Tactic call refine ran for 1.91 secs (1.91u,0.s) (success)
Params: n= 10800
Tactic call build ran for 0.229 secs (0.229u,0.s) (success)
Tactic call check ran for 3.07 secs (3.07u,0.s) (success)
Tactic call type ran for 4.6 secs (4.6u,0.s) (success)
Tactic call build-and-typecheck ran for 7.901 secs (7.901u,0.s) (success)
Tactic call refine ran for 2.114 secs (2.114u,0.s) (success)
Params: n= 10900
Tactic call build ran for 0.227 secs (0.227u,0.s) (success)
Tactic call check ran for 2.169 secs (2.169u,0.s) (success)
Tactic call type ran for 4.687 secs (4.687u,0.s) (success)
Tactic call build-and-typecheck ran for 7.085 secs (7.085u,0.s) (success)
Tactic call refine ran for 2.968 secs (2.968u,0.s) (success)
Params: n= 11000
Tactic call build ran for 0.254 secs (0.254u,0.s) (success)
Tactic call check ran for 4.778 secs (4.778u,0.s) (success)
Tactic call type ran for 4.308 secs (4.308u,0.s) (success)
Tactic call build-and-typecheck ran for 9.341 secs (9.341u,0.s) (success)
Tactic call refine ran for 3.223 secs (3.223u,0.s) (success)
Params: n= 11100
Tactic call build ran for 0.243 secs (0.243u,0.s) (success)
Tactic call check ran for 2.169 secs (2.169u,0.s) (success)
Tactic call type ran for 4.872 secs (4.872u,0.s) (success)
Tactic call build-and-typecheck ran for 7.286 secs (7.286u,0.s) (success)
Tactic call refine ran for 3.009 secs (3.009u,0.s) (success)
Params: n= 11200
Tactic call build ran for 0.228 secs (0.228u,0.s) (success)
Tactic call check ran for 4.719 secs (4.719u,0.s) (success)
Tactic call type ran for 2.091 secs (2.091u,0.s) (success)
Tactic call build-and-typecheck ran for 7.04 secs (7.04u,0.s) (success)
Tactic call refine ran for 4.961 secs (4.961u,0.s) (success)
Params: n= 11300
Tactic call build ran for 0.237 secs (0.237u,0.s) (success)
Tactic call check ran for 5.037 secs (5.037u,0.s) (success)
Tactic call type ran for 4.707 secs (4.707u,0.s) (success)
Tactic call build-and-typecheck ran for 9.982 secs (9.982u,0.s) (success)
Tactic call refine ran for 2.128 secs (2.128u,0.s) (success)
Params: n= 11400
Tactic call build ran for 0.238 secs (0.238u,0.s) (success)
Tactic call check ran for 3.449 secs (3.449u,0.s) (success)
Tactic call type ran for 5.125 secs (5.125u,0.s) (success)
Tactic call build-and-typecheck ran for 8.813 secs (8.813u,0.s) (success)
Tactic call refine ran for 5.139 secs (5.139u,0.s) (success)
Params: n= 11500
Tactic call build ran for 0.239 secs (0.239u,0.s) (success)
Tactic call check ran for 5.218 secs (5.218u,0.s) (success)
Tactic call type ran for 4.905 secs (4.905u,0.s) (success)
Tactic call build-and-typecheck ran for 10.363 secs (10.363u,0.s) (success)
Tactic call refine ran for 2.216 secs (2.216u,0.s) (success)
Params: n= 11600
Tactic call build ran for 0.267 secs (0.267u,0.s) (success)
Tactic call check ran for 5.067 secs (5.066u,0.s) (success)
Tactic call type ran for 5.299 secs (5.299u,0.s) (success)
Tactic call build-and-typecheck ran for 10.634 secs (10.634u,0.s) (success)
Tactic call refine ran for 2.541 secs (2.541u,0.s) (success)
Params: n= 11700
Tactic call build ran for 0.248 secs (0.248u,0.s) (success)
Tactic call check ran for 5.396 secs (5.396u,0.s) (success)
Tactic call type ran for 2.891 secs (2.891u,0.s) (success)
Tactic call build-and-typecheck ran for 8.536 secs (8.536u,0.s) (success)
Tactic call refine ran for 5.402 secs (5.402u,0.s) (success)
Params: n= 11800
Tactic call build ran for 0.245 secs (0.245u,0.s) (success)
Tactic call check ran for 3.828 secs (3.828u,0.s) (success)
Tactic call type ran for 4.711 secs (4.711u,0.s) (success)
Tactic call build-and-typecheck ran for 8.786 secs (8.786u,0.s) (success)
Tactic call refine ran for 5.489 secs (5.489u,0.s) (success)
Params: n= 11900
Tactic call build ran for 0.251 secs (0.251u,0.s) (success)
Tactic call check ran for 2.55 secs (2.55u,0.s) (success)
Tactic call type ran for 5.581 secs (5.581u,0.s) (success)
Tactic call build-and-typecheck ran for 8.384 secs (8.384u,0.s) (success)
Tactic call refine ran for 4.305 secs (4.305u,0.s) (success)
