Params: n= 0
Tactic call build ran for 0. secs (0.u,0.s) (success)
Tactic call check ran for 0. secs (0.u,0.s) (success)
Tactic call type ran for 0. secs (0.u,0.s) (success)
Tactic call refine ran for 0. secs (0.u,0.s) (success)
Params: n= 100
Tactic call build ran for 0.002 secs (0.002u,0.s) (success)
Tactic call check ran for 0. secs (0.u,0.s) (success)
Tactic call type ran for 0. secs (0.u,0.s) (success)
Tactic call refine ran for 0. secs (0.u,0.s) (success)
Params: n= 200
Tactic call build ran for 0.004 secs (0.004u,0.s) (success)
Tactic call check ran for 0.001 secs (0.001u,0.s) (success)
Tactic call type ran for 0.001 secs (0.001u,0.s) (success)
Tactic call refine ran for 0.001 secs (0.001u,0.s) (success)
Params: n= 300
Tactic call build ran for 0.006 secs (0.006u,0.s) (success)
Tactic call check ran for 0.002 secs (0.002u,0.s) (success)
Tactic call type ran for 0.002 secs (0.002u,0.s) (success)
Tactic call refine ran for 0.002 secs (0.002u,0.s) (success)
Params: n= 400
Tactic call build ran for 0.008 secs (0.008u,0.s) (success)
Tactic call check ran for 0.004 secs (0.004u,0.s) (success)
Tactic call type ran for 0.004 secs (0.004u,0.s) (success)
Tactic call refine ran for 0.004 secs (0.004u,0.s) (success)
Params: n= 500
Tactic call build ran for 0.01 secs (0.01u,0.s) (success)
Tactic call check ran for 0.005 secs (0.005u,0.s) (success)
Tactic call type ran for 0.005 secs (0.005u,0.s) (success)
Tactic call refine ran for 0.006 secs (0.006u,0.s) (success)
Params: n= 600
Tactic call build ran for 0.012 secs (0.008u,0.003s) (success)
Tactic call check ran for 0.008 secs (0.008u,0.s) (success)
Tactic call type ran for 0.008 secs (0.008u,0.s) (success)
Tactic call refine ran for 0.008 secs (0.008u,0.s) (success)
Params: n= 700
Tactic call build ran for 0.014 secs (0.014u,0.s) (success)
Tactic call check ran for 0.01 secs (0.01u,0.s) (success)
Tactic call type ran for 0.01 secs (0.01u,0.s) (success)
Tactic call refine ran for 0.01 secs (0.01u,0.s) (success)
Params: n= 800
Tactic call build ran for 0.016 secs (0.016u,0.s) (success)
Tactic call check ran for 0.013 secs (0.013u,0.s) (success)
Tactic call type ran for 0.013 secs (0.013u,0.s) (success)
Tactic call refine ran for 0.013 secs (0.013u,0.s) (success)
Params: n= 900
Tactic call build ran for 0.018 secs (0.018u,0.s) (success)
Tactic call check ran for 0.017 secs (0.017u,0.s) (success)
Tactic call type ran for 0.017 secs (0.017u,0.s) (success)
Tactic call refine ran for 0.017 secs (0.017u,0.s) (success)
Params: n= 1000
Tactic call build ran for 0.02 secs (0.02u,0.s) (success)
Tactic call check ran for 0.021 secs (0.021u,0.s) (success)
Tactic call type ran for 0.021 secs (0.021u,0.s) (success)
Tactic call refine ran for 0.021 secs (0.021u,0.s) (success)
Params: n= 1100
Tactic call build ran for 0.022 secs (0.022u,0.s) (success)
Tactic call check ran for 0.026 secs (0.026u,0.s) (success)
Tactic call type ran for 0.026 secs (0.026u,0.s) (success)
Tactic call refine ran for 0.026 secs (0.026u,0.s) (success)
Params: n= 1200
Tactic call build ran for 0.024 secs (0.024u,0.s) (success)
Tactic call check ran for 0.032 secs (0.032u,0.s) (success)
Tactic call type ran for 0.032 secs (0.032u,0.s) (success)
Tactic call refine ran for 0.033 secs (0.033u,0.s) (success)
Params: n= 1300
Tactic call build ran for 0.026 secs (0.026u,0.s) (success)
Tactic call check ran for 0.04 secs (0.04u,0.s) (success)
Tactic call type ran for 0.04 secs (0.04u,0.s) (success)
Tactic call refine ran for 0.04 secs (0.04u,0.s) (success)
Params: n= 1400
Tactic call build ran for 0.028 secs (0.028u,0.s) (success)
Tactic call check ran for 0.048 secs (0.048u,0.s) (success)
Tactic call type ran for 0.048 secs (0.048u,0.s) (success)
Tactic call refine ran for 0.048 secs (0.048u,0.s) (success)
Params: n= 1500
Tactic call build ran for 0.031 secs (0.031u,0.s) (success)
Tactic call check ran for 0.058 secs (0.058u,0.s) (success)
Tactic call type ran for 0.057 secs (0.057u,0.s) (success)
Tactic call refine ran for 0.058 secs (0.058u,0.s) (success)
Params: n= 1600
Tactic call build ran for 0.032 secs (0.032u,0.s) (success)
Tactic call check ran for 0.068 secs (0.068u,0.s) (success)
Tactic call type ran for 0.069 secs (0.069u,0.s) (success)
Tactic call refine ran for 0.068 secs (0.068u,0.s) (success)
Params: n= 1700
Tactic call build ran for 0.034 secs (0.034u,0.s) (success)
Tactic call check ran for 0.08 secs (0.08u,0.s) (success)
Tactic call type ran for 0.081 secs (0.081u,0.s) (success)
Tactic call refine ran for 0.08 secs (0.08u,0.s) (success)
Params: n= 1800
Tactic call build ran for 0.036 secs (0.036u,0.s) (success)
Tactic call check ran for 0.093 secs (0.093u,0.s) (success)
Tactic call type ran for 0.094 secs (0.094u,0.s) (success)
Tactic call refine ran for 0.094 secs (0.094u,0.s) (success)
Params: n= 1900
Tactic call build ran for 0.04 secs (0.04u,0.s) (success)
Tactic call check ran for 0.108 secs (0.108u,0.s) (success)
Tactic call type ran for 0.107 secs (0.107u,0.s) (success)
Tactic call refine ran for 0.108 secs (0.108u,0.s) (success)
Params: n= 2000
Tactic call build ran for 0.041 secs (0.041u,0.s) (success)
Tactic call check ran for 0.124 secs (0.124u,0.s) (success)
Tactic call type ran for 0.123 secs (0.123u,0.s) (success)
Tactic call refine ran for 0.123 secs (0.123u,0.s) (success)
Params: n= 2100
Tactic call build ran for 0.044 secs (0.044u,0.s) (success)
Tactic call check ran for 0.139 secs (0.139u,0.s) (success)
Tactic call type ran for 0.141 secs (0.141u,0.s) (success)
Tactic call refine ran for 0.139 secs (0.139u,0.s) (success)
Params: n= 2200
Tactic call build ran for 0.045 secs (0.045u,0.s) (success)
Tactic call check ran for 0.157 secs (0.157u,0.s) (success)
Tactic call type ran for 0.156 secs (0.156u,0.s) (success)
Tactic call refine ran for 0.156 secs (0.156u,0.s) (success)
Params: n= 2300
Tactic call build ran for 0.046 secs (0.046u,0.s) (success)
Tactic call check ran for 0.173 secs (0.173u,0.s) (success)
Tactic call type ran for 0.174 secs (0.174u,0.s) (success)
Tactic call refine ran for 0.175 secs (0.175u,0.s) (success)
Params: n= 2400
Tactic call build ran for 0.049 secs (0.049u,0.s) (success)
Tactic call check ran for 0.193 secs (0.193u,0.s) (success)
Tactic call type ran for 0.193 secs (0.193u,0.s) (success)
Tactic call refine ran for 0.193 secs (0.193u,0.s) (success)
Params: n= 2500
Tactic call build ran for 0.051 secs (0.051u,0.s) (success)
Tactic call check ran for 0.212 secs (0.212u,0.s) (success)
Tactic call type ran for 0.212 secs (0.212u,0.s) (success)
Tactic call refine ran for 0.212 secs (0.212u,0.s) (success)
Params: n= 2600
Tactic call build ran for 0.053 secs (0.053u,0.s) (success)
Tactic call check ran for 0.233 secs (0.233u,0.s) (success)
Tactic call type ran for 0.233 secs (0.233u,0.s) (success)
Tactic call refine ran for 0.234 secs (0.234u,0.s) (success)
Params: n= 2700
Tactic call build ran for 0.055 secs (0.055u,0.s) (success)
Tactic call check ran for 0.254 secs (0.254u,0.s) (success)
Tactic call type ran for 0.255 secs (0.255u,0.s) (success)
Tactic call refine ran for 0.256 secs (0.256u,0.s) (success)
Params: n= 2800
Tactic call build ran for 0.057 secs (0.057u,0.s) (success)
Tactic call check ran for 0.276 secs (0.276u,0.s) (success)
Tactic call type ran for 0.277 secs (0.277u,0.s) (success)
Tactic call refine ran for 0.278 secs (0.278u,0.s) (success)
Params: n= 2900
Tactic call build ran for 0.059 secs (0.059u,0.s) (success)
Tactic call check ran for 0.301 secs (0.301u,0.s) (success)
Tactic call type ran for 0.3 secs (0.3u,0.s) (success)
Tactic call refine ran for 0.298 secs (0.298u,0.s) (success)
Params: n= 3000
Tactic call build ran for 0.061 secs (0.061u,0.s) (success)
Tactic call check ran for 0.323 secs (0.323u,0.s) (success)
Tactic call type ran for 0.323 secs (0.323u,0.s) (success)
Tactic call refine ran for 0.323 secs (0.323u,0.s) (success)
Params: n= 3100
Tactic call build ran for 0.063 secs (0.063u,0.s) (success)
Tactic call check ran for 0.349 secs (0.349u,0.s) (success)
Tactic call type ran for 0.349 secs (0.349u,0.s) (success)
Tactic call refine ran for 0.35 secs (0.35u,0.s) (success)
Params: n= 3200
Tactic call build ran for 0.064 secs (0.064u,0.s) (success)
Tactic call check ran for 0.374 secs (0.374u,0.s) (success)
Tactic call type ran for 0.374 secs (0.374u,0.s) (success)
Tactic call refine ran for 0.373 secs (0.373u,0.s) (success)
Params: n= 3300
Tactic call build ran for 0.067 secs (0.067u,0.s) (success)
Tactic call check ran for 0.4 secs (0.4u,0.s) (success)
Tactic call type ran for 0.4 secs (0.4u,0.s) (success)
Tactic call refine ran for 0.4 secs (0.4u,0.s) (success)
Params: n= 3400
Tactic call build ran for 0.068 secs (0.068u,0.s) (success)
Tactic call check ran for 0.428 secs (0.428u,0.s) (success)
Tactic call type ran for 0.428 secs (0.428u,0.s) (success)
Tactic call refine ran for 0.427 secs (0.423u,0.003s) (success)
Params: n= 3500
Tactic call build ran for 0.079 secs (0.079u,0.s) (success)
Tactic call check ran for 0.454 secs (0.454u,0.s) (success)
Tactic call type ran for 0.454 secs (0.454u,0.s) (success)
Tactic call refine ran for 0.459 secs (0.459u,0.s) (success)
Params: n= 3600
Tactic call build ran for 0.079 secs (0.079u,0.s) (success)
Tactic call check ran for 0.485 secs (0.485u,0.s) (success)
Tactic call type ran for 0.483 secs (0.483u,0.s) (success)
Tactic call refine ran for 0.483 secs (0.483u,0.s) (success)
Params: n= 3700
Tactic call build ran for 0.082 secs (0.082u,0.s) (success)
Tactic call check ran for 0.512 secs (0.512u,0.s) (success)
Tactic call type ran for 0.513 secs (0.513u,0.s) (success)
Tactic call refine ran for 0.512 secs (0.512u,0.s) (success)
Params: n= 3800
Tactic call build ran for 0.083 secs (0.083u,0.s) (success)
Tactic call check ran for 0.545 secs (0.545u,0.s) (success)
Tactic call type ran for 0.542 secs (0.542u,0.s) (success)
Tactic call refine ran for 0.543 secs (0.543u,0.s) (success)
Params: n= 3900
Tactic call build ran for 0.088 secs (0.088u,0.s) (success)
Tactic call check ran for 0.574 secs (0.574u,0.s) (success)
Tactic call type ran for 0.576 secs (0.576u,0.s) (success)
Tactic call refine ran for 0.574 secs (0.574u,0.s) (success)
Params: n= 4000
Tactic call build ran for 0.086 secs (0.086u,0.s) (success)
Tactic call check ran for 0.607 secs (0.607u,0.s) (success)
Tactic call type ran for 0.605 secs (0.605u,0.s) (success)
Tactic call refine ran for 0.607 secs (0.607u,0.s) (success)
Params: n= 4100
Tactic call build ran for 0.09 secs (0.09u,0.s) (success)
Tactic call check ran for 0.638 secs (0.638u,0.s) (success)
Tactic call type ran for 0.638 secs (0.638u,0.s) (success)
Tactic call refine ran for 0.64 secs (0.64u,0.s) (success)
Params: n= 4200
Tactic call build ran for 0.091 secs (0.091u,0.s) (success)
Tactic call check ran for 0.675 secs (0.675u,0.s) (success)
Tactic call type ran for 0.673 secs (0.673u,0.s) (success)
Tactic call refine ran for 0.672 secs (0.672u,0.s) (success)
Params: n= 4300
Tactic call build ran for 0.093 secs (0.093u,0.s) (success)
Tactic call check ran for 0.707 secs (0.707u,0.s) (success)
Tactic call type ran for 0.708 secs (0.708u,0.s) (success)
Tactic call refine ran for 0.707 secs (0.707u,0.s) (success)
Params: n= 4400
Tactic call build ran for 0.095 secs (0.095u,0.s) (success)
Tactic call check ran for 0.745 secs (0.745u,0.s) (success)
Tactic call type ran for 0.741 secs (0.741u,0.s) (success)
Tactic call refine ran for 0.744 secs (0.744u,0.s) (success)
Params: n= 4500
Tactic call build ran for 0.098 secs (0.098u,0.s) (success)
Tactic call check ran for 0.779 secs (0.779u,0.s) (success)
Tactic call type ran for 0.778 secs (0.778u,0.s) (success)
Tactic call refine ran for 0.78 secs (0.78u,0.s) (success)
Params: n= 4600
Tactic call build ran for 0.099 secs (0.099u,0.s) (success)
Tactic call check ran for 0.814 secs (0.814u,0.s) (success)
Tactic call type ran for 0.817 secs (0.817u,0.s) (success)
Tactic call refine ran for 0.816 secs (0.816u,0.s) (success)
Params: n= 4700
Tactic call build ran for 0.103 secs (0.103u,0.s) (success)
Tactic call check ran for 0.852 secs (0.852u,0.s) (success)
Tactic call type ran for 0.852 secs (0.852u,0.s) (success)
Tactic call refine ran for 0.851 secs (0.851u,0.s) (success)
Params: n= 4800
Tactic call build ran for 0.103 secs (0.103u,0.s) (success)
Tactic call check ran for 0.892 secs (0.892u,0.s) (success)
Tactic call type ran for 0.889 secs (0.889u,0.s) (success)
Tactic call refine ran for 0.89 secs (0.89u,0.s) (success)
Params: n= 4900
Tactic call build ran for 0.105 secs (0.105u,0.s) (success)
Tactic call check ran for 0.93 secs (0.93u,0.s) (success)
Tactic call type ran for 0.925 secs (0.925u,0.s) (success)
Tactic call refine ran for 0.923 secs (0.923u,0.s) (success)
Params: n= 5000
Tactic call build ran for 0.107 secs (0.107u,0.s) (success)
Tactic call check ran for 0.966 secs (0.966u,0.s) (success)
Tactic call type ran for 0.964 secs (0.964u,0.s) (success)
Tactic call refine ran for 0.966 secs (0.966u,0.s) (success)
Params: n= 5100
Tactic call build ran for 0.109 secs (0.109u,0.s) (success)
Tactic call check ran for 1.004 secs (1.004u,0.s) (success)
Tactic call type ran for 1.004 secs (1.004u,0.s) (success)
Tactic call refine ran for 1.005 secs (1.005u,0.s) (success)
Params: n= 5200
Tactic call build ran for 0.111 secs (0.111u,0.s) (success)
Tactic call check ran for 1.047 secs (1.047u,0.s) (success)
Tactic call type ran for 1.048 secs (1.048u,0.s) (success)
Tactic call refine ran for 1.046 secs (1.046u,0.s) (success)
Params: n= 5300
Tactic call build ran for 0.128 secs (0.128u,0.s) (success)
Tactic call check ran for 1.086 secs (1.086u,0.s) (success)
Tactic call type ran for 1.091 secs (1.091u,0.s) (success)
Tactic call refine ran for 1.09 secs (1.09u,0.s) (success)
Params: n= 5400
Tactic call build ran for 0.127 secs (0.127u,0.s) (success)
Tactic call check ran for 1.124 secs (1.124u,0.s) (success)
Tactic call type ran for 1.128 secs (1.128u,0.s) (success)
Tactic call refine ran for 1.123 secs (1.123u,0.s) (success)
Params: n= 5500
Tactic call build ran for 0.128 secs (0.128u,0.s) (success)
Tactic call check ran for 1.169 secs (1.169u,0.s) (success)
Tactic call type ran for 1.17 secs (1.17u,0.s) (success)
Tactic call refine ran for 1.17 secs (1.17u,0.s) (success)
Params: n= 5600
Tactic call build ran for 0.132 secs (0.132u,0.s) (success)
Tactic call check ran for 1.213 secs (1.213u,0.s) (success)
Tactic call type ran for 1.213 secs (1.213u,0.s) (success)
Tactic call refine ran for 1.217 secs (1.217u,0.s) (success)
Params: n= 5700
Tactic call build ran for 0.134 secs (0.134u,0.s) (success)
Tactic call check ran for 1.26 secs (1.26u,0.s) (success)
Tactic call type ran for 1.26 secs (1.26u,0.s) (success)
Tactic call refine ran for 1.26 secs (1.26u,0.s) (success)
Params: n= 5800
Tactic call build ran for 0.136 secs (0.136u,0.s) (success)
Tactic call check ran for 1.305 secs (1.305u,0.s) (success)
Tactic call type ran for 1.301 secs (1.301u,0.s) (success)
Tactic call refine ran for 1.307 secs (1.307u,0.s) (success)
Params: n= 5900
Tactic call build ran for 0.138 secs (0.138u,0.s) (success)
Tactic call check ran for 1.349 secs (1.349u,0.s) (success)
Tactic call type ran for 1.348 secs (1.348u,0.s) (success)
Tactic call refine ran for 1.353 secs (1.353u,0.s) (success)
