Params: n= 101
Tactic call build ran for 0.008 secs (0.004u,0.s) (success)
Tactic call typecheck ran for 0.001 secs (0.001u,0.s) (success)
Tactic call build-and-typecheck ran for 0.009 secs (0.005u,0.s) (success)
Tactic call refine ran for 0.001 secs (0.001u,0.s) (success)
Params: n= 102
Tactic call build ran for 0.004 secs (0.004u,0.s) (success)
Tactic call typecheck ran for 0.001 secs (0.001u,0.s) (success)
Tactic call build-and-typecheck ran for 0.005 secs (0.005u,0.s) (success)
Tactic call refine ran for 0.001 secs (0.001u,0.s) (success)
Params: n= 103
Tactic call build ran for 0.004 secs (0.004u,0.s) (success)
Tactic call typecheck ran for 0.001 secs (0.001u,0.s) (success)
Tactic call build-and-typecheck ran for 0.005 secs (0.005u,0.s) (success)
Tactic call refine ran for 0.001 secs (0.001u,0.s) (success)
Params: n= 104
Tactic call build ran for 0.004 secs (0.004u,0.s) (success)
Tactic call typecheck ran for 0.001 secs (0.001u,0.s) (success)
Tactic call build-and-typecheck ran for 0.006 secs (0.006u,0.s) (success)
Tactic call refine ran for 0.001 secs (0.001u,0.s) (success)
Params: n= 105
Tactic call build ran for 0.004 secs (0.004u,0.s) (success)
Tactic call typecheck ran for 0.001 secs (0.001u,0.s) (success)
Tactic call build-and-typecheck ran for 0.006 secs (0.006u,0.s) (success)
Tactic call refine ran for 0.001 secs (0.001u,0.s) (success)
Params: n= 106
Tactic call build ran for 0.004 secs (0.004u,0.s) (success)
Tactic call typecheck ran for 0.001 secs (0.001u,0.s) (success)
Tactic call build-and-typecheck ran for 0.006 secs (0.006u,0.s) (success)
Tactic call refine ran for 0.001 secs (0.001u,0.s) (success)
Params: n= 107
Tactic call build ran for 0.004 secs (0.004u,0.s) (success)
Tactic call typecheck ran for 0.001 secs (0.001u,0.s) (success)
Tactic call build-and-typecheck ran for 0.006 secs (0.006u,0.s) (success)
Tactic call refine ran for 0.001 secs (0.001u,0.s) (success)
Params: n= 108
Tactic call build ran for 0.004 secs (0.004u,0.s) (success)
Tactic call typecheck ran for 0.001 secs (0.001u,0.s) (success)
Tactic call build-and-typecheck ran for 0.006 secs (0.006u,0.s) (success)
Tactic call refine ran for 0.001 secs (0.001u,0.s) (success)
Params: n= 109
Tactic call build ran for 0.004 secs (0.004u,0.s) (success)
Tactic call typecheck ran for 0.001 secs (0.001u,0.s) (success)
Tactic call build-and-typecheck ran for 0.006 secs (0.006u,0.s) (success)
Tactic call refine ran for 0.001 secs (0.001u,0.s) (success)
Params: n= 110
Tactic call build ran for 0.004 secs (0.004u,0.s) (success)
Tactic call typecheck ran for 0.001 secs (0.001u,0.s) (success)
Tactic call build-and-typecheck ran for 0.006 secs (0.006u,0.s) (success)
Tactic call refine ran for 0.001 secs (0.001u,0.s) (success)
Params: n= 111
Tactic call build ran for 0.004 secs (0.004u,0.s) (success)
Tactic call typecheck ran for 0.001 secs (0.001u,0.s) (success)
Tactic call build-and-typecheck ran for 0.006 secs (0.006u,0.s) (success)
Tactic call refine ran for 0.001 secs (0.001u,0.s) (success)
Params: n= 112
Tactic call build ran for 0.004 secs (0.004u,0.s) (success)
Tactic call typecheck ran for 0.001 secs (0.001u,0.s) (success)
Tactic call build-and-typecheck ran for 0.006 secs (0.006u,0.s) (success)
Tactic call refine ran for 0.001 secs (0.001u,0.s) (success)
Params: n= 113
Tactic call build ran for 0.004 secs (0.004u,0.s) (success)
Tactic call typecheck ran for 0.001 secs (0.001u,0.s) (success)
Tactic call build-and-typecheck ran for 0.006 secs (0.006u,0.s) (success)
Tactic call refine ran for 0.001 secs (0.001u,0.s) (success)
Params: n= 114
Tactic call build ran for 0.004 secs (0.004u,0.s) (success)
Tactic call typecheck ran for 0.001 secs (0.001u,0.s) (success)
Tactic call build-and-typecheck ran for 0.006 secs (0.006u,0.s) (success)
Tactic call refine ran for 0.001 secs (0.001u,0.s) (success)
Params: n= 115
Tactic call build ran for 0.005 secs (0.005u,0.s) (success)
Tactic call typecheck ran for 0.001 secs (0.001u,0.s) (success)
Tactic call build-and-typecheck ran for 0.006 secs (0.006u,0.s) (success)
Tactic call refine ran for 0.002 secs (0.002u,0.s) (success)
Params: n= 116
Tactic call build ran for 0.005 secs (0.005u,0.s) (success)
Tactic call typecheck ran for 0.001 secs (0.001u,0.s) (success)
Tactic call build-and-typecheck ran for 0.007 secs (0.007u,0.s) (success)
Tactic call refine ran for 0.001 secs (0.001u,0.s) (success)
Params: n= 117
Tactic call build ran for 0.005 secs (0.005u,0.s) (success)
Tactic call typecheck ran for 0.001 secs (0.001u,0.s) (success)
Tactic call build-and-typecheck ran for 0.007 secs (0.007u,0.s) (success)
Tactic call refine ran for 0.001 secs (0.001u,0.s) (success)
Params: n= 118
Tactic call build ran for 0.004 secs (0.004u,0.s) (success)
Tactic call typecheck ran for 0.001 secs (0.001u,0.s) (success)
Tactic call build-and-typecheck ran for 0.006 secs (0.006u,0.s) (success)
Tactic call refine ran for 0.001 secs (0.001u,0.s) (success)
Params: n= 119
Tactic call build ran for 0.005 secs (0.005u,0.s) (success)
Tactic call typecheck ran for 0.001 secs (0.001u,0.s) (success)
Tactic call build-and-typecheck ran for 0.007 secs (0.007u,0.s) (success)
Tactic call refine ran for 0.001 secs (0.001u,0.s) (success)
Params: n= 120
Tactic call build ran for 0.005 secs (0.005u,0.s) (success)
Tactic call typecheck ran for 0.001 secs (0.001u,0.s) (success)
Tactic call build-and-typecheck ran for 0.007 secs (0.007u,0.s) (success)
Tactic call refine ran for 0.001 secs (0.001u,0.s) (success)
Params: n= 121
Tactic call build ran for 0.005 secs (0.005u,0.s) (success)
Tactic call typecheck ran for 0.001 secs (0.001u,0.s) (success)
Tactic call build-and-typecheck ran for 0.007 secs (0.007u,0.s) (success)
Tactic call refine ran for 0.001 secs (0.001u,0.s) (success)
Params: n= 122
Tactic call build ran for 0.005 secs (0.005u,0.s) (success)
Tactic call typecheck ran for 0.001 secs (0.001u,0.s) (success)
Tactic call build-and-typecheck ran for 0.007 secs (0.007u,0.s) (success)
Tactic call refine ran for 0.002 secs (0.002u,0.s) (success)
Params: n= 123
Tactic call build ran for 0.006 secs (0.006u,0.s) (success)
Tactic call typecheck ran for 0.001 secs (0.001u,0.s) (success)
Tactic call build-and-typecheck ran for 0.008 secs (0.008u,0.s) (success)
Tactic call refine ran for 0.002 secs (0.002u,0.s) (success)
Params: n= 124
Tactic call build ran for 0.005 secs (0.005u,0.s) (success)
Tactic call typecheck ran for 0.001 secs (0.001u,0.s) (success)
Tactic call build-and-typecheck ran for 0.007 secs (0.007u,0.s) (success)
Tactic call refine ran for 0.002 secs (0.002u,0.s) (success)
Params: n= 125
Tactic call build ran for 0.005 secs (0.005u,0.s) (success)
Tactic call typecheck ran for 0.002 secs (0.001u,0.s) (success)
Tactic call build-and-typecheck ran for 0.007 secs (0.007u,0.s) (success)
Tactic call refine ran for 0.002 secs (0.002u,0.s) (success)
Params: n= 126
Tactic call build ran for 0.006 secs (0.006u,0.s) (success)
Tactic call typecheck ran for 0.001 secs (0.001u,0.s) (success)
Tactic call build-and-typecheck ran for 0.008 secs (0.008u,0.s) (success)
Tactic call refine ran for 0.001 secs (0.001u,0.s) (success)
Params: n= 127
Tactic call build ran for 0.005 secs (0.005u,0.s) (success)
Tactic call typecheck ran for 0.001 secs (0.001u,0.s) (success)
Tactic call build-and-typecheck ran for 0.007 secs (0.007u,0.s) (success)
Tactic call refine ran for 0.002 secs (0.002u,0.s) (success)
Params: n= 128
Tactic call build ran for 0.005 secs (0.005u,0.s) (success)
Tactic call typecheck ran for 0.002 secs (0.001u,0.s) (success)
Tactic call build-and-typecheck ran for 0.007 secs (0.007u,0.s) (success)
Tactic call refine ran for 0.002 secs (0.002u,0.s) (success)
Params: n= 129
Tactic call build ran for 0.005 secs (0.005u,0.s) (success)
Tactic call typecheck ran for 0.002 secs (0.002u,0.s) (success)
Tactic call build-and-typecheck ran for 0.007 secs (0.007u,0.s) (success)
Tactic call refine ran for 0.002 secs (0.002u,0.s) (success)
Params: n= 130
Tactic call build ran for 0.005 secs (0.005u,0.s) (success)
Tactic call typecheck ran for 0.002 secs (0.002u,0.s) (success)
Tactic call build-and-typecheck ran for 0.007 secs (0.007u,0.s) (success)
Tactic call refine ran for 0.002 secs (0.002u,0.s) (success)
Params: n= 131
Tactic call build ran for 0.005 secs (0.005u,0.s) (success)
Tactic call typecheck ran for 0.002 secs (0.002u,0.s) (success)
Tactic call build-and-typecheck ran for 0.007 secs (0.007u,0.s) (success)
Tactic call refine ran for 0.002 secs (0.002u,0.s) (success)
Params: n= 132
Tactic call build ran for 0.005 secs (0.005u,0.s) (success)
Tactic call typecheck ran for 0.002 secs (0.002u,0.s) (success)
Tactic call build-and-typecheck ran for 0.007 secs (0.007u,0.s) (success)
Tactic call refine ran for 0.002 secs (0.002u,0.s) (success)
Params: n= 133
Tactic call build ran for 0.006 secs (0.006u,0.s) (success)
Tactic call typecheck ran for 0.002 secs (0.002u,0.s) (success)
Tactic call build-and-typecheck ran for 0.008 secs (0.008u,0.s) (success)
Tactic call refine ran for 0.002 secs (0.002u,0.s) (success)
Params: n= 134
Tactic call build ran for 0.005 secs (0.005u,0.s) (success)
Tactic call typecheck ran for 0.002 secs (0.002u,0.s) (success)
Tactic call build-and-typecheck ran for 0.007 secs (0.007u,0.s) (success)
Tactic call refine ran for 0.002 secs (0.002u,0.s) (success)
Params: n= 135
Tactic call build ran for 0.005 secs (0.005u,0.s) (success)
Tactic call typecheck ran for 0.002 secs (0.002u,0.s) (success)
Tactic call build-and-typecheck ran for 0.007 secs (0.007u,0.s) (success)
Tactic call refine ran for 0.002 secs (0.002u,0.s) (success)
Params: n= 136
Tactic call build ran for 0.006 secs (0.006u,0.s) (success)
Tactic call typecheck ran for 0.002 secs (0.002u,0.s) (success)
Tactic call build-and-typecheck ran for 0.008 secs (0.008u,0.s) (success)
Tactic call refine ran for 0.002 secs (0.002u,0.s) (success)
Params: n= 137
Tactic call build ran for 0.005 secs (0.005u,0.s) (success)
Tactic call typecheck ran for 0.002 secs (0.002u,0.s) (success)
Tactic call build-and-typecheck ran for 0.008 secs (0.008u,0.s) (success)
Tactic call refine ran for 0.002 secs (0.002u,0.s) (success)
Params: n= 138
Tactic call build ran for 0.005 secs (0.005u,0.s) (success)
Tactic call typecheck ran for 0.002 secs (0.002u,0.s) (success)
Tactic call build-and-typecheck ran for 0.008 secs (0.008u,0.s) (success)
Tactic call refine ran for 0.002 secs (0.002u,0.s) (success)
Params: n= 139
Tactic call build ran for 0.006 secs (0.006u,0.s) (success)
Tactic call typecheck ran for 0.002 secs (0.002u,0.s) (success)
Tactic call build-and-typecheck ran for 0.008 secs (0.008u,0.s) (success)
Tactic call refine ran for 0.002 secs (0.002u,0.s) (success)
Params: n= 140
Tactic call build ran for 0.006 secs (0.006u,0.s) (success)
Tactic call typecheck ran for 0.002 secs (0.002u,0.s) (success)
Tactic call build-and-typecheck ran for 0.008 secs (0.008u,0.s) (success)
Tactic call refine ran for 0.002 secs (0.002u,0.s) (success)
Params: n= 141
Tactic call build ran for 0.005 secs (0.005u,0.s) (success)
Tactic call typecheck ran for 0.002 secs (0.002u,0.s) (success)
Tactic call build-and-typecheck ran for 0.008 secs (0.008u,0.s) (success)
Tactic call refine ran for 0.002 secs (0.002u,0.s) (success)
Params: n= 142
Tactic call build ran for 0.006 secs (0.006u,0.s) (success)
Tactic call typecheck ran for 0.002 secs (0.002u,0.s) (success)
Tactic call build-and-typecheck ran for 0.008 secs (0.008u,0.s) (success)
Tactic call refine ran for 0.002 secs (0.002u,0.s) (success)
Params: n= 143
Tactic call build ran for 0.006 secs (0.006u,0.s) (success)
Tactic call typecheck ran for 0.002 secs (0.002u,0.s) (success)
Tactic call build-and-typecheck ran for 0.008 secs (0.008u,0.s) (success)
Tactic call refine ran for 0.002 secs (0.002u,0.s) (success)
Params: n= 144
Tactic call build ran for 0.006 secs (0.006u,0.s) (success)
Tactic call typecheck ran for 0.002 secs (0.002u,0.s) (success)
Tactic call build-and-typecheck ran for 0.008 secs (0.008u,0.s) (success)
Tactic call refine ran for 0.002 secs (0.002u,0.s) (success)
Params: n= 145
Tactic call build ran for 0.006 secs (0.006u,0.s) (success)
Tactic call typecheck ran for 0.002 secs (0.002u,0.s) (success)
Tactic call build-and-typecheck ran for 0.009 secs (0.009u,0.s) (success)
Tactic call refine ran for 0.002 secs (0.002u,0.s) (success)
Params: n= 146
Tactic call build ran for 0.006 secs (0.006u,0.s) (success)
Tactic call typecheck ran for 0.002 secs (0.002u,0.s) (success)
Tactic call build-and-typecheck ran for 0.008 secs (0.008u,0.s) (success)
Tactic call refine ran for 0.002 secs (0.002u,0.s) (success)
Params: n= 147
Tactic call build ran for 0.006 secs (0.006u,0.s) (success)
Tactic call typecheck ran for 0.002 secs (0.002u,0.s) (success)
Tactic call build-and-typecheck ran for 0.008 secs (0.008u,0.s) (success)
Tactic call refine ran for 0.002 secs (0.002u,0.s) (success)
Params: n= 148
Tactic call build ran for 0.007 secs (0.007u,0.s) (success)
Tactic call typecheck ran for 0.002 secs (0.002u,0.s) (success)
Tactic call build-and-typecheck ran for 0.009 secs (0.009u,0.s) (success)
Tactic call refine ran for 0.002 secs (0.002u,0.s) (success)
Params: n= 149
Tactic call build ran for 0.006 secs (0.006u,0.s) (success)
Tactic call typecheck ran for 0.002 secs (0.002u,0.s) (success)
Tactic call build-and-typecheck ran for 0.008 secs (0.009u,0.s) (success)
Tactic call refine ran for 0.002 secs (0.002u,0.s) (success)
Params: n= 150
Tactic call build ran for 0.006 secs (0.006u,0.s) (success)
Tactic call typecheck ran for 0.002 secs (0.002u,0.s) (success)
Tactic call build-and-typecheck ran for 0.008 secs (0.008u,0.s) (success)
Tactic call refine ran for 0.002 secs (0.002u,0.s) (success)
Params: n= 151
Tactic call build ran for 0.007 secs (0.007u,0.s) (success)
Tactic call typecheck ran for 0.002 secs (0.002u,0.s) (success)
Tactic call build-and-typecheck ran for 0.009 secs (0.009u,0.s) (success)
Tactic call refine ran for 0.002 secs (0.002u,0.s) (success)
Params: n= 152
Tactic call build ran for 0.006 secs (0.006u,0.s) (success)
Tactic call typecheck ran for 0.002 secs (0.u,0.002s) (success)
Tactic call build-and-typecheck ran for 0.009 secs (0.006u,0.002s) (success)
Tactic call refine ran for 0.002 secs (0.001u,0.s) (success)
Params: n= 153
Tactic call build ran for 0.006 secs (0.006u,0.s) (success)
Tactic call typecheck ran for 0.002 secs (0.002u,0.s) (success)
Tactic call build-and-typecheck ran for 0.009 secs (0.008u,0.s) (success)
Tactic call refine ran for 0.002 secs (0.002u,0.s) (success)
Params: n= 154
Tactic call build ran for 0.007 secs (0.007u,0.s) (success)
Tactic call typecheck ran for 0.002 secs (0.002u,0.s) (success)
Tactic call build-and-typecheck ran for 0.01 secs (0.01u,0.s) (success)
Tactic call refine ran for 0.002 secs (0.002u,0.s) (success)
Params: n= 155
Tactic call build ran for 0.006 secs (0.006u,0.s) (success)
Tactic call typecheck ran for 0.002 secs (0.002u,0.s) (success)
Tactic call build-and-typecheck ran for 0.009 secs (0.009u,0.s) (success)
Tactic call refine ran for 0.002 secs (0.002u,0.s) (success)
Params: n= 156
Tactic call build ran for 0.006 secs (0.006u,0.s) (success)
Tactic call typecheck ran for 0.002 secs (0.002u,0.s) (success)
Tactic call build-and-typecheck ran for 0.009 secs (0.009u,0.s) (success)
Tactic call refine ran for 0.002 secs (0.002u,0.s) (success)
Params: n= 157
Tactic call build ran for 0.006 secs (0.006u,0.s) (success)
Tactic call typecheck ran for 0.002 secs (0.002u,0.s) (success)
Tactic call build-and-typecheck ran for 0.009 secs (0.009u,0.s) (success)
Tactic call refine ran for 0.002 secs (0.002u,0.s) (success)
Params: n= 158
Tactic call build ran for 0.006 secs (0.006u,0.s) (success)
Tactic call typecheck ran for 0.002 secs (0.002u,0.s) (success)
Tactic call build-and-typecheck ran for 0.009 secs (0.009u,0.s) (success)
Tactic call refine ran for 0.002 secs (0.002u,0.s) (success)
Params: n= 159
Tactic call build ran for 0.006 secs (0.006u,0.s) (success)
Tactic call typecheck ran for 0.003 secs (0.003u,0.s) (success)
Tactic call build-and-typecheck ran for 0.01 secs (0.01u,0.s) (success)
Tactic call refine ran for 0.002 secs (0.002u,0.s) (success)
Params: n= 160
Tactic call build ran for 0.006 secs (0.006u,0.s) (success)
Tactic call typecheck ran for 0.002 secs (0.002u,0.s) (success)
Tactic call build-and-typecheck ran for 0.009 secs (0.009u,0.s) (success)
Tactic call refine ran for 0.002 secs (0.002u,0.s) (success)
Params: n= 161
Tactic call build ran for 0.006 secs (0.006u,0.s) (success)
Tactic call typecheck ran for 0.002 secs (0.002u,0.s) (success)
Tactic call build-and-typecheck ran for 0.009 secs (0.009u,0.s) (success)
Tactic call refine ran for 0.002 secs (0.002u,0.s) (success)
Params: n= 162
Tactic call build ran for 0.007 secs (0.007u,0.s) (success)
Tactic call typecheck ran for 0.002 secs (0.002u,0.s) (success)
Tactic call build-and-typecheck ran for 0.01 secs (0.01u,0.s) (success)
Tactic call refine ran for 0.002 secs (0.002u,0.s) (success)
Params: n= 163
Tactic call build ran for 0.006 secs (0.006u,0.s) (success)
Tactic call typecheck ran for 0.002 secs (0.002u,0.s) (success)
Tactic call build-and-typecheck ran for 0.009 secs (0.009u,0.s) (success)
Tactic call refine ran for 0.003 secs (0.003u,0.s) (success)
Params: n= 164
Tactic call build ran for 0.006 secs (0.006u,0.s) (success)
Tactic call typecheck ran for 0.002 secs (0.002u,0.s) (success)
Tactic call build-and-typecheck ran for 0.009 secs (0.009u,0.s) (success)
Tactic call refine ran for 0.003 secs (0.003u,0.s) (success)
Params: n= 165
Tactic call build ran for 0.007 secs (0.007u,0.s) (success)
Tactic call typecheck ran for 0.002 secs (0.002u,0.s) (success)
Tactic call build-and-typecheck ran for 0.009 secs (0.009u,0.s) (success)
Tactic call refine ran for 0.003 secs (0.003u,0.s) (success)
Params: n= 166
Tactic call build ran for 0.006 secs (0.006u,0.s) (success)
Tactic call typecheck ran for 0.002 secs (0.002u,0.s) (success)
Tactic call build-and-typecheck ran for 0.009 secs (0.009u,0.s) (success)
Tactic call refine ran for 0.003 secs (0.003u,0.s) (success)
Params: n= 167
Tactic call build ran for 0.008 secs (0.008u,0.s) (success)
Tactic call typecheck ran for 0.002 secs (0.002u,0.s) (success)
Tactic call build-and-typecheck ran for 0.011 secs (0.011u,0.s) (success)
Tactic call refine ran for 0.003 secs (0.003u,0.s) (success)
Params: n= 168
Tactic call build ran for 0.007 secs (0.007u,0.s) (success)
Tactic call typecheck ran for 0.002 secs (0.002u,0.s) (success)
Tactic call build-and-typecheck ran for 0.01 secs (0.01u,0.s) (success)
Tactic call refine ran for 0.003 secs (0.003u,0.s) (success)
Params: n= 169
Tactic call build ran for 0.007 secs (0.007u,0.s) (success)
Tactic call typecheck ran for 0.003 secs (0.003u,0.s) (success)
Tactic call build-and-typecheck ran for 0.01 secs (0.01u,0.s) (success)
Tactic call refine ran for 0.003 secs (0.003u,0.s) (success)
Params: n= 170
Tactic call build ran for 0.007 secs (0.007u,0.s) (success)
Tactic call typecheck ran for 0.002 secs (0.002u,0.s) (success)
Tactic call build-and-typecheck ran for 0.01 secs (0.01u,0.s) (success)
Tactic call refine ran for 0.003 secs (0.003u,0.s) (success)
Params: n= 171
Tactic call build ran for 0.007 secs (0.007u,0.s) (success)
Tactic call typecheck ran for 0.003 secs (0.003u,0.s) (success)
Tactic call build-and-typecheck ran for 0.01 secs (0.01u,0.s) (success)
Tactic call refine ran for 0.003 secs (0.003u,0.s) (success)
Params: n= 172
Tactic call build ran for 0.008 secs (0.008u,0.s) (success)
Tactic call typecheck ran for 0.002 secs (0.002u,0.s) (success)
Tactic call build-and-typecheck ran for 0.01 secs (0.01u,0.s) (success)
Tactic call refine ran for 0.003 secs (0.003u,0.s) (success)
Params: n= 173
Tactic call build ran for 0.007 secs (0.007u,0.s) (success)
Tactic call typecheck ran for 0.003 secs (0.003u,0.s) (success)
Tactic call build-and-typecheck ran for 0.01 secs (0.01u,0.s) (success)
Tactic call refine ran for 0.003 secs (0.003u,0.s) (success)
Params: n= 174
Tactic call build ran for 0.007 secs (0.007u,0.s) (success)
Tactic call typecheck ran for 0.003 secs (0.003u,0.s) (success)
Tactic call build-and-typecheck ran for 0.01 secs (0.01u,0.s) (success)
Tactic call refine ran for 0.003 secs (0.003u,0.s) (success)
Params: n= 175
Tactic call build ran for 0.007 secs (0.007u,0.s) (success)
Tactic call typecheck ran for 0.003 secs (0.003u,0.s) (success)
Tactic call build-and-typecheck ran for 0.01 secs (0.01u,0.s) (success)
Tactic call refine ran for 0.003 secs (0.003u,0.s) (success)
Params: n= 176
Tactic call build ran for 0.007 secs (0.007u,0.s) (success)
Tactic call typecheck ran for 0.003 secs (0.003u,0.s) (success)
Tactic call build-and-typecheck ran for 0.01 secs (0.01u,0.s) (success)
Tactic call refine ran for 0.003 secs (0.003u,0.s) (success)
Params: n= 177
Tactic call build ran for 0.008 secs (0.008u,0.s) (success)
Tactic call typecheck ran for 0.003 secs (0.003u,0.s) (success)
Tactic call build-and-typecheck ran for 0.011 secs (0.011u,0.s) (success)
Tactic call refine ran for 0.003 secs (0.003u,0.s) (success)
Params: n= 178
Tactic call build ran for 0.007 secs (0.007u,0.s) (success)
Tactic call typecheck ran for 0.003 secs (0.003u,0.s) (success)
Tactic call build-and-typecheck ran for 0.01 secs (0.01u,0.s) (success)
Tactic call refine ran for 0.003 secs (0.003u,0.s) (success)
Params: n= 179
Tactic call build ran for 0.007 secs (0.007u,0.s) (success)
Tactic call typecheck ran for 0.003 secs (0.003u,0.s) (success)
Tactic call build-and-typecheck ran for 0.01 secs (0.01u,0.s) (success)
Tactic call refine ran for 0.004 secs (0.004u,0.s) (success)
Params: n= 180
Tactic call build ran for 0.007 secs (0.007u,0.s) (success)
Tactic call typecheck ran for 0.003 secs (0.003u,0.s) (success)
Tactic call build-and-typecheck ran for 0.011 secs (0.011u,0.s) (success)
Tactic call refine ran for 0.003 secs (0.003u,0.s) (success)
Params: n= 181
Tactic call build ran for 0.007 secs (0.007u,0.s) (success)
Tactic call typecheck ran for 0.003 secs (0.003u,0.s) (success)
Tactic call build-and-typecheck ran for 0.011 secs (0.011u,0.s) (success)
Tactic call refine ran for 0.003 secs (0.003u,0.s) (success)
Params: n= 182
Tactic call build ran for 0.008 secs (0.008u,0.s) (success)
Tactic call typecheck ran for 0.003 secs (0.003u,0.s) (success)
Tactic call build-and-typecheck ran for 0.011 secs (0.011u,0.s) (success)
Tactic call refine ran for 0.003 secs (0.003u,0.s) (success)
Params: n= 183
Tactic call build ran for 0.007 secs (0.007u,0.s) (success)
Tactic call typecheck ran for 0.003 secs (0.003u,0.s) (success)
Tactic call build-and-typecheck ran for 0.011 secs (0.011u,0.s) (success)
Tactic call refine ran for 0.003 secs (0.003u,0.s) (success)
Params: n= 184
Tactic call build ran for 0.008 secs (0.008u,0.s) (success)
Tactic call typecheck ran for 0.003 secs (0.003u,0.s) (success)
Tactic call build-and-typecheck ran for 0.012 secs (0.012u,0.s) (success)
Tactic call refine ran for 0.003 secs (0.003u,0.s) (success)
Params: n= 185
Tactic call build ran for 0.008 secs (0.008u,0.s) (success)
Tactic call typecheck ran for 0.003 secs (0.003u,0.s) (success)
Tactic call build-and-typecheck ran for 0.011 secs (0.011u,0.s) (success)
Tactic call refine ran for 0.003 secs (0.003u,0.s) (success)
Params: n= 186
Tactic call build ran for 0.007 secs (0.007u,0.s) (success)
Tactic call typecheck ran for 0.004 secs (0.004u,0.s) (success)
Tactic call build-and-typecheck ran for 0.012 secs (0.012u,0.s) (success)
Tactic call refine ran for 0.003 secs (0.003u,0.s) (success)
Params: n= 187
Tactic call build ran for 0.008 secs (0.008u,0.s) (success)
Tactic call typecheck ran for 0.003 secs (0.003u,0.s) (success)
Tactic call build-and-typecheck ran for 0.011 secs (0.011u,0.s) (success)
Tactic call refine ran for 0.003 secs (0.003u,0.s) (success)
Params: n= 188
Tactic call build ran for 0.008 secs (0.008u,0.s) (success)
Tactic call typecheck ran for 0.003 secs (0.003u,0.s) (success)
Tactic call build-and-typecheck ran for 0.011 secs (0.011u,0.s) (success)
Tactic call refine ran for 0.003 secs (0.003u,0.s) (success)
Params: n= 189
Tactic call build ran for 0.008 secs (0.008u,0.s) (success)
Tactic call typecheck ran for 0.003 secs (0.003u,0.s) (success)
Tactic call build-and-typecheck ran for 0.011 secs (0.011u,0.s) (success)
Tactic call refine ran for 0.003 secs (0.003u,0.s) (success)
Params: n= 190
Tactic call build ran for 0.008 secs (0.008u,0.s) (success)
Tactic call typecheck ran for 0.003 secs (0.003u,0.s) (success)
Tactic call build-and-typecheck ran for 0.011 secs (0.011u,0.s) (success)
Tactic call refine ran for 0.003 secs (0.003u,0.s) (success)
Params: n= 191
Tactic call build ran for 0.008 secs (0.008u,0.s) (success)
Tactic call typecheck ran for 0.003 secs (0.003u,0.s) (success)
Tactic call build-and-typecheck ran for 0.012 secs (0.012u,0.s) (success)
Tactic call refine ran for 0.003 secs (0.003u,0.s) (success)
Params: n= 192
Tactic call build ran for 0.008 secs (0.008u,0.s) (success)
Tactic call typecheck ran for 0.003 secs (0.003u,0.s) (success)
Tactic call build-and-typecheck ran for 0.011 secs (0.011u,0.s) (success)
Tactic call refine ran for 0.003 secs (0.003u,0.s) (success)
Params: n= 193
Tactic call build ran for 0.008 secs (0.008u,0.s) (success)
Tactic call typecheck ran for 0.003 secs (0.003u,0.s) (success)
Tactic call build-and-typecheck ran for 0.012 secs (0.012u,0.s) (success)
Tactic call refine ran for 0.004 secs (0.004u,0.s) (success)
Params: n= 194
Tactic call build ran for 0.008 secs (0.008u,0.s) (success)
Tactic call typecheck ran for 0.003 secs (0.003u,0.s) (success)
Tactic call build-and-typecheck ran for 0.012 secs (0.012u,0.s) (success)
Tactic call refine ran for 0.004 secs (0.004u,0.s) (success)
Params: n= 195
Tactic call build ran for 0.009 secs (0.009u,0.s) (success)
Tactic call typecheck ran for 0.003 secs (0.003u,0.s) (success)
Tactic call build-and-typecheck ran for 0.012 secs (0.012u,0.s) (success)
Tactic call refine ran for 0.003 secs (0.003u,0.s) (success)
Params: n= 196
Tactic call build ran for 0.008 secs (0.008u,0.s) (success)
Tactic call typecheck ran for 0.003 secs (0.003u,0.s) (success)
Tactic call build-and-typecheck ran for 0.012 secs (0.012u,0.s) (success)
Tactic call refine ran for 0.004 secs (0.004u,0.s) (success)
Params: n= 197
Tactic call build ran for 0.008 secs (0.008u,0.s) (success)
Tactic call typecheck ran for 0.004 secs (0.004u,0.s) (success)
Tactic call build-and-typecheck ran for 0.013 secs (0.013u,0.s) (success)
Tactic call refine ran for 0.004 secs (0.004u,0.s) (success)
Params: n= 198
Tactic call build ran for 0.008 secs (0.008u,0.s) (success)
Tactic call typecheck ran for 0.003 secs (0.003u,0.s) (success)
Tactic call build-and-typecheck ran for 0.012 secs (0.012u,0.s) (success)
Tactic call refine ran for 0.004 secs (0.004u,0.s) (success)
Params: n= 199
Tactic call build ran for 0.008 secs (0.008u,0.s) (success)
Tactic call typecheck ran for 0.003 secs (0.003u,0.s) (success)
Tactic call build-and-typecheck ran for 0.012 secs (0.012u,0.s) (success)
Tactic call refine ran for 0.005 secs (0.005u,0.s) (success)
Params: n= 200
Tactic call build ran for 0.008 secs (0.008u,0.s) (success)
Tactic call typecheck ran for 0.004 secs (0.004u,0.s) (success)
Tactic call build-and-typecheck ran for 0.012 secs (0.012u,0.s) (success)
Tactic call refine ran for 0.004 secs (0.004u,0.s) (success)
Params: n= 201
Tactic call build ran for 0.009 secs (0.009u,0.s) (success)
Tactic call typecheck ran for 0.003 secs (0.003u,0.s) (success)
Tactic call build-and-typecheck ran for 0.013 secs (0.013u,0.s) (success)
Tactic call refine ran for 0.004 secs (0.004u,0.s) (success)
Params: n= 202
Tactic call build ran for 0.008 secs (0.008u,0.s) (success)
Tactic call typecheck ran for 0.003 secs (0.003u,0.s) (success)
Tactic call build-and-typecheck ran for 0.012 secs (0.012u,0.s) (success)
Tactic call refine ran for 0.004 secs (0.004u,0.s) (success)
Params: n= 203
Tactic call build ran for 0.008 secs (0.008u,0.s) (success)
Tactic call typecheck ran for 0.004 secs (0.004u,0.s) (success)
Tactic call build-and-typecheck ran for 0.013 secs (0.013u,0.s) (success)
Tactic call refine ran for 0.004 secs (0.004u,0.s) (success)
Params: n= 204
Tactic call build ran for 0.008 secs (0.008u,0.s) (success)
Tactic call typecheck ran for 0.003 secs (0.003u,0.s) (success)
Tactic call build-and-typecheck ran for 0.012 secs (0.012u,0.s) (success)
Tactic call refine ran for 0.004 secs (0.004u,0.s) (success)
Params: n= 205
Tactic call build ran for 0.008 secs (0.008u,0.s) (success)
Tactic call typecheck ran for 0.004 secs (0.004u,0.s) (success)
Tactic call build-and-typecheck ran for 0.012 secs (0.012u,0.s) (success)
Tactic call refine ran for 0.004 secs (0.004u,0.s) (success)
Params: n= 206
Tactic call build ran for 0.008 secs (0.008u,0.s) (success)
Tactic call typecheck ran for 0.004 secs (0.004u,0.s) (success)
Tactic call build-and-typecheck ran for 0.012 secs (0.012u,0.s) (success)
Tactic call refine ran for 0.004 secs (0.004u,0.s) (success)
Params: n= 207
Tactic call build ran for 0.008 secs (0.008u,0.s) (success)
Tactic call typecheck ran for 0.004 secs (0.004u,0.s) (success)
Tactic call build-and-typecheck ran for 0.013 secs (0.013u,0.s) (success)
Tactic call refine ran for 0.004 secs (0.004u,0.s) (success)
Params: n= 208
Tactic call build ran for 0.009 secs (0.009u,0.s) (success)
Tactic call typecheck ran for 0.004 secs (0.004u,0.s) (success)
Tactic call build-and-typecheck ran for 0.013 secs (0.013u,0.s) (success)
Tactic call refine ran for 0.004 secs (0.004u,0.s) (success)
Params: n= 209
Tactic call build ran for 0.009 secs (0.009u,0.s) (success)
Tactic call typecheck ran for 0.004 secs (0.004u,0.s) (success)
Tactic call build-and-typecheck ran for 0.013 secs (0.013u,0.s) (success)
Tactic call refine ran for 0.004 secs (0.004u,0.s) (success)
Params: n= 210
Tactic call build ran for 0.009 secs (0.009u,0.s) (success)
Tactic call typecheck ran for 0.004 secs (0.004u,0.s) (success)
Tactic call build-and-typecheck ran for 0.013 secs (0.013u,0.s) (success)
Tactic call refine ran for 0.004 secs (0.004u,0.s) (success)
Params: n= 211
Tactic call build ran for 0.009 secs (0.009u,0.s) (success)
Tactic call typecheck ran for 0.004 secs (0.004u,0.s) (success)
Tactic call build-and-typecheck ran for 0.013 secs (0.013u,0.s) (success)
Tactic call refine ran for 0.004 secs (0.004u,0.s) (success)
Params: n= 212
Tactic call build ran for 0.009 secs (0.009u,0.s) (success)
Tactic call typecheck ran for 0.004 secs (0.004u,0.s) (success)
Tactic call build-and-typecheck ran for 0.013 secs (0.013u,0.s) (success)
Tactic call refine ran for 0.004 secs (0.004u,0.s) (success)
Params: n= 213
Tactic call build ran for 0.008 secs (0.008u,0.s) (success)
Tactic call typecheck ran for 0.004 secs (0.004u,0.s) (success)
Tactic call build-and-typecheck ran for 0.013 secs (0.013u,0.s) (success)
Tactic call refine ran for 0.004 secs (0.004u,0.s) (success)
Params: n= 214
Tactic call build ran for 0.009 secs (0.009u,0.s) (success)
Tactic call typecheck ran for 0.004 secs (0.004u,0.s) (success)
Tactic call build-and-typecheck ran for 0.013 secs (0.013u,0.s) (success)
Tactic call refine ran for 0.004 secs (0.004u,0.s) (success)
Params: n= 215
Tactic call build ran for 0.009 secs (0.009u,0.s) (success)
Tactic call typecheck ran for 0.004 secs (0.004u,0.s) (success)
Tactic call build-and-typecheck ran for 0.013 secs (0.013u,0.s) (success)
Tactic call refine ran for 0.004 secs (0.004u,0.s) (success)
Params: n= 216
Tactic call build ran for 0.009 secs (0.009u,0.s) (success)
Tactic call typecheck ran for 0.004 secs (0.004u,0.s) (success)
Tactic call build-and-typecheck ran for 0.013 secs (0.013u,0.s) (success)
Tactic call refine ran for 0.004 secs (0.004u,0.s) (success)
Params: n= 217
Tactic call build ran for 0.009 secs (0.009u,0.s) (success)
Tactic call typecheck ran for 0.004 secs (0.004u,0.s) (success)
Tactic call build-and-typecheck ran for 0.013 secs (0.013u,0.s) (success)
Tactic call refine ran for 0.004 secs (0.004u,0.s) (success)
Params: n= 218
Tactic call build ran for 0.009 secs (0.009u,0.s) (success)
Tactic call typecheck ran for 0.004 secs (0.004u,0.s) (success)
Tactic call build-and-typecheck ran for 0.013 secs (0.013u,0.s) (success)
Tactic call refine ran for 0.004 secs (0.004u,0.s) (success)
Params: n= 219
Tactic call build ran for 0.009 secs (0.009u,0.s) (success)
Tactic call typecheck ran for 0.004 secs (0.004u,0.s) (success)
Tactic call build-and-typecheck ran for 0.013 secs (0.013u,0.s) (success)
Tactic call refine ran for 0.005 secs (0.005u,0.s) (success)
Params: n= 220
Tactic call build ran for 0.009 secs (0.009u,0.s) (success)
Tactic call typecheck ran for 0.004 secs (0.004u,0.s) (success)
Tactic call build-and-typecheck ran for 0.014 secs (0.014u,0.s) (success)
Tactic call refine ran for 0.004 secs (0.004u,0.s) (success)
Params: n= 221
Tactic call build ran for 0.009 secs (0.009u,0.s) (success)
Tactic call typecheck ran for 0.005 secs (0.005u,0.s) (success)
Tactic call build-and-typecheck ran for 0.014 secs (0.014u,0.s) (success)
Tactic call refine ran for 0.004 secs (0.004u,0.s) (success)
Params: n= 222
Tactic call build ran for 0.009 secs (0.009u,0.s) (success)
Tactic call typecheck ran for 0.004 secs (0.004u,0.s) (success)
Tactic call build-and-typecheck ran for 0.014 secs (0.014u,0.s) (success)
Tactic call refine ran for 0.004 secs (0.004u,0.s) (success)
Params: n= 223
Tactic call build ran for 0.01 secs (0.01u,0.s) (success)
Tactic call typecheck ran for 0.004 secs (0.004u,0.s) (success)
Tactic call build-and-typecheck ran for 0.014 secs (0.014u,0.s) (success)
Tactic call refine ran for 0.004 secs (0.004u,0.s) (success)
Params: n= 224
Tactic call build ran for 0.009 secs (0.009u,0.s) (success)
Tactic call typecheck ran for 0.004 secs (0.004u,0.s) (success)
Tactic call build-and-typecheck ran for 0.014 secs (0.014u,0.s) (success)
Tactic call refine ran for 0.004 secs (0.004u,0.s) (success)
Params: n= 225
Tactic call build ran for 0.01 secs (0.01u,0.s) (success)
Tactic call typecheck ran for 0.004 secs (0.004u,0.s) (success)
Tactic call build-and-typecheck ran for 0.014 secs (0.014u,0.s) (success)
Tactic call refine ran for 0.004 secs (0.004u,0.s) (success)
Params: n= 226
Tactic call build ran for 0.009 secs (0.009u,0.s) (success)
Tactic call typecheck ran for 0.004 secs (0.004u,0.s) (success)
Tactic call build-and-typecheck ran for 0.014 secs (0.014u,0.s) (success)
Tactic call refine ran for 0.004 secs (0.004u,0.s) (success)
Params: n= 227
Tactic call build ran for 0.01 secs (0.01u,0.s) (success)
Tactic call typecheck ran for 0.004 secs (0.004u,0.s) (success)
Tactic call build-and-typecheck ran for 0.014 secs (0.015u,0.s) (success)
Tactic call refine ran for 0.004 secs (0.004u,0.s) (success)
Params: n= 228
Tactic call build ran for 0.009 secs (0.009u,0.s) (success)
Tactic call typecheck ran for 0.004 secs (0.004u,0.s) (success)
Tactic call build-and-typecheck ran for 0.014 secs (0.014u,0.s) (success)
Tactic call refine ran for 0.005 secs (0.005u,0.s) (success)
Params: n= 229
Tactic call build ran for 0.01 secs (0.01u,0.s) (success)
Tactic call typecheck ran for 0.004 secs (0.004u,0.s) (success)
Tactic call build-and-typecheck ran for 0.015 secs (0.015u,0.s) (success)
Tactic call refine ran for 0.005 secs (0.005u,0.s) (success)
Params: n= 230
Tactic call build ran for 0.009 secs (0.009u,0.s) (success)
Tactic call typecheck ran for 0.004 secs (0.004u,0.s) (success)
Tactic call build-and-typecheck ran for 0.015 secs (0.015u,0.s) (success)
Tactic call refine ran for 0.005 secs (0.005u,0.s) (success)
Params: n= 231
Tactic call build ran for 0.009 secs (0.009u,0.s) (success)
Tactic call typecheck ran for 0.004 secs (0.004u,0.s) (success)
Tactic call build-and-typecheck ran for 0.014 secs (0.014u,0.s) (success)
Tactic call refine ran for 0.005 secs (0.005u,0.s) (success)
Params: n= 232
Tactic call build ran for 0.009 secs (0.009u,0.s) (success)
Tactic call typecheck ran for 0.005 secs (0.005u,0.s) (success)
Tactic call build-and-typecheck ran for 0.015 secs (0.015u,0.s) (success)
Tactic call refine ran for 0.005 secs (0.005u,0.s) (success)
Params: n= 233
Tactic call build ran for 0.01 secs (0.01u,0.s) (success)
Tactic call typecheck ran for 0.005 secs (0.005u,0.s) (success)
Tactic call build-and-typecheck ran for 0.015 secs (0.015u,0.s) (success)
Tactic call refine ran for 0.005 secs (0.005u,0.s) (success)
Params: n= 234
Tactic call build ran for 0.011 secs (0.011u,0.s) (success)
Tactic call typecheck ran for 0.004 secs (0.004u,0.s) (success)
Tactic call build-and-typecheck ran for 0.015 secs (0.015u,0.s) (success)
Tactic call refine ran for 0.005 secs (0.005u,0.s) (success)
Params: n= 235
Tactic call build ran for 0.01 secs (0.01u,0.s) (success)
Tactic call typecheck ran for 0.004 secs (0.004u,0.s) (success)
Tactic call build-and-typecheck ran for 0.015 secs (0.015u,0.s) (success)
Tactic call refine ran for 0.005 secs (0.005u,0.s) (success)
Params: n= 236
Tactic call build ran for 0.011 secs (0.011u,0.s) (success)
Tactic call typecheck ran for 0.004 secs (0.004u,0.s) (success)
Tactic call build-and-typecheck ran for 0.016 secs (0.016u,0.s) (success)
Tactic call refine ran for 0.005 secs (0.005u,0.s) (success)
Params: n= 237
Tactic call build ran for 0.01 secs (0.01u,0.s) (success)
Tactic call typecheck ran for 0.005 secs (0.005u,0.s) (success)
Tactic call build-and-typecheck ran for 0.015 secs (0.015u,0.s) (success)
Tactic call refine ran for 0.005 secs (0.005u,0.s) (success)
Params: n= 238
Tactic call build ran for 0.01 secs (0.01u,0.s) (success)
Tactic call typecheck ran for 0.005 secs (0.005u,0.s) (success)
Tactic call build-and-typecheck ran for 0.015 secs (0.015u,0.s) (success)
Tactic call refine ran for 0.005 secs (0.005u,0.s) (success)
Params: n= 239
Tactic call build ran for 0.01 secs (0.01u,0.s) (success)
Tactic call typecheck ran for 0.005 secs (0.005u,0.s) (success)
Tactic call build-and-typecheck ran for 0.015 secs (0.015u,0.s) (success)
Tactic call refine ran for 0.006 secs (0.006u,0.s) (success)
Params: n= 240
Tactic call build ran for 0.01 secs (0.01u,0.s) (success)
Tactic call typecheck ran for 0.005 secs (0.005u,0.s) (success)
Tactic call build-and-typecheck ran for 0.015 secs (0.015u,0.s) (success)
Tactic call refine ran for 0.005 secs (0.005u,0.s) (success)
Params: n= 241
Tactic call build ran for 0.011 secs (0.011u,0.s) (success)
Tactic call typecheck ran for 0.005 secs (0.001u,0.003s) (success)
Tactic call build-and-typecheck ran for 0.016 secs (0.012u,0.003s) (success)
Tactic call refine ran for 0.005 secs (0.005u,0.s) (success)
Params: n= 242
Tactic call build ran for 0.01 secs (0.01u,0.s) (success)
Tactic call typecheck ran for 0.005 secs (0.005u,0.s) (success)
Tactic call build-and-typecheck ran for 0.015 secs (0.015u,0.s) (success)
Tactic call refine ran for 0.005 secs (0.005u,0.s) (success)
Params: n= 243
Tactic call build ran for 0.011 secs (0.011u,0.s) (success)
Tactic call typecheck ran for 0.005 secs (0.005u,0.s) (success)
Tactic call build-and-typecheck ran for 0.016 secs (0.016u,0.s) (success)
Tactic call refine ran for 0.005 secs (0.005u,0.s) (success)
Params: n= 244
Tactic call build ran for 0.01 secs (0.01u,0.s) (success)
Tactic call typecheck ran for 0.005 secs (0.005u,0.s) (success)
Tactic call build-and-typecheck ran for 0.015 secs (0.015u,0.s) (success)
Tactic call refine ran for 0.006 secs (0.006u,0.s) (success)
Params: n= 245
Tactic call build ran for 0.01 secs (0.01u,0.s) (success)
Tactic call typecheck ran for 0.005 secs (0.005u,0.s) (success)
Tactic call build-and-typecheck ran for 0.016 secs (0.016u,0.s) (success)
Tactic call refine ran for 0.005 secs (0.005u,0.s) (success)
Params: n= 246
Tactic call build ran for 0.011 secs (0.011u,0.s) (success)
Tactic call typecheck ran for 0.005 secs (0.005u,0.s) (success)
Tactic call build-and-typecheck ran for 0.016 secs (0.016u,0.s) (success)
Tactic call refine ran for 0.005 secs (0.005u,0.s) (success)
Params: n= 247
Tactic call build ran for 0.01 secs (0.01u,0.s) (success)
Tactic call typecheck ran for 0.005 secs (0.005u,0.s) (success)
Tactic call build-and-typecheck ran for 0.015 secs (0.015u,0.s) (success)
Tactic call refine ran for 0.005 secs (0.005u,0.s) (success)
Params: n= 248
Tactic call build ran for 0.011 secs (0.011u,0.s) (success)
Tactic call typecheck ran for 0.005 secs (0.005u,0.s) (success)
Tactic call build-and-typecheck ran for 0.016 secs (0.016u,0.s) (success)
Tactic call refine ran for 0.005 secs (0.005u,0.s) (success)
Params: n= 249
Tactic call build ran for 0.01 secs (0.01u,0.s) (success)
Tactic call typecheck ran for 0.005 secs (0.005u,0.s) (success)
Tactic call build-and-typecheck ran for 0.016 secs (0.016u,0.s) (success)
Tactic call refine ran for 0.005 secs (0.005u,0.s) (success)
Params: n= 250
Tactic call build ran for 0.01 secs (0.01u,0.s) (success)
Tactic call typecheck ran for 0.005 secs (0.005u,0.s) (success)
Tactic call build-and-typecheck ran for 0.016 secs (0.016u,0.s) (success)
Tactic call refine ran for 0.005 secs (0.005u,0.s) (success)
Params: n= 251
Tactic call build ran for 0.011 secs (0.011u,0.s) (success)
Tactic call typecheck ran for 0.005 secs (0.005u,0.s) (success)
Tactic call build-and-typecheck ran for 0.016 secs (0.017u,0.s) (success)
Tactic call refine ran for 0.005 secs (0.005u,0.s) (success)
Params: n= 252
Tactic call build ran for 0.01 secs (0.01u,0.s) (success)
Tactic call typecheck ran for 0.005 secs (0.005u,0.s) (success)
Tactic call build-and-typecheck ran for 0.016 secs (0.016u,0.s) (success)
Tactic call refine ran for 0.005 secs (0.005u,0.s) (success)
Params: n= 253
Tactic call build ran for 0.011 secs (0.011u,0.s) (success)
Tactic call typecheck ran for 0.005 secs (0.005u,0.s) (success)
Tactic call build-and-typecheck ran for 0.017 secs (0.017u,0.s) (success)
Tactic call refine ran for 0.005 secs (0.005u,0.s) (success)
Params: n= 254
Tactic call build ran for 0.01 secs (0.01u,0.s) (success)
Tactic call typecheck ran for 0.005 secs (0.005u,0.s) (success)
Tactic call build-and-typecheck ran for 0.016 secs (0.016u,0.s) (success)
Tactic call refine ran for 0.006 secs (0.006u,0.s) (success)
Params: n= 255
Tactic call build ran for 0.01 secs (0.01u,0.s) (success)
Tactic call typecheck ran for 0.005 secs (0.005u,0.s) (success)
Tactic call build-and-typecheck ran for 0.016 secs (0.016u,0.s) (success)
Tactic call refine ran for 0.006 secs (0.006u,0.s) (success)
Params: n= 256
Tactic call build ran for 0.012 secs (0.012u,0.s) (success)
Tactic call typecheck ran for 0.005 secs (0.005u,0.s) (success)
Tactic call build-and-typecheck ran for 0.017 secs (0.017u,0.s) (success)
Tactic call refine ran for 0.006 secs (0.006u,0.s) (success)
Params: n= 257
Tactic call build ran for 0.01 secs (0.01u,0.s) (success)
Tactic call typecheck ran for 0.005 secs (0.005u,0.s) (success)
Tactic call build-and-typecheck ran for 0.016 secs (0.016u,0.s) (success)
Tactic call refine ran for 0.006 secs (0.006u,0.s) (success)
Params: n= 258
Tactic call build ran for 0.011 secs (0.011u,0.s) (success)
Tactic call typecheck ran for 0.005 secs (0.005u,0.s) (success)
Tactic call build-and-typecheck ran for 0.017 secs (0.017u,0.s) (success)
Tactic call refine ran for 0.006 secs (0.006u,0.s) (success)
Params: n= 259
Tactic call build ran for 0.011 secs (0.011u,0.s) (success)
Tactic call typecheck ran for 0.006 secs (0.006u,0.s) (success)
Tactic call build-and-typecheck ran for 0.018 secs (0.018u,0.s) (success)
Tactic call refine ran for 0.006 secs (0.006u,0.s) (success)
Params: n= 260
Tactic call build ran for 0.011 secs (0.011u,0.s) (success)
Tactic call typecheck ran for 0.005 secs (0.005u,0.s) (success)
Tactic call build-and-typecheck ran for 0.017 secs (0.017u,0.s) (success)
Tactic call refine ran for 0.006 secs (0.006u,0.s) (success)
Params: n= 261
Tactic call build ran for 0.011 secs (0.011u,0.s) (success)
Tactic call typecheck ran for 0.005 secs (0.005u,0.s) (success)
Tactic call build-and-typecheck ran for 0.017 secs (0.017u,0.s) (success)
Tactic call refine ran for 0.006 secs (0.006u,0.s) (success)
Params: n= 262
Tactic call build ran for 0.011 secs (0.011u,0.s) (success)
Tactic call typecheck ran for 0.005 secs (0.005u,0.s) (success)
Tactic call build-and-typecheck ran for 0.017 secs (0.017u,0.s) (success)
Tactic call refine ran for 0.006 secs (0.006u,0.s) (success)
Params: n= 263
Tactic call build ran for 0.011 secs (0.011u,0.s) (success)
Tactic call typecheck ran for 0.006 secs (0.006u,0.s) (success)
Tactic call build-and-typecheck ran for 0.017 secs (0.017u,0.s) (success)
Tactic call refine ran for 0.006 secs (0.006u,0.s) (success)
Params: n= 264
Tactic call build ran for 0.012 secs (0.012u,0.s) (success)
Tactic call typecheck ran for 0.005 secs (0.002u,0.003s) (success)
Tactic call build-and-typecheck ran for 0.018 secs (0.014u,0.003s) (success)
Tactic call refine ran for 0.006 secs (0.006u,0.s) (success)
Params: n= 265
Tactic call build ran for 0.011 secs (0.011u,0.s) (success)
Tactic call typecheck ran for 0.006 secs (0.006u,0.s) (success)
Tactic call build-and-typecheck ran for 0.017 secs (0.017u,0.s) (success)
Tactic call refine ran for 0.007 secs (0.007u,0.s) (success)
Params: n= 266
Tactic call build ran for 0.011 secs (0.011u,0.s) (success)
Tactic call typecheck ran for 0.006 secs (0.006u,0.s) (success)
Tactic call build-and-typecheck ran for 0.017 secs (0.017u,0.s) (success)
Tactic call refine ran for 0.006 secs (0.006u,0.s) (success)
Params: n= 267
Tactic call build ran for 0.012 secs (0.012u,0.s) (success)
Tactic call typecheck ran for 0.005 secs (0.005u,0.s) (success)
Tactic call build-and-typecheck ran for 0.018 secs (0.018u,0.s) (success)
Tactic call refine ran for 0.006 secs (0.006u,0.s) (success)
Params: n= 268
Tactic call build ran for 0.011 secs (0.011u,0.s) (success)
Tactic call typecheck ran for 0.006 secs (0.006u,0.s) (success)
Tactic call build-and-typecheck ran for 0.017 secs (0.017u,0.s) (success)
Tactic call refine ran for 0.006 secs (0.006u,0.s) (success)
Params: n= 269
Tactic call build ran for 0.011 secs (0.011u,0.s) (success)
Tactic call typecheck ran for 0.006 secs (0.006u,0.s) (success)
Tactic call build-and-typecheck ran for 0.018 secs (0.018u,0.s) (success)
Tactic call refine ran for 0.006 secs (0.006u,0.s) (success)
Params: n= 270
Tactic call build ran for 0.012 secs (0.012u,0.s) (success)
Tactic call typecheck ran for 0.006 secs (0.006u,0.s) (success)
Tactic call build-and-typecheck ran for 0.019 secs (0.019u,0.s) (success)
Tactic call refine ran for 0.006 secs (0.006u,0.s) (success)
Params: n= 271
Tactic call build ran for 0.011 secs (0.011u,0.s) (success)
Tactic call typecheck ran for 0.006 secs (0.006u,0.s) (success)
Tactic call build-and-typecheck ran for 0.018 secs (0.018u,0.s) (success)
Tactic call refine ran for 0.006 secs (0.006u,0.s) (success)
Params: n= 272
Tactic call build ran for 0.011 secs (0.011u,0.s) (success)
Tactic call typecheck ran for 0.006 secs (0.006u,0.s) (success)
Tactic call build-and-typecheck ran for 0.017 secs (0.017u,0.s) (success)
Tactic call refine ran for 0.006 secs (0.006u,0.s) (success)
Params: n= 273
Tactic call build ran for 0.012 secs (0.012u,0.s) (success)
Tactic call typecheck ran for 0.006 secs (0.006u,0.s) (success)
Tactic call build-and-typecheck ran for 0.019 secs (0.019u,0.s) (success)
Tactic call refine ran for 0.006 secs (0.006u,0.s) (success)
Params: n= 274
Tactic call build ran for 0.011 secs (0.011u,0.s) (success)
Tactic call typecheck ran for 0.006 secs (0.006u,0.s) (success)
Tactic call build-and-typecheck ran for 0.018 secs (0.018u,0.s) (success)
Tactic call refine ran for 0.006 secs (0.006u,0.s) (success)
Params: n= 275
Tactic call build ran for 0.011 secs (0.011u,0.s) (success)
Tactic call typecheck ran for 0.006 secs (0.006u,0.s) (success)
Tactic call build-and-typecheck ran for 0.018 secs (0.018u,0.s) (success)
Tactic call refine ran for 0.006 secs (0.006u,0.s) (success)
Params: n= 276
Tactic call build ran for 0.012 secs (0.012u,0.s) (success)
Tactic call typecheck ran for 0.006 secs (0.006u,0.s) (success)
Tactic call build-and-typecheck ran for 0.019 secs (0.019u,0.s) (success)
Tactic call refine ran for 0.006 secs (0.006u,0.s) (success)
Params: n= 277
Tactic call build ran for 0.011 secs (0.011u,0.s) (success)
Tactic call typecheck ran for 0.006 secs (0.006u,0.s) (success)
Tactic call build-and-typecheck ran for 0.018 secs (0.018u,0.s) (success)
Tactic call refine ran for 0.006 secs (0.006u,0.s) (success)
Params: n= 278
Tactic call build ran for 0.011 secs (0.011u,0.s) (success)
Tactic call typecheck ran for 0.006 secs (0.006u,0.s) (success)
Tactic call build-and-typecheck ran for 0.018 secs (0.018u,0.s) (success)
Tactic call refine ran for 0.006 secs (0.006u,0.s) (success)
Params: n= 279
Tactic call build ran for 0.012 secs (0.012u,0.s) (success)
Tactic call typecheck ran for 0.006 secs (0.006u,0.s) (success)
Tactic call build-and-typecheck ran for 0.019 secs (0.019u,0.s) (success)
Tactic call refine ran for 0.006 secs (0.006u,0.s) (success)
Params: n= 280
Tactic call build ran for 0.012 secs (0.012u,0.s) (success)
Tactic call typecheck ran for 0.006 secs (0.006u,0.s) (success)
Tactic call build-and-typecheck ran for 0.018 secs (0.018u,0.s) (success)
Tactic call refine ran for 0.008 secs (0.008u,0.s) (success)
Params: n= 281
Tactic call build ran for 0.011 secs (0.011u,0.s) (success)
Tactic call typecheck ran for 0.006 secs (0.006u,0.s) (success)
Tactic call build-and-typecheck ran for 0.018 secs (0.018u,0.s) (success)
Tactic call refine ran for 0.007 secs (0.007u,0.s) (success)
Params: n= 282
Tactic call build ran for 0.012 secs (0.012u,0.s) (success)
Tactic call typecheck ran for 0.006 secs (0.006u,0.s) (success)
Tactic call build-and-typecheck ran for 0.019 secs (0.019u,0.s) (success)
Tactic call refine ran for 0.006 secs (0.006u,0.s) (success)
Params: n= 283
Tactic call build ran for 0.012 secs (0.012u,0.s) (success)
Tactic call typecheck ran for 0.007 secs (0.007u,0.s) (success)
Tactic call build-and-typecheck ran for 0.019 secs (0.019u,0.s) (success)
Tactic call refine ran for 0.007 secs (0.007u,0.s) (success)
Params: n= 284
Tactic call build ran for 0.012 secs (0.012u,0.s) (success)
Tactic call typecheck ran for 0.006 secs (0.006u,0.s) (success)
Tactic call build-and-typecheck ran for 0.018 secs (0.018u,0.s) (success)
Tactic call refine ran for 0.007 secs (0.007u,0.s) (success)
Params: n= 285
Tactic call build ran for 0.012 secs (0.012u,0.s) (success)
Tactic call typecheck ran for 0.006 secs (0.006u,0.s) (success)
Tactic call build-and-typecheck ran for 0.019 secs (0.019u,0.s) (success)
Tactic call refine ran for 0.007 secs (0.007u,0.s) (success)
Params: n= 286
Tactic call build ran for 0.012 secs (0.012u,0.s) (success)
Tactic call typecheck ran for 0.007 secs (0.007u,0.s) (success)
Tactic call build-and-typecheck ran for 0.019 secs (0.019u,0.s) (success)
Tactic call refine ran for 0.007 secs (0.007u,0.s) (success)
Params: n= 287
Tactic call build ran for 0.012 secs (0.012u,0.s) (success)
Tactic call typecheck ran for 0.006 secs (0.006u,0.s) (success)
Tactic call build-and-typecheck ran for 0.019 secs (0.019u,0.s) (success)
Tactic call refine ran for 0.007 secs (0.007u,0.s) (success)
Params: n= 288
Tactic call build ran for 0.012 secs (0.012u,0.s) (success)
Tactic call typecheck ran for 0.006 secs (0.006u,0.s) (success)
Tactic call build-and-typecheck ran for 0.019 secs (0.019u,0.s) (success)
Tactic call refine ran for 0.007 secs (0.007u,0.s) (success)
Params: n= 289
Tactic call build ran for 0.013 secs (0.013u,0.s) (success)
Tactic call typecheck ran for 0.006 secs (0.006u,0.s) (success)
Tactic call build-and-typecheck ran for 0.02 secs (0.02u,0.s) (success)
Tactic call refine ran for 0.007 secs (0.007u,0.s) (success)
Params: n= 290
Tactic call build ran for 0.012 secs (0.012u,0.s) (success)
Tactic call typecheck ran for 0.006 secs (0.006u,0.s) (success)
Tactic call build-and-typecheck ran for 0.019 secs (0.019u,0.s) (success)
Tactic call refine ran for 0.008 secs (0.008u,0.s) (success)
Params: n= 291
Tactic call build ran for 0.012 secs (0.012u,0.s) (success)
Tactic call typecheck ran for 0.006 secs (0.006u,0.s) (success)
Tactic call build-and-typecheck ran for 0.019 secs (0.019u,0.s) (success)
Tactic call refine ran for 0.007 secs (0.007u,0.s) (success)
Params: n= 292
Tactic call build ran for 0.013 secs (0.013u,0.s) (success)
Tactic call typecheck ran for 0.006 secs (0.006u,0.s) (success)
Tactic call build-and-typecheck ran for 0.02 secs (0.02u,0.s) (success)
Tactic call refine ran for 0.007 secs (0.007u,0.s) (success)
Params: n= 293
Tactic call build ran for 0.012 secs (0.012u,0.s) (success)
Tactic call typecheck ran for 0.007 secs (0.007u,0.s) (success)
Tactic call build-and-typecheck ran for 0.02 secs (0.02u,0.s) (success)
Tactic call refine ran for 0.006 secs (0.006u,0.s) (success)
Params: n= 294
Tactic call build ran for 0.012 secs (0.012u,0.s) (success)
Tactic call typecheck ran for 0.007 secs (0.007u,0.s) (success)
Tactic call build-and-typecheck ran for 0.019 secs (0.019u,0.s) (success)
Tactic call refine ran for 0.007 secs (0.007u,0.s) (success)
Params: n= 295
Tactic call build ran for 0.012 secs (0.012u,0.s) (success)
Tactic call typecheck ran for 0.007 secs (0.007u,0.s) (success)
Tactic call build-and-typecheck ran for 0.019 secs (0.019u,0.s) (success)
Tactic call refine ran for 0.007 secs (0.007u,0.s) (success)
Params: n= 296
Tactic call build ran for 0.013 secs (0.013u,0.s) (success)
Tactic call typecheck ran for 0.007 secs (0.007u,0.s) (success)
Tactic call build-and-typecheck ran for 0.02 secs (0.02u,0.s) (success)
Tactic call refine ran for 0.007 secs (0.007u,0.s) (success)
Params: n= 297
Tactic call build ran for 0.012 secs (0.012u,0.s) (success)
Tactic call typecheck ran for 0.008 secs (0.008u,0.s) (success)
Tactic call build-and-typecheck ran for 0.021 secs (0.021u,0.s) (success)
Tactic call refine ran for 0.007 secs (0.003u,0.003s) (success)
Params: n= 298
Tactic call build ran for 0.013 secs (0.013u,0.s) (success)
Tactic call typecheck ran for 0.007 secs (0.007u,0.s) (success)
Tactic call build-and-typecheck ran for 0.02 secs (0.02u,0.s) (success)
Tactic call refine ran for 0.007 secs (0.007u,0.s) (success)
Params: n= 299
Tactic call build ran for 0.012 secs (0.012u,0.s) (success)
Tactic call typecheck ran for 0.007 secs (0.007u,0.s) (success)
Tactic call build-and-typecheck ran for 0.02 secs (0.02u,0.s) (success)
Tactic call refine ran for 0.007 secs (0.007u,0.s) (success)
Params: n= 300
Tactic call build ran for 0.014 secs (0.014u,0.s) (success)
Tactic call typecheck ran for 0.007 secs (0.007u,0.s) (success)
Tactic call build-and-typecheck ran for 0.021 secs (0.021u,0.s) (success)
Tactic call refine ran for 0.007 secs (0.007u,0.s) (success)
Params: n= 305
Tactic call build ran for 0.013 secs (0.013u,0.s) (success)
Tactic call typecheck ran for 0.007 secs (0.007u,0.s) (success)
Tactic call build-and-typecheck ran for 0.02 secs (0.02u,0.s) (success)
Tactic call refine ran for 0.008 secs (0.008u,0.s) (success)
Params: n= 310
Tactic call build ran for 0.013 secs (0.013u,0.s) (success)
Tactic call typecheck ran for 0.007 secs (0.007u,0.s) (success)
Tactic call build-and-typecheck ran for 0.021 secs (0.021u,0.s) (success)
Tactic call refine ran for 0.008 secs (0.008u,0.s) (success)
Params: n= 315
Tactic call build ran for 0.013 secs (0.013u,0.s) (success)
Tactic call typecheck ran for 0.007 secs (0.007u,0.s) (success)
Tactic call build-and-typecheck ran for 0.021 secs (0.021u,0.s) (success)
Tactic call refine ran for 0.008 secs (0.008u,0.s) (success)
Params: n= 320
Tactic call build ran for 0.014 secs (0.014u,0.s) (success)
Tactic call typecheck ran for 0.008 secs (0.008u,0.s) (success)
Tactic call build-and-typecheck ran for 0.023 secs (0.023u,0.s) (success)
Tactic call refine ran for 0.008 secs (0.008u,0.s) (success)
Params: n= 325
Tactic call build ran for 0.015 secs (0.015u,0.s) (success)
Tactic call typecheck ran for 0.008 secs (0.008u,0.s) (success)
Tactic call build-and-typecheck ran for 0.023 secs (0.023u,0.s) (success)
Tactic call refine ran for 0.008 secs (0.008u,0.s) (success)
Params: n= 330
Tactic call build ran for 0.014 secs (0.014u,0.s) (success)
Tactic call typecheck ran for 0.008 secs (0.008u,0.s) (success)
Tactic call build-and-typecheck ran for 0.023 secs (0.023u,0.s) (success)
Tactic call refine ran for 0.01 secs (0.01u,0.s) (success)
Params: n= 335
Tactic call build ran for 0.014 secs (0.014u,0.s) (success)
Tactic call typecheck ran for 0.009 secs (0.009u,0.s) (success)
Tactic call build-and-typecheck ran for 0.023 secs (0.023u,0.s) (success)
Tactic call refine ran for 0.009 secs (0.009u,0.s) (success)
Params: n= 340
Tactic call build ran for 0.014 secs (0.014u,0.s) (success)
Tactic call typecheck ran for 0.009 secs (0.009u,0.s) (success)
Tactic call build-and-typecheck ran for 0.023 secs (0.023u,0.s) (success)
Tactic call refine ran for 0.009 secs (0.009u,0.s) (success)
Params: n= 345
Tactic call build ran for 0.015 secs (0.015u,0.s) (success)
Tactic call typecheck ran for 0.009 secs (0.009u,0.s) (success)
Tactic call build-and-typecheck ran for 0.025 secs (0.025u,0.s) (success)
Tactic call refine ran for 0.009 secs (0.009u,0.s) (success)
Params: n= 350
Tactic call build ran for 0.015 secs (0.015u,0.s) (success)
Tactic call typecheck ran for 0.009 secs (0.009u,0.s) (success)
Tactic call build-and-typecheck ran for 0.025 secs (0.025u,0.s) (success)
Tactic call refine ran for 0.01 secs (0.01u,0.s) (success)
Params: n= 355
Tactic call build ran for 0.016 secs (0.016u,0.s) (success)
Tactic call typecheck ran for 0.009 secs (0.009u,0.s) (success)
Tactic call build-and-typecheck ran for 0.026 secs (0.026u,0.s) (success)
Tactic call refine ran for 0.009 secs (0.009u,0.s) (success)
Params: n= 360
Tactic call build ran for 0.016 secs (0.016u,0.s) (success)
Tactic call typecheck ran for 0.009 secs (0.009u,0.s) (success)
Tactic call build-and-typecheck ran for 0.026 secs (0.026u,0.s) (success)
Tactic call refine ran for 0.01 secs (0.01u,0.s) (success)
Params: n= 365
Tactic call build ran for 0.015 secs (0.015u,0.s) (success)
Tactic call typecheck ran for 0.011 secs (0.011u,0.s) (success)
Tactic call build-and-typecheck ran for 0.027 secs (0.027u,0.s) (success)
Tactic call refine ran for 0.009 secs (0.009u,0.s) (success)
Params: n= 370
Tactic call build ran for 0.015 secs (0.015u,0.s) (success)
Tactic call typecheck ran for 0.011 secs (0.011u,0.s) (success)
Tactic call build-and-typecheck ran for 0.027 secs (0.027u,0.s) (success)
Tactic call refine ran for 0.011 secs (0.011u,0.s) (success)
Params: n= 375
Tactic call build ran for 0.016 secs (0.016u,0.s) (success)
Tactic call typecheck ran for 0.01 secs (0.01u,0.s) (success)
Tactic call build-and-typecheck ran for 0.027 secs (0.027u,0.s) (success)
Tactic call refine ran for 0.011 secs (0.011u,0.s) (success)
Params: n= 380
Tactic call build ran for 0.016 secs (0.016u,0.s) (success)
Tactic call typecheck ran for 0.011 secs (0.011u,0.s) (success)
Tactic call build-and-typecheck ran for 0.027 secs (0.027u,0.s) (success)
Tactic call refine ran for 0.012 secs (0.012u,0.s) (success)
Params: n= 385
Tactic call build ran for 0.016 secs (0.016u,0.s) (success)
Tactic call typecheck ran for 0.011 secs (0.011u,0.s) (success)
Tactic call build-and-typecheck ran for 0.028 secs (0.028u,0.s) (success)
Tactic call refine ran for 0.012 secs (0.012u,0.s) (success)
Params: n= 390
Tactic call build ran for 0.016 secs (0.016u,0.s) (success)
Tactic call typecheck ran for 0.011 secs (0.011u,0.s) (success)
Tactic call build-and-typecheck ran for 0.028 secs (0.028u,0.s) (success)
Tactic call refine ran for 0.013 secs (0.013u,0.s) (success)
Params: n= 395
Tactic call build ran for 0.016 secs (0.016u,0.s) (success)
Tactic call typecheck ran for 0.011 secs (0.011u,0.s) (success)
Tactic call build-and-typecheck ran for 0.028 secs (0.028u,0.s) (success)
Tactic call refine ran for 0.013 secs (0.013u,0.s) (success)
Params: n= 400
Tactic call build ran for 0.017 secs (0.017u,0.s) (success)
Tactic call typecheck ran for 0.011 secs (0.011u,0.s) (success)
Tactic call build-and-typecheck ran for 0.029 secs (0.029u,0.s) (success)
Tactic call refine ran for 0.014 secs (0.014u,0.s) (success)
Params: n= 410
Tactic call build ran for 0.017 secs (0.017u,0.s) (success)
Tactic call typecheck ran for 0.014 secs (0.014u,0.s) (success)
Tactic call build-and-typecheck ran for 0.031 secs (0.031u,0.s) (success)
Tactic call refine ran for 0.012 secs (0.012u,0.s) (success)
Params: n= 420
Tactic call build ran for 0.017 secs (0.017u,0.s) (success)
Tactic call typecheck ran for 0.014 secs (0.014u,0.s) (success)
Tactic call build-and-typecheck ran for 0.032 secs (0.032u,0.s) (success)
Tactic call refine ran for 0.013 secs (0.013u,0.s) (success)
Params: n= 430
Tactic call build ran for 0.02 secs (0.02u,0.s) (success)
Tactic call typecheck ran for 0.013 secs (0.013u,0.s) (success)
Tactic call build-and-typecheck ran for 0.033 secs (0.033u,0.s) (success)
Tactic call refine ran for 0.013 secs (0.013u,0.s) (success)
Params: n= 440
Tactic call build ran for 0.019 secs (0.019u,0.s) (success)
Tactic call typecheck ran for 0.014 secs (0.014u,0.s) (success)
Tactic call build-and-typecheck ran for 0.033 secs (0.033u,0.s) (success)
Tactic call refine ran for 0.014 secs (0.014u,0.s) (success)
Params: n= 450
Tactic call build ran for 0.021 secs (0.021u,0.s) (success)
Tactic call typecheck ran for 0.014 secs (0.014u,0.s) (success)
Tactic call build-and-typecheck ran for 0.035 secs (0.035u,0.s) (success)
Tactic call refine ran for 0.015 secs (0.015u,0.s) (success)
Params: n= 460
Tactic call build ran for 0.02 secs (0.02u,0.s) (success)
Tactic call typecheck ran for 0.015 secs (0.015u,0.s) (success)
Tactic call build-and-typecheck ran for 0.036 secs (0.036u,0.s) (success)
Tactic call refine ran for 0.015 secs (0.015u,0.s) (success)
Params: n= 470
Tactic call build ran for 0.02 secs (0.02u,0.s) (success)
Tactic call typecheck ran for 0.015 secs (0.015u,0.s) (success)
Tactic call build-and-typecheck ran for 0.036 secs (0.036u,0.s) (success)
Tactic call refine ran for 0.017 secs (0.017u,0.s) (success)
Params: n= 480
Tactic call build ran for 0.02 secs (0.02u,0.s) (success)
Tactic call typecheck ran for 0.017 secs (0.017u,0.s) (success)
Tactic call build-and-typecheck ran for 0.038 secs (0.038u,0.s) (success)
Tactic call refine ran for 0.016 secs (0.016u,0.s) (success)
Params: n= 490
Tactic call build ran for 0.022 secs (0.022u,0.s) (success)
Tactic call typecheck ran for 0.016 secs (0.016u,0.s) (success)
Tactic call build-and-typecheck ran for 0.039 secs (0.039u,0.s) (success)
Tactic call refine ran for 0.017 secs (0.017u,0.s) (success)
Params: n= 500
Tactic call build ran for 0.022 secs (0.022u,0.s) (success)
Tactic call typecheck ran for 0.017 secs (0.017u,0.s) (success)
Tactic call build-and-typecheck ran for 0.04 secs (0.04u,0.s) (success)
Tactic call refine ran for 0.018 secs (0.018u,0.s) (success)
Params: n= 550
Tactic call build ran for 0.023 secs (0.023u,0.s) (success)
Tactic call typecheck ran for 0.021 secs (0.017u,0.003s) (success)
Tactic call build-and-typecheck ran for 0.045 secs (0.041u,0.003s) (success)
Tactic call refine ran for 0.02 secs (0.02u,0.s) (success)
Params: n= 600
Tactic call build ran for 0.026 secs (0.026u,0.s) (success)
Tactic call typecheck ran for 0.024 secs (0.024u,0.s) (success)
Tactic call build-and-typecheck ran for 0.051 secs (0.051u,0.s) (success)
Tactic call refine ran for 0.028 secs (0.028u,0.s) (success)
Params: n= 650
Tactic call build ran for 0.03 secs (0.03u,0.s) (success)
Tactic call typecheck ran for 0.028 secs (0.028u,0.s) (success)
Tactic call build-and-typecheck ran for 0.058 secs (0.058u,0.s) (success)
Tactic call refine ran for 0.031 secs (0.031u,0.s) (success)
Params: n= 700
Tactic call build ran for 0.031 secs (0.031u,0.s) (success)
Tactic call typecheck ran for 0.032 secs (0.032u,0.s) (success)
Tactic call build-and-typecheck ran for 0.064 secs (0.064u,0.s) (success)
Tactic call refine ran for 0.035 secs (0.035u,0.s) (success)
Params: n= 750
Tactic call build ran for 0.033 secs (0.033u,0.s) (success)
Tactic call typecheck ran for 0.036 secs (0.036u,0.s) (success)
Tactic call build-and-typecheck ran for 0.07 secs (0.07u,0.s) (success)
Tactic call refine ran for 0.04 secs (0.04u,0.s) (success)
Params: n= 800
Tactic call build ran for 0.037 secs (0.037u,0.s) (success)
Tactic call typecheck ran for 0.044 secs (0.044u,0.s) (success)
Tactic call build-and-typecheck ran for 0.081 secs (0.081u,0.s) (success)
Tactic call refine ran for 0.04 secs (0.04u,0.s) (success)
Params: n= 850
Tactic call build ran for 0.039 secs (0.039u,0.s) (success)
Tactic call typecheck ran for 0.047 secs (0.047u,0.s) (success)
Tactic call build-and-typecheck ran for 0.087 secs (0.087u,0.s) (success)
Tactic call refine ran for 0.047 secs (0.047u,0.s) (success)
Params: n= 900
Tactic call build ran for 0.04 secs (0.04u,0.s) (success)
Tactic call typecheck ran for 0.053 secs (0.053u,0.s) (success)
Tactic call build-and-typecheck ran for 0.094 secs (0.094u,0.s) (success)
Tactic call refine ran for 0.051 secs (0.051u,0.s) (success)
Params: n= 950
Tactic call build ran for 0.042 secs (0.042u,0.s) (success)
Tactic call typecheck ran for 0.06 secs (0.06u,0.s) (success)
Tactic call build-and-typecheck ran for 0.103 secs (0.103u,0.s) (success)
Tactic call refine ran for 0.055 secs (0.055u,0.s) (success)
Params: n= 1000
Tactic call build ran for 0.045 secs (0.045u,0.s) (success)
Tactic call typecheck ran for 0.065 secs (0.065u,0.s) (success)
Tactic call build-and-typecheck ran for 0.111 secs (0.111u,0.s) (success)
Tactic call refine ran for 0.063 secs (0.063u,0.s) (success)
Params: n= 1100
Tactic call build ran for 0.048 secs (0.048u,0.s) (success)
Tactic call typecheck ran for 0.079 secs (0.079u,0.s) (success)
Tactic call build-and-typecheck ran for 0.128 secs (0.128u,0.s) (success)
Tactic call refine ran for 0.077 secs (0.077u,0.s) (success)
Params: n= 1200
Tactic call build ran for 0.053 secs (0.053u,0.s) (success)
Tactic call typecheck ran for 0.092 secs (0.092u,0.s) (success)
Tactic call build-and-typecheck ran for 0.146 secs (0.146u,0.s) (success)
Tactic call refine ran for 0.091 secs (0.091u,0.s) (success)
Params: n= 1300
Tactic call build ran for 0.058 secs (0.058u,0.s) (success)
Tactic call typecheck ran for 0.107 secs (0.107u,0.s) (success)
Tactic call build-and-typecheck ran for 0.166 secs (0.166u,0.s) (success)
Tactic call refine ran for 0.104 secs (0.104u,0.s) (success)
Params: n= 1400
Tactic call build ran for 0.064 secs (0.064u,0.s) (success)
Tactic call typecheck ran for 0.122 secs (0.122u,0.s) (success)
Tactic call build-and-typecheck ran for 0.186 secs (0.186u,0.s) (success)
Tactic call refine ran for 0.121 secs (0.121u,0.s) (success)
Params: n= 1500
Tactic call build ran for 0.068 secs (0.068u,0.s) (success)
Tactic call typecheck ran for 0.141 secs (0.141u,0.s) (success)
Tactic call build-and-typecheck ran for 0.209 secs (0.209u,0.s) (success)
Tactic call refine ran for 0.139 secs (0.139u,0.s) (success)
Params: n= 1600
Tactic call build ran for 0.07 secs (0.07u,0.s) (success)
Tactic call typecheck ran for 0.156 secs (0.156u,0.s) (success)
Tactic call build-and-typecheck ran for 0.227 secs (0.227u,0.s) (success)
Tactic call refine ran for 0.156 secs (0.156u,0.s) (success)
Params: n= 1700
Tactic call build ran for 0.075 secs (0.075u,0.s) (success)
Tactic call typecheck ran for 0.179 secs (0.178u,0.s) (success)
Tactic call build-and-typecheck ran for 0.254 secs (0.254u,0.s) (success)
Tactic call refine ran for 0.176 secs (0.176u,0.s) (success)
Params: n= 1800
Tactic call build ran for 0.079 secs (0.079u,0.s) (success)
Tactic call typecheck ran for 0.198 secs (0.194u,0.003s) (success)
Tactic call build-and-typecheck ran for 0.277 secs (0.273u,0.003s) (success)
Tactic call refine ran for 0.196 secs (0.196u,0.s) (success)
Params: n= 1900
Tactic call build ran for 0.085 secs (0.085u,0.s) (success)
Tactic call typecheck ran for 0.221 secs (0.221u,0.s) (success)
Tactic call build-and-typecheck ran for 0.307 secs (0.306u,0.s) (success)
Tactic call refine ran for 0.215 secs (0.215u,0.s) (success)
