Params: n= 3
Tactic call cbv ran for 0. secs (0.u,0.s) (success)
Params: n= 4
Tactic call cbv ran for 0. secs (0.u,0.s) (success)
Params: n= 5
Tactic call cbv ran for 0. secs (0.u,0.s) (success)
Params: n= 6
Tactic call cbv ran for 0. secs (0.u,0.s) (success)
Params: n= 7
Tactic call cbv ran for 0.001 secs (0.001u,0.s) (success)
Params: n= 8
Tactic call cbv ran for 0.002 secs (0.u,0.002s) (success)
Params: n= 9
Tactic call cbv ran for 0.004 secs (0.003u,0.s) (success)
Params: n= 10
Tactic call cbv ran for 0.008 secs (0.004u,0.004s) (success)
Params: n= 11
Tactic call cbv ran for 0.073 secs (0.061u,0.011s) (success)
Params: n= 12
Tactic call cbv ran for 0.017 secs (0.017u,0.s) (success)
Params: n= 13
Tactic call cbv ran for 0.038 secs (0.038u,0.s) (success)
Params: n= 14
Tactic call cbv ran for 0.075 secs (0.075u,0.s) (success)
Params: n= 15
Tactic call cbv ran for 0.174 secs (0.173u,0.s) (success)
Params: n= 16
Tactic call cbv ran for 0.386 secs (0.378u,0.007s) (success)
Params: n= 17
Tactic call cbv ran for 0.649 secs (0.645u,0.003s) (success)
Params: n= 18
Tactic call cbv ran for 1.39 secs (1.352u,0.036s) (success)
Params: n= 19
Tactic call cbv ran for 2.758 secs (2.739u,0.015s) (success)
Params: n= 20
Tactic call cbv ran for 5.484 secs (5.395u,0.083s) (success)
Params: n= 21
Tactic call cbv ran for 10.983 secs (10.901u,0.071s) (success)
