Params: n= 0
Tactic call cbv ran for 0. secs (0.u,0.s) (success)
Params: n= 10
Tactic call cbv ran for 0. secs (0.u,0.s) (success)
Params: n= 20
Tactic call cbv ran for 0. secs (0.u,0.s) (success)
Params: n= 30
Tactic call cbv ran for 0.001 secs (0.u,0.001s) (success)
Params: n= 40
Tactic call cbv ran for 0.001 secs (0.u,0.001s) (success)
Params: n= 50
Tactic call cbv ran for 0.002 secs (0.u,0.002s) (success)
Params: n= 60
Tactic call cbv ran for 0.003 secs (0.003u,0.s) (success)
Params: n= 70
Tactic call cbv ran for 0.004 secs (0.001u,0.003s) (success)
Params: n= 80
Tactic call cbv ran for 0.006 secs (0.002u,0.003s) (success)
Params: n= 90
Tactic call cbv ran for 0.08 secs (0.076u,0.004s) (success)
Params: n= 100
Tactic call cbv ran for 0.005 secs (0.004u,0.s) (success)
Params: n= 110
Tactic call cbv ran for 0.006 secs (0.006u,0.s) (success)
Params: n= 120
Tactic call cbv ran for 0.007 secs (0.007u,0.s) (success)
Params: n= 130
Tactic call cbv ran for 0.008 secs (0.008u,0.s) (success)
Params: n= 140
Tactic call cbv ran for 0.012 secs (0.012u,0.s) (success)
Params: n= 150
Tactic call cbv ran for 0.011 secs (0.011u,0.s) (success)
Params: n= 160
Tactic call cbv ran for 0.012 secs (0.012u,0.s) (success)
Params: n= 170
Tactic call cbv ran for 0.014 secs (0.014u,0.s) (success)
Params: n= 180
Tactic call cbv ran for 0.017 secs (0.017u,0.s) (success)
Params: n= 190
Tactic call cbv ran for 0.017 secs (0.017u,0.s) (success)
Params: n= 200
Tactic call cbv ran for 0.022 secs (0.022u,0.s) (success)
Params: n= 210
Tactic call cbv ran for 0.021 secs (0.021u,0.s) (success)
Params: n= 220
Tactic call cbv ran for 0.036 secs (0.036u,0.s) (success)
Params: n= 230
Tactic call cbv ran for 0.025 secs (0.025u,0.s) (success)
Params: n= 240
Tactic call cbv ran for 0.032 secs (0.032u,0.s) (success)
Params: n= 250
Tactic call cbv ran for 0.047 secs (0.047u,0.s) (success)
Params: n= 260
Tactic call cbv ran for 0.049 secs (0.041u,0.007s) (success)
Params: n= 270
Tactic call cbv ran for 0.034 secs (0.034u,0.s) (success)
Params: n= 280
Tactic call cbv ran for 0.036 secs (0.036u,0.s) (success)
Params: n= 290
Tactic call cbv ran for 0.044 secs (0.044u,0.s) (success)
Params: n= 300
Tactic call cbv ran for 0.055 secs (0.055u,0.s) (success)
Params: n= 310
Tactic call cbv ran for 0.07 secs (0.062u,0.007s) (success)
Params: n= 320
Tactic call cbv ran for 0.075 secs (0.063u,0.011s) (success)
Params: n= 330
Tactic call cbv ran for 0.051 secs (0.051u,0.s) (success)
Params: n= 340
Tactic call cbv ran for 0.066 secs (0.066u,0.s) (success)
Params: n= 350
Tactic call cbv ran for 0.098 secs (0.09u,0.007s) (success)
Params: n= 360
Tactic call cbv ran for 0.088 secs (0.088u,0.s) (success)
Params: n= 370
Tactic call cbv ran for 0.095 secs (0.091u,0.003s) (success)
Params: n= 380
Tactic call cbv ran for 0.13 secs (0.122u,0.008s) (success)
Params: n= 390
Tactic call cbv ran for 0.114 secs (0.114u,0.s) (success)
Params: n= 400
Tactic call cbv ran for 0.085 secs (0.085u,0.s) (success)
Params: n= 410
Tactic call cbv ran for 0.123 secs (0.123u,0.s) (success)
Params: n= 420
Tactic call cbv ran for 0.112 secs (0.1u,0.011s) (success)
Params: n= 430
Tactic call cbv ran for 0.149 secs (0.145u,0.004s) (success)
Params: n= 440
Tactic call cbv ran for 0.155 secs (0.147u,0.007s) (success)
Params: n= 450
Tactic call cbv ran for 0.202 secs (0.199u,0.003s) (success)
Params: n= 460
Tactic call cbv ran for 0.186 secs (0.186u,0.s) (success)
Params: n= 470
Tactic call cbv ran for 0.141 secs (0.141u,0.s) (success)
Params: n= 480
Tactic call cbv ran for 0.16 secs (0.16u,0.s) (success)
Params: n= 490
Tactic call cbv ran for 0.202 secs (0.202u,0.s) (success)
Params: n= 500
Tactic call cbv ran for 0.196 secs (0.196u,0.s) (success)
Params: n= 510
Tactic call cbv ran for 0.228 secs (0.228u,0.s) (success)
Params: n= 520
Tactic call cbv ran for 0.174 secs (0.174u,0.s) (success)
Params: n= 530
Tactic call cbv ran for 0.225 secs (0.217u,0.007s) (success)
Params: n= 540
Tactic call cbv ran for 0.412 secs (0.412u,0.s) (success)
Params: n= 550
Tactic call cbv ran for 0.284 secs (0.284u,0.s) (success)
Params: n= 560
Tactic call cbv ran for 0.206 secs (0.206u,0.s) (success)
Params: n= 570
Tactic call cbv ran for 0.215 secs (0.215u,0.s) (success)
Params: n= 580
Tactic call cbv ran for 0.232 secs (0.232u,0.s) (success)
Params: n= 590
Tactic call cbv ran for 0.328 secs (0.328u,0.s) (success)
Params: n= 600
Tactic call cbv ran for 0.213 secs (0.213u,0.s) (success)
Params: n= 610
Tactic call cbv ran for 0.317 secs (0.301u,0.015s) (success)
Params: n= 620
Tactic call cbv ran for 0.48 secs (0.48u,0.s) (success)
Params: n= 630
Tactic call cbv ran for 0.341 secs (0.341u,0.s) (success)
Params: n= 640
Tactic call cbv ran for 0.259 secs (0.259u,0.s) (success)
Params: n= 650
Tactic call cbv ran for 0.345 secs (0.345u,0.s) (success)
Params: n= 660
Tactic call cbv ran for 0.341 secs (0.341u,0.s) (success)
Params: n= 670
Tactic call cbv ran for 0.327 secs (0.327u,0.s) (success)
Params: n= 680
Tactic call cbv ran for 0.407 secs (0.407u,0.s) (success)
Params: n= 690
Tactic call cbv ran for 0.316 secs (0.316u,0.s) (success)
Params: n= 700
Tactic call cbv ran for 0.359 secs (0.359u,0.s) (success)
Params: n= 710
Tactic call cbv ran for 0.426 secs (0.426u,0.s) (success)
Params: n= 720
Tactic call cbv ran for 0.339 secs (0.339u,0.s) (success)
Params: n= 730
Tactic call cbv ran for 0.405 secs (0.405u,0.s) (success)
Params: n= 740
Tactic call cbv ran for 0.437 secs (0.437u,0.s) (success)
Params: n= 750
Tactic call cbv ran for 0.387 secs (0.387u,0.s) (success)
Params: n= 760
Tactic call cbv ran for 0.415 secs (0.415u,0.s) (success)
Params: n= 770
Tactic call cbv ran for 0.476 secs (0.476u,0.s) (success)
Params: n= 780
Tactic call cbv ran for 0.475 secs (0.475u,0.s) (success)
Params: n= 790
Tactic call cbv ran for 0.494 secs (0.494u,0.s) (success)
Params: n= 800
Tactic call cbv ran for 0.721 secs (0.721u,0.s) (success)
Params: n= 810
Tactic call cbv ran for 0.536 secs (0.536u,0.s) (success)
Params: n= 820
Tactic call cbv ran for 0.431 secs (0.431u,0.s) (success)
Params: n= 830
Tactic call cbv ran for 0.56 secs (0.56u,0.s) (success)
Params: n= 840
Tactic call cbv ran for 0.522 secs (0.502u,0.019s) (success)
Params: n= 850
Tactic call cbv ran for 0.794 secs (0.794u,0.s) (success)
Params: n= 860
Tactic call cbv ran for 0.499 secs (0.499u,0.s) (success)
Params: n= 870
Tactic call cbv ran for 0.568 secs (0.568u,0.s) (success)
Params: n= 880
Tactic call cbv ran for 0.532 secs (0.532u,0.s) (success)
Params: n= 890
Tactic call cbv ran for 0.637 secs (0.637u,0.s) (success)
Params: n= 900
Tactic call cbv ran for 0.567 secs (0.567u,0.s) (success)
Params: n= 910
Tactic call cbv ran for 0.643 secs (0.643u,0.s) (success)
Params: n= 920
Tactic call cbv ran for 0.847 secs (0.847u,0.s) (success)
Params: n= 930
Tactic call cbv ran for 0.654 secs (0.654u,0.s) (success)
Params: n= 940
Tactic call cbv ran for 0.638 secs (0.638u,0.s) (success)
Params: n= 950
Tactic call cbv ran for 0.675 secs (0.663u,0.011s) (success)
Params: n= 960
Tactic call cbv ran for 1.044 secs (1.028u,0.015s) (success)
Params: n= 970
Tactic call cbv ran for 0.644 secs (0.644u,0.s) (success)
Params: n= 980
Tactic call cbv ran for 0.738 secs (0.738u,0.s) (success)
Params: n= 990
Tactic call cbv ran for 0.978 secs (0.978u,0.s) (success)
