Params: n= 100
Tactic call cbv ran for 0. secs (0.u,0.s) (success)
Params: n= 200
Tactic call cbv ran for 0. secs (0.u,0.s) (success)
Params: n= 300
Tactic call cbv ran for 0.001 secs (0.001u,0.s) (success)
Params: n= 400
Tactic call cbv ran for 0.017 secs (0.017u,0.s) (success)
Params: n= 500
Tactic call cbv ran for 0.002 secs (0.u,0.001s) (success)
Params: n= 600
Tactic call cbv ran for 0.003 secs (0.003u,0.s) (success)
Params: n= 700
Tactic call cbv ran for 0.004 secs (0.004u,0.s) (success)
Params: n= 800
Tactic call cbv ran for 0.005 secs (0.005u,0.s) (success)
Params: n= 900
Tactic call cbv ran for 0.049 secs (0.049u,0.s) (success)
Params: n= 1000
Tactic call cbv ran for 0.008 secs (0.008u,0.s) (success)
Params: n= 1100
Tactic call cbv ran for 0.01 secs (0.01u,0.s) (success)
Params: n= 1200
Tactic call cbv ran for 0.011 secs (0.011u,0.s) (success)
Params: n= 1300
Tactic call cbv ran for 0.013 secs (0.013u,0.s) (success)
Params: n= 1400
Tactic call cbv ran for 0.016 secs (0.016u,0.s) (success)
Params: n= 1500
Tactic call cbv ran for 0.017 secs (0.017u,0.s) (success)
Params: n= 1600
Tactic call cbv ran for 0.019 secs (0.019u,0.s) (success)
Params: n= 1700
Tactic call cbv ran for 0.022 secs (0.022u,0.s) (success)
Params: n= 1800
Tactic call cbv ran for 0.024 secs (0.024u,0.s) (success)
Params: n= 1900
Tactic call cbv ran for 0.027 secs (0.027u,0.s) (success)
Params: n= 2000
Tactic call cbv ran for 0.029 secs (0.029u,0.s) (success)
Params: n= 2100
Tactic call cbv ran for 0.032 secs (0.032u,0.s) (success)
Params: n= 2200
Tactic call cbv ran for 0.035 secs (0.035u,0.s) (success)
Params: n= 2300
Tactic call cbv ran for 0.039 secs (0.039u,0.s) (success)
Params: n= 2400
Tactic call cbv ran for 0.042 secs (0.042u,0.s) (success)
Params: n= 2500
Tactic call cbv ran for 0.045 secs (0.045u,0.s) (success)
Params: n= 2600
Tactic call cbv ran for 0.049 secs (0.049u,0.s) (success)
Params: n= 2700
Tactic call cbv ran for 0.053 secs (0.053u,0.s) (success)
Params: n= 2800
Tactic call cbv ran for 0.058 secs (0.058u,0.s) (success)
Params: n= 2900
Tactic call cbv ran for 0.061 secs (0.061u,0.s) (success)
Params: n= 3000
Tactic call cbv ran for 0.065 secs (0.065u,0.s) (success)
Params: n= 3100
Tactic call cbv ran for 0.069 secs (0.069u,0.s) (success)
Params: n= 3200
Tactic call cbv ran for 0.075 secs (0.075u,0.s) (success)
Params: n= 3300
Tactic call cbv ran for 0.078 secs (0.078u,0.s) (success)
Params: n= 3400
Tactic call cbv ran for 0.083 secs (0.083u,0.s) (success)
Params: n= 3500
Tactic call cbv ran for 0.088 secs (0.088u,0.s) (success)
Params: n= 3600
Tactic call cbv ran for 0.096 secs (0.096u,0.s) (success)
Params: n= 3700
Tactic call cbv ran for 0.099 secs (0.099u,0.s) (success)
Params: n= 3800
Tactic call cbv ran for 0.104 secs (0.104u,0.s) (success)
Params: n= 3900
Tactic call cbv ran for 0.11 secs (0.11u,0.s) (success)
Params: n= 4000
Tactic call cbv ran for 0.115 secs (0.115u,0.s) (success)
Params: n= 4100
Tactic call cbv ran for 0.122 secs (0.122u,0.s) (success)
Params: n= 4200
Tactic call cbv ran for 0.129 secs (0.129u,0.s) (success)
Params: n= 4300
Tactic call cbv ran for 0.134 secs (0.134u,0.s) (success)
Params: n= 4400
Tactic call cbv ran for 0.14 secs (0.14u,0.s) (success)
Params: n= 4500
Tactic call cbv ran for 0.145 secs (0.145u,0.s) (success)
Params: n= 4600
Tactic call cbv ran for 0.153 secs (0.153u,0.s) (success)
Params: n= 4700
Tactic call cbv ran for 0.159 secs (0.159u,0.s) (success)
Params: n= 4800
Tactic call cbv ran for 0.166 secs (0.162u,0.003s) (success)
Params: n= 4900
Tactic call cbv ran for 0.178 secs (0.174u,0.003s) (success)
Params: n= 5000
Tactic call cbv ran for 0.18 secs (0.18u,0.s) (success)
Params: n= 5100
Tactic call cbv ran for 0.191 secs (0.191u,0.s) (success)
Params: n= 5200
Tactic call cbv ran for 0.201 secs (0.201u,0.s) (success)
Params: n= 5300
Tactic call cbv ran for 0.216 secs (0.216u,0.s) (success)
Params: n= 5400
Tactic call cbv ran for 0.219 secs (0.219u,0.s) (success)
Params: n= 5500
Tactic call cbv ran for 0.226 secs (0.226u,0.s) (success)
Params: n= 5600
Tactic call cbv ran for 0.235 secs (0.235u,0.s) (success)
Params: n= 5700
Tactic call cbv ran for 0.239 secs (0.239u,0.s) (success)
Params: n= 5800
Tactic call cbv ran for 0.248 secs (0.248u,0.s) (success)
Params: n= 5900
Tactic call cbv ran for 0.257 secs (0.257u,0.s) (success)
Params: n= 6000
Tactic call cbv ran for 0.264 secs (0.264u,0.s) (success)
Params: n= 6100
Tactic call cbv ran for 0.274 secs (0.274u,0.s) (success)
Params: n= 6200
Tactic call cbv ran for 0.282 secs (0.282u,0.s) (success)
Params: n= 6300
Tactic call cbv ran for 0.288 secs (0.288u,0.s) (success)
Params: n= 6400
Tactic call cbv ran for 0.295 secs (0.295u,0.s) (success)
Params: n= 6500
Tactic call cbv ran for 0.311 secs (0.307u,0.003s) (success)
Params: n= 6600
Tactic call cbv ran for 0.317 secs (0.317u,0.s) (success)
Params: n= 6700
Tactic call cbv ran for 0.328 secs (0.328u,0.s) (success)
Params: n= 6800
Tactic call cbv ran for 0.345 secs (0.345u,0.s) (success)
Params: n= 6900
Tactic call cbv ran for 0.352 secs (0.348u,0.003s) (success)
Params: n= 7000
Tactic call cbv ran for 0.362 secs (0.362u,0.s) (success)
Params: n= 7100
Tactic call cbv ran for 0.373 secs (0.373u,0.s) (success)
Params: n= 7200
Tactic call cbv ran for 0.384 secs (0.384u,0.s) (success)
Params: n= 7300
Tactic call cbv ran for 0.397 secs (0.397u,0.s) (success)
Params: n= 7400
Tactic call cbv ran for 0.406 secs (0.406u,0.s) (success)
Params: n= 7500
Tactic call cbv ran for 0.418 secs (0.418u,0.s) (success)
Params: n= 7600
Tactic call cbv ran for 0.428 secs (0.428u,0.s) (success)
Params: n= 7700
Tactic call cbv ran for 0.438 secs (0.438u,0.s) (success)
Params: n= 7800
Tactic call cbv ran for 0.444 secs (0.444u,0.s) (success)
Params: n= 7900
Tactic call cbv ran for 0.462 secs (0.462u,0.s) (success)
Params: n= 8000
Tactic call cbv ran for 0.472 secs (0.472u,0.s) (success)
Params: n= 8100
Tactic call cbv ran for 0.49 secs (0.49u,0.s) (success)
Params: n= 8200
Tactic call cbv ran for 0.498 secs (0.498u,0.s) (success)
Params: n= 8300
Tactic call cbv ran for 0.513 secs (0.513u,0.s) (success)
Params: n= 8400
Tactic call cbv ran for 0.523 secs (0.523u,0.s) (success)
Params: n= 8500
Tactic call cbv ran for 0.535 secs (0.535u,0.s) (success)
Params: n= 8600
Tactic call cbv ran for 0.543 secs (0.543u,0.s) (success)
Params: n= 8700
Tactic call cbv ran for 0.574 secs (0.574u,0.s) (success)
Params: n= 8800
Tactic call cbv ran for 0.596 secs (0.592u,0.003s) (success)
Params: n= 8900
Tactic call cbv ran for 0.598 secs (0.598u,0.s) (success)
Params: n= 9000
Tactic call cbv ran for 0.618 secs (0.618u,0.s) (success)
Params: n= 9100
Tactic call cbv ran for 0.628 secs (0.624u,0.004s) (success)
Params: n= 9200
Tactic call cbv ran for 0.635 secs (0.635u,0.s) (success)
Params: n= 9300
Tactic call cbv ran for 0.643 secs (0.639u,0.004s) (success)
Params: n= 9400
Tactic call cbv ran for 0.659 secs (0.656u,0.003s) (success)
Params: n= 9500
Tactic call cbv ran for 0.67 secs (0.67u,0.s) (success)
Params: n= 9600
Tactic call cbv ran for 0.686 secs (0.682u,0.003s) (success)
Params: n= 9700
Tactic call cbv ran for 0.703 secs (0.703u,0.s) (success)
Params: n= 9800
Tactic call cbv ran for 0.72 secs (0.72u,0.s) (success)
Params: n= 9900
Tactic call cbv ran for 0.726 secs (0.726u,0.s) (success)
Params: n= 10000
Tactic call cbv ran for 0.747 secs (0.747u,0.s) (success)
Params: n= 10100
Tactic call cbv ran for 0.761 secs (0.761u,0.s) (success)
Params: n= 10200
Tactic call cbv ran for 0.777 secs (0.777u,0.s) (success)
Params: n= 10300
Tactic call cbv ran for 0.785 secs (0.785u,0.s) (success)
Params: n= 10400
Tactic call cbv ran for 0.801 secs (0.801u,0.s) (success)
Params: n= 10500
Tactic call cbv ran for 0.82 secs (0.82u,0.s) (success)
Params: n= 10600
Tactic call cbv ran for 0.833 secs (0.833u,0.s) (success)
Params: n= 10700
Tactic call cbv ran for 0.855 secs (0.855u,0.s) (success)
Params: n= 10800
Tactic call cbv ran for 0.886 secs (0.886u,0.s) (success)
Params: n= 10900
Tactic call cbv ran for 0.902 secs (0.902u,0.s) (success)
Params: n= 11000
Tactic call cbv ran for 0.911 secs (0.911u,0.s) (success)
Params: n= 11100
Tactic call cbv ran for 0.925 secs (0.925u,0.s) (success)
Params: n= 11200
Tactic call cbv ran for 0.939 secs (0.939u,0.s) (success)
Params: n= 11300
Tactic call cbv ran for 0.953 secs (0.953u,0.s) (success)
Params: n= 11400
Tactic call cbv ran for 0.974 secs (0.974u,0.s) (success)
Params: n= 11500
Tactic call cbv ran for 0.989 secs (0.984u,0.s) (success)
Params: n= 11600
Tactic call cbv ran for 1.001 secs (1.001u,0.s) (success)
Params: n= 11700
Tactic call cbv ran for 1.021 secs (1.021u,0.s) (success)
Params: n= 11800
Tactic call cbv ran for 1.046 secs (1.046u,0.s) (success)
Params: n= 11900
Tactic call cbv ran for 1.055 secs (1.055u,0.s) (success)
