Params: n= 7000
Tactic call build ran for 0.189 secs (0.177u,0.012s)
Tactic call to_constr ran for 0.56 secs (0.5u,0.06s)
Tactic call type_of ran for 0.776 secs (0.776u,0.s)
Tactic call refine ran for 0.305 secs (0.305u,0.s) (success)
Tactic call build-and-refine ran for 1.831 secs (1.759u,0.072s) (success)
Params: n= 7100
Tactic call build ran for 0.286 secs (0.274u,0.011s)
Tactic call to_constr ran for 0.607 secs (0.555u,0.052s)
Tactic call type_of ran for 0.78 secs (0.777u,0.003s)
Tactic call refine ran for 0.314 secs (0.314u,0.s) (success)
Tactic call build-and-refine ran for 1.989 secs (1.921u,0.067s) (success)
Params: n= 7200
Tactic call build ran for 0.174 secs (0.162u,0.012s)
Tactic call to_constr ran for 0.792 secs (0.728u,0.063s)
Tactic call type_of ran for 0.681 secs (0.681u,0.s)
Tactic call refine ran for 0.323 secs (0.323u,0.s) (success)
Tactic call build-and-refine ran for 1.972 secs (1.896u,0.075s) (success)
Params: n= 7300
Tactic call build ran for 0.216 secs (0.216u,0.s)
Tactic call to_constr ran for 0.478 secs (0.458u,0.019s)
Tactic call type_of ran for 1.159 secs (1.159u,0.s)
Tactic call refine ran for 0.333 secs (0.333u,0.s) (success)
Tactic call build-and-refine ran for 2.187 secs (2.167u,0.019s) (success)
Params: n= 7400
Tactic call build ran for 0.249 secs (0.245u,0.003s)
Tactic call to_constr ran for 0.531 secs (0.455u,0.075s)
Tactic call type_of ran for 1.246 secs (1.246u,0.s)
Tactic call refine ran for 0.341 secs (0.341u,0.s) (success)
Tactic call build-and-refine ran for 2.368 secs (2.288u,0.079s) (success)
Params: n= 7500
Tactic call build ran for 0.172 secs (0.168u,0.004s)
Tactic call to_constr ran for 0.551 secs (0.483u,0.067s)
Tactic call type_of ran for 1.258 secs (1.254u,0.003s)
Tactic call refine ran for 0.352 secs (0.352u,0.s) (success)
Tactic call build-and-refine ran for 2.335 secs (2.259u,0.075s) (success)
Params: n= 7600
Tactic call build ran for 0.182 secs (0.182u,0.s)
Tactic call to_constr ran for 0.539 secs (0.5u,0.039s)
Tactic call type_of ran for 2.095 secs (2.047u,0.047s)
Tactic call refine ran for 0.362 secs (0.362u,0.s) (success)
Tactic call build-and-refine ran for 3.18 secs (3.092u,0.088s) (success)
Params: n= 7700
Tactic call build ran for 0.239 secs (0.239u,0.s)
Tactic call to_constr ran for 0.512 secs (0.508u,0.003s)
Tactic call type_of ran for 1.373 secs (1.373u,0.s)
Tactic call refine ran for 0.371 secs (0.371u,0.s) (success)
Tactic call build-and-refine ran for 2.497 secs (2.493u,0.003s) (success)
Params: n= 7800
Tactic call build ran for 0.164 secs (0.164u,0.s)
Tactic call to_constr ran for 0.579 secs (0.527u,0.051s)
Tactic call type_of ran for 1.372 secs (1.364u,0.008s)
Tactic call refine ran for 0.382 secs (0.382u,0.s) (success)
Tactic call build-and-refine ran for 2.499 secs (2.439u,0.059s) (success)
Params: n= 7900
Tactic call build ran for 0.189 secs (0.185u,0.004s)
Tactic call to_constr ran for 0.608 secs (0.56u,0.048s)
Tactic call type_of ran for 1.367 secs (1.367u,0.s)
Tactic call refine ran for 0.391 secs (0.391u,0.s) (success)
Tactic call build-and-refine ran for 2.556 secs (2.504u,0.052s) (success)
Params: n= 8000
Tactic call build ran for 0.223 secs (0.219u,0.003s)
Tactic call to_constr ran for 0.621 secs (0.553u,0.068s)
Tactic call type_of ran for 1.544 secs (1.54u,0.004s)
Tactic call refine ran for 0.401 secs (0.401u,0.s) (success)
Tactic call build-and-refine ran for 2.791 secs (2.715u,0.076s) (success)
Params: n= 8100
Tactic call build ran for 0.188 secs (0.184u,0.003s)
Tactic call to_constr ran for 0.714 secs (0.65u,0.063s)
Tactic call type_of ran for 1.44 secs (1.44u,0.s)
Tactic call refine ran for 0.411 secs (0.411u,0.s) (success)
Tactic call build-and-refine ran for 2.755 secs (2.687u,0.067s) (success)
Params: n= 8200
Tactic call build ran for 0.206 secs (0.202u,0.003s)
Tactic call to_constr ran for 1.532 secs (1.472u,0.06s)
Tactic call type_of ran for 1.099 secs (1.099u,0.s)
Tactic call refine ran for 0.422 secs (0.422u,0.s) (success)
Tactic call build-and-refine ran for 3.26 secs (3.196u,0.063s) (success)
Params: n= 8300
Tactic call build ran for 0.182 secs (0.182u,0.s)
Tactic call to_constr ran for 1.194 secs (1.174u,0.02s)
Tactic call type_of ran for 0.958 secs (0.958u,0.s)
Tactic call refine ran for 0.434 secs (0.434u,0.s) (success)
Tactic call build-and-refine ran for 2.77 secs (2.749u,0.02s) (success)
Params: n= 8400
Tactic call build ran for 0.195 secs (0.191u,0.003s)
Tactic call to_constr ran for 1.278 secs (1.242u,0.035s)
Tactic call type_of ran for 0.942 secs (0.942u,0.s)
Tactic call refine ran for 0.444 secs (0.444u,0.s) (success)
Tactic call build-and-refine ran for 2.86 secs (2.82u,0.039s) (success)
Params: n= 8500
Tactic call build ran for 0.267 secs (0.259u,0.007s)
Tactic call to_constr ran for 1.389 secs (1.305u,0.084s)
Tactic call type_of ran for 0.943 secs (0.943u,0.s)
Tactic call refine ran for 0.454 secs (0.454u,0.s) (success)
Tactic call build-and-refine ran for 3.055 secs (2.963u,0.092s) (success)
Params: n= 8600
Tactic call build ran for 0.235 secs (0.223u,0.011s)
Tactic call to_constr ran for 1.354 secs (1.282u,0.071s)
Tactic call type_of ran for 0.964 secs (0.964u,0.s)
Tactic call refine ran for 0.465 secs (0.465u,0.s) (success)
Tactic call build-and-refine ran for 3.02 secs (2.936u,0.083s) (success)
Params: n= 8700
Tactic call build ran for 0.197 secs (0.197u,0.s)
Tactic call to_constr ran for 1.22 secs (1.22u,0.s)
Tactic call type_of ran for 1.088 secs (1.088u,0.s)
Tactic call refine ran for 0.476 secs (0.476u,0.s) (success)
Tactic call build-and-refine ran for 2.982 secs (2.982u,0.s) (success)
Params: n= 8800
Tactic call build ran for 0.239 secs (0.239u,0.s)
Tactic call to_constr ran for 1.255 secs (1.255u,0.s)
Tactic call type_of ran for 1.012 secs (1.012u,0.s)
Tactic call refine ran for 0.487 secs (0.487u,0.s) (success)
Tactic call build-and-refine ran for 2.996 secs (2.996u,0.s) (success)
Params: n= 8900
Tactic call build ran for 0.195 secs (0.195u,0.s)
Tactic call to_constr ran for 1.375 secs (1.347u,0.027s)
Tactic call type_of ran for 1.038 secs (1.038u,0.s)
Tactic call refine ran for 0.5 secs (0.5u,0.s) (success)
Tactic call build-and-refine ran for 3.109 secs (3.081u,0.027s) (success)
Params: n= 9000
Tactic call build ran for 0.217 secs (0.209u,0.008s)
Tactic call to_constr ran for 2.12 secs (2.028u,0.092s)
Tactic call type_of ran for 1.191 secs (1.191u,0.s)
Tactic call refine ran for 0.51 secs (0.51u,0.s) (success)
Tactic call build-and-refine ran for 4.039 secs (3.939u,0.1s) (success)
Params: n= 9100
Tactic call build ran for 0.221 secs (0.221u,0.s)
Tactic call to_constr ran for 1.372 secs (1.372u,0.s)
Tactic call type_of ran for 1.082 secs (1.082u,0.s)
Tactic call refine ran for 0.521 secs (0.517u,0.003s) (success)
Tactic call build-and-refine ran for 3.198 secs (3.194u,0.003s) (success)
Params: n= 9200
Tactic call build ran for 0.258 secs (0.258u,0.s)
Tactic call to_constr ran for 0.939 secs (0.839u,0.099s)
Tactic call type_of ran for 1.85 secs (1.846u,0.004s)
Tactic call refine ran for 0.533 secs (0.533u,0.s) (success)
Tactic call build-and-refine ran for 3.581 secs (3.476u,0.103s) (success)
Params: n= 9300
Tactic call build ran for 0.255 secs (0.239u,0.015s)
Tactic call to_constr ran for 1.414 secs (1.37u,0.043s)
Tactic call type_of ran for 1.134 secs (1.134u,0.s)
Tactic call refine ran for 0.545 secs (0.545u,0.s) (success)
Tactic call build-and-refine ran for 3.35 secs (3.29u,0.059s) (success)
Params: n= 9400
Tactic call build ran for 0.211 secs (0.211u,0.s)
Tactic call to_constr ran for 0.948 secs (0.932u,0.015s)
Tactic call type_of ran for 1.907 secs (1.903u,0.003s)
Tactic call refine ran for 0.556 secs (0.556u,0.s) (success)
Tactic call build-and-refine ran for 3.624 secs (3.604u,0.02s) (success)
Params: n= 9500
Tactic call build ran for 0.24 secs (0.24u,0.s)
Tactic call to_constr ran for 1.435 secs (1.407u,0.027s)
Tactic call type_of ran for 1.183 secs (1.183u,0.s)
Tactic call refine ran for 0.568 secs (0.568u,0.s) (success)
Tactic call build-and-refine ran for 3.428 secs (3.4u,0.027s) (success)
Params: n= 9600
Tactic call build ran for 0.232 secs (0.228u,0.003s)
Tactic call to_constr ran for 2.195 secs (2.122u,0.071s)
Tactic call type_of ran for 1.372 secs (1.372u,0.s)
Tactic call refine ran for 0.581 secs (0.581u,0.s) (success)
Tactic call build-and-refine ran for 4.382 secs (4.306u,0.075s) (success)
Params: n= 9700
Tactic call build ran for 0.224 secs (0.22u,0.003s)
Tactic call to_constr ran for 1.444 secs (1.428u,0.016s)
Tactic call type_of ran for 1.239 secs (1.239u,0.s)
Tactic call refine ran for 0.593 secs (0.593u,0.s) (success)
Tactic call build-and-refine ran for 3.501 secs (3.481u,0.02s) (success)
Params: n= 9800
Tactic call build ran for 0.336 secs (0.332u,0.003s)
Tactic call to_constr ran for 0.976 secs (0.872u,0.104s)
Tactic call type_of ran for 2.129 secs (2.121u,0.008s)
Tactic call refine ran for 0.607 secs (0.607u,0.s) (success)
Tactic call build-and-refine ran for 4.049 secs (3.933u,0.116s) (success)
Params: n= 9900
Tactic call build ran for 0.276 secs (0.268u,0.007s)
Tactic call to_constr ran for 1.103 secs (1.039u,0.063s)
Tactic call type_of ran for 1.507 secs (1.507u,0.s)
Tactic call refine ran for 0.618 secs (0.618u,0.s) (success)
Tactic call build-and-refine ran for 3.506 secs (3.434u,0.071s) (success)
Params: n= 10000
Tactic call build ran for 1.001 secs (0.961u,0.039s)
Tactic call to_constr ran for 1.657 secs (1.657u,0.s)
Tactic call type_of ran for 1.31 secs (1.31u,0.s)
Tactic call refine ran for 0.631 secs (0.631u,0.s) (success)
Tactic call build-and-refine ran for 4.6 secs (4.56u,0.04s) (success)
Params: n= 10100
Tactic call build ran for 0.258 secs (0.258u,0.s)
Tactic call to_constr ran for 0.997 secs (0.925u,0.071s)
Tactic call type_of ran for 1.992 secs (1.992u,0.s)
Tactic call refine ran for 0.642 secs (0.642u,0.s) (success)
Tactic call build-and-refine ran for 3.891 secs (3.819u,0.071s) (success)
Params: n= 10200
Tactic call build ran for 0.342 secs (0.334u,0.008s)
Tactic call to_constr ran for 1.59 secs (1.498u,0.091s)
Tactic call type_of ran for 1.382 secs (1.382u,0.s)
Tactic call refine ran for 0.656 secs (0.656u,0.s) (success)
Tactic call build-and-refine ran for 3.972 secs (3.872u,0.099s) (success)
Params: n= 10300
Tactic call build ran for 0.295 secs (0.283u,0.012s)
Tactic call to_constr ran for 1.013 secs (0.961u,0.051s)
Tactic call type_of ran for 2.347 secs (2.347u,0.s)
Tactic call refine ran for 0.671 secs (0.671u,0.s) (success)
Tactic call build-and-refine ran for 4.327 secs (4.263u,0.064s) (success)
Params: n= 10400
Tactic call build ran for 1.044 secs (0.988u,0.055s)
Tactic call to_constr ran for 1.604 secs (1.604u,0.s)
Tactic call type_of ran for 1.446 secs (1.446u,0.s)
Tactic call refine ran for 0.684 secs (0.684u,0.s) (success)
Tactic call build-and-refine ran for 4.78 secs (4.724u,0.055s) (success)
Params: n= 10500
Tactic call build ran for 0.289 secs (0.269u,0.019s)
Tactic call to_constr ran for 1.072 secs (0.964u,0.108s)
Tactic call type_of ran for 2.444 secs (2.444u,0.s)
Tactic call refine ran for 0.696 secs (0.696u,0.s) (success)
Tactic call build-and-refine ran for 4.502 secs (4.374u,0.127s) (success)
Params: n= 10600
Tactic call build ran for 0.366 secs (0.362u,0.003s)
Tactic call to_constr ran for 1.673 secs (1.589u,0.083s)
Tactic call type_of ran for 1.508 secs (1.508u,0.s)
Tactic call refine ran for 0.71 secs (0.71u,0.s) (success)
Tactic call build-and-refine ran for 4.259 secs (4.171u,0.087s) (success)
Params: n= 10700
Tactic call build ran for 0.306 secs (0.298u,0.007s)
Tactic call to_constr ran for 1.114 secs (0.998u,0.116s)
Tactic call type_of ran for 2.512 secs (2.508u,0.004s)
Tactic call refine ran for 0.725 secs (0.725u,0.s) (success)
Tactic call build-and-refine ran for 4.679 secs (4.53u,0.128s) (success)
Params: n= 10800
Tactic call build ran for 1.067 secs (1.007u,0.059s)
Tactic call to_constr ran for 1.635 secs (1.591u,0.043s)
Tactic call type_of ran for 1.571 secs (1.571u,0.s)
Tactic call refine ran for 0.739 secs (0.739u,0.s) (success)
Tactic call build-and-refine ran for 5.013 secs (4.909u,0.103s) (success)
Params: n= 10900
Tactic call build ran for 0.311 secs (0.303u,0.007s)
Tactic call to_constr ran for 1.151 secs (1.055u,0.095s)
Tactic call type_of ran for 2.633 secs (2.633u,0.s)
Tactic call refine ran for 0.752 secs (0.752u,0.s) (success)
Tactic call build-and-refine ran for 4.848 secs (4.744u,0.103s) (success)
Params: n= 11000
Tactic call build ran for 0.38 secs (0.364u,0.015s)
Tactic call to_constr ran for 1.784 secs (1.684u,0.1s)
Tactic call type_of ran for 1.635 secs (1.635u,0.s)
Tactic call refine ran for 0.765 secs (0.765u,0.s) (success)
Tactic call build-and-refine ran for 4.565 secs (4.449u,0.116s) (success)
Params: n= 11100
Tactic call build ran for 0.315 secs (0.311u,0.003s)
Tactic call to_constr ran for 1.138 secs (1.094u,0.043s)
Tactic call type_of ran for 2.767 secs (2.767u,0.s)
Tactic call refine ran for 0.778 secs (0.778u,0.s) (success)
Tactic call build-and-refine ran for 4.999 secs (4.951u,0.047s) (success)
Params: n= 11200
Tactic call build ran for 1.041 secs (0.993u,0.047s)
Tactic call to_constr ran for 1.745 secs (1.697u,0.048s)
Tactic call type_of ran for 1.701 secs (1.701u,0.s)
Tactic call refine ran for 0.792 secs (0.792u,0.s) (success)
Tactic call build-and-refine ran for 5.281 secs (5.185u,0.096s) (success)
Params: n= 11300
Tactic call build ran for 0.316 secs (0.296u,0.019s)
Tactic call to_constr ran for 1.232 secs (1.1u,0.132s)
Tactic call type_of ran for 2.779 secs (2.779u,0.s)
Tactic call refine ran for 0.806 secs (0.806u,0.s) (success)
Tactic call build-and-refine ran for 5.133 secs (4.981u,0.152s) (success)
Params: n= 11400
Tactic call build ran for 0.384 secs (0.376u,0.007s)
Tactic call to_constr ran for 1.811 secs (1.709u,0.099s)
Tactic call type_of ran for 1.78 secs (1.78u,0.s)
Tactic call refine ran for 0.817 secs (0.817u,0.s) (success)
Tactic call build-and-refine ran for 4.793 secs (4.684u,0.107s) (success)
Params: n= 11500
Tactic call build ran for 0.32 secs (0.312u,0.008s)
Tactic call to_constr ran for 2.217 secs (2.169u,0.047s)
Tactic call type_of ran for 1.726 secs (1.726u,0.s)
Tactic call refine ran for 0.833 secs (0.833u,0.s) (success)
Tactic call build-and-refine ran for 5.098 secs (5.042u,0.056s) (success)
Params: n= 11600
Tactic call build ran for 1.047 secs (0.979u,0.067s)
Tactic call to_constr ran for 1.798 secs (1.766u,0.032s)
Tactic call type_of ran for 1.754 secs (1.754u,0.s)
Tactic call refine ran for 0.848 secs (0.848u,0.s) (success)
Tactic call build-and-refine ran for 5.449 secs (5.349u,0.099s) (success)
Params: n= 11700
Tactic call build ran for 0.329 secs (0.297u,0.031s)
Tactic call to_constr ran for 1.958 secs (1.837u,0.12s)
Tactic call type_of ran for 1.846 secs (1.846u,0.s)
Tactic call refine ran for 0.861 secs (0.861u,0.s) (success)
Tactic call build-and-refine ran for 4.994 secs (4.842u,0.151s) (success)
Params: n= 11800
Tactic call build ran for 0.382 secs (0.362u,0.019s)
Tactic call to_constr ran for 2.226 secs (2.094u,0.131s)
Tactic call type_of ran for 1.808 secs (1.808u,0.s)
Tactic call refine ran for 0.874 secs (0.874u,0.s) (success)
Tactic call build-and-refine ran for 5.292 secs (5.14u,0.151s) (success)
Params: n= 11900
Tactic call build ran for 0.335 secs (0.315u,0.019s)
Tactic call to_constr ran for 2.679 secs (2.583u,0.095s)
Tactic call type_of ran for 1.925 secs (1.925u,0.s)
Tactic call refine ran for 0.891 secs (0.891u,0.s) (success)
Tactic call build-and-refine ran for 5.831 secs (5.715u,0.116s) (success)
Params: n= 12000
Tactic call build ran for 0.328 secs (0.328u,0.s)
Tactic call to_constr ran for 2.021 secs (1.949u,0.071s)
Tactic call type_of ran for 1.874 secs (1.874u,0.s)
Tactic call refine ran for 0.906 secs (0.906u,0.s) (success)
Tactic call build-and-refine ran for 5.13 secs (5.058u,0.071s) (success)
Params: n= 12100
Tactic call build ran for 0.402 secs (0.394u,0.007s)
Tactic call to_constr ran for 2.525 secs (2.417u,0.107s)
Tactic call type_of ran for 1.905 secs (1.905u,0.s)
Tactic call refine ran for 0.921 secs (0.921u,0.s) (success)
Tactic call build-and-refine ran for 5.754 secs (5.638u,0.115s) (success)
Params: n= 12200
Tactic call build ran for 0.322 secs (0.318u,0.004s)
Tactic call to_constr ran for 1.939 secs (1.903u,0.035s)
Tactic call type_of ran for 2.065 secs (2.065u,0.s)
Tactic call refine ran for 0.937 secs (0.937u,0.s) (success)
Tactic call build-and-refine ran for 5.264 secs (5.224u,0.04s) (success)
Params: n= 12300
Tactic call build ran for 0.327 secs (0.311u,0.015s)
Tactic call to_constr ran for 2.769 secs (2.696u,0.072s)
Tactic call type_of ran for 2.099 secs (2.099u,0.s)
Tactic call refine ran for 0.951 secs (0.951u,0.s) (success)
Tactic call build-and-refine ran for 6.148 secs (6.06u,0.087s) (success)
Params: n= 12400
Tactic call build ran for 0.293 secs (0.293u,0.s)
Tactic call to_constr ran for 2.114 secs (2.026u,0.087s)
Tactic call type_of ran for 2.001 secs (2.001u,0.s)
Tactic call refine ran for 0.968 secs (0.968u,0.s) (success)
Tactic call build-and-refine ran for 5.378 secs (5.29u,0.088s) (success)
Params: n= 12500
Tactic call build ran for 0.412 secs (0.396u,0.015s)
Tactic call to_constr ran for 2.674 secs (2.554u,0.12s)
Tactic call type_of ran for 2.036 secs (2.036u,0.s)
Tactic call refine ran for 0.983 secs (0.983u,0.s) (success)
Tactic call build-and-refine ran for 6.106 secs (5.97u,0.136s) (success)
Params: n= 12600
Tactic call build ran for 0.359 secs (0.347u,0.012s)
Tactic call to_constr ran for 2.04 secs (2.u,0.039s)
Tactic call type_of ran for 2.237 secs (2.237u,0.s)
Tactic call refine ran for 0.999 secs (0.999u,0.s) (success)
Tactic call build-and-refine ran for 5.636 secs (5.584u,0.051s) (success)
Params: n= 12700
Tactic call build ran for 0.302 secs (0.302u,0.s)
Tactic call to_constr ran for 2.829 secs (2.765u,0.064s)
Tactic call type_of ran for 2.232 secs (2.232u,0.s)
Tactic call refine ran for 1.015 secs (1.015u,0.s) (success)
Tactic call build-and-refine ran for 6.379 secs (6.315u,0.064s) (success)
Params: n= 12800
Tactic call build ran for 0.303 secs (0.303u,0.s)
Tactic call to_constr ran for 2.215 secs (2.071u,0.143s)
Tactic call type_of ran for 2.137 secs (2.137u,0.s)
Tactic call refine ran for 1.032 secs (1.032u,0.s) (success)
Tactic call build-and-refine ran for 5.688 secs (5.544u,0.143s) (success)
Params: n= 12900
Tactic call build ran for 0.427 secs (0.423u,0.003s)
Tactic call to_constr ran for 2.683 secs (2.515u,0.167s)
Tactic call type_of ran for 2.171 secs (2.167u,0.003s)
Tactic call refine ran for 1.047 secs (1.047u,0.s) (success)
Tactic call build-and-refine ran for 6.33 secs (6.154u,0.175s) (success)
Params: n= 13000
Tactic call build ran for 0.337 secs (0.337u,0.s)
Tactic call to_constr ran for 2.07 secs (2.038u,0.032s)
Tactic call type_of ran for 2.378 secs (2.378u,0.s)
Tactic call refine ran for 1.065 secs (1.065u,0.s) (success)
Tactic call build-and-refine ran for 5.851 secs (5.819u,0.032s) (success)
Params: n= 13100
Tactic call build ran for 0.313 secs (0.313u,0.s)
Tactic call to_constr ran for 2.964 secs (2.844u,0.119s)
Tactic call type_of ran for 2.406 secs (2.406u,0.s)
Tactic call refine ran for 1.082 secs (1.082u,0.s) (success)
Tactic call build-and-refine ran for 6.766 secs (6.646u,0.119s) (success)
Params: n= 13200
Tactic call build ran for 0.314 secs (0.314u,0.s)
Tactic call to_constr ran for 2.091 secs (2.035u,0.055s)
Tactic call type_of ran for 2.447 secs (2.447u,0.s)
Tactic call refine ran for 1.098 secs (1.098u,0.s) (success)
Tactic call build-and-refine ran for 5.952 secs (5.896u,0.055s) (success)
Params: n= 13300
Tactic call build ran for 0.345 secs (0.321u,0.024s)
Tactic call to_constr ran for 2.878 secs (2.79u,0.087s)
Tactic call type_of ran for 2.479 secs (2.479u,0.s)
Tactic call refine ran for 1.115 secs (1.115u,0.s) (success)
Tactic call build-and-refine ran for 6.819 secs (6.707u,0.111s) (success)
Params: n= 13400
Tactic call build ran for 0.32 secs (0.32u,0.s)
Tactic call to_constr ran for 2.231 secs (2.155u,0.075s)
Tactic call type_of ran for 2.521 secs (2.521u,0.s)
Tactic call refine ran for 1.132 secs (1.132u,0.s) (success)
Tactic call build-and-refine ran for 6.205 secs (6.129u,0.076s) (success)
Params: n= 13500
Tactic call build ran for 0.349 secs (0.341u,0.007s)
Tactic call to_constr ran for 3.324 secs (3.24u,0.084s)
Tactic call type_of ran for 2.556 secs (2.556u,0.s)
Tactic call refine ran for 1.149 secs (1.149u,0.s) (success)
Tactic call build-and-refine ran for 7.38 secs (7.288u,0.091s) (success)
Params: n= 13600
Tactic call build ran for 0.324 secs (0.324u,0.s)
Tactic call to_constr ran for 2.799 secs (2.683u,0.115s)
Tactic call type_of ran for 2.6 secs (2.6u,0.s)
Tactic call refine ran for 1.166 secs (1.166u,0.s) (success)
Tactic call build-and-refine ran for 6.891 secs (6.775u,0.116s) (success)
Params: n= 13700
Tactic call build ran for 0.359 secs (0.347u,0.011s)
Tactic call to_constr ran for 3.688 secs (3.596u,0.092s)
Tactic call type_of ran for 2.646 secs (2.646u,0.s)
Tactic call refine ran for 1.19 secs (1.19u,0.s) (success)
Tactic call build-and-refine ran for 7.884 secs (7.78u,0.104s) (success)
Params: n= 13800
Tactic call build ran for 0.342 secs (0.342u,0.s)
Tactic call to_constr ran for 2.945 secs (2.853u,0.091s)
Tactic call type_of ran for 2.7 secs (2.699u,0.s)
Tactic call refine ran for 1.203 secs (1.203u,0.s) (success)
Tactic call build-and-refine ran for 7.191 secs (7.099u,0.091s) (success)
Params: n= 13900
Tactic call build ran for 0.367 secs (0.363u,0.003s)
Tactic call to_constr ran for 3.724 secs (3.608u,0.116s)
Tactic call type_of ran for 2.72 secs (2.72u,0.s)
Tactic call refine ran for 1.22 secs (1.22u,0.s) (success)
Tactic call build-and-refine ran for 8.033 secs (7.913u,0.12s) (success)
Params: n= 14000
Tactic call build ran for 0.338 secs (0.338u,0.s)
Tactic call to_constr ran for 3.009 secs (2.901u,0.107s)
Tactic call type_of ran for 2.77 secs (2.77u,0.s)
Tactic call refine ran for 1.239 secs (1.239u,0.s) (success)
Tactic call build-and-refine ran for 7.357 secs (7.249u,0.107s) (success)
