Params: n= 0
Tactic call build ran for 0. secs (0.u,0.s)
Tactic call to_constr ran for 0. secs (0.u,0.s)
Tactic call type_of ran for 0. secs (0.u,0.s)
Tactic call refine ran for 0. secs (0.u,0.s) (success)
Tactic call build-and-refine ran for 0. secs (0.u,0.s) (success)
Params: n= 100
Tactic call build ran for 0.001 secs (0.001u,0.s)
Tactic call to_constr ran for 0. secs (0.u,0.s)
Tactic call type_of ran for 0. secs (0.u,0.s)
Tactic call refine ran for 0. secs (0.u,0.s) (success)
Tactic call build-and-refine ran for 0.002 secs (0.001u,0.s) (success)
Params: n= 200
Tactic call build ran for 0.003 secs (0.003u,0.s)
Tactic call to_constr ran for 0. secs (0.u,0.s)
Tactic call type_of ran for 0. secs (0.u,0.s)
Tactic call refine ran for 0. secs (0.u,0.s) (success)
Tactic call build-and-refine ran for 0.004 secs (0.004u,0.s) (success)
Params: n= 300
Tactic call build ran for 0.004 secs (0.004u,0.s)
Tactic call to_constr ran for 0.001 secs (0.001u,0.s)
Tactic call type_of ran for 0.044 secs (0.044u,0.s)
Tactic call refine ran for 0. secs (0.u,0.s) (success)
Tactic call build-and-refine ran for 0.051 secs (0.051u,0.s) (success)
Params: n= 400
Tactic call build ran for 0.006 secs (0.006u,0.s)
Tactic call to_constr ran for 0.001 secs (0.001u,0.s)
Tactic call type_of ran for 0.004 secs (0.004u,0.s)
Tactic call refine ran for 0. secs (0.u,0.s) (success)
Tactic call build-and-refine ran for 0.013 secs (0.013u,0.s) (success)
Params: n= 500
Tactic call build ran for 0.007 secs (0.007u,0.s)
Tactic call to_constr ran for 0.002 secs (0.002u,0.s)
Tactic call type_of ran for 0.019 secs (0.019u,0.s)
Tactic call refine ran for 0.001 secs (0.001u,0.s) (success)
Tactic call build-and-refine ran for 0.031 secs (0.031u,0.s) (success)
Params: n= 600
Tactic call build ran for 0.009 secs (0.009u,0.s)
Tactic call to_constr ran for 0.004 secs (0.u,0.003s)
Tactic call type_of ran for 0.009 secs (0.009u,0.s)
Tactic call refine ran for 0.001 secs (0.001u,0.s) (success)
Tactic call build-and-refine ran for 0.025 secs (0.021u,0.003s) (success)
Params: n= 700
Tactic call build ran for 0.01 secs (0.01u,0.s)
Tactic call to_constr ran for 0.005 secs (0.005u,0.s)
Tactic call type_of ran for 0.029 secs (0.029u,0.s)
Tactic call refine ran for 0.002 secs (0.002u,0.s) (success)
Tactic call build-and-refine ran for 0.048 secs (0.048u,0.s) (success)
Params: n= 800
Tactic call build ran for 0.012 secs (0.012u,0.s)
Tactic call to_constr ran for 0.007 secs (0.007u,0.s)
Tactic call type_of ran for 0.013 secs (0.013u,0.s)
Tactic call refine ran for 0.003 secs (0.003u,0.s) (success)
Tactic call build-and-refine ran for 0.037 secs (0.037u,0.s) (success)
Params: n= 900
Tactic call build ran for 0.014 secs (0.014u,0.s)
Tactic call to_constr ran for 0.008 secs (0.008u,0.s)
Tactic call type_of ran for 0.043 secs (0.043u,0.s)
Tactic call refine ran for 0.004 secs (0.004u,0.s) (success)
Tactic call build-and-refine ran for 0.071 secs (0.071u,0.s) (success)
Params: n= 1000
Tactic call build ran for 0.015 secs (0.015u,0.s)
Tactic call to_constr ran for 0.01 secs (0.01u,0.s)
Tactic call type_of ran for 0.02 secs (0.02u,0.s)
Tactic call refine ran for 0.005 secs (0.005u,0.s) (success)
Tactic call build-and-refine ran for 0.052 secs (0.052u,0.s) (success)
Params: n= 1100
Tactic call build ran for 0.017 secs (0.017u,0.s)
Tactic call to_constr ran for 0.013 secs (0.013u,0.s)
Tactic call type_of ran for 0.036 secs (0.036u,0.s)
Tactic call refine ran for 0.006 secs (0.006u,0.s) (success)
Tactic call build-and-refine ran for 0.073 secs (0.073u,0.s) (success)
Params: n= 1200
Tactic call build ran for 0.018 secs (0.018u,0.s)
Tactic call to_constr ran for 0.015 secs (0.015u,0.s)
Tactic call type_of ran for 0.028 secs (0.02u,0.007s)
Tactic call refine ran for 0.007 secs (0.007u,0.s) (success)
Tactic call build-and-refine ran for 0.07 secs (0.062u,0.007s) (success)
Params: n= 1300
Tactic call build ran for 0.02 secs (0.02u,0.s)
Tactic call to_constr ran for 0.018 secs (0.018u,0.s)
Tactic call type_of ran for 0.032 secs (0.032u,0.s)
Tactic call refine ran for 0.009 secs (0.009u,0.s) (success)
Tactic call build-and-refine ran for 0.081 secs (0.081u,0.s) (success)
Params: n= 1400
Tactic call build ran for 0.022 secs (0.022u,0.s)
Tactic call to_constr ran for 0.021 secs (0.017u,0.003s)
Tactic call type_of ran for 0.038 secs (0.034u,0.004s)
Tactic call refine ran for 0.01 secs (0.01u,0.s) (success)
Tactic call build-and-refine ran for 0.093 secs (0.085u,0.007s) (success)
Params: n= 1500
Tactic call build ran for 0.023 secs (0.023u,0.s)
Tactic call to_constr ran for 0.024 secs (0.02u,0.003s)
Tactic call type_of ran for 0.055 secs (0.051u,0.003s)
Tactic call refine ran for 0.012 secs (0.012u,0.s) (success)
Tactic call build-and-refine ran for 0.116 secs (0.108u,0.007s) (success)
Params: n= 1600
Tactic call build ran for 0.025 secs (0.025u,0.s)
Tactic call to_constr ran for 0.028 secs (0.024u,0.003s)
Tactic call type_of ran for 0.05 secs (0.049u,0.s)
Tactic call refine ran for 0.014 secs (0.014u,0.s) (success)
Tactic call build-and-refine ran for 0.118 secs (0.113u,0.004s) (success)
Params: n= 1700
Tactic call build ran for 0.026 secs (0.026u,0.s)
Tactic call to_constr ran for 0.047 secs (0.043u,0.003s)
Tactic call type_of ran for 0.057 secs (0.056u,0.s)
Tactic call refine ran for 0.016 secs (0.016u,0.s) (success)
Tactic call build-and-refine ran for 0.147 secs (0.143u,0.003s) (success)
Params: n= 1800
Tactic call build ran for 0.045 secs (0.045u,0.s)
Tactic call to_constr ran for 0.036 secs (0.028u,0.007s)
Tactic call type_of ran for 0.065 secs (0.065u,0.s)
Tactic call refine ran for 0.018 secs (0.018u,0.s) (success)
Tactic call build-and-refine ran for 0.165 secs (0.157u,0.007s) (success)
Params: n= 1900
Tactic call build ran for 0.044 secs (0.043u,0.s)
Tactic call to_constr ran for 0.036 secs (0.032u,0.004s)
Tactic call type_of ran for 0.122 secs (0.122u,0.s)
Tactic call refine ran for 0.02 secs (0.02u,0.s) (success)
Tactic call build-and-refine ran for 0.223 secs (0.219u,0.004s) (success)
Params: n= 2000
Tactic call build ran for 0.032 secs (0.032u,0.s)
Tactic call to_constr ran for 0.046 secs (0.042u,0.004s)
Tactic call type_of ran for 0.084 secs (0.084u,0.s)
Tactic call refine ran for 0.023 secs (0.023u,0.s) (success)
Tactic call build-and-refine ran for 0.186 secs (0.182u,0.004s) (success)
Params: n= 2100
Tactic call build ran for 0.076 secs (0.076u,0.s)
Tactic call to_constr ran for 0.049 secs (0.045u,0.003s)
Tactic call type_of ran for 0.09 secs (0.09u,0.s)
Tactic call refine ran for 0.025 secs (0.025u,0.s) (success)
Tactic call build-and-refine ran for 0.242 secs (0.238u,0.003s) (success)
Params: n= 2200
Tactic call build ran for 0.04 secs (0.04u,0.s)
Tactic call to_constr ran for 0.055 secs (0.055u,0.s)
Tactic call type_of ran for 0.099 secs (0.091u,0.007s)
Tactic call refine ran for 0.027 secs (0.027u,0.s) (success)
Tactic call build-and-refine ran for 0.223 secs (0.215u,0.007s) (success)
Params: n= 2300
Tactic call build ran for 0.036 secs (0.036u,0.s)
Tactic call to_constr ran for 0.059 secs (0.051u,0.007s)
Tactic call type_of ran for 0.112 secs (0.111u,0.s)
Tactic call refine ran for 0.03 secs (0.03u,0.s) (success)
Tactic call build-and-refine ran for 0.239 secs (0.23u,0.008s) (success)
Params: n= 2400
Tactic call build ran for 0.047 secs (0.046u,0.s)
Tactic call to_constr ran for 0.066 secs (0.054u,0.011s)
Tactic call type_of ran for 0.12 secs (0.12u,0.s)
Tactic call refine ran for 0.033 secs (0.033u,0.s) (success)
Tactic call build-and-refine ran for 0.267 secs (0.255u,0.011s) (success)
Params: n= 2500
Tactic call build ran for 0.052 secs (0.052u,0.s)
Tactic call to_constr ran for 0.07 secs (0.066u,0.003s)
Tactic call type_of ran for 0.136 secs (0.136u,0.s)
Tactic call refine ran for 0.037 secs (0.036u,0.s) (success)
Tactic call build-and-refine ran for 0.296 secs (0.292u,0.003s) (success)
Params: n= 2600
Tactic call build ran for 0.085 secs (0.085u,0.s)
Tactic call to_constr ran for 0.059 secs (0.059u,0.s)
Tactic call type_of ran for 0.219 secs (0.219u,0.s)
Tactic call refine ran for 0.04 secs (0.04u,0.s) (success)
Tactic call build-and-refine ran for 0.404 secs (0.404u,0.s) (success)
Params: n= 2700
Tactic call build ran for 0.042 secs (0.042u,0.s)
Tactic call to_constr ran for 0.073 secs (0.073u,0.s)
Tactic call type_of ran for 0.157 secs (0.157u,0.s)
Tactic call refine ran for 0.043 secs (0.043u,0.s) (success)
Tactic call build-and-refine ran for 0.318 secs (0.317u,0.s) (success)
Params: n= 2800
Tactic call build ran for 0.056 secs (0.056u,0.s)
Tactic call to_constr ran for 0.078 secs (0.078u,0.s)
Tactic call type_of ran for 0.167 secs (0.167u,0.s)
Tactic call refine ran for 0.046 secs (0.046u,0.s) (success)
Tactic call build-and-refine ran for 0.35 secs (0.35u,0.s) (success)
Params: n= 2900
Tactic call build ran for 0.046 secs (0.046u,0.s)
Tactic call to_constr ran for 0.09 secs (0.086u,0.003s)
Tactic call type_of ran for 0.182 secs (0.174u,0.008s)
Tactic call refine ran for 0.05 secs (0.05u,0.s) (success)
Tactic call build-and-refine ran for 0.37 secs (0.357u,0.011s) (success)
Params: n= 3000
Tactic call build ran for 0.058 secs (0.058u,0.s)
Tactic call to_constr ran for 0.177 secs (0.168u,0.007s)
Tactic call type_of ran for 0.121 secs (0.121u,0.s)
Tactic call refine ran for 0.054 secs (0.054u,0.s) (success)
Tactic call build-and-refine ran for 0.411 secs (0.403u,0.007s) (success)
Params: n= 3100
Tactic call build ran for 0.048 secs (0.048u,0.s)
Tactic call to_constr ran for 0.097 secs (0.097u,0.s)
Tactic call type_of ran for 0.212 secs (0.212u,0.s)
Tactic call refine ran for 0.058 secs (0.058u,0.s) (success)
Tactic call build-and-refine ran for 0.417 secs (0.417u,0.s) (success)
Params: n= 3200
Tactic call build ran for 0.091 secs (0.091u,0.s)
Tactic call to_constr ran for 0.09 secs (0.09u,0.s)
Tactic call type_of ran for 0.315 secs (0.314u,0.s)
Tactic call refine ran for 0.062 secs (0.062u,0.s) (success)
Tactic call build-and-refine ran for 0.559 secs (0.558u,0.s) (success)
Params: n= 3300
Tactic call build ran for 0.052 secs (0.052u,0.s)
Tactic call to_constr ran for 0.128 secs (0.127u,0.s)
Tactic call type_of ran for 0.162 secs (0.162u,0.s)
Tactic call refine ran for 0.066 secs (0.066u,0.s) (success)
Tactic call build-and-refine ran for 0.41 secs (0.41u,0.s) (success)
Params: n= 3400
Tactic call build ran for 0.055 secs (0.055u,0.s)
Tactic call to_constr ran for 0.125 secs (0.125u,0.s)
Tactic call type_of ran for 0.405 secs (0.404u,0.s)
Tactic call refine ran for 0.071 secs (0.07u,0.s) (success)
Tactic call build-and-refine ran for 0.657 secs (0.656u,0.s) (success)
Params: n= 3500
Tactic call build ran for 0.074 secs (0.074u,0.s)
Tactic call to_constr ran for 0.107 secs (0.107u,0.s)
Tactic call type_of ran for 0.353 secs (0.353u,0.s)
Tactic call refine ran for 0.075 secs (0.075u,0.s) (success)
Tactic call build-and-refine ran for 0.611 secs (0.61u,0.s) (success)
Params: n= 3600
Tactic call build ran for 0.078 secs (0.077u,0.s)
Tactic call to_constr ran for 0.113 secs (0.112u,0.s)
Tactic call type_of ran for 0.254 secs (0.254u,0.s)
Tactic call refine ran for 0.079 secs (0.079u,0.s) (success)
Tactic call build-and-refine ran for 0.525 secs (0.525u,0.s) (success)
Params: n= 3700
Tactic call build ran for 0.079 secs (0.079u,0.s)
Tactic call to_constr ran for 0.119 secs (0.119u,0.s)
Tactic call type_of ran for 0.286 secs (0.286u,0.s)
Tactic call refine ran for 0.084 secs (0.084u,0.s) (success)
Tactic call build-and-refine ran for 0.57 secs (0.569u,0.s) (success)
Params: n= 3800
Tactic call build ran for 0.08 secs (0.08u,0.s)
Tactic call to_constr ran for 0.126 secs (0.126u,0.s)
Tactic call type_of ran for 0.322 secs (0.322u,0.s)
Tactic call refine ran for 0.09 secs (0.09u,0.s) (success)
Tactic call build-and-refine ran for 0.62 secs (0.619u,0.s) (success)
Params: n= 3900
Tactic call build ran for 0.082 secs (0.082u,0.s)
Tactic call to_constr ran for 0.132 secs (0.128u,0.003s)
Tactic call type_of ran for 0.429 secs (0.428u,0.s)
Tactic call refine ran for 0.095 secs (0.095u,0.s) (success)
Tactic call build-and-refine ran for 0.739 secs (0.735u,0.003s) (success)
Params: n= 4000
Tactic call build ran for 0.085 secs (0.085u,0.s)
Tactic call to_constr ran for 0.151 secs (0.135u,0.015s)
Tactic call type_of ran for 0.317 secs (0.317u,0.s)
Tactic call refine ran for 0.1 secs (0.1u,0.s) (success)
Tactic call build-and-refine ran for 0.655 secs (0.639u,0.015s) (success)
Params: n= 4100
Tactic call build ran for 0.091 secs (0.087u,0.003s)
Tactic call to_constr ran for 0.166 secs (0.142u,0.023s)
Tactic call type_of ran for 0.355 secs (0.355u,0.s)
Tactic call refine ran for 0.105 secs (0.105u,0.s) (success)
Tactic call build-and-refine ran for 0.719 secs (0.691u,0.027s) (success)
Params: n= 4200
Tactic call build ran for 0.094 secs (0.094u,0.s)
Tactic call to_constr ran for 0.498 secs (0.486u,0.011s)
Tactic call type_of ran for 0.234 secs (0.234u,0.s)
Tactic call refine ran for 0.111 secs (0.111u,0.s) (success)
Tactic call build-and-refine ran for 0.939 secs (0.926u,0.011s) (success)
Params: n= 4300
Tactic call build ran for 0.089 secs (0.089u,0.s)
Tactic call to_constr ran for 0.162 secs (0.162u,0.s)
Tactic call type_of ran for 0.48 secs (0.479u,0.s)
Tactic call refine ran for 0.117 secs (0.117u,0.s) (success)
Tactic call build-and-refine ran for 0.85 secs (0.849u,0.s) (success)
Params: n= 4400
Tactic call build ran for 0.094 secs (0.094u,0.s)
Tactic call to_constr ran for 0.169 secs (0.169u,0.s)
Tactic call type_of ran for 0.404 secs (0.404u,0.s)
Tactic call refine ran for 0.123 secs (0.123u,0.s) (success)
Tactic call build-and-refine ran for 0.792 secs (0.791u,0.s) (success)
Params: n= 4500
Tactic call build ran for 0.095 secs (0.095u,0.s)
Tactic call to_constr ran for 0.178 secs (0.173u,0.003s)
Tactic call type_of ran for 0.431 secs (0.43u,0.s)
Tactic call refine ran for 0.128 secs (0.128u,0.s) (success)
Tactic call build-and-refine ran for 0.833 secs (0.828u,0.003s) (success)
Params: n= 4600
Tactic call build ran for 0.097 secs (0.096u,0.s)
Tactic call to_constr ran for 0.188 secs (0.188u,0.s)
Tactic call type_of ran for 0.481 secs (0.48u,0.s)
Tactic call refine ran for 0.134 secs (0.134u,0.s) (success)
Tactic call build-and-refine ran for 0.901 secs (0.9u,0.s) (success)
Params: n= 4700
Tactic call build ran for 0.097 secs (0.097u,0.s)
Tactic call to_constr ran for 0.192 secs (0.192u,0.s)
Tactic call type_of ran for 0.569 secs (0.569u,0.s)
Tactic call refine ran for 0.141 secs (0.141u,0.s) (success)
Tactic call build-and-refine ran for 1.001 secs (1.u,0.s) (success)
Params: n= 4800
Tactic call build ran for 0.102 secs (0.101u,0.s)
Tactic call to_constr ran for 0.23 secs (0.202u,0.027s)
Tactic call type_of ran for 0.474 secs (0.473u,0.s)
Tactic call refine ran for 0.147 secs (0.147u,0.s) (success)
Tactic call build-and-refine ran for 0.954 secs (0.925u,0.027s) (success)
Params: n= 4900
Tactic call build ran for 0.116 secs (0.116u,0.s)
Tactic call to_constr ran for 0.25 secs (0.234u,0.015s)
Tactic call type_of ran for 0.512 secs (0.511u,0.s)
Tactic call refine ran for 0.153 secs (0.153u,0.s) (success)
Tactic call build-and-refine ran for 1.033 secs (1.016u,0.016s) (success)
Params: n= 5000
Tactic call build ran for 0.127 secs (0.123u,0.003s)
Tactic call to_constr ran for 0.228 secs (0.22u,0.008s)
Tactic call type_of ran for 0.519 secs (0.519u,0.s)
Tactic call refine ran for 0.16 secs (0.16u,0.s) (success)
Tactic call build-and-refine ran for 1.036 secs (1.023u,0.011s) (success)
Params: n= 5100
Tactic call build ran for 0.653 secs (0.629u,0.023s)
Tactic call to_constr ran for 0.245 secs (0.241u,0.003s)
Tactic call type_of ran for 0.659 secs (0.659u,0.s)
Tactic call refine ran for 0.166 secs (0.166u,0.s) (success)
Tactic call build-and-refine ran for 1.726 secs (1.696u,0.027s) (success)
Params: n= 5200
Tactic call build ran for 0.113 secs (0.113u,0.s)
Tactic call to_constr ran for 0.235 secs (0.231u,0.003s)
Tactic call type_of ran for 0.57 secs (0.569u,0.s)
Tactic call refine ran for 0.174 secs (0.173u,0.s) (success)
Tactic call build-and-refine ran for 1.094 secs (1.089u,0.003s) (success)
Params: n= 5300
Tactic call build ran for 0.145 secs (0.145u,0.s)
Tactic call to_constr ran for 0.278 secs (0.254u,0.023s)
Tactic call type_of ran for 0.583 secs (0.582u,0.s)
Tactic call refine ran for 0.181 secs (0.181u,0.s) (success)
Tactic call build-and-refine ran for 1.189 secs (1.164u,0.023s) (success)
Params: n= 5400
Tactic call build ran for 0.151 secs (0.151u,0.s)
Tactic call to_constr ran for 0.288 secs (0.252u,0.035s)
Tactic call type_of ran for 0.63 secs (0.629u,0.s)
Tactic call refine ran for 0.188 secs (0.188u,0.s) (success)
Tactic call build-and-refine ran for 1.259 secs (1.222u,0.035s) (success)
Params: n= 5500
Tactic call build ran for 0.164 secs (0.16u,0.003s)
Tactic call to_constr ran for 0.296 secs (0.288u,0.008s)
Tactic call type_of ran for 0.723 secs (0.718u,0.004s)
Tactic call refine ran for 0.195 secs (0.195u,0.s) (success)
Tactic call build-and-refine ran for 1.379 secs (1.362u,0.016s) (success)
Params: n= 5600
Tactic call build ran for 0.128 secs (0.124u,0.003s)
Tactic call to_constr ran for 0.307 secs (0.291u,0.015s)
Tactic call type_of ran for 0.671 secs (0.671u,0.s)
Tactic call refine ran for 0.203 secs (0.203u,0.s) (success)
Tactic call build-and-refine ran for 1.311 secs (1.29u,0.019s) (success)
Params: n= 5700
Tactic call build ran for 0.178 secs (0.174u,0.003s)
Tactic call to_constr ran for 0.307 secs (0.286u,0.019s)
Tactic call type_of ran for 0.704 secs (0.703u,0.s)
Tactic call refine ran for 0.212 secs (0.212u,0.s) (success)
Tactic call build-and-refine ran for 1.403 secs (1.377u,0.023s) (success)
Params: n= 5800
Tactic call build ran for 0.66 secs (0.626u,0.031s)
Tactic call to_constr ran for 0.692 secs (0.686u,0.003s)
Tactic call type_of ran for 0.437 secs (0.436u,0.s)
Tactic call refine ran for 0.22 secs (0.219u,0.s) (success)
Tactic call build-and-refine ran for 2.01 secs (1.969u,0.035s) (success)
Params: n= 5900
Tactic call build ran for 0.132 secs (0.132u,0.s)
Tactic call to_constr ran for 0.323 secs (0.31u,0.011s)
Tactic call type_of ran for 0.739 secs (0.737u,0.s)
Tactic call refine ran for 0.227 secs (0.227u,0.s) (success)
Tactic call build-and-refine ran for 1.422 secs (1.406u,0.011s) (success)
Params: n= 6000
Tactic call build ran for 0.163 secs (0.158u,0.003s)
Tactic call to_constr ran for 0.354 secs (0.297u,0.055s)
Tactic call type_of ran for 0.781 secs (0.78u,0.s)
Tactic call refine ran for 0.235 secs (0.235u,0.s) (success)
Tactic call build-and-refine ran for 1.535 secs (1.472u,0.059s) (success)
Params: n= 6100
Tactic call build ran for 0.155 secs (0.151u,0.003s)
Tactic call to_constr ran for 0.365 secs (0.341u,0.023s)
Tactic call type_of ran for 0.801 secs (0.784u,0.016s)
Tactic call refine ran for 0.242 secs (0.242u,0.s) (success)
Tactic call build-and-refine ran for 1.565 secs (1.519u,0.043s) (success)
Params: n= 6200
Tactic call build ran for 0.181 secs (0.172u,0.008s)
Tactic call to_constr ran for 0.374 secs (0.354u,0.02s)
Tactic call type_of ran for 0.89 secs (0.889u,0.s)
Tactic call refine ran for 0.251 secs (0.251u,0.s) (success)
Tactic call build-and-refine ran for 1.699 secs (1.668u,0.029s) (success)
Params: n= 6300
Tactic call build ran for 0.142 secs (0.13u,0.012s)
Tactic call to_constr ran for 0.39 secs (0.362u,0.028s)
Tactic call type_of ran for 0.841 secs (0.831u,0.008s)
Tactic call refine ran for 0.26 secs (0.256u,0.004s) (success)
Tactic call build-and-refine ran for 1.635 secs (1.58u,0.053s) (success)
Params: n= 6400
Tactic call build ran for 0.19 secs (0.17u,0.02s)
Tactic call to_constr ran for 0.357 secs (0.336u,0.019s)
Tactic call type_of ran for 1.476 secs (1.406u,0.068s)
Tactic call refine ran for 0.265 secs (0.264u,0.s) (success)
Tactic call build-and-refine ran for 2.289 secs (2.178u,0.108s) (success)
Params: n= 6500
Tactic call build ran for 0.203 secs (0.203u,0.s)
Tactic call to_constr ran for 0.545 secs (0.544u,0.s)
Tactic call type_of ran for 0.603 secs (0.603u,0.s)
Tactic call refine ran for 0.276 secs (0.276u,0.s) (success)
Tactic call build-and-refine ran for 1.629 secs (1.628u,0.s) (success)
Params: n= 6600
Tactic call build ran for 0.13 secs (0.13u,0.s)
Tactic call to_constr ran for 0.478 secs (0.466u,0.011s)
Tactic call type_of ran for 0.694 secs (0.693u,0.s)
Tactic call refine ran for 0.285 secs (0.284u,0.s) (success)
Tactic call build-and-refine ran for 1.588 secs (1.575u,0.011s) (success)
Params: n= 6700
Tactic call build ran for 0.154 secs (0.154u,0.s)
Tactic call to_constr ran for 0.453 secs (0.404u,0.048s)
Tactic call type_of ran for 0.826 secs (0.825u,0.s)
Tactic call refine ran for 0.294 secs (0.294u,0.s) (success)
Tactic call build-and-refine ran for 1.728 secs (1.678u,0.048s) (success)
Params: n= 6800
Tactic call build ran for 0.226 secs (0.218u,0.007s)
Tactic call to_constr ran for 0.47 secs (0.438u,0.032s)
Tactic call type_of ran for 1.044 secs (1.043u,0.s)
Tactic call refine ran for 0.303 secs (0.303u,0.s) (success)
Tactic call build-and-refine ran for 2.045 secs (2.004u,0.039s) (success)
Params: n= 6900
Tactic call build ran for 0.162 secs (0.158u,0.003s)
Tactic call to_constr ran for 0.464 secs (0.424u,0.04s)
Tactic call type_of ran for 1.051 secs (1.05u,0.s)
Tactic call refine ran for 0.313 secs (0.313u,0.s) (success)
Tactic call build-and-refine ran for 1.992 secs (1.946u,0.043s) (success)
