Params: n= 6000
Tactic call build ran for 0.129 secs (0.128u,0.s) (success)
Tactic call check ran for 1.516 secs (1.515u,0.s) (success)
Tactic call type ran for 1.266 secs (1.254u,0.011s) (success)
Tactic call build-and-typecheck ran for 2.912 secs (2.898u,0.012s) (success)
Tactic call refine ran for 1.519 secs (1.519u,0.s) (success)
Params: n= 6100
Tactic call build ran for 0.135 secs (0.135u,0.s) (success)
Tactic call check ran for 1.573 secs (1.573u,0.s) (success)
Tactic call type ran for 1.321 secs (1.321u,0.s) (success)
Tactic call build-and-typecheck ran for 3.03 secs (3.03u,0.s) (success)
Tactic call refine ran for 1.575 secs (1.575u,0.s) (success)
Params: n= 6200
Tactic call build ran for 0.137 secs (0.137u,0.s) (success)
Tactic call check ran for 1.622 secs (1.622u,0.s) (success)
Tactic call type ran for 1.625 secs (1.625u,0.s) (success)
Tactic call build-and-typecheck ran for 3.386 secs (3.385u,0.s) (success)
Tactic call refine ran for 1.625 secs (1.625u,0.s) (success)
Params: n= 6300
Tactic call build ran for 0.14 secs (0.136u,0.003s) (success)
Tactic call check ran for 0.729 secs (0.729u,0.s) (success)
Tactic call type ran for 1.683 secs (1.679u,0.003s) (success)
Tactic call build-and-typecheck ran for 2.554 secs (2.546u,0.007s) (success)
Tactic call refine ran for 1.682 secs (1.682u,0.s) (success)
Params: n= 6400
Tactic call build ran for 0.145 secs (0.145u,0.s) (success)
Tactic call check ran for 1.654 secs (1.65u,0.003s) (success)
Tactic call type ran for 1.745 secs (1.745u,0.s) (success)
Tactic call build-and-typecheck ran for 3.545 secs (3.54u,0.004s) (success)
Tactic call refine ran for 1.745 secs (1.744u,0.s) (success)
Params: n= 6500
Tactic call build ran for 0.15 secs (0.15u,0.s) (success)
Tactic call check ran for 0.721 secs (0.721u,0.s) (success)
Tactic call type ran for 1.804 secs (1.804u,0.s) (success)
Tactic call build-and-typecheck ran for 2.676 secs (2.676u,0.s) (success)
Tactic call refine ran for 1.803 secs (1.803u,0.s) (success)
Params: n= 6600
Tactic call build ran for 0.178 secs (0.174u,0.003s) (success)
Tactic call check ran for 1.861 secs (1.861u,0.s) (success)
Tactic call type ran for 1.872 secs (1.872u,0.s) (success)
Tactic call build-and-typecheck ran for 3.913 secs (3.909u,0.004s) (success)
Tactic call refine ran for 0.741 secs (0.741u,0.s) (success)
Params: n= 6700
Tactic call build ran for 0.158 secs (0.158u,0.s) (success)
Tactic call check ran for 1.934 secs (1.934u,0.s) (success)
Tactic call type ran for 0.811 secs (0.811u,0.s) (success)
Tactic call build-and-typecheck ran for 2.905 secs (2.905u,0.s) (success)
Tactic call refine ran for 1.927 secs (1.923u,0.003s) (success)
Params: n= 6800
Tactic call build ran for 0.157 secs (0.157u,0.s) (success)
Tactic call check ran for 1.18 secs (1.18u,0.s) (success)
Tactic call type ran for 1.993 secs (1.989u,0.003s) (success)
Tactic call build-and-typecheck ran for 3.332 secs (3.327u,0.003s) (success)
Tactic call refine ran for 1.986 secs (1.986u,0.s) (success)
Params: n= 6900
Tactic call build ran for 0.164 secs (0.164u,0.s) (success)
Tactic call check ran for 2.054 secs (2.054u,0.s) (success)
Tactic call type ran for 0.824 secs (0.824u,0.s) (success)
Tactic call build-and-typecheck ran for 3.042 secs (3.042u,0.s) (success)
Tactic call refine ran for 2.053 secs (2.049u,0.s) (success)
Params: n= 7000
Tactic call build ran for 0.155 secs (0.155u,0.s) (success)
Tactic call check ran for 1.859 secs (1.859u,0.s) (success)
Tactic call type ran for 2.114 secs (2.114u,0.s) (success)
Tactic call build-and-typecheck ran for 4.13 secs (4.13u,0.s) (success)
Tactic call refine ran for 0.827 secs (0.827u,0.s) (success)
Params: n= 7100
Tactic call build ran for 0.158 secs (0.158u,0.s) (success)
Tactic call check ran for 2.182 secs (2.182u,0.s) (success)
Tactic call type ran for 2.049 secs (2.045u,0.003s) (success)
Tactic call build-and-typecheck ran for 4.39 secs (4.386u,0.003s) (success)
Tactic call refine ran for 2.186 secs (2.186u,0.s) (success)
Params: n= 7200
Tactic call build ran for 0.165 secs (0.165u,0.s) (success)
Tactic call check ran for 2.249 secs (2.249u,0.s) (success)
Tactic call type ran for 0.872 secs (0.872u,0.s) (success)
Tactic call build-and-typecheck ran for 3.287 secs (3.287u,0.s) (success)
Tactic call refine ran for 2.251 secs (2.247u,0.003s) (success)
Params: n= 7300
Tactic call build ran for 0.166 secs (0.166u,0.s) (success)
Tactic call check ran for 2.318 secs (2.318u,0.s) (success)
Tactic call type ran for 2.317 secs (2.313u,0.003s) (success)
Tactic call build-and-typecheck ran for 4.801 secs (4.797u,0.004s) (success)
Tactic call refine ran for 1.308 secs (1.308u,0.s) (success)
Params: n= 7400
Tactic call build ran for 0.164 secs (0.164u,0.s) (success)
Tactic call check ran for 1.851 secs (1.847u,0.003s) (success)
Tactic call type ran for 2.389 secs (2.389u,0.s) (success)
Tactic call build-and-typecheck ran for 4.405 secs (4.401u,0.004s) (success)
Tactic call refine ran for 0.928 secs (0.924u,0.003s) (success)
Params: n= 7500
Tactic call build ran for 0.168 secs (0.168u,0.s) (success)
Tactic call check ran for 1.296 secs (1.296u,0.s) (success)
Tactic call type ran for 2.454 secs (2.45u,0.003s) (success)
Tactic call build-and-typecheck ran for 3.919 secs (3.915u,0.003s) (success)
Tactic call refine ran for 2.362 secs (2.362u,0.s) (success)
Params: n= 7600
Tactic call build ran for 0.171 secs (0.171u,0.s) (success)
Tactic call check ran for 1.212 secs (1.212u,0.s) (success)
Tactic call type ran for 2.528 secs (2.528u,0.s) (success)
Tactic call build-and-typecheck ran for 3.912 secs (3.912u,0.s) (success)
Tactic call refine ran for 2.522 secs (2.518u,0.004s) (success)
Params: n= 7700
Tactic call build ran for 0.175 secs (0.175u,0.s) (success)
Tactic call check ran for 2.611 secs (2.611u,0.s) (success)
Tactic call type ran for 1.065 secs (1.065u,0.s) (success)
Tactic call build-and-typecheck ran for 3.852 secs (3.852u,0.s) (success)
Tactic call refine ran for 2.608 secs (2.608u,0.s) (success)
Params: n= 7800
Tactic call build ran for 0.198 secs (0.195u,0.003s) (success)
Tactic call check ran for 2.682 secs (2.682u,0.s) (success)
Tactic call type ran for 1.545 secs (1.545u,0.s) (success)
Tactic call build-and-typecheck ran for 4.427 secs (4.423u,0.003s) (success)
Tactic call refine ran for 2.667 secs (2.667u,0.s) (success)
Params: n= 7900
Tactic call build ran for 0.203 secs (0.199u,0.003s) (success)
Tactic call check ran for 2.34 secs (2.34u,0.s) (success)
Tactic call type ran for 2.741 secs (2.741u,0.s) (success)
Tactic call build-and-typecheck ran for 5.285 secs (5.281u,0.004s) (success)
Tactic call refine ran for 2.739 secs (2.735u,0.004s) (success)
Params: n= 8000
Tactic call build ran for 0.185 secs (0.181u,0.004s) (success)
Tactic call check ran for 1.596 secs (1.596u,0.s) (success)
Tactic call type ran for 2.82 secs (2.82u,0.s) (success)
Tactic call build-and-typecheck ran for 4.603 secs (4.599u,0.004s) (success)
Tactic call refine ran for 1.08 secs (1.08u,0.s) (success)
Params: n= 8100
Tactic call build ran for 0.186 secs (0.186u,0.s) (success)
Tactic call check ran for 2.916 secs (2.916u,0.s) (success)
Tactic call type ran for 2.903 secs (2.899u,0.003s) (success)
Tactic call build-and-typecheck ran for 6.006 secs (6.002u,0.003s) (success)
Tactic call refine ran for 2.866 secs (2.866u,0.s) (success)
Params: n= 8200
Tactic call build ran for 0.184 secs (0.184u,0.s) (success)
Tactic call check ran for 2.979 secs (2.978u,0.s) (success)
Tactic call type ran for 2.429 secs (2.425u,0.003s) (success)
Tactic call build-and-typecheck ran for 5.593 secs (5.589u,0.003s) (success)
Tactic call refine ran for 2.993 secs (2.993u,0.s) (success)
Params: n= 8300
Tactic call build ran for 0.187 secs (0.187u,0.s) (success)
Tactic call check ran for 2.498 secs (2.498u,0.s) (success)
Tactic call type ran for 3.045 secs (3.045u,0.s) (success)
Tactic call build-and-typecheck ran for 5.731 secs (5.731u,0.s) (success)
Tactic call refine ran for 1.548 secs (1.544u,0.003s) (success)
Params: n= 8400
Tactic call build ran for 0.184 secs (0.184u,0.s) (success)
Tactic call check ran for 3.117 secs (3.117u,0.s) (success)
Tactic call type ran for 2.018 secs (2.018u,0.s) (success)
Tactic call build-and-typecheck ran for 5.32 secs (5.32u,0.s) (success)
Tactic call refine ran for 3.118 secs (3.118u,0.s) (success)
Params: n= 8500
Tactic call build ran for 0.187 secs (0.187u,0.s) (success)
Tactic call check ran for 3.163 secs (3.159u,0.003s) (success)
Tactic call type ran for 3.194 secs (3.194u,0.s) (success)
Tactic call build-and-typecheck ran for 6.546 secs (6.541u,0.003s) (success)
Tactic call refine ran for 2.176 secs (2.176u,0.s) (success)
Params: n= 8600
Tactic call build ran for 0.193 secs (0.193u,0.s) (success)
Tactic call check ran for 1.305 secs (1.305u,0.s) (success)
Tactic call type ran for 3.269 secs (3.265u,0.004s) (success)
Tactic call build-and-typecheck ran for 4.768 secs (4.763u,0.004s) (success)
Tactic call refine ran for 3.283 secs (3.279u,0.003s) (success)
Params: n= 8700
Tactic call build ran for 0.19 secs (0.19u,0.s) (success)
Tactic call check ran for 3.36 secs (3.36u,0.s) (success)
Tactic call type ran for 1.55 secs (1.546u,0.003s) (success)
Tactic call build-and-typecheck ran for 5.102 secs (5.098u,0.004s) (success)
Tactic call refine ran for 1.395 secs (1.395u,0.s) (success)
Params: n= 8800
Tactic call build ran for 0.222 secs (0.222u,0.s) (success)
Tactic call check ran for 2.755 secs (2.751u,0.003s) (success)
Tactic call type ran for 3.438 secs (3.438u,0.s) (success)
Tactic call build-and-typecheck ran for 6.416 secs (6.412u,0.003s) (success)
Tactic call refine ran for 3.443 secs (3.443u,0.s) (success)
Params: n= 8900
Tactic call build ran for 0.203 secs (0.203u,0.s) (success)
Tactic call check ran for 3.539 secs (3.539u,0.s) (success)
Tactic call type ran for 2.235 secs (2.231u,0.004s) (success)
Tactic call build-and-typecheck ran for 5.978 secs (5.974u,0.004s) (success)
Tactic call refine ran for 3.528 secs (3.524u,0.004s) (success)
Params: n= 9000
Tactic call build ran for 0.202 secs (0.202u,0.s) (success)
Tactic call check ran for 3.616 secs (3.612u,0.003s) (success)
Tactic call type ran for 1.638 secs (1.638u,0.s) (success)
Tactic call build-and-typecheck ran for 5.457 secs (5.453u,0.003s) (success)
Tactic call refine ran for 3.607 secs (3.607u,0.s) (success)
Params: n= 9100
Tactic call build ran for 0.201 secs (0.201u,0.s) (success)
Tactic call check ran for 3.702 secs (3.702u,0.s) (success)
Tactic call type ran for 1.528 secs (1.528u,0.s) (success)
Tactic call build-and-typecheck ran for 5.432 secs (5.432u,0.s) (success)
Tactic call refine ran for 3.702 secs (3.702u,0.s) (success)
Params: n= 9200
Tactic call build ran for 0.203 secs (0.203u,0.s) (success)
Tactic call check ran for 3.792 secs (3.792u,0.s) (success)
Tactic call type ran for 1.669 secs (1.661u,0.007s) (success)
Tactic call build-and-typecheck ran for 5.664 secs (5.656u,0.007s) (success)
Tactic call refine ran for 3.783 secs (3.783u,0.s) (success)
Params: n= 9300
Tactic call build ran for 0.204 secs (0.204u,0.s) (success)
Tactic call check ran for 3.881 secs (3.881u,0.s) (success)
Tactic call type ran for 2.251 secs (2.251u,0.s) (success)
Tactic call build-and-typecheck ran for 6.338 secs (6.338u,0.s) (success)
Tactic call refine ran for 3.871 secs (3.867u,0.003s) (success)
Params: n= 9400
Tactic call build ran for 0.204 secs (0.204u,0.s) (success)
Tactic call check ran for 3.976 secs (3.976u,0.s) (success)
Tactic call type ran for 3.857 secs (3.853u,0.004s) (success)
Tactic call build-and-typecheck ran for 8.037 secs (8.033u,0.004s) (success)
Tactic call refine ran for 3.974 secs (3.973u,0.s) (success)
Params: n= 9500
Tactic call build ran for 0.209 secs (0.209u,0.s) (success)
Tactic call check ran for 1.699 secs (1.695u,0.003s) (success)
Tactic call type ran for 4.055 secs (4.051u,0.003s) (success)
Tactic call build-and-typecheck ran for 5.964 secs (5.956u,0.007s) (success)
Tactic call refine ran for 1.687 secs (1.687u,0.s) (success)
Params: n= 9600
Tactic call build ran for 0.213 secs (0.213u,0.s) (success)
Tactic call check ran for 4.108 secs (4.108u,0.s) (success)
Tactic call type ran for 4.144 secs (4.135u,0.007s) (success)
Tactic call build-and-typecheck ran for 8.466 secs (8.458u,0.008s) (success)
Tactic call refine ran for 4.159 secs (4.158u,0.s) (success)
Params: n= 9700
Tactic call build ran for 0.242 secs (0.241u,0.s) (success)
Tactic call check ran for 2.609 secs (2.608u,0.s) (success)
Tactic call type ran for 4.29 secs (4.29u,0.s) (success)
Tactic call build-and-typecheck ran for 7.141 secs (7.141u,0.s) (success)
Tactic call refine ran for 2.772 secs (2.772u,0.s) (success)
Params: n= 9800
Tactic call build ran for 0.242 secs (0.242u,0.s) (success)
Tactic call check ran for 4.357 secs (4.356u,0.s) (success)
Tactic call type ran for 2.141 secs (2.141u,0.s) (success)
Tactic call build-and-typecheck ran for 6.74 secs (6.74u,0.s) (success)
Tactic call refine ran for 4.356 secs (4.356u,0.s) (success)
Params: n= 9900
Tactic call build ran for 0.224 secs (0.223u,0.s) (success)
Tactic call check ran for 2.007 secs (2.003u,0.003s) (success)
Tactic call type ran for 4.443 secs (4.439u,0.003s) (success)
Tactic call build-and-typecheck ran for 6.675 secs (6.665u,0.008s) (success)
Tactic call refine ran for 2.229 secs (2.224u,0.004s) (success)
Params: n= 10000
Tactic call build ran for 0.227 secs (0.223u,0.003s) (success)
Tactic call check ran for 4.541 secs (4.528u,0.012s) (success)
Tactic call type ran for 2.509 secs (2.497u,0.008s) (success)
Tactic call build-and-typecheck ran for 7.278 secs (7.25u,0.024s) (success)
Tactic call refine ran for 4.544 secs (4.54u,0.004s) (success)
Params: n= 10100
Tactic call build ran for 0.22 secs (0.22u,0.s) (success)
Tactic call check ran for 3.372 secs (3.372u,0.s) (success)
Tactic call type ran for 4.648 secs (4.643u,0.004s) (success)
Tactic call build-and-typecheck ran for 8.241 secs (8.235u,0.004s) (success)
Tactic call refine ran for 4.053 secs (4.052u,0.s) (success)
Params: n= 10200
Tactic call build ran for 0.224 secs (0.224u,0.s) (success)
Tactic call check ran for 1.735 secs (1.726u,0.004s) (success)
Tactic call type ran for 4.734 secs (4.733u,0.s) (success)
Tactic call build-and-typecheck ran for 6.694 secs (6.684u,0.004s) (success)
Tactic call refine ran for 1.798 secs (1.793u,0.003s) (success)
Params: n= 10300
Tactic call build ran for 0.235 secs (0.235u,0.s) (success)
Tactic call check ran for 4.844 secs (4.84u,0.004s) (success)
Tactic call type ran for 3.1 secs (3.096u,0.004s) (success)
Tactic call build-and-typecheck ran for 8.18 secs (8.172u,0.008s) (success)
Tactic call refine ran for 4.924 secs (4.92u,0.004s) (success)
Params: n= 10400
Tactic call build ran for 0.235 secs (0.234u,0.s) (success)
Tactic call check ran for 4.981 secs (4.973u,0.003s) (success)
Tactic call type ran for 1.952 secs (1.951u,0.s) (success)
Tactic call build-and-typecheck ran for 7.168 secs (7.16u,0.003s) (success)
Tactic call refine ran for 4.95 secs (4.937u,0.012s) (success)
Params: n= 10500
Tactic call build ran for 0.231 secs (0.231u,0.s) (success)
Tactic call check ran for 4.122 secs (4.118u,0.004s) (success)
Tactic call type ran for 5.113 secs (5.108u,0.003s) (success)
Tactic call build-and-typecheck ran for 9.467 secs (9.458u,0.008s) (success)
Tactic call refine ran for 1.85 secs (1.849u,0.s) (success)
Params: n= 10600
Tactic call build ran for 0.263 secs (0.263u,0.s) (success)
Tactic call check ran for 5.186 secs (5.181u,0.004s) (success)
Tactic call type ran for 4.975 secs (4.969u,0.003s) (success)
Tactic call build-and-typecheck ran for 10.425 secs (10.415u,0.007s) (success)
Tactic call refine ran for 1.866 secs (1.866u,0.s) (success)
Params: n= 10700
Tactic call build ran for 0.246 secs (0.246u,0.s) (success)
Tactic call check ran for 5.293 secs (5.292u,0.s) (success)
Tactic call type ran for 5.22 secs (5.219u,0.s) (success)
Tactic call build-and-typecheck ran for 10.759 secs (10.758u,0.s) (success)
Tactic call refine ran for 1.905 secs (1.905u,0.s) (success)
Params: n= 10800
Tactic call build ran for 0.241 secs (0.241u,0.s) (success)
Tactic call check ran for 3.474 secs (3.473u,0.s) (success)
Tactic call type ran for 5.512 secs (5.512u,0.s) (success)
Tactic call build-and-typecheck ran for 9.229 secs (9.227u,0.s) (success)
Tactic call refine ran for 2.06 secs (2.06u,0.s) (success)
Params: n= 10900
Tactic call build ran for 0.241 secs (0.241u,0.s) (success)
Tactic call check ran for 2.11 secs (2.109u,0.s) (success)
Tactic call type ran for 5.719 secs (5.715u,0.003s) (success)
Tactic call build-and-typecheck ran for 8.071 secs (8.066u,0.003s) (success)
Tactic call refine ran for 2.912 secs (2.911u,0.s) (success)
Params: n= 11000
Tactic call build ran for 0.24 secs (0.24u,0.s) (success)
Tactic call check ran for 3.521 secs (3.517u,0.004s) (success)
Tactic call type ran for 5.652 secs (5.652u,0.s) (success)
Tactic call build-and-typecheck ran for 9.414 secs (9.41u,0.004s) (success)
Tactic call refine ran for 5.518 secs (5.509u,0.004s) (success)
Params: n= 11100
Tactic call build ran for 0.248 secs (0.248u,0.s) (success)
Tactic call check ran for 5.754 secs (5.745u,0.007s) (success)
Tactic call type ran for 2.423 secs (2.423u,0.s) (success)
Tactic call build-and-typecheck ran for 8.427 secs (8.417u,0.007s) (success)
Tactic call refine ran for 5.869 secs (5.867u,0.s) (success)
Params: n= 11200
Tactic call build ran for 0.252 secs (0.252u,0.s) (success)
Tactic call check ran for 5.696 secs (5.688u,0.007s) (success)
Tactic call type ran for 5.857 secs (5.854u,0.s) (success)
Tactic call build-and-typecheck ran for 11.806 secs (11.795u,0.008s) (success)
Tactic call refine ran for 2.182 secs (2.182u,0.s) (success)
Params: n= 11300
Tactic call build ran for 0.285 secs (0.285u,0.s) (success)
Tactic call check ran for 6.211 secs (6.148u,0.004s) (success)
Tactic call type ran for 4.874 secs (4.862u,0.012s) (success)
Tactic call build-and-typecheck ran for 11.372 secs (11.296u,0.016s) (success)
Tactic call refine ran for 2.118 secs (2.114u,0.003s) (success)
Params: n= 11400
Tactic call build ran for 0.263 secs (0.262u,0.s) (success)
Tactic call check ran for 3.436 secs (3.435u,0.s) (success)
Tactic call type ran for 6.044 secs (6.039u,0.003s) (success)
Tactic call build-and-typecheck ran for 9.745 secs (9.737u,0.003s) (success)
Tactic call refine ran for 6.07 secs (6.059u,0.007s) (success)
Params: n= 11500
Tactic call build ran for 0.272 secs (0.264u,0.004s) (success)
Tactic call check ran for 6.268 secs (6.26u,0.s) (success)
Tactic call type ran for 5.114 secs (5.113u,0.s) (success)
Tactic call build-and-typecheck ran for 11.655 secs (11.637u,0.004s) (success)
Tactic call refine ran for 2.313 secs (2.313u,0.s) (success)
Params: n= 11600
Tactic call build ran for 0.251 secs (0.25u,0.s) (success)
Tactic call check ran for 5.053 secs (5.048u,0.004s) (success)
Tactic call type ran for 2.234 secs (2.227u,0.003s) (success)
Tactic call build-and-typecheck ran for 7.538 secs (7.526u,0.008s) (success)
Tactic call refine ran for 6.289 secs (6.277u,0.012s) (success)
Params: n= 11700
Tactic call build ran for 0.264 secs (0.264u,0.s) (success)
Tactic call check ran for 2.367 secs (2.346u,0.003s) (success)
Tactic call type ran for 6.587 secs (6.572u,0.003s) (success)
Tactic call build-and-typecheck ran for 9.22 secs (9.183u,0.007s) (success)
Tactic call refine ran for 3.783 secs (3.781u,0.s) (success)
Params: n= 11800
Tactic call build ran for 0.263 secs (0.263u,0.s) (success)
Tactic call check ran for 6.562 secs (6.552u,0.007s) (success)
Tactic call type ran for 5.379 secs (5.363u,0.012s) (success)
Tactic call build-and-typecheck ran for 12.206 secs (12.179u,0.02s) (success)
Tactic call refine ran for 2.342 secs (2.338u,0.s) (success)
Params: n= 11900
Tactic call build ran for 0.285 secs (0.284u,0.s) (success)
Tactic call check ran for 7.01 secs (7.u,0.003s) (success)
Tactic call type ran for 3.149 secs (3.148u,0.s) (success)
Tactic call build-and-typecheck ran for 10.444 secs (10.433u,0.004s) (success)
Tactic call refine ran for 7.078 secs (7.075u,0.s) (success)
