Params: n= 0
Tactic call build ran for 0. secs (0.u,0.s) (success)
Tactic call check ran for 0. secs (0.u,0.s) (success)
Tactic call type ran for 0. secs (0.u,0.s) (success)
Tactic call refine ran for 0. secs (0.u,0.s) (success)
Params: n= 100
Tactic call build ran for 0.002 secs (0.002u,0.s) (success)
Tactic call check ran for 0. secs (0.u,0.s) (success)
Tactic call type ran for 0. secs (0.u,0.s) (success)
Tactic call refine ran for 0. secs (0.u,0.s) (success)
Params: n= 200
Tactic call build ran for 0.003 secs (0.003u,0.s) (success)
Tactic call check ran for 0.001 secs (0.001u,0.s) (success)
Tactic call type ran for 0.001 secs (0.001u,0.s) (success)
Tactic call refine ran for 0.001 secs (0.001u,0.s) (success)
Params: n= 300
Tactic call build ran for 0.005 secs (0.005u,0.s) (success)
Tactic call check ran for 0.002 secs (0.002u,0.s) (success)
Tactic call type ran for 0.002 secs (0.002u,0.s) (success)
Tactic call refine ran for 0.002 secs (0.002u,0.s) (success)
Params: n= 400
Tactic call build ran for 0.007 secs (0.007u,0.s) (success)
Tactic call check ran for 0.004 secs (0.004u,0.s) (success)
Tactic call type ran for 0.004 secs (0.004u,0.s) (success)
Tactic call refine ran for 0.004 secs (0.004u,0.s) (success)
Params: n= 500
Tactic call build ran for 0.009 secs (0.009u,0.s) (success)
Tactic call check ran for 0.006 secs (0.006u,0.s) (success)
Tactic call type ran for 0.006 secs (0.006u,0.s) (success)
Tactic call refine ran for 0.006 secs (0.006u,0.s) (success)
Params: n= 600
Tactic call build ran for 0.011 secs (0.011u,0.s) (success)
Tactic call check ran for 0.008 secs (0.008u,0.s) (success)
Tactic call type ran for 0.008 secs (0.008u,0.s) (success)
Tactic call refine ran for 0.008 secs (0.008u,0.s) (success)
Params: n= 700
Tactic call build ran for 0.013 secs (0.013u,0.s) (success)
Tactic call check ran for 0.011 secs (0.011u,0.s) (success)
Tactic call type ran for 0.011 secs (0.011u,0.s) (success)
Tactic call refine ran for 0.011 secs (0.011u,0.s) (success)
Params: n= 800
Tactic call build ran for 0.015 secs (0.015u,0.s) (success)
Tactic call check ran for 0.014 secs (0.014u,0.s) (success)
Tactic call type ran for 0.014 secs (0.014u,0.s) (success)
Tactic call refine ran for 0.015 secs (0.015u,0.s) (success)
Params: n= 900
Tactic call build ran for 0.017 secs (0.017u,0.s) (success)
Tactic call check ran for 0.018 secs (0.018u,0.s) (success)
Tactic call type ran for 0.018 secs (0.018u,0.s) (success)
Tactic call refine ran for 0.018 secs (0.018u,0.s) (success)
Params: n= 1000
Tactic call build ran for 0.019 secs (0.019u,0.s) (success)
Tactic call check ran for 0.022 secs (0.022u,0.s) (success)
Tactic call type ran for 0.023 secs (0.023u,0.s) (success)
Tactic call refine ran for 0.022 secs (0.022u,0.s) (success)
Params: n= 1100
Tactic call build ran for 0.02 secs (0.02u,0.s) (success)
Tactic call check ran for 0.027 secs (0.027u,0.s) (success)
Tactic call type ran for 0.028 secs (0.028u,0.s) (success)
Tactic call refine ran for 0.028 secs (0.028u,0.s) (success)
Params: n= 1200
Tactic call build ran for 0.022 secs (0.022u,0.s) (success)
Tactic call check ran for 0.034 secs (0.034u,0.s) (success)
Tactic call type ran for 0.033 secs (0.033u,0.s) (success)
Tactic call refine ran for 0.033 secs (0.033u,0.s) (success)
Params: n= 1300
Tactic call build ran for 0.024 secs (0.024u,0.s) (success)
Tactic call check ran for 0.04 secs (0.04u,0.s) (success)
Tactic call type ran for 0.04 secs (0.04u,0.s) (success)
Tactic call refine ran for 0.04 secs (0.04u,0.s) (success)
Params: n= 1400
Tactic call build ran for 0.026 secs (0.026u,0.s) (success)
Tactic call check ran for 0.048 secs (0.048u,0.s) (success)
Tactic call type ran for 0.048 secs (0.048u,0.s) (success)
Tactic call refine ran for 0.048 secs (0.048u,0.s) (success)
Params: n= 1500
Tactic call build ran for 0.028 secs (0.028u,0.s) (success)
Tactic call check ran for 0.056 secs (0.056u,0.s) (success)
Tactic call type ran for 0.056 secs (0.056u,0.s) (success)
Tactic call refine ran for 0.056 secs (0.056u,0.s) (success)
Params: n= 1600
Tactic call build ran for 0.03 secs (0.03u,0.s) (success)
Tactic call check ran for 0.065 secs (0.065u,0.s) (success)
Tactic call type ran for 0.066 secs (0.066u,0.s) (success)
Tactic call refine ran for 0.066 secs (0.066u,0.s) (success)
Params: n= 1700
Tactic call build ran for 0.032 secs (0.032u,0.s) (success)
Tactic call check ran for 0.076 secs (0.076u,0.s) (success)
Tactic call type ran for 0.076 secs (0.076u,0.s) (success)
Tactic call refine ran for 0.076 secs (0.076u,0.s) (success)
Params: n= 1800
Tactic call build ran for 0.034 secs (0.034u,0.s) (success)
Tactic call check ran for 0.087 secs (0.087u,0.s) (success)
Tactic call type ran for 0.087 secs (0.087u,0.s) (success)
Tactic call refine ran for 0.087 secs (0.087u,0.s) (success)
Params: n= 1900
Tactic call build ran for 0.035 secs (0.035u,0.s) (success)
Tactic call check ran for 0.1 secs (0.1u,0.s) (success)
Tactic call type ran for 0.1 secs (0.1u,0.s) (success)
Tactic call refine ran for 0.099 secs (0.099u,0.s) (success)
Params: n= 2000
Tactic call build ran for 0.037 secs (0.037u,0.s) (success)
Tactic call check ran for 0.112 secs (0.112u,0.s) (success)
Tactic call type ran for 0.112 secs (0.112u,0.s) (success)
Tactic call refine ran for 0.113 secs (0.113u,0.s) (success)
Params: n= 2100
Tactic call build ran for 0.039 secs (0.039u,0.s) (success)
Tactic call check ran for 0.127 secs (0.127u,0.s) (success)
Tactic call type ran for 0.127 secs (0.127u,0.s) (success)
Tactic call refine ran for 0.127 secs (0.127u,0.s) (success)
Params: n= 2200
Tactic call build ran for 0.041 secs (0.041u,0.s) (success)
Tactic call check ran for 0.142 secs (0.142u,0.s) (success)
Tactic call type ran for 0.142 secs (0.142u,0.s) (success)
Tactic call refine ran for 0.141 secs (0.141u,0.s) (success)
Params: n= 2300
Tactic call build ran for 0.042 secs (0.042u,0.s) (success)
Tactic call check ran for 0.158 secs (0.158u,0.s) (success)
Tactic call type ran for 0.158 secs (0.158u,0.s) (success)
Tactic call refine ran for 0.159 secs (0.159u,0.s) (success)
Params: n= 2400
Tactic call build ran for 0.045 secs (0.045u,0.s) (success)
Tactic call check ran for 0.173 secs (0.173u,0.s) (success)
Tactic call type ran for 0.174 secs (0.174u,0.s) (success)
Tactic call refine ran for 0.174 secs (0.174u,0.s) (success)
Params: n= 2500
Tactic call build ran for 0.046 secs (0.046u,0.s) (success)
Tactic call check ran for 0.192 secs (0.192u,0.s) (success)
Tactic call type ran for 0.191 secs (0.191u,0.s) (success)
Tactic call refine ran for 0.192 secs (0.192u,0.s) (success)
Params: n= 2600
Tactic call build ran for 0.049 secs (0.049u,0.s) (success)
Tactic call check ran for 0.21 secs (0.21u,0.s) (success)
Tactic call type ran for 0.211 secs (0.211u,0.s) (success)
Tactic call refine ran for 0.21 secs (0.21u,0.s) (success)
Params: n= 2700
Tactic call build ran for 0.051 secs (0.051u,0.s) (success)
Tactic call check ran for 0.228 secs (0.228u,0.s) (success)
Tactic call type ran for 0.229 secs (0.229u,0.s) (success)
Tactic call refine ran for 0.229 secs (0.229u,0.s) (success)
Params: n= 2800
Tactic call build ran for 0.052 secs (0.052u,0.s) (success)
Tactic call check ran for 0.249 secs (0.249u,0.s) (success)
Tactic call type ran for 0.248 secs (0.248u,0.s) (success)
Tactic call refine ran for 0.249 secs (0.249u,0.s) (success)
Params: n= 2900
Tactic call build ran for 0.054 secs (0.054u,0.s) (success)
Tactic call check ran for 0.27 secs (0.27u,0.s) (success)
Tactic call type ran for 0.27 secs (0.27u,0.s) (success)
Tactic call refine ran for 0.27 secs (0.27u,0.s) (success)
Params: n= 3000
Tactic call build ran for 0.057 secs (0.057u,0.s) (success)
Tactic call check ran for 0.292 secs (0.292u,0.s) (success)
Tactic call type ran for 0.291 secs (0.291u,0.s) (success)
Tactic call refine ran for 0.291 secs (0.291u,0.s) (success)
Params: n= 3100
Tactic call build ran for 0.058 secs (0.058u,0.s) (success)
Tactic call check ran for 0.314 secs (0.314u,0.s) (success)
Tactic call type ran for 0.314 secs (0.314u,0.s) (success)
Tactic call refine ran for 0.315 secs (0.315u,0.s) (success)
Params: n= 3200
Tactic call build ran for 0.06 secs (0.06u,0.s) (success)
Tactic call check ran for 0.337 secs (0.337u,0.s) (success)
Tactic call type ran for 0.338 secs (0.338u,0.s) (success)
Tactic call refine ran for 0.338 secs (0.338u,0.s) (success)
Params: n= 3300
Tactic call build ran for 0.061 secs (0.061u,0.s) (success)
Tactic call check ran for 0.362 secs (0.362u,0.s) (success)
Tactic call type ran for 0.363 secs (0.363u,0.s) (success)
Tactic call refine ran for 0.362 secs (0.362u,0.s) (success)
Params: n= 3400
Tactic call build ran for 0.062 secs (0.062u,0.s) (success)
Tactic call check ran for 0.39 secs (0.39u,0.s) (success)
Tactic call type ran for 0.39 secs (0.39u,0.s) (success)
Tactic call refine ran for 0.391 secs (0.391u,0.s) (success)
Params: n= 3500
Tactic call build ran for 0.071 secs (0.071u,0.s) (success)
Tactic call check ran for 0.415 secs (0.415u,0.s) (success)
Tactic call type ran for 0.414 secs (0.414u,0.s) (success)
Tactic call refine ran for 0.416 secs (0.416u,0.s) (success)
Params: n= 3600
Tactic call build ran for 0.074 secs (0.074u,0.s) (success)
Tactic call check ran for 0.442 secs (0.442u,0.s) (success)
Tactic call type ran for 0.443 secs (0.443u,0.s) (success)
Tactic call refine ran for 0.443 secs (0.443u,0.s) (success)
Params: n= 3700
Tactic call build ran for 0.076 secs (0.076u,0.s) (success)
Tactic call check ran for 0.47 secs (0.47u,0.s) (success)
Tactic call type ran for 0.47 secs (0.47u,0.s) (success)
Tactic call refine ran for 0.469 secs (0.469u,0.s) (success)
Params: n= 3800
Tactic call build ran for 0.077 secs (0.077u,0.s) (success)
Tactic call check ran for 0.5 secs (0.5u,0.s) (success)
Tactic call type ran for 0.498 secs (0.498u,0.s) (success)
Tactic call refine ran for 0.498 secs (0.498u,0.s) (success)
Params: n= 3900
Tactic call build ran for 0.077 secs (0.077u,0.s) (success)
Tactic call check ran for 0.529 secs (0.529u,0.s) (success)
Tactic call type ran for 0.528 secs (0.528u,0.s) (success)
Tactic call refine ran for 0.529 secs (0.529u,0.s) (success)
Params: n= 4000
Tactic call build ran for 0.081 secs (0.081u,0.s) (success)
Tactic call check ran for 0.56 secs (0.56u,0.s) (success)
Tactic call type ran for 0.559 secs (0.559u,0.s) (success)
Tactic call refine ran for 0.559 secs (0.559u,0.s) (success)
Params: n= 4100
Tactic call build ran for 0.081 secs (0.081u,0.s) (success)
Tactic call check ran for 0.591 secs (0.591u,0.s) (success)
Tactic call type ran for 0.591 secs (0.591u,0.s) (success)
Tactic call refine ran for 0.59 secs (0.59u,0.s) (success)
Params: n= 4200
Tactic call build ran for 0.083 secs (0.083u,0.s) (success)
Tactic call check ran for 0.622 secs (0.622u,0.s) (success)
Tactic call type ran for 0.623 secs (0.623u,0.s) (success)
Tactic call refine ran for 0.622 secs (0.622u,0.s) (success)
Params: n= 4300
Tactic call build ran for 0.085 secs (0.085u,0.s) (success)
Tactic call check ran for 0.657 secs (0.657u,0.s) (success)
Tactic call type ran for 0.654 secs (0.654u,0.s) (success)
Tactic call refine ran for 0.656 secs (0.656u,0.s) (success)
Params: n= 4400
Tactic call build ran for 0.087 secs (0.087u,0.s) (success)
Tactic call check ran for 0.69 secs (0.69u,0.s) (success)
Tactic call type ran for 0.691 secs (0.691u,0.s) (success)
Tactic call refine ran for 0.692 secs (0.692u,0.s) (success)
Params: n= 4500
Tactic call build ran for 0.089 secs (0.089u,0.s) (success)
Tactic call check ran for 0.723 secs (0.723u,0.s) (success)
Tactic call type ran for 0.725 secs (0.725u,0.s) (success)
Tactic call refine ran for 0.723 secs (0.723u,0.s) (success)
Params: n= 4600
Tactic call build ran for 0.09 secs (0.09u,0.s) (success)
Tactic call check ran for 0.759 secs (0.759u,0.s) (success)
Tactic call type ran for 0.758 secs (0.758u,0.s) (success)
Tactic call refine ran for 0.76 secs (0.76u,0.s) (success)
Params: n= 4700
Tactic call build ran for 0.092 secs (0.092u,0.s) (success)
Tactic call check ran for 0.798 secs (0.798u,0.s) (success)
Tactic call type ran for 0.796 secs (0.796u,0.s) (success)
Tactic call refine ran for 0.796 secs (0.796u,0.s) (success)
Params: n= 4800
Tactic call build ran for 0.095 secs (0.095u,0.s) (success)
Tactic call check ran for 0.834 secs (0.834u,0.s) (success)
Tactic call type ran for 0.833 secs (0.833u,0.s) (success)
Tactic call refine ran for 0.835 secs (0.834u,0.s) (success)
Params: n= 4900
Tactic call build ran for 0.096 secs (0.096u,0.s) (success)
Tactic call check ran for 0.872 secs (0.872u,0.s) (success)
Tactic call type ran for 0.874 secs (0.874u,0.s) (success)
Tactic call refine ran for 0.873 secs (0.873u,0.s) (success)
Params: n= 5000
Tactic call build ran for 0.1 secs (0.1u,0.s) (success)
Tactic call check ran for 0.913 secs (0.913u,0.s) (success)
Tactic call type ran for 0.913 secs (0.913u,0.s) (success)
Tactic call refine ran for 0.912 secs (0.912u,0.s) (success)
Params: n= 5100
Tactic call build ran for 0.101 secs (0.101u,0.s) (success)
Tactic call check ran for 0.951 secs (0.951u,0.s) (success)
Tactic call type ran for 0.95 secs (0.95u,0.s) (success)
Tactic call refine ran for 0.951 secs (0.951u,0.s) (success)
Params: n= 5200
Tactic call build ran for 0.101 secs (0.101u,0.s) (success)
Tactic call check ran for 0.992 secs (0.992u,0.s) (success)
Tactic call type ran for 0.993 secs (0.993u,0.s) (success)
Tactic call refine ran for 0.996 secs (0.996u,0.s) (success)
Params: n= 5300
Tactic call build ran for 0.117 secs (0.117u,0.s) (success)
Tactic call check ran for 1.032 secs (1.032u,0.s) (success)
Tactic call type ran for 1.035 secs (1.035u,0.s) (success)
Tactic call refine ran for 1.038 secs (1.038u,0.s) (success)
Params: n= 5400
Tactic call build ran for 0.117 secs (0.117u,0.s) (success)
Tactic call check ran for 1.077 secs (1.077u,0.s) (success)
Tactic call type ran for 1.075 secs (1.075u,0.s) (success)
Tactic call refine ran for 1.077 secs (1.077u,0.s) (success)
Params: n= 5500
Tactic call build ran for 0.124 secs (0.124u,0.s) (success)
Tactic call check ran for 1.119 secs (1.119u,0.s) (success)
Tactic call type ran for 1.12 secs (1.12u,0.s) (success)
Tactic call refine ran for 1.119 secs (1.119u,0.s) (success)
Params: n= 5600
Tactic call build ran for 0.125 secs (0.125u,0.s) (success)
Tactic call check ran for 1.164 secs (1.164u,0.s) (success)
Tactic call type ran for 1.166 secs (1.166u,0.s) (success)
Tactic call refine ran for 1.165 secs (1.165u,0.s) (success)
Params: n= 5700
Tactic call build ran for 0.123 secs (0.123u,0.s) (success)
Tactic call check ran for 1.217 secs (1.217u,0.s) (success)
Tactic call type ran for 1.208 secs (1.208u,0.s) (success)
Tactic call refine ran for 1.21 secs (1.21u,0.s) (success)
Params: n= 5800
Tactic call build ran for 0.127 secs (0.127u,0.s) (success)
Tactic call check ran for 1.255 secs (1.255u,0.s) (success)
Tactic call type ran for 1.256 secs (1.256u,0.s) (success)
Tactic call refine ran for 1.256 secs (1.256u,0.s) (success)
Params: n= 5900
Tactic call build ran for 0.128 secs (0.128u,0.s) (success)
Tactic call check ran for 1.303 secs (1.303u,0.s) (success)
Tactic call type ran for 1.307 secs (1.307u,0.s) (success)
Tactic call refine ran for 1.305 secs (1.305u,0.s) (success)
