Params: n= 7000
Tactic call build ran for 0.006 secs (0.006u,0.s) (success)
Tactic call typecheck ran for 0.334 secs (0.334u,0.s) (success)
Tactic call build-and-typecheck ran for 0.341 secs (0.341u,0.s) (success)
Tactic call refine ran for 0.336 secs (0.336u,0.s) (success)
Params: n= 7100
Tactic call build ran for 0. secs (0.u,0.s) (success)
Tactic call typecheck ran for 0.347 secs (0.347u,0.s) (success)
Tactic call build-and-typecheck ran for 0.347 secs (0.347u,0.s) (success)
Tactic call refine ran for 0.348 secs (0.348u,0.s) (success)
Params: n= 7200
Tactic call build ran for 0. secs (0.u,0.s) (success)
Tactic call typecheck ran for 0.358 secs (0.358u,0.s) (success)
Tactic call build-and-typecheck ran for 0.358 secs (0.358u,0.s) (success)
Tactic call refine ran for 0.359 secs (0.355u,0.003s) (success)
Params: n= 7300
Tactic call build ran for 0. secs (0.u,0.s) (success)
Tactic call typecheck ran for 0.366 secs (0.366u,0.s) (success)
Tactic call build-and-typecheck ran for 0.367 secs (0.367u,0.s) (success)
Tactic call refine ran for 0.368 secs (0.368u,0.s) (success)
Params: n= 7400
Tactic call build ran for 0. secs (0.u,0.s) (success)
Tactic call typecheck ran for 0.379 secs (0.379u,0.s) (success)
Tactic call build-and-typecheck ran for 0.38 secs (0.38u,0.s) (success)
Tactic call refine ran for 0.382 secs (0.382u,0.s) (success)
Params: n= 7500
Tactic call build ran for 0. secs (0.u,0.s) (success)
Tactic call typecheck ran for 0.388 secs (0.388u,0.s) (success)
Tactic call build-and-typecheck ran for 0.389 secs (0.389u,0.s) (success)
Tactic call refine ran for 0.391 secs (0.391u,0.s) (success)
Params: n= 7600
Tactic call build ran for 0. secs (0.u,0.s) (success)
Tactic call typecheck ran for 0.401 secs (0.401u,0.s) (success)
Tactic call build-and-typecheck ran for 0.401 secs (0.401u,0.s) (success)
Tactic call refine ran for 0.401 secs (0.401u,0.s) (success)
Params: n= 7700
Tactic call build ran for 0. secs (0.u,0.s) (success)
Tactic call typecheck ran for 0.411 secs (0.411u,0.s) (success)
Tactic call build-and-typecheck ran for 0.411 secs (0.411u,0.s) (success)
Tactic call refine ran for 0.414 secs (0.413u,0.s) (success)
Params: n= 7800
Tactic call build ran for 0. secs (0.u,0.s) (success)
Tactic call typecheck ran for 0.417 secs (0.417u,0.s) (success)
Tactic call build-and-typecheck ran for 0.418 secs (0.418u,0.s) (success)
Tactic call refine ran for 0.42 secs (0.42u,0.s) (success)
Params: n= 7900
Tactic call build ran for 0. secs (0.u,0.s) (success)
Tactic call typecheck ran for 0.432 secs (0.432u,0.s) (success)
Tactic call build-and-typecheck ran for 0.433 secs (0.433u,0.s) (success)
Tactic call refine ran for 0.433 secs (0.433u,0.s) (success)
Params: n= 8000
Tactic call build ran for 0. secs (0.u,0.s) (success)
Tactic call typecheck ran for 0.442 secs (0.442u,0.s) (success)
Tactic call build-and-typecheck ran for 0.443 secs (0.443u,0.s) (success)
Tactic call refine ran for 0.446 secs (0.446u,0.s) (success)
Params: n= 8100
Tactic call build ran for 0. secs (0.u,0.s) (success)
Tactic call typecheck ran for 0.454 secs (0.454u,0.s) (success)
Tactic call build-and-typecheck ran for 0.455 secs (0.454u,0.s) (success)
Tactic call refine ran for 0.455 secs (0.451u,0.003s) (success)
Params: n= 8200
Tactic call build ran for 0. secs (0.u,0.s) (success)
Tactic call typecheck ran for 0.465 secs (0.465u,0.s) (success)
Tactic call build-and-typecheck ran for 0.465 secs (0.465u,0.s) (success)
Tactic call refine ran for 0.467 secs (0.467u,0.s) (success)
Params: n= 8300
Tactic call build ran for 0. secs (0.u,0.s) (success)
Tactic call typecheck ran for 0.478 secs (0.478u,0.s) (success)
Tactic call build-and-typecheck ran for 0.479 secs (0.479u,0.s) (success)
Tactic call refine ran for 0.481 secs (0.481u,0.s) (success)
Params: n= 8400
Tactic call build ran for 0. secs (0.u,0.s) (success)
Tactic call typecheck ran for 0.488 secs (0.488u,0.s) (success)
Tactic call build-and-typecheck ran for 0.489 secs (0.489u,0.s) (success)
Tactic call refine ran for 0.489 secs (0.489u,0.s) (success)
Params: n= 8500
Tactic call build ran for 0.001 secs (0.001u,0.s) (success)
Tactic call typecheck ran for 0.497 secs (0.497u,0.s) (success)
Tactic call build-and-typecheck ran for 0.498 secs (0.498u,0.s) (success)
Tactic call refine ran for 0.498 secs (0.498u,0.s) (success)
Params: n= 8600
Tactic call build ran for 0.004 secs (0.004u,0.s) (success)
Tactic call typecheck ran for 0.511 secs (0.511u,0.s) (success)
Tactic call build-and-typecheck ran for 0.516 secs (0.516u,0.s) (success)
Tactic call refine ran for 0.513 secs (0.513u,0.s) (success)
Params: n= 8700
Tactic call build ran for 0.004 secs (0.004u,0.s) (success)
Tactic call typecheck ran for 0.524 secs (0.524u,0.s) (success)
Tactic call build-and-typecheck ran for 0.528 secs (0.528u,0.s) (success)
Tactic call refine ran for 0.525 secs (0.525u,0.s) (success)
Params: n= 8800
Tactic call build ran for 0.004 secs (0.004u,0.s) (success)
Tactic call typecheck ran for 0.538 secs (0.538u,0.s) (success)
Tactic call build-and-typecheck ran for 0.542 secs (0.542u,0.s) (success)
Tactic call refine ran for 0.538 secs (0.538u,0.s) (success)
Params: n= 8900
Tactic call build ran for 0.004 secs (0.004u,0.s) (success)
Tactic call typecheck ran for 0.545 secs (0.545u,0.s) (success)
Tactic call build-and-typecheck ran for 0.549 secs (0.549u,0.s) (success)
Tactic call refine ran for 0.547 secs (0.543u,0.003s) (success)
Params: n= 9000
Tactic call build ran for 0.004 secs (0.004u,0.s) (success)
Tactic call typecheck ran for 0.561 secs (0.561u,0.s) (success)
Tactic call build-and-typecheck ran for 0.565 secs (0.565u,0.s) (success)
Tactic call refine ran for 0.563 secs (0.563u,0.s) (success)
Params: n= 9100
Tactic call build ran for 0.005 secs (0.005u,0.s) (success)
Tactic call typecheck ran for 0.574 secs (0.574u,0.s) (success)
Tactic call build-and-typecheck ran for 0.579 secs (0.579u,0.s) (success)
Tactic call refine ran for 0.576 secs (0.576u,0.s) (success)
Params: n= 9200
Tactic call build ran for 0.003 secs (0.003u,0.s) (success)
Tactic call typecheck ran for 0.583 secs (0.583u,0.s) (success)
Tactic call build-and-typecheck ran for 0.587 secs (0.587u,0.s) (success)
Tactic call refine ran for 0.586 secs (0.586u,0.s) (success)
Params: n= 9300
Tactic call build ran for 0.004 secs (0.004u,0.s) (success)
Tactic call typecheck ran for 0.595 secs (0.595u,0.s) (success)
Tactic call build-and-typecheck ran for 0.6 secs (0.6u,0.s) (success)
Tactic call refine ran for 0.599 secs (0.599u,0.s) (success)
Params: n= 9400
Tactic call build ran for 0.001 secs (0.001u,0.s) (success)
Tactic call typecheck ran for 0.608 secs (0.608u,0.s) (success)
Tactic call build-and-typecheck ran for 0.61 secs (0.61u,0.s) (success)
Tactic call refine ran for 0.611 secs (0.611u,0.s) (success)
Params: n= 9500
Tactic call build ran for 0.013 secs (0.013u,0.s) (success)
Tactic call typecheck ran for 0.638 secs (0.638u,0.s) (success)
Tactic call build-and-typecheck ran for 0.652 secs (0.652u,0.s) (success)
Tactic call refine ran for 0.644 secs (0.644u,0.s) (success)
Params: n= 9600
Tactic call build ran for 0.01 secs (0.01u,0.s) (success)
Tactic call typecheck ran for 0.635 secs (0.635u,0.s) (success)
Tactic call build-and-typecheck ran for 0.645 secs (0.645u,0.s) (success)
Tactic call refine ran for 0.64 secs (0.64u,0.s) (success)
Params: n= 9700
Tactic call build ran for 0.009 secs (0.009u,0.s) (success)
Tactic call typecheck ran for 0.651 secs (0.651u,0.s) (success)
Tactic call build-and-typecheck ran for 0.661 secs (0.661u,0.s) (success)
Tactic call refine ran for 0.658 secs (0.658u,0.s) (success)
Params: n= 9800
Tactic call build ran for 0.006 secs (0.006u,0.s) (success)
Tactic call typecheck ran for 0.659 secs (0.659u,0.s) (success)
Tactic call build-and-typecheck ran for 0.666 secs (0.666u,0.s) (success)
Tactic call refine ran for 0.663 secs (0.663u,0.s) (success)
Params: n= 9900
Tactic call build ran for 0.006 secs (0.006u,0.s) (success)
Tactic call typecheck ran for 0.671 secs (0.671u,0.s) (success)
Tactic call build-and-typecheck ran for 0.678 secs (0.678u,0.s) (success)
Tactic call refine ran for 0.678 secs (0.678u,0.s) (success)
Params: n= 10000
Tactic call build ran for 0.006 secs (0.006u,0.s) (success)
Tactic call typecheck ran for 0.69 secs (0.69u,0.s) (success)
Tactic call build-and-typecheck ran for 0.696 secs (0.696u,0.s) (success)
Tactic call refine ran for 0.694 secs (0.694u,0.s) (success)
Params: n= 10100
Tactic call build ran for 0.005 secs (0.005u,0.s) (success)
Tactic call typecheck ran for 0.703 secs (0.703u,0.s) (success)
Tactic call build-and-typecheck ran for 0.709 secs (0.709u,0.s) (success)
Tactic call refine ran for 0.707 secs (0.707u,0.s) (success)
Params: n= 10200
Tactic call build ran for 0.006 secs (0.006u,0.s) (success)
Tactic call typecheck ran for 0.716 secs (0.716u,0.s) (success)
Tactic call build-and-typecheck ran for 0.722 secs (0.722u,0.s) (success)
Tactic call refine ran for 0.721 secs (0.717u,0.003s) (success)
Params: n= 10300
Tactic call build ran for 0. secs (0.u,0.s) (success)
Tactic call typecheck ran for 0.732 secs (0.728u,0.003s) (success)
Tactic call build-and-typecheck ran for 0.733 secs (0.729u,0.003s) (success)
Tactic call refine ran for 0.734 secs (0.734u,0.s) (success)
Params: n= 10400
Tactic call build ran for 0. secs (0.u,0.s) (success)
Tactic call typecheck ran for 0.849 secs (0.849u,0.s) (success)
Tactic call build-and-typecheck ran for 0.849 secs (0.849u,0.s) (success)
Tactic call refine ran for 0.85 secs (0.85u,0.s) (success)
Params: n= 10500
Tactic call build ran for 0. secs (0.u,0.s) (success)
Tactic call typecheck ran for 0.754 secs (0.754u,0.s) (success)
Tactic call build-and-typecheck ran for 0.755 secs (0.755u,0.s) (success)
Tactic call refine ran for 0.755 secs (0.755u,0.s) (success)
Params: n= 10600
Tactic call build ran for 0. secs (0.u,0.s) (success)
Tactic call typecheck ran for 0.772 secs (0.772u,0.s) (success)
Tactic call build-and-typecheck ran for 0.772 secs (0.772u,0.s) (success)
Tactic call refine ran for 0.773 secs (0.773u,0.s) (success)
Params: n= 10700
Tactic call build ran for 0. secs (0.u,0.s) (success)
Tactic call typecheck ran for 0.785 secs (0.785u,0.s) (success)
Tactic call build-and-typecheck ran for 0.785 secs (0.785u,0.s) (success)
Tactic call refine ran for 0.786 secs (0.786u,0.s) (success)
Params: n= 10800
Tactic call build ran for 0. secs (0.u,0.s) (success)
Tactic call typecheck ran for 0.805 secs (0.805u,0.s) (success)
Tactic call build-and-typecheck ran for 0.805 secs (0.805u,0.s) (success)
Tactic call refine ran for 0.807 secs (0.807u,0.s) (success)
Params: n= 10900
Tactic call build ran for 0. secs (0.u,0.s) (success)
Tactic call typecheck ran for 0.819 secs (0.819u,0.s) (success)
Tactic call build-and-typecheck ran for 0.819 secs (0.819u,0.s) (success)
Tactic call refine ran for 0.821 secs (0.821u,0.s) (success)
Params: n= 11000
Tactic call build ran for 0. secs (0.u,0.s) (success)
Tactic call typecheck ran for 0.837 secs (0.837u,0.s) (success)
Tactic call build-and-typecheck ran for 0.837 secs (0.837u,0.s) (success)
Tactic call refine ran for 0.837 secs (0.837u,0.s) (success)
Params: n= 11100
Tactic call build ran for 0. secs (0.u,0.s) (success)
Tactic call typecheck ran for 0.843 secs (0.843u,0.s) (success)
Tactic call build-and-typecheck ran for 0.844 secs (0.844u,0.s) (success)
Tactic call refine ran for 0.846 secs (0.846u,0.s) (success)
Params: n= 11200
Tactic call build ran for 0. secs (0.u,0.s) (success)
Tactic call typecheck ran for 0.864 secs (0.864u,0.s) (success)
Tactic call build-and-typecheck ran for 0.865 secs (0.865u,0.s) (success)
Tactic call refine ran for 0.866 secs (0.866u,0.s) (success)
Params: n= 11300
Tactic call build ran for 0. secs (0.u,0.s) (success)
Tactic call typecheck ran for 0.88 secs (0.88u,0.s) (success)
Tactic call build-and-typecheck ran for 0.881 secs (0.881u,0.s) (success)
Tactic call refine ran for 0.883 secs (0.883u,0.s) (success)
Params: n= 11400
Tactic call build ran for 0. secs (0.u,0.s) (success)
Tactic call typecheck ran for 0.898 secs (0.898u,0.s) (success)
Tactic call build-and-typecheck ran for 0.898 secs (0.899u,0.s) (success)
Tactic call refine ran for 0.903 secs (0.903u,0.s) (success)
Params: n= 11500
Tactic call build ran for 0. secs (0.u,0.s) (success)
Tactic call typecheck ran for 0.905 secs (0.905u,0.s) (success)
Tactic call build-and-typecheck ran for 0.906 secs (0.906u,0.s) (success)
Tactic call refine ran for 0.911 secs (0.911u,0.s) (success)
Params: n= 11600
Tactic call build ran for 0. secs (0.u,0.s) (success)
Tactic call typecheck ran for 0.926 secs (0.926u,0.s) (success)
Tactic call build-and-typecheck ran for 0.926 secs (0.926u,0.s) (success)
Tactic call refine ran for 0.929 secs (0.929u,0.s) (success)
Params: n= 11700
Tactic call build ran for 0. secs (0.u,0.s) (success)
Tactic call typecheck ran for 0.946 secs (0.946u,0.s) (success)
Tactic call build-and-typecheck ran for 0.946 secs (0.946u,0.s) (success)
Tactic call refine ran for 0.948 secs (0.948u,0.s) (success)
Params: n= 11800
Tactic call build ran for 0. secs (0.u,0.s) (success)
Tactic call typecheck ran for 0.956 secs (0.956u,0.s) (success)
Tactic call build-and-typecheck ran for 0.956 secs (0.956u,0.s) (success)
Tactic call refine ran for 0.956 secs (0.956u,0.s) (success)
Params: n= 11900
Tactic call build ran for 0. secs (0.u,0.s) (success)
Tactic call typecheck ran for 0.971 secs (0.971u,0.s) (success)
Tactic call build-and-typecheck ran for 0.972 secs (0.972u,0.s) (success)
Tactic call refine ran for 0.973 secs (0.973u,0.s) (success)
Params: n= 12000
Tactic call build ran for 0.013 secs (0.013u,0.s) (success)
Tactic call typecheck ran for 0.992 secs (0.992u,0.s) (success)
Tactic call build-and-typecheck ran for 1.005 secs (1.005u,0.s) (success)
Tactic call refine ran for 0.996 secs (0.996u,0.s) (success)
Params: n= 12100
Tactic call build ran for 0. secs (0.u,0.s) (success)
Tactic call typecheck ran for 1.006 secs (1.006u,0.s) (success)
Tactic call build-and-typecheck ran for 1.007 secs (1.007u,0.s) (success)
Tactic call refine ran for 1.007 secs (1.007u,0.s) (success)
Params: n= 12200
Tactic call build ran for 0. secs (0.u,0.s) (success)
Tactic call typecheck ran for 1.023 secs (1.023u,0.s) (success)
Tactic call build-and-typecheck ran for 1.023 secs (1.023u,0.s) (success)
Tactic call refine ran for 1.024 secs (1.024u,0.s) (success)
Params: n= 12300
Tactic call build ran for 0.006 secs (0.006u,0.s) (success)
Tactic call typecheck ran for 1.028 secs (1.028u,0.s) (success)
Tactic call build-and-typecheck ran for 1.035 secs (1.035u,0.s) (success)
Tactic call refine ran for 1.035 secs (1.035u,0.s) (success)
Params: n= 12400
Tactic call build ran for 0.002 secs (0.002u,0.s) (success)
Tactic call typecheck ran for 1.055 secs (1.055u,0.s) (success)
Tactic call build-and-typecheck ran for 1.058 secs (1.058u,0.s) (success)
Tactic call refine ran for 1.057 secs (1.057u,0.s) (success)
Params: n= 12500
Tactic call build ran for 0.001 secs (0.001u,0.s) (success)
Tactic call typecheck ran for 1.074 secs (1.074u,0.s) (success)
Tactic call build-and-typecheck ran for 1.076 secs (1.076u,0.s) (success)
Tactic call refine ran for 1.078 secs (1.078u,0.s) (success)
Params: n= 12600
Tactic call build ran for 0. secs (0.u,0.s) (success)
Tactic call typecheck ran for 1.087 secs (1.087u,0.s) (success)
Tactic call build-and-typecheck ran for 1.087 secs (1.087u,0.s) (success)
Tactic call refine ran for 1.095 secs (1.095u,0.s) (success)
Params: n= 12700
Tactic call build ran for 0. secs (0.u,0.s) (success)
Tactic call typecheck ran for 1.109 secs (1.109u,0.s) (success)
Tactic call build-and-typecheck ran for 1.11 secs (1.11u,0.s) (success)
Tactic call refine ran for 1.112 secs (1.112u,0.s) (success)
Params: n= 12800
Tactic call build ran for 0.001 secs (0.001u,0.s) (success)
Tactic call typecheck ran for 1.124 secs (1.124u,0.s) (success)
Tactic call build-and-typecheck ran for 1.126 secs (1.126u,0.s) (success)
Tactic call refine ran for 1.131 secs (1.131u,0.s) (success)
Params: n= 12900
Tactic call build ran for 0.007 secs (0.007u,0.s) (success)
Tactic call typecheck ran for 1.138 secs (1.138u,0.s) (success)
Tactic call build-and-typecheck ran for 1.145 secs (1.145u,0.s) (success)
Tactic call refine ran for 1.138 secs (1.138u,0.s) (success)
Params: n= 13000
Tactic call build ran for 0.004 secs (0.004u,0.s) (success)
Tactic call typecheck ran for 1.163 secs (1.159u,0.003s) (success)
Tactic call build-and-typecheck ran for 1.167 secs (1.163u,0.003s) (success)
Tactic call refine ran for 1.165 secs (1.161u,0.004s) (success)
Params: n= 13100
Tactic call build ran for 0.003 secs (0.003u,0.s) (success)
Tactic call typecheck ran for 1.18 secs (1.18u,0.s) (success)
Tactic call build-and-typecheck ran for 1.184 secs (1.184u,0.s) (success)
Tactic call refine ran for 1.182 secs (1.182u,0.s) (success)
Params: n= 13200
Tactic call build ran for 0.004 secs (0.004u,0.s) (success)
Tactic call typecheck ran for 1.194 secs (1.194u,0.s) (success)
Tactic call build-and-typecheck ran for 1.199 secs (1.199u,0.s) (success)
Tactic call refine ran for 1.197 secs (1.197u,0.s) (success)
Params: n= 13300
Tactic call build ran for 0.004 secs (0.004u,0.s) (success)
Tactic call typecheck ran for 1.207 secs (1.207u,0.s) (success)
Tactic call build-and-typecheck ran for 1.211 secs (1.211u,0.s) (success)
Tactic call refine ran for 1.212 secs (1.212u,0.s) (success)
Params: n= 13400
Tactic call build ran for 0.003 secs (0.003u,0.s) (success)
Tactic call typecheck ran for 1.229 secs (1.229u,0.s) (success)
Tactic call build-and-typecheck ran for 1.233 secs (1.233u,0.s) (success)
Tactic call refine ran for 1.23 secs (1.23u,0.s) (success)
Params: n= 13500
Tactic call build ran for 0.004 secs (0.004u,0.s) (success)
Tactic call typecheck ran for 1.248 secs (1.248u,0.s) (success)
Tactic call build-and-typecheck ran for 1.252 secs (1.252u,0.s) (success)
Tactic call refine ran for 1.252 secs (1.252u,0.s) (success)
Params: n= 13600
Tactic call build ran for 0.004 secs (0.004u,0.s) (success)
Tactic call typecheck ran for 1.269 secs (1.265u,0.003s) (success)
Tactic call build-and-typecheck ran for 1.273 secs (1.269u,0.003s) (success)
Tactic call refine ran for 1.273 secs (1.273u,0.s) (success)
Params: n= 13700
Tactic call build ran for 0.004 secs (0.004u,0.s) (success)
Tactic call typecheck ran for 1.283 secs (1.283u,0.s) (success)
Tactic call build-and-typecheck ran for 1.287 secs (1.287u,0.s) (success)
Tactic call refine ran for 1.286 secs (1.286u,0.s) (success)
Params: n= 13800
Tactic call build ran for 0.004 secs (0.004u,0.s) (success)
Tactic call typecheck ran for 1.31 secs (1.31u,0.s) (success)
Tactic call build-and-typecheck ran for 1.314 secs (1.314u,0.s) (success)
Tactic call refine ran for 1.315 secs (1.315u,0.s) (success)
Params: n= 13900
Tactic call build ran for 0.003 secs (0.003u,0.s) (success)
Tactic call typecheck ran for 1.322 secs (1.322u,0.s) (success)
Tactic call build-and-typecheck ran for 1.326 secs (1.326u,0.s) (success)
Tactic call refine ran for 1.327 secs (1.327u,0.s) (success)
Params: n= 14000
Tactic call build ran for 0.004 secs (0.004u,0.s) (success)
Tactic call typecheck ran for 1.34 secs (1.34u,0.s) (success)
Tactic call build-and-typecheck ran for 1.344 secs (1.344u,0.s) (success)
Tactic call refine ran for 1.343 secs (1.343u,0.s) (success)
Params: n= 14100
Tactic call build ran for 0. secs (0.u,0.s) (success)
Tactic call typecheck ran for 1.359 secs (1.359u,0.s) (success)
Tactic call build-and-typecheck ran for 1.359 secs (1.359u,0.s) (success)
Tactic call refine ran for 1.362 secs (1.362u,0.s) (success)
Params: n= 14200
Tactic call build ran for 0.01 secs (0.01u,0.s) (success)
Tactic call typecheck ran for 1.384 secs (1.384u,0.s) (success)
Tactic call build-and-typecheck ran for 1.394 secs (1.394u,0.s) (success)
Tactic call refine ran for 1.389 secs (1.389u,0.s) (success)
Params: n= 14300
Tactic call build ran for 0.009 secs (0.009u,0.s) (success)
Tactic call typecheck ran for 1.398 secs (1.398u,0.s) (success)
Tactic call build-and-typecheck ran for 1.408 secs (1.408u,0.s) (success)
Tactic call refine ran for 1.406 secs (1.406u,0.s) (success)
Params: n= 14400
Tactic call build ran for 0. secs (0.u,0.s) (success)
Tactic call typecheck ran for 1.422 secs (1.422u,0.s) (success)
Tactic call build-and-typecheck ran for 1.423 secs (1.423u,0.s) (success)
Tactic call refine ran for 1.426 secs (1.426u,0.s) (success)
Params: n= 14500
Tactic call build ran for 0. secs (0.u,0.s) (success)
Tactic call typecheck ran for 1.446 secs (1.446u,0.s) (success)
Tactic call build-and-typecheck ran for 1.447 secs (1.447u,0.s) (success)
Tactic call refine ran for 1.449 secs (1.449u,0.s) (success)
Params: n= 14600
Tactic call build ran for 0. secs (0.u,0.s) (success)
Tactic call typecheck ran for 1.467 secs (1.467u,0.s) (success)
Tactic call build-and-typecheck ran for 1.467 secs (1.467u,0.s) (success)
Tactic call refine ran for 1.467 secs (1.467u,0.s) (success)
Params: n= 14700
Tactic call build ran for 0. secs (0.u,0.s) (success)
Tactic call typecheck ran for 1.481 secs (1.481u,0.s) (success)
Tactic call build-and-typecheck ran for 1.481 secs (1.481u,0.s) (success)
Tactic call refine ran for 1.482 secs (1.482u,0.s) (success)
Params: n= 14800
Tactic call build ran for 0. secs (0.u,0.s) (success)
Tactic call typecheck ran for 1.609 secs (1.609u,0.s) (success)
Tactic call build-and-typecheck ran for 1.609 secs (1.609u,0.s) (success)
Tactic call refine ran for 1.61 secs (1.61u,0.s) (success)
Params: n= 14900
Tactic call build ran for 0. secs (0.u,0.s) (success)
Tactic call typecheck ran for 1.532 secs (1.532u,0.s) (success)
Tactic call build-and-typecheck ran for 1.533 secs (1.533u,0.s) (success)
Tactic call refine ran for 1.539 secs (1.539u,0.s) (success)
Params: n= 15000
Tactic call build ran for 0. secs (0.u,0.s) (success)
Tactic call typecheck ran for 1.557 secs (1.557u,0.s) (success)
Tactic call build-and-typecheck ran for 1.557 secs (1.557u,0.s) (success)
Tactic call refine ran for 1.56 secs (1.56u,0.s) (success)
Params: n= 15100
Tactic call build ran for 0. secs (0.u,0.s) (success)
Tactic call typecheck ran for 1.576 secs (1.576u,0.s) (success)
Tactic call build-and-typecheck ran for 1.577 secs (1.577u,0.s) (success)
Tactic call refine ran for 1.58 secs (1.58u,0.s) (success)
Params: n= 15200
Tactic call build ran for 0. secs (0.u,0.s) (success)
Tactic call typecheck ran for 1.592 secs (1.592u,0.s) (success)
Tactic call build-and-typecheck ran for 1.592 secs (1.592u,0.s) (success)
Tactic call refine ran for 1.595 secs (1.591u,0.003s) (success)
Params: n= 15300
Tactic call build ran for 0. secs (0.u,0.s) (success)
Tactic call typecheck ran for 1.62 secs (1.62u,0.s) (success)
Tactic call build-and-typecheck ran for 1.62 secs (1.62u,0.s) (success)
Tactic call refine ran for 1.621 secs (1.62u,0.s) (success)
Params: n= 15400
Tactic call build ran for 0. secs (0.u,0.s) (success)
Tactic call typecheck ran for 1.639 secs (1.639u,0.s) (success)
Tactic call build-and-typecheck ran for 1.64 secs (1.64u,0.s) (success)
Tactic call refine ran for 1.641 secs (1.641u,0.s) (success)
Params: n= 15500
Tactic call build ran for 0. secs (0.u,0.s) (success)
Tactic call typecheck ran for 1.661 secs (1.661u,0.s) (success)
Tactic call build-and-typecheck ran for 1.662 secs (1.662u,0.s) (success)
Tactic call refine ran for 1.665 secs (1.665u,0.s) (success)
Params: n= 15600
Tactic call build ran for 0. secs (0.u,0.s) (success)
Tactic call typecheck ran for 1.681 secs (1.681u,0.s) (success)
Tactic call build-and-typecheck ran for 1.681 secs (1.681u,0.s) (success)
Tactic call refine ran for 1.685 secs (1.685u,0.s) (success)
Params: n= 15700
Tactic call build ran for 0. secs (0.u,0.s) (success)
Tactic call typecheck ran for 1.704 secs (1.704u,0.s) (success)
Tactic call build-and-typecheck ran for 1.704 secs (1.704u,0.s) (success)
Tactic call refine ran for 1.704 secs (1.704u,0.s) (success)
Params: n= 15800
Tactic call build ran for 0. secs (0.u,0.s) (success)
Tactic call typecheck ran for 1.721 secs (1.721u,0.s) (success)
Tactic call build-and-typecheck ran for 1.721 secs (1.721u,0.s) (success)
Tactic call refine ran for 1.724 secs (1.72u,0.004s) (success)
Params: n= 15900
Tactic call build ran for 0. secs (0.u,0.s) (success)
Tactic call typecheck ran for 1.743 secs (1.743u,0.s) (success)
Tactic call build-and-typecheck ran for 1.743 secs (1.743u,0.s) (success)
Tactic call refine ran for 1.751 secs (1.751u,0.s) (success)
Params: n= 16000
Tactic call build ran for 0.013 secs (0.013u,0.s) (success)
Tactic call typecheck ran for 1.765 secs (1.765u,0.s) (success)
Tactic call build-and-typecheck ran for 1.778 secs (1.778u,0.s) (success)
Tactic call refine ran for 1.771 secs (1.771u,0.s) (success)
Params: n= 16100
Tactic call build ran for 0. secs (0.u,0.s) (success)
Tactic call typecheck ran for 1.791 secs (1.791u,0.s) (success)
Tactic call build-and-typecheck ran for 1.791 secs (1.791u,0.s) (success)
Tactic call refine ran for 1.794 secs (1.79u,0.003s) (success)
Params: n= 16200
Tactic call build ran for 0. secs (0.u,0.s) (success)
Tactic call typecheck ran for 1.806 secs (1.806u,0.s) (success)
Tactic call build-and-typecheck ran for 1.807 secs (1.807u,0.s) (success)
Tactic call refine ran for 1.811 secs (1.807u,0.003s) (success)
Params: n= 16300
Tactic call build ran for 0. secs (0.u,0.s) (success)
Tactic call typecheck ran for 1.834 secs (1.834u,0.s) (success)
Tactic call build-and-typecheck ran for 1.834 secs (1.834u,0.s) (success)
Tactic call refine ran for 1.833 secs (1.833u,0.s) (success)
Params: n= 16400
Tactic call build ran for 0. secs (0.u,0.s) (success)
Tactic call typecheck ran for 1.847 secs (1.847u,0.s) (success)
Tactic call build-and-typecheck ran for 1.847 secs (1.847u,0.s) (success)
Tactic call refine ran for 1.849 secs (1.849u,0.s) (success)
Params: n= 16500
Tactic call build ran for 0.004 secs (0.004u,0.s) (success)
Tactic call typecheck ran for 1.872 secs (1.872u,0.s) (success)
Tactic call build-and-typecheck ran for 1.877 secs (1.877u,0.s) (success)
Tactic call refine ran for 1.878 secs (1.878u,0.s) (success)
Params: n= 16600
Tactic call build ran for 0.001 secs (0.001u,0.s) (success)
Tactic call typecheck ran for 1.887 secs (1.887u,0.s) (success)
Tactic call build-and-typecheck ran for 1.889 secs (1.889u,0.s) (success)
Tactic call refine ran for 1.888 secs (1.888u,0.s) (success)
Params: n= 16700
Tactic call build ran for 0. secs (0.u,0.s) (success)
Tactic call typecheck ran for 1.919 secs (1.919u,0.s) (success)
Tactic call build-and-typecheck ran for 1.92 secs (1.92u,0.s) (success)
Tactic call refine ran for 1.93 secs (1.93u,0.s) (success)
Params: n= 16800
Tactic call build ran for 0. secs (0.u,0.s) (success)
Tactic call typecheck ran for 1.939 secs (1.935u,0.003s) (success)
Tactic call build-and-typecheck ran for 1.94 secs (1.936u,0.003s) (success)
Tactic call refine ran for 1.947 secs (1.947u,0.s) (success)
Params: n= 16900
Tactic call build ran for 0. secs (0.u,0.s) (success)
Tactic call typecheck ran for 1.959 secs (1.959u,0.s) (success)
Tactic call build-and-typecheck ran for 1.959 secs (1.959u,0.s) (success)
Tactic call refine ran for 1.962 secs (1.962u,0.s) (success)
Params: n= 17000
Tactic call build ran for 0. secs (0.u,0.s) (success)
Tactic call typecheck ran for 1.98 secs (1.98u,0.s) (success)
Tactic call build-and-typecheck ran for 1.98 secs (1.98u,0.s) (success)
Tactic call refine ran for 1.984 secs (1.984u,0.s) (success)
Params: n= 17100
Tactic call build ran for 0.001 secs (0.001u,0.s) (success)
Tactic call typecheck ran for 1.998 secs (1.998u,0.s) (success)
Tactic call build-and-typecheck ran for 1.999 secs (1.999u,0.s) (success)
Tactic call refine ran for 2.007 secs (2.007u,0.s) (success)
Params: n= 17200
Tactic call build ran for 0.004 secs (0.004u,0.s) (success)
Tactic call typecheck ran for 2.029 secs (2.029u,0.s) (success)
Tactic call build-and-typecheck ran for 2.033 secs (2.033u,0.s) (success)
Tactic call refine ran for 2.033 secs (2.029u,0.003s) (success)
Params: n= 17300
Tactic call build ran for 0.003 secs (0.003u,0.s) (success)
Tactic call typecheck ran for 2.05 secs (2.05u,0.s) (success)
Tactic call build-and-typecheck ran for 2.054 secs (2.054u,0.s) (success)
Tactic call refine ran for 2.052 secs (2.052u,0.s) (success)
Params: n= 17400
Tactic call build ran for 0.004 secs (0.004u,0.s) (success)
Tactic call typecheck ran for 2.08 secs (2.08u,0.s) (success)
Tactic call build-and-typecheck ran for 2.084 secs (2.084u,0.s) (success)
Tactic call refine ran for 2.082 secs (2.082u,0.s) (success)
Params: n= 17500
Tactic call build ran for 0.004 secs (0.004u,0.s) (success)
Tactic call typecheck ran for 2.098 secs (2.094u,0.003s) (success)
Tactic call build-and-typecheck ran for 2.103 secs (2.099u,0.003s) (success)
Tactic call refine ran for 2.104 secs (2.104u,0.s) (success)
Params: n= 17600
Tactic call build ran for 0.003 secs (0.003u,0.s) (success)
Tactic call typecheck ran for 2.124 secs (2.124u,0.s) (success)
Tactic call build-and-typecheck ran for 2.128 secs (2.128u,0.s) (success)
Tactic call refine ran for 2.131 secs (2.131u,0.s) (success)
Params: n= 17700
Tactic call build ran for 0.004 secs (0.004u,0.s) (success)
Tactic call typecheck ran for 2.147 secs (2.147u,0.s) (success)
Tactic call build-and-typecheck ran for 2.152 secs (2.152u,0.s) (success)
Tactic call refine ran for 2.156 secs (2.156u,0.s) (success)
Params: n= 17800
Tactic call build ran for 0. secs (0.u,0.s) (success)
Tactic call typecheck ran for 2.164 secs (2.164u,0.s) (success)
Tactic call build-and-typecheck ran for 2.165 secs (2.165u,0.s) (success)
Tactic call refine ran for 2.168 secs (2.168u,0.s) (success)
Params: n= 17900
Tactic call build ran for 0.01 secs (0.01u,0.s) (success)
Tactic call typecheck ran for 2.188 secs (2.188u,0.s) (success)
Tactic call build-and-typecheck ran for 2.199 secs (2.199u,0.s) (success)
Tactic call refine ran for 2.195 secs (2.195u,0.s) (success)
Params: n= 18000
Tactic call build ran for 0.006 secs (0.006u,0.s) (success)
Tactic call typecheck ran for 2.223 secs (2.223u,0.s) (success)
Tactic call build-and-typecheck ran for 2.23 secs (2.23u,0.s) (success)
Tactic call refine ran for 2.229 secs (2.229u,0.s) (success)
Params: n= 18100
Tactic call build ran for 0.006 secs (0.006u,0.s) (success)
Tactic call typecheck ran for 2.241 secs (2.241u,0.s) (success)
Tactic call build-and-typecheck ran for 2.247 secs (2.247u,0.s) (success)
Tactic call refine ran for 2.244 secs (2.244u,0.s) (success)
Params: n= 18200
Tactic call build ran for 0.006 secs (0.006u,0.s) (success)
Tactic call typecheck ran for 2.27 secs (2.27u,0.s) (success)
Tactic call build-and-typecheck ran for 2.276 secs (2.276u,0.s) (success)
Tactic call refine ran for 2.274 secs (2.274u,0.s) (success)
Params: n= 18300
Tactic call build ran for 0.006 secs (0.006u,0.s) (success)
Tactic call typecheck ran for 2.301 secs (2.301u,0.s) (success)
Tactic call build-and-typecheck ran for 2.307 secs (2.307u,0.s) (success)
Tactic call refine ran for 2.306 secs (2.306u,0.s) (success)
Params: n= 18400
Tactic call build ran for 0.004 secs (0.004u,0.s) (success)
Tactic call typecheck ran for 2.314 secs (2.314u,0.s) (success)
Tactic call build-and-typecheck ran for 2.318 secs (2.318u,0.s) (success)
Tactic call refine ran for 2.319 secs (2.319u,0.s) (success)
Params: n= 18500
Tactic call build ran for 0. secs (0.u,0.s) (success)
Tactic call typecheck ran for 2.348 secs (2.348u,0.s) (success)
Tactic call build-and-typecheck ran for 2.348 secs (2.348u,0.s) (success)
Tactic call refine ran for 2.351 secs (2.351u,0.s) (success)
Params: n= 18600
Tactic call build ran for 0. secs (0.u,0.s) (success)
Tactic call typecheck ran for 2.36 secs (2.36u,0.s) (success)
Tactic call build-and-typecheck ran for 2.361 secs (2.361u,0.s) (success)
Tactic call refine ran for 2.366 secs (2.362u,0.003s) (success)
Params: n= 18700
Tactic call build ran for 0. secs (0.u,0.s) (success)
Tactic call typecheck ran for 2.73 secs (2.73u,0.s) (success)
Tactic call build-and-typecheck ran for 2.731 secs (2.731u,0.s) (success)
Tactic call refine ran for 2.734 secs (2.734u,0.s) (success)
Params: n= 18800
Tactic call build ran for 0. secs (0.u,0.s) (success)
Tactic call typecheck ran for 2.419 secs (2.419u,0.s) (success)
Tactic call build-and-typecheck ran for 2.42 secs (2.42u,0.s) (success)
Tactic call refine ran for 2.423 secs (2.423u,0.s) (success)
Params: n= 18900
Tactic call build ran for 0. secs (0.u,0.s) (success)
Tactic call typecheck ran for 2.449 secs (2.449u,0.s) (success)
Tactic call build-and-typecheck ran for 2.45 secs (2.45u,0.s) (success)
Tactic call refine ran for 2.451 secs (2.451u,0.s) (success)
Params: n= 19000
Tactic call build ran for 0. secs (0.u,0.s) (success)
Tactic call typecheck ran for 2.462 secs (2.462u,0.s) (success)
Tactic call build-and-typecheck ran for 2.463 secs (2.463u,0.s) (success)
Tactic call refine ran for 2.47 secs (2.47u,0.s) (success)
Params: n= 19100
Tactic call build ran for 0. secs (0.u,0.s) (success)
Tactic call typecheck ran for 2.504 secs (2.504u,0.s) (success)
Tactic call build-and-typecheck ran for 2.505 secs (2.505u,0.s) (success)
Tactic call refine ran for 2.507 secs (2.503u,0.003s) (success)
Params: n= 19200
Tactic call build ran for 0. secs (0.u,0.s) (success)
Tactic call typecheck ran for 2.528 secs (2.528u,0.s) (success)
Tactic call build-and-typecheck ran for 2.529 secs (2.529u,0.s) (success)
Tactic call refine ran for 2.531 secs (2.531u,0.s) (success)
Params: n= 19300
Tactic call build ran for 0. secs (0.u,0.s) (success)
Tactic call typecheck ran for 2.549 secs (2.549u,0.s) (success)
Tactic call build-and-typecheck ran for 2.549 secs (2.549u,0.s) (success)
Tactic call refine ran for 2.55 secs (2.55u,0.s) (success)
Params: n= 19400
Tactic call build ran for 0.011 secs (0.011u,0.s) (success)
Tactic call typecheck ran for 2.583 secs (2.583u,0.s) (success)
Tactic call build-and-typecheck ran for 2.595 secs (2.595u,0.s) (success)
Tactic call refine ran for 2.594 secs (2.594u,0.s) (success)
Params: n= 19500
Tactic call build ran for 0. secs (0.u,0.s) (success)
Tactic call typecheck ran for 2.604 secs (2.6u,0.003s) (success)
Tactic call build-and-typecheck ran for 2.604 secs (2.6u,0.003s) (success)
Tactic call refine ran for 2.603 secs (2.603u,0.s) (success)
Params: n= 19600
Tactic call build ran for 0. secs (0.u,0.s) (success)
Tactic call typecheck ran for 2.632 secs (2.632u,0.s) (success)
Tactic call build-and-typecheck ran for 2.632 secs (2.632u,0.s) (success)
Tactic call refine ran for 2.631 secs (2.631u,0.s) (success)
Params: n= 19700
Tactic call build ran for 0. secs (0.u,0.s) (success)
Tactic call typecheck ran for 2.653 secs (2.653u,0.s) (success)
Tactic call build-and-typecheck ran for 2.653 secs (2.653u,0.s) (success)
Tactic call refine ran for 2.652 secs (2.652u,0.s) (success)
Params: n= 19800
Tactic call build ran for 0. secs (0.u,0.s) (success)
Tactic call typecheck ran for 2.691 secs (2.691u,0.s) (success)
Tactic call build-and-typecheck ran for 2.691 secs (2.691u,0.s) (success)
Tactic call refine ran for 2.69 secs (2.69u,0.s) (success)
Params: n= 19900
Tactic call build ran for 0. secs (0.u,0.s) (success)
Tactic call typecheck ran for 2.724 secs (2.724u,0.s) (success)
Tactic call build-and-typecheck ran for 2.725 secs (2.725u,0.s) (success)
Tactic call refine ran for 2.722 secs (2.722u,0.s) (success)
