Params: n= 100
Tactic call build ran for 0. secs (0.u,0.s) (success)
Tactic call typecheck ran for 0. secs (0.u,0.s) (success)
Tactic call build-and-typecheck ran for 0. secs (0.u,0.s) (success)
Tactic call refine ran for 0. secs (0.u,0.s) (success)
Params: n= 200
Tactic call build ran for 0. secs (0.u,0.s) (success)
Tactic call typecheck ran for 0. secs (0.u,0.s) (success)
Tactic call build-and-typecheck ran for 0. secs (0.u,0.s) (success)
Tactic call refine ran for 0. secs (0.u,0.s) (success)
Params: n= 300
Tactic call build ran for 0.031 secs (0.031u,0.s) (success)
Tactic call typecheck ran for 0.033 secs (0.033u,0.s) (success)
Tactic call build-and-typecheck ran for 0.065 secs (0.065u,0.s) (success)
Tactic call refine ran for 0. secs (0.u,0.s) (success)
Params: n= 400
Tactic call build ran for 0.001 secs (0.001u,0.s) (success)
Tactic call typecheck ran for 0.001 secs (0.001u,0.s) (success)
Tactic call build-and-typecheck ran for 0.002 secs (0.002u,0.s) (success)
Tactic call refine ran for 0.001 secs (0.001u,0.s) (success)
Params: n= 500
Tactic call build ran for 0. secs (0.u,0.s) (success)
Tactic call typecheck ran for 0.002 secs (0.002u,0.s) (success)
Tactic call build-and-typecheck ran for 0.003 secs (0.003u,0.s) (success)
Tactic call refine ran for 0.001 secs (0.001u,0.s) (success)
Params: n= 600
Tactic call build ran for 0.001 secs (0.001u,0.s) (success)
Tactic call typecheck ran for 0.002 secs (0.002u,0.s) (success)
Tactic call build-and-typecheck ran for 0.003 secs (0.003u,0.s) (success)
Tactic call refine ran for 0.002 secs (0.002u,0.s) (success)
Params: n= 700
Tactic call build ran for 0. secs (0.u,0.s) (success)
Tactic call typecheck ran for 0.003 secs (0.003u,0.s) (success)
Tactic call build-and-typecheck ran for 0.004 secs (0.004u,0.s) (success)
Tactic call refine ran for 0.003 secs (0.003u,0.s) (success)
Params: n= 800
Tactic call build ran for 0.001 secs (0.001u,0.s) (success)
Tactic call typecheck ran for 0.004 secs (0.004u,0.s) (success)
Tactic call build-and-typecheck ran for 0.005 secs (0.005u,0.s) (success)
Tactic call refine ran for 0.004 secs (0.004u,0.s) (success)
Params: n= 900
Tactic call build ran for 0. secs (0.u,0.s) (success)
Tactic call typecheck ran for 0.005 secs (0.005u,0.s) (success)
Tactic call build-and-typecheck ran for 0.006 secs (0.006u,0.s) (success)
Tactic call refine ran for 0.005 secs (0.005u,0.s) (success)
Params: n= 1000
Tactic call build ran for 0.002 secs (0.002u,0.s) (success)
Tactic call typecheck ran for 0.006 secs (0.006u,0.s) (success)
Tactic call build-and-typecheck ran for 0.008 secs (0.008u,0.s) (success)
Tactic call refine ran for 0.006 secs (0.006u,0.s) (success)
Params: n= 1100
Tactic call build ran for 0.001 secs (0.u,0.s) (success)
Tactic call typecheck ran for 0.008 secs (0.008u,0.s) (success)
Tactic call build-and-typecheck ran for 0.009 secs (0.009u,0.s) (success)
Tactic call refine ran for 0.007 secs (0.007u,0.s) (success)
Params: n= 1200
Tactic call build ran for 0.002 secs (0.002u,0.s) (success)
Tactic call typecheck ran for 0.008 secs (0.008u,0.s) (success)
Tactic call build-and-typecheck ran for 0.011 secs (0.011u,0.s) (success)
Tactic call refine ran for 0.009 secs (0.009u,0.s) (success)
Params: n= 1300
Tactic call build ran for 0.001 secs (0.001u,0.s) (success)
Tactic call typecheck ran for 0.011 secs (0.011u,0.s) (success)
Tactic call build-and-typecheck ran for 0.012 secs (0.012u,0.s) (success)
Tactic call refine ran for 0.01 secs (0.01u,0.s) (success)
Params: n= 1400
Tactic call build ran for 0.002 secs (0.002u,0.s) (success)
Tactic call typecheck ran for 0.011 secs (0.011u,0.s) (success)
Tactic call build-and-typecheck ran for 0.014 secs (0.014u,0.s) (success)
Tactic call refine ran for 0.012 secs (0.012u,0.s) (success)
Params: n= 1500
Tactic call build ran for 0.001 secs (0.001u,0.s) (success)
Tactic call typecheck ran for 0.014 secs (0.014u,0.s) (success)
Tactic call build-and-typecheck ran for 0.016 secs (0.016u,0.s) (success)
Tactic call refine ran for 0.013 secs (0.013u,0.s) (success)
Params: n= 1600
Tactic call build ran for 0.002 secs (0.002u,0.s) (success)
Tactic call typecheck ran for 0.015 secs (0.015u,0.s) (success)
Tactic call build-and-typecheck ran for 0.018 secs (0.018u,0.s) (success)
Tactic call refine ran for 0.016 secs (0.016u,0.s) (success)
Params: n= 1700
Tactic call build ran for 0.001 secs (0.001u,0.s) (success)
Tactic call typecheck ran for 0.018 secs (0.018u,0.s) (success)
Tactic call build-and-typecheck ran for 0.02 secs (0.02u,0.s) (success)
Tactic call refine ran for 0.017 secs (0.017u,0.s) (success)
Params: n= 1800
Tactic call build ran for 0.003 secs (0.003u,0.s) (success)
Tactic call typecheck ran for 0.019 secs (0.019u,0.s) (success)
Tactic call build-and-typecheck ran for 0.023 secs (0.023u,0.s) (success)
Tactic call refine ran for 0.02 secs (0.02u,0.s) (success)
Params: n= 1900
Tactic call build ran for 0.001 secs (0.001u,0.s) (success)
Tactic call typecheck ran for 0.023 secs (0.023u,0.s) (success)
Tactic call build-and-typecheck ran for 0.025 secs (0.025u,0.s) (success)
Tactic call refine ran for 0.022 secs (0.022u,0.s) (success)
Params: n= 2000
Tactic call build ran for 0.001 secs (0.001u,0.s) (success)
Tactic call typecheck ran for 0.026 secs (0.026u,0.s) (success)
Tactic call build-and-typecheck ran for 0.028 secs (0.028u,0.s) (success)
Tactic call refine ran for 0.024 secs (0.024u,0.s) (success)
Params: n= 2100
Tactic call build ran for 0.001 secs (0.001u,0.s) (success)
Tactic call typecheck ran for 0.028 secs (0.028u,0.s) (success)
Tactic call build-and-typecheck ran for 0.03 secs (0.03u,0.s) (success)
Tactic call refine ran for 0.027 secs (0.027u,0.s) (success)
Params: n= 2200
Tactic call build ran for 0.001 secs (0.001u,0.s) (success)
Tactic call typecheck ran for 0.031 secs (0.031u,0.s) (success)
Tactic call build-and-typecheck ran for 0.033 secs (0.033u,0.s) (success)
Tactic call refine ran for 0.03 secs (0.03u,0.s) (success)
Params: n= 2300
Tactic call build ran for 0.002 secs (0.002u,0.s) (success)
Tactic call typecheck ran for 0.034 secs (0.034u,0.s) (success)
Tactic call build-and-typecheck ran for 0.036 secs (0.036u,0.s) (success)
Tactic call refine ran for 0.033 secs (0.033u,0.s) (success)
Params: n= 2400
Tactic call build ran for 0.002 secs (0.002u,0.s) (success)
Tactic call typecheck ran for 0.037 secs (0.037u,0.s) (success)
Tactic call build-and-typecheck ran for 0.039 secs (0.039u,0.s) (success)
Tactic call refine ran for 0.036 secs (0.036u,0.s) (success)
Params: n= 2500
Tactic call build ran for 0.002 secs (0.002u,0.s) (success)
Tactic call typecheck ran for 0.041 secs (0.041u,0.s) (success)
Tactic call build-and-typecheck ran for 0.043 secs (0.043u,0.s) (success)
Tactic call refine ran for 0.039 secs (0.039u,0.s) (success)
Params: n= 2600
Tactic call build ran for 0.002 secs (0.002u,0.s) (success)
Tactic call typecheck ran for 0.044 secs (0.044u,0.s) (success)
Tactic call build-and-typecheck ran for 0.046 secs (0.046u,0.s) (success)
Tactic call refine ran for 0.042 secs (0.042u,0.s) (success)
Params: n= 2700
Tactic call build ran for 0.002 secs (0.002u,0.s) (success)
Tactic call typecheck ran for 0.046 secs (0.046u,0.s) (success)
Tactic call build-and-typecheck ran for 0.048 secs (0.048u,0.s) (success)
Tactic call refine ran for 0.046 secs (0.046u,0.s) (success)
Params: n= 2800
Tactic call build ran for 0.002 secs (0.002u,0.s) (success)
Tactic call typecheck ran for 0.05 secs (0.05u,0.s) (success)
Tactic call build-and-typecheck ran for 0.052 secs (0.052u,0.s) (success)
Tactic call refine ran for 0.049 secs (0.049u,0.s) (success)
Params: n= 2900
Tactic call build ran for 0.002 secs (0.002u,0.s) (success)
Tactic call typecheck ran for 0.053 secs (0.053u,0.s) (success)
Tactic call build-and-typecheck ran for 0.056 secs (0.056u,0.s) (success)
Tactic call refine ran for 0.053 secs (0.053u,0.s) (success)
Params: n= 3000
Tactic call build ran for 0.002 secs (0.002u,0.s) (success)
Tactic call typecheck ran for 0.058 secs (0.058u,0.s) (success)
Tactic call build-and-typecheck ran for 0.06 secs (0.06u,0.s) (success)
Tactic call refine ran for 0.057 secs (0.057u,0.s) (success)
Params: n= 3100
Tactic call build ran for 0.002 secs (0.002u,0.s) (success)
Tactic call typecheck ran for 0.061 secs (0.061u,0.s) (success)
Tactic call build-and-typecheck ran for 0.064 secs (0.064u,0.s) (success)
Tactic call refine ran for 0.061 secs (0.061u,0.s) (success)
Params: n= 3200
Tactic call build ran for 0.002 secs (0.002u,0.s) (success)
Tactic call typecheck ran for 0.065 secs (0.065u,0.s) (success)
Tactic call build-and-typecheck ran for 0.068 secs (0.068u,0.s) (success)
Tactic call refine ran for 0.065 secs (0.065u,0.s) (success)
Params: n= 3300
Tactic call build ran for 0.002 secs (0.002u,0.s) (success)
Tactic call typecheck ran for 0.07 secs (0.07u,0.s) (success)
Tactic call build-and-typecheck ran for 0.073 secs (0.073u,0.s) (success)
Tactic call refine ran for 0.069 secs (0.069u,0.s) (success)
Params: n= 3400
Tactic call build ran for 0.002 secs (0.002u,0.s) (success)
Tactic call typecheck ran for 0.075 secs (0.075u,0.s) (success)
Tactic call build-and-typecheck ran for 0.077 secs (0.077u,0.s) (success)
Tactic call refine ran for 0.074 secs (0.074u,0.s) (success)
Params: n= 3500
Tactic call build ran for 0.003 secs (0.003u,0.s) (success)
Tactic call typecheck ran for 0.079 secs (0.079u,0.s) (success)
Tactic call build-and-typecheck ran for 0.082 secs (0.082u,0.s) (success)
Tactic call refine ran for 0.078 secs (0.078u,0.s) (success)
Params: n= 3600
Tactic call build ran for 0.002 secs (0.002u,0.s) (success)
Tactic call typecheck ran for 0.084 secs (0.084u,0.s) (success)
Tactic call build-and-typecheck ran for 0.087 secs (0.087u,0.s) (success)
Tactic call refine ran for 0.084 secs (0.084u,0.s) (success)
Params: n= 3700
Tactic call build ran for 0.003 secs (0.003u,0.s) (success)
Tactic call typecheck ran for 0.089 secs (0.089u,0.s) (success)
Tactic call build-and-typecheck ran for 0.092 secs (0.092u,0.s) (success)
Tactic call refine ran for 0.089 secs (0.089u,0.s) (success)
Params: n= 3800
Tactic call build ran for 0.003 secs (0.003u,0.s) (success)
Tactic call typecheck ran for 0.095 secs (0.095u,0.s) (success)
Tactic call build-and-typecheck ran for 0.098 secs (0.098u,0.s) (success)
Tactic call refine ran for 0.094 secs (0.093u,0.s) (success)
Params: n= 3900
Tactic call build ran for 0.001 secs (0.001u,0.s) (success)
Tactic call typecheck ran for 0.097 secs (0.097u,0.s) (success)
Tactic call build-and-typecheck ran for 0.1 secs (0.1u,0.s) (success)
Tactic call refine ran for 0.099 secs (0.099u,0.s) (success)
Params: n= 4000
Tactic call build ran for 0.002 secs (0.002u,0.s) (success)
Tactic call typecheck ran for 0.103 secs (0.103u,0.s) (success)
Tactic call build-and-typecheck ran for 0.106 secs (0.106u,0.s) (success)
Tactic call refine ran for 0.105 secs (0.105u,0.s) (success)
Params: n= 4100
Tactic call build ran for 0.004 secs (0.004u,0.s) (success)
Tactic call typecheck ran for 0.107 secs (0.107u,0.s) (success)
Tactic call build-and-typecheck ran for 0.112 secs (0.112u,0.s) (success)
Tactic call refine ran for 0.109 secs (0.109u,0.s) (success)
Params: n= 4200
Tactic call build ran for 0.004 secs (0.004u,0.s) (success)
Tactic call typecheck ran for 0.113 secs (0.113u,0.s) (success)
Tactic call build-and-typecheck ran for 0.118 secs (0.118u,0.s) (success)
Tactic call refine ran for 0.115 secs (0.115u,0.s) (success)
Params: n= 4300
Tactic call build ran for 0.004 secs (0.004u,0.s) (success)
Tactic call typecheck ran for 0.119 secs (0.119u,0.s) (success)
Tactic call build-and-typecheck ran for 0.124 secs (0.124u,0.s) (success)
Tactic call refine ran for 0.121 secs (0.121u,0.s) (success)
Params: n= 4400
Tactic call build ran for 0.004 secs (0.004u,0.s) (success)
Tactic call typecheck ran for 0.125 secs (0.125u,0.s) (success)
Tactic call build-and-typecheck ran for 0.129 secs (0.129u,0.s) (success)
Tactic call refine ran for 0.126 secs (0.126u,0.s) (success)
Params: n= 4500
Tactic call build ran for 0.012 secs (0.012u,0.s) (success)
Tactic call typecheck ran for 0.131 secs (0.131u,0.s) (success)
Tactic call build-and-typecheck ran for 0.143 secs (0.143u,0.s) (success)
Tactic call refine ran for 0.134 secs (0.134u,0.s) (success)
Params: n= 4600
Tactic call build ran for 0.013 secs (0.013u,0.s) (success)
Tactic call typecheck ran for 0.137 secs (0.137u,0.s) (success)
Tactic call build-and-typecheck ran for 0.151 secs (0.151u,0.s) (success)
Tactic call refine ran for 0.139 secs (0.139u,0.s) (success)
Params: n= 4700
Tactic call build ran for 0.011 secs (0.011u,0.s) (success)
Tactic call typecheck ran for 0.145 secs (0.145u,0.s) (success)
Tactic call build-and-typecheck ran for 0.156 secs (0.156u,0.s) (success)
Tactic call refine ran for 0.147 secs (0.147u,0.s) (success)
Params: n= 4800
Tactic call build ran for 0.011 secs (0.011u,0.s) (success)
Tactic call typecheck ran for 0.148 secs (0.148u,0.s) (success)
Tactic call build-and-typecheck ran for 0.16 secs (0.16u,0.s) (success)
Tactic call refine ran for 0.151 secs (0.151u,0.s) (success)
Params: n= 4900
Tactic call build ran for 0.011 secs (0.011u,0.s) (success)
Tactic call typecheck ran for 0.156 secs (0.156u,0.s) (success)
Tactic call build-and-typecheck ran for 0.168 secs (0.168u,0.s) (success)
Tactic call refine ran for 0.16 secs (0.16u,0.s) (success)
Params: n= 5000
Tactic call build ran for 0.012 secs (0.012u,0.s) (success)
Tactic call typecheck ran for 0.163 secs (0.163u,0.s) (success)
Tactic call build-and-typecheck ran for 0.175 secs (0.175u,0.s) (success)
Tactic call refine ran for 0.166 secs (0.166u,0.s) (success)
Params: n= 5100
Tactic call build ran for 0.011 secs (0.011u,0.s) (success)
Tactic call typecheck ran for 0.17 secs (0.17u,0.s) (success)
Tactic call build-and-typecheck ran for 0.182 secs (0.182u,0.s) (success)
Tactic call refine ran for 0.172 secs (0.172u,0.s) (success)
Params: n= 5200
Tactic call build ran for 0.007 secs (0.007u,0.s) (success)
Tactic call typecheck ran for 0.177 secs (0.177u,0.s) (success)
Tactic call build-and-typecheck ran for 0.184 secs (0.184u,0.s) (success)
Tactic call refine ran for 0.179 secs (0.179u,0.s) (success)
Params: n= 5300
Tactic call build ran for 0.006 secs (0.006u,0.s) (success)
Tactic call typecheck ran for 0.184 secs (0.184u,0.s) (success)
Tactic call build-and-typecheck ran for 0.191 secs (0.191u,0.s) (success)
Tactic call refine ran for 0.185 secs (0.185u,0.s) (success)
Params: n= 5400
Tactic call build ran for 0.009 secs (0.009u,0.s) (success)
Tactic call typecheck ran for 0.191 secs (0.191u,0.s) (success)
Tactic call build-and-typecheck ran for 0.201 secs (0.201u,0.s) (success)
Tactic call refine ran for 0.192 secs (0.192u,0.s) (success)
Params: n= 5500
Tactic call build ran for 0. secs (0.u,0.s) (success)
Tactic call typecheck ran for 0.198 secs (0.198u,0.s) (success)
Tactic call build-and-typecheck ran for 0.198 secs (0.198u,0.s) (success)
Tactic call refine ran for 0.199 secs (0.199u,0.s) (success)
Params: n= 5600
Tactic call build ran for 0.002 secs (0.002u,0.s) (success)
Tactic call typecheck ran for 0.207 secs (0.207u,0.s) (success)
Tactic call build-and-typecheck ran for 0.21 secs (0.21u,0.s) (success)
Tactic call refine ran for 0.208 secs (0.208u,0.s) (success)
Params: n= 5700
Tactic call build ran for 0.004 secs (0.004u,0.s) (success)
Tactic call typecheck ran for 0.213 secs (0.213u,0.s) (success)
Tactic call build-and-typecheck ran for 0.218 secs (0.218u,0.s) (success)
Tactic call refine ran for 0.216 secs (0.216u,0.s) (success)
Params: n= 5800
Tactic call build ran for 0.004 secs (0.004u,0.s) (success)
Tactic call typecheck ran for 0.221 secs (0.221u,0.s) (success)
Tactic call build-and-typecheck ran for 0.226 secs (0.226u,0.s) (success)
Tactic call refine ran for 0.223 secs (0.223u,0.s) (success)
Params: n= 5900
Tactic call build ran for 0. secs (0.u,0.s) (success)
Tactic call typecheck ran for 0.229 secs (0.229u,0.s) (success)
Tactic call build-and-typecheck ran for 0.229 secs (0.229u,0.s) (success)
Tactic call refine ran for 0.231 secs (0.231u,0.s) (success)
Params: n= 6000
Tactic call build ran for 0. secs (0.u,0.s) (success)
Tactic call typecheck ran for 0.238 secs (0.238u,0.s) (success)
Tactic call build-and-typecheck ran for 0.238 secs (0.238u,0.s) (success)
Tactic call refine ran for 0.239 secs (0.239u,0.s) (success)
Params: n= 6100
Tactic call build ran for 0. secs (0.u,0.s) (success)
Tactic call typecheck ran for 0.244 secs (0.244u,0.s) (success)
Tactic call build-and-typecheck ran for 0.245 secs (0.245u,0.s) (success)
Tactic call refine ran for 0.247 secs (0.247u,0.s) (success)
Params: n= 6200
Tactic call build ran for 0. secs (0.u,0.s) (success)
Tactic call typecheck ran for 0.252 secs (0.252u,0.s) (success)
Tactic call build-and-typecheck ran for 0.253 secs (0.253u,0.s) (success)
Tactic call refine ran for 0.256 secs (0.252u,0.003s) (success)
Params: n= 6300
Tactic call build ran for 0. secs (0.u,0.s) (success)
Tactic call typecheck ran for 0.261 secs (0.261u,0.s) (success)
Tactic call build-and-typecheck ran for 0.261 secs (0.261u,0.s) (success)
Tactic call refine ran for 0.263 secs (0.263u,0.s) (success)
Params: n= 6400
Tactic call build ran for 0. secs (0.u,0.s) (success)
Tactic call typecheck ran for 0.269 secs (0.269u,0.s) (success)
Tactic call build-and-typecheck ran for 0.27 secs (0.27u,0.s) (success)
Tactic call refine ran for 0.271 secs (0.271u,0.s) (success)
Params: n= 6500
Tactic call build ran for 0. secs (0.u,0.s) (success)
Tactic call typecheck ran for 0.279 secs (0.279u,0.s) (success)
Tactic call build-and-typecheck ran for 0.279 secs (0.279u,0.s) (success)
Tactic call refine ran for 0.281 secs (0.281u,0.s) (success)
Params: n= 6600
Tactic call build ran for 0. secs (0.u,0.s) (success)
Tactic call typecheck ran for 0.288 secs (0.288u,0.s) (success)
Tactic call build-and-typecheck ran for 0.288 secs (0.288u,0.s) (success)
Tactic call refine ran for 0.29 secs (0.29u,0.s) (success)
Params: n= 6700
Tactic call build ran for 0. secs (0.u,0.s) (success)
Tactic call typecheck ran for 0.296 secs (0.296u,0.s) (success)
Tactic call build-and-typecheck ran for 0.296 secs (0.296u,0.s) (success)
Tactic call refine ran for 0.296 secs (0.296u,0.s) (success)
Params: n= 6800
Tactic call build ran for 0.011 secs (0.011u,0.s) (success)
Tactic call typecheck ran for 0.306 secs (0.306u,0.s) (success)
Tactic call build-and-typecheck ran for 0.318 secs (0.318u,0.s) (success)
Tactic call refine ran for 0.312 secs (0.312u,0.s) (success)
Params: n= 6900
Tactic call build ran for 0. secs (0.u,0.s) (success)
Tactic call typecheck ran for 0.317 secs (0.317u,0.s) (success)
Tactic call build-and-typecheck ran for 0.317 secs (0.317u,0.s) (success)
Tactic call refine ran for 0.318 secs (0.318u,0.s) (success)
