Params: n= 500
Tactic call uconstr ran for 0.007 secs (0.007u,0.s)
Tactic call open_constr ran for 0.127 secs (0.107u,0.019s)
Tactic call build-and-open ran for 0.134 secs (0.115u,0.019s) (success)
Params: n= 510
Tactic call uconstr ran for 0.056 secs (0.056u,0.s)
Tactic call open_constr ran for 0.143 secs (0.139u,0.003s)
Tactic call build-and-open ran for 0.2 secs (0.196u,0.004s) (success)
Params: n= 520
Tactic call uconstr ran for 0.008 secs (0.008u,0.s)
Tactic call open_constr ran for 0.157 secs (0.157u,0.s)
Tactic call build-and-open ran for 0.165 secs (0.165u,0.s) (success)
Params: n= 530
Tactic call uconstr ran for 0.01 secs (0.01u,0.s)
Tactic call open_constr ran for 0.113 secs (0.113u,0.s)
Tactic call build-and-open ran for 0.124 secs (0.124u,0.s) (success)
Params: n= 540
Tactic call uconstr ran for 0.008 secs (0.008u,0.s)
Tactic call open_constr ran for 0.14 secs (0.14u,0.s)
Tactic call build-and-open ran for 0.148 secs (0.148u,0.s) (success)
Params: n= 550
Tactic call uconstr ran for 0.008 secs (0.008u,0.s)
Tactic call open_constr ran for 0.143 secs (0.143u,0.s)
Tactic call build-and-open ran for 0.152 secs (0.152u,0.s) (success)
Params: n= 560
Tactic call uconstr ran for 0.009 secs (0.009u,0.s)
Tactic call open_constr ran for 0.157 secs (0.149u,0.007s)
Tactic call build-and-open ran for 0.166 secs (0.159u,0.007s) (success)
Params: n= 570
Tactic call uconstr ran for 0.009 secs (0.009u,0.s)
Tactic call open_constr ran for 0.165 secs (0.165u,0.s)
Tactic call build-and-open ran for 0.174 secs (0.174u,0.s) (success)
Params: n= 580
Tactic call uconstr ran for 0.009 secs (0.009u,0.s)
Tactic call open_constr ran for 0.197 secs (0.181u,0.015s)
Tactic call build-and-open ran for 0.206 secs (0.19u,0.015s) (success)
Params: n= 590
Tactic call uconstr ran for 0.009 secs (0.009u,0.s)
Tactic call open_constr ran for 0.209 secs (0.205u,0.003s)
Tactic call build-and-open ran for 0.218 secs (0.214u,0.003s) (success)
Params: n= 600
Tactic call uconstr ran for 0.009 secs (0.009u,0.s)
Tactic call open_constr ran for 0.169 secs (0.165u,0.003s)
Tactic call build-and-open ran for 0.179 secs (0.175u,0.003s) (success)
Params: n= 610
Tactic call uconstr ran for 0.009 secs (0.009u,0.s)
Tactic call open_constr ran for 0.167 secs (0.167u,0.s)
Tactic call build-and-open ran for 0.176 secs (0.176u,0.s) (success)
Params: n= 620
Tactic call uconstr ran for 0.012 secs (0.012u,0.s)
Tactic call open_constr ran for 0.155 secs (0.155u,0.s)
Tactic call build-and-open ran for 0.168 secs (0.168u,0.s) (success)
Params: n= 630
Tactic call uconstr ran for 0.012 secs (0.012u,0.s)
Tactic call open_constr ran for 0.237 secs (0.229u,0.007s)
Tactic call build-and-open ran for 0.25 secs (0.242u,0.007s) (success)
Params: n= 640
Tactic call uconstr ran for 0.009 secs (0.009u,0.s)
Tactic call open_constr ran for 0.3 secs (0.284u,0.015s)
Tactic call build-and-open ran for 0.31 secs (0.294u,0.015s) (success)
Params: n= 650
Tactic call uconstr ran for 0.01 secs (0.01u,0.s)
Tactic call open_constr ran for 0.219 secs (0.215u,0.003s)
Tactic call build-and-open ran for 0.229 secs (0.225u,0.003s) (success)
Params: n= 660
Tactic call uconstr ran for 0.038 secs (0.038u,0.s)
Tactic call open_constr ran for 0.233 secs (0.229u,0.003s)
Tactic call build-and-open ran for 0.271 secs (0.267u,0.003s) (success)
Params: n= 670
Tactic call uconstr ran for 0.01 secs (0.01u,0.s)
Tactic call open_constr ran for 0.21 secs (0.21u,0.s)
Tactic call build-and-open ran for 0.221 secs (0.221u,0.s) (success)
Params: n= 680
Tactic call uconstr ran for 0.014 secs (0.014u,0.s)
Tactic call open_constr ran for 0.26 secs (0.252u,0.007s)
Tactic call build-and-open ran for 0.275 secs (0.267u,0.007s) (success)
Params: n= 690
Tactic call uconstr ran for 0.011 secs (0.01u,0.s)
Tactic call open_constr ran for 0.26 secs (0.26u,0.s)
Tactic call build-and-open ran for 0.271 secs (0.271u,0.s) (success)
Params: n= 700
Tactic call uconstr ran for 0.012 secs (0.012u,0.s)
Tactic call open_constr ran for 0.268 secs (0.268u,0.s)
Tactic call build-and-open ran for 0.28 secs (0.28u,0.s) (success)
Params: n= 710
Tactic call uconstr ran for 0.087 secs (0.087u,0.s)
Tactic call open_constr ran for 0.24 secs (0.24u,0.s)
Tactic call build-and-open ran for 0.327 secs (0.327u,0.s) (success)
Params: n= 720
Tactic call uconstr ran for 0.011 secs (0.011u,0.s)
Tactic call open_constr ran for 0.291 secs (0.291u,0.s)
Tactic call build-and-open ran for 0.302 secs (0.302u,0.s) (success)
Params: n= 730
Tactic call uconstr ran for 0.011 secs (0.011u,0.s)
Tactic call open_constr ran for 0.342 secs (0.342u,0.s)
Tactic call build-and-open ran for 0.353 secs (0.353u,0.s) (success)
Params: n= 740
Tactic call uconstr ran for 0.011 secs (0.011u,0.s)
Tactic call open_constr ran for 0.309 secs (0.309u,0.s)
Tactic call build-and-open ran for 0.321 secs (0.321u,0.s) (success)
Params: n= 750
Tactic call uconstr ran for 0.011 secs (0.011u,0.s)
Tactic call open_constr ran for 0.346 secs (0.346u,0.s)
Tactic call build-and-open ran for 0.358 secs (0.358u,0.s) (success)
Params: n= 760
Tactic call uconstr ran for 0.011 secs (0.011u,0.s)
Tactic call open_constr ran for 0.361 secs (0.361u,0.s)
Tactic call build-and-open ran for 0.373 secs (0.373u,0.s) (success)
Params: n= 770
Tactic call uconstr ran for 0.012 secs (0.012u,0.s)
Tactic call open_constr ran for 0.315 secs (0.315u,0.s)
Tactic call build-and-open ran for 0.328 secs (0.328u,0.s) (success)
Params: n= 780
Tactic call uconstr ran for 0.056 secs (0.056u,0.s)
Tactic call open_constr ran for 0.355 secs (0.355u,0.s)
Tactic call build-and-open ran for 0.411 secs (0.411u,0.s) (success)
Params: n= 790
Tactic call uconstr ran for 0.012 secs (0.012u,0.s)
Tactic call open_constr ran for 0.413 secs (0.413u,0.s)
Tactic call build-and-open ran for 0.425 secs (0.425u,0.s) (success)
Params: n= 800
Tactic call uconstr ran for 0.012 secs (0.012u,0.s)
Tactic call open_constr ran for 0.375 secs (0.375u,0.s)
Tactic call build-and-open ran for 0.388 secs (0.388u,0.s) (success)
Params: n= 810
Tactic call uconstr ran for 0.013 secs (0.013u,0.s)
Tactic call open_constr ran for 0.374 secs (0.374u,0.s)
Tactic call build-and-open ran for 0.387 secs (0.387u,0.s) (success)
Params: n= 820
Tactic call uconstr ran for 0.012 secs (0.012u,0.s)
Tactic call open_constr ran for 0.393 secs (0.393u,0.s)
Tactic call build-and-open ran for 0.406 secs (0.406u,0.s) (success)
Params: n= 830
Tactic call uconstr ran for 0.012 secs (0.012u,0.s)
Tactic call open_constr ran for 0.364 secs (0.364u,0.s)
Tactic call build-and-open ran for 0.377 secs (0.377u,0.s) (success)
Params: n= 840
Tactic call uconstr ran for 0.02 secs (0.02u,0.s)
Tactic call open_constr ran for 0.453 secs (0.453u,0.s)
Tactic call build-and-open ran for 0.473 secs (0.473u,0.s) (success)
Params: n= 850
Tactic call uconstr ran for 0.015 secs (0.015u,0.s)
Tactic call open_constr ran for 0.362 secs (0.362u,0.s)
Tactic call build-and-open ran for 0.378 secs (0.378u,0.s) (success)
Params: n= 860
Tactic call uconstr ran for 0.016 secs (0.016u,0.s)
Tactic call open_constr ran for 0.4 secs (0.4u,0.s)
Tactic call build-and-open ran for 0.417 secs (0.417u,0.s) (success)
Params: n= 870
Tactic call uconstr ran for 0.017 secs (0.017u,0.s)
Tactic call open_constr ran for 0.422 secs (0.418u,0.003s)
Tactic call build-and-open ran for 0.44 secs (0.436u,0.003s) (success)
Params: n= 880
Tactic call uconstr ran for 0.017 secs (0.017u,0.s)
Tactic call open_constr ran for 0.692 secs (0.676u,0.016s)
Tactic call build-and-open ran for 0.71 secs (0.694u,0.016s) (success)
Params: n= 890
Tactic call uconstr ran for 0.013 secs (0.013u,0.s)
Tactic call open_constr ran for 0.584 secs (0.584u,0.s)
Tactic call build-and-open ran for 0.598 secs (0.598u,0.s) (success)
Params: n= 900
Tactic call uconstr ran for 0.014 secs (0.012u,0.001s)
Tactic call open_constr ran for 0.42 secs (0.42u,0.s)
Tactic call build-and-open ran for 0.435 secs (0.433u,0.001s) (success)
Params: n= 910
Tactic call uconstr ran for 0.017 secs (0.017u,0.s)
Tactic call open_constr ran for 0.439 secs (0.439u,0.s)
Tactic call build-and-open ran for 0.457 secs (0.457u,0.s) (success)
Params: n= 920
Tactic call uconstr ran for 0.014 secs (0.013u,0.001s)
Tactic call open_constr ran for 0.479 secs (0.479u,0.s)
Tactic call build-and-open ran for 0.493 secs (0.492u,0.001s) (success)
Params: n= 930
Tactic call uconstr ran for 0.043 secs (0.043u,0.s)
Tactic call open_constr ran for 0.598 secs (0.598u,0.s)
Tactic call build-and-open ran for 0.641 secs (0.641u,0.s) (success)
Params: n= 940
Tactic call uconstr ran for 0.014 secs (0.014u,0.s)
Tactic call open_constr ran for 0.498 secs (0.498u,0.s)
Tactic call build-and-open ran for 0.513 secs (0.513u,0.s) (success)
Params: n= 950
Tactic call uconstr ran for 0.058 secs (0.058u,0.s)
Tactic call open_constr ran for 0.792 secs (0.792u,0.s)
Tactic call build-and-open ran for 0.851 secs (0.851u,0.s) (success)
Params: n= 960
Tactic call uconstr ran for 0.014 secs (0.014u,0.s)
Tactic call open_constr ran for 0.651 secs (0.651u,0.s)
Tactic call build-and-open ran for 0.666 secs (0.666u,0.s) (success)
Params: n= 970
Tactic call uconstr ran for 0.018 secs (0.018u,0.s)
Tactic call open_constr ran for 0.518 secs (0.518u,0.s)
Tactic call build-and-open ran for 0.536 secs (0.536u,0.s) (success)
Params: n= 980
Tactic call uconstr ran for 0.015 secs (0.015u,0.s)
Tactic call open_constr ran for 0.514 secs (0.514u,0.s)
Tactic call build-and-open ran for 0.529 secs (0.529u,0.s) (success)
Params: n= 990
Tactic call uconstr ran for 0.016 secs (0.016u,0.s)
Tactic call open_constr ran for 0.59 secs (0.59u,0.s)
Tactic call build-and-open ran for 0.607 secs (0.607u,0.s) (success)
Params: n= 1000
Tactic call uconstr ran for 0.015 secs (0.015u,0.s)
Tactic call open_constr ran for 0.722 secs (0.71u,0.011s)
Tactic call build-and-open ran for 0.738 secs (0.726u,0.011s) (success)
Params: n= 1100
Tactic call uconstr ran for 0.022 secs (0.022u,0.s)
Tactic call open_constr ran for 0.699 secs (0.675u,0.023s)
Tactic call build-and-open ran for 0.722 secs (0.698u,0.023s) (success)
Params: n= 1200
Tactic call uconstr ran for 0.02 secs (0.016u,0.003s)
Tactic call open_constr ran for 1.219 secs (1.206u,0.012s)
Tactic call build-and-open ran for 1.24 secs (1.224u,0.015s) (success)
Params: n= 1300
Tactic call uconstr ran for 0.122 secs (0.122u,0.s)
Tactic call open_constr ran for 1.058 secs (1.058u,0.s)
Tactic call build-and-open ran for 1.18 secs (1.18u,0.s) (success)
Params: n= 1400
Tactic call uconstr ran for 0.026 secs (0.026u,0.s)
Tactic call open_constr ran for 1.29 secs (1.29u,0.s)
Tactic call build-and-open ran for 1.317 secs (1.317u,0.s) (success)
Params: n= 1500
Tactic call uconstr ran for 0.124 secs (0.124u,0.s)
Tactic call open_constr ran for 1.534 secs (1.498u,0.035s)
Tactic call build-and-open ran for 1.658 secs (1.622u,0.035s) (success)
Params: n= 1600
Tactic call uconstr ran for 0.065 secs (0.065u,0.s)
Tactic call open_constr ran for 1.822 secs (1.818u,0.003s)
Tactic call build-and-open ran for 1.887 secs (1.883u,0.003s) (success)
Params: n= 1700
Tactic call uconstr ran for 0.027 secs (0.027u,0.s)
Tactic call open_constr ran for 2.003 secs (2.003u,0.s)
Tactic call build-and-open ran for 2.03 secs (2.03u,0.s) (success)
Params: n= 1800
Tactic call uconstr ran for 0.129 secs (0.129u,0.s)
Tactic call open_constr ran for 2.382 secs (2.382u,0.s)
Tactic call build-and-open ran for 2.511 secs (2.511u,0.s) (success)
Params: n= 1900
Tactic call uconstr ran for 0.034 secs (0.034u,0.s)
Tactic call open_constr ran for 2.675 secs (2.671u,0.003s)
Tactic call build-and-open ran for 2.709 secs (2.705u,0.003s) (success)
Params: n= 2000
Tactic call uconstr ran for 0.038 secs (0.038u,0.s)
Tactic call open_constr ran for 2.999 secs (2.999u,0.s)
Tactic call build-and-open ran for 3.037 secs (3.037u,0.s) (success)
Params: n= 2100
Tactic call uconstr ran for 0.039 secs (0.039u,0.s)
Tactic call open_constr ran for 3.259 secs (3.259u,0.s)
Tactic call build-and-open ran for 3.299 secs (3.299u,0.s) (success)
Params: n= 2200
Tactic call uconstr ran for 0.308 secs (0.308u,0.s)
Tactic call open_constr ran for 3.842 secs (3.814u,0.027s)
Tactic call build-and-open ran for 4.15 secs (4.122u,0.027s) (success)
Params: n= 2300
Tactic call uconstr ran for 0.289 secs (0.289u,0.s)
Tactic call open_constr ran for 4.253 secs (4.213u,0.039s)
Tactic call build-and-open ran for 4.542 secs (4.502u,0.039s) (success)
Params: n= 2400
Tactic call uconstr ran for 0.187 secs (0.187u,0.s)
Tactic call open_constr ran for 4.746 secs (4.694u,0.051s)
Tactic call build-and-open ran for 4.934 secs (4.881u,0.051s) (success)
Params: n= 2500
Tactic call uconstr ran for 0.046 secs (0.046u,0.s)
Tactic call open_constr ran for 5.378 secs (5.378u,0.s)
Tactic call build-and-open ran for 5.425 secs (5.425u,0.s) (success)
Params: n= 2600
Tactic call uconstr ran for 0.047 secs (0.047u,0.s)
Tactic call open_constr ran for 5.923 secs (5.875u,0.047s)
Tactic call build-and-open ran for 5.971 secs (5.923u,0.047s) (success)
Params: n= 2700
Tactic call uconstr ran for 0.054 secs (0.054u,0.s)
Tactic call open_constr ran for 7.275 secs (7.207u,0.067s)
Tactic call build-and-open ran for 7.33 secs (7.262u,0.068s) (success)
Params: n= 2800
Tactic call uconstr ran for 0.153 secs (0.153u,0.s)
Tactic call open_constr ran for 7.695 secs (7.695u,0.s)
Tactic call build-and-open ran for 7.849 secs (7.848u,0.s) (success)
Params: n= 2900
Tactic call uconstr ran for 0.214 secs (0.214u,0.s)
Tactic call open_constr ran for 8.488 secs (8.488u,0.s)
Tactic call build-and-open ran for 8.703 secs (8.703u,0.s) (success)
Params: n= 3000
Tactic call uconstr ran for 0.072 secs (0.072u,0.s)
Tactic call open_constr ran for 10.694 secs (10.61u,0.083s)
Tactic call build-and-open ran for 10.767 secs (10.683u,0.083s) (success)
