Params: n= 3
Tactic call build ran for 0. secs (0.u,0.s) (success)
Tactic call check ran for 0. secs (0.u,0.s) (success)
Tactic call type ran for 0. secs (0.u,0.s) (success)
Tactic call build-and-typecheck ran for 0.001 secs (0.u,0.s) (success)
Tactic call refine ran for 0. secs (0.u,0.s) (success)
Params: n= 4
Tactic call build ran for 0. secs (0.u,0.s) (success)
Tactic call check ran for 0. secs (0.u,0.s) (success)
Tactic call type ran for 0. secs (0.u,0.s) (success)
Tactic call build-and-typecheck ran for 0.001 secs (0.u,0.001s) (success)
Tactic call refine ran for 0. secs (0.u,0.s) (success)
Params: n= 5
Tactic call build ran for 0. secs (0.u,0.s) (success)
Tactic call check ran for 0.001 secs (0.u,0.001s) (success)
Tactic call type ran for 0.001 secs (0.u,0.001s) (success)
Tactic call build-and-typecheck ran for 0.003 secs (0.u,0.003s) (success)
Tactic call refine ran for 0.001 secs (0.u,0.001s) (success)
Params: n= 6
Tactic call build ran for 0. secs (0.u,0.s) (success)
Tactic call check ran for 0.002 secs (0.u,0.002s) (success)
Tactic call type ran for 0.002 secs (0.002u,0.s) (success)
Tactic call build-and-typecheck ran for 0.006 secs (0.002u,0.003s) (success)
Tactic call refine ran for 0.002 secs (0.002u,0.s) (success)
Params: n= 7
Tactic call build ran for 0.001 secs (0.u,0.s) (success)
Tactic call check ran for 0.005 secs (0.005u,0.s) (success)
Tactic call type ran for 0.063 secs (0.063u,0.s) (success)
Tactic call build-and-typecheck ran for 0.07 secs (0.07u,0.s) (success)
Tactic call refine ran for 0.003 secs (0.003u,0.s) (success)
Params: n= 8
Tactic call build ran for 0. secs (0.u,0.s) (success)
Tactic call check ran for 0.006 secs (0.006u,0.s) (success)
Tactic call type ran for 0.006 secs (0.006u,0.s) (success)
Tactic call build-and-typecheck ran for 0.014 secs (0.014u,0.s) (success)
Tactic call refine ran for 0.006 secs (0.006u,0.s) (success)
Params: n= 9
Tactic call build ran for 0. secs (0.u,0.s) (success)
Tactic call check ran for 0.014 secs (0.014u,0.s) (success)
Tactic call type ran for 0.015 secs (0.015u,0.s) (success)
Tactic call build-and-typecheck ran for 0.031 secs (0.031u,0.s) (success)
Tactic call refine ran for 0.014 secs (0.014u,0.s) (success)
Params: n= 10
Tactic call build ran for 0. secs (0.u,0.s) (success)
Tactic call check ran for 0.031 secs (0.031u,0.s) (success)
Tactic call type ran for 0.031 secs (0.031u,0.s) (success)
Tactic call build-and-typecheck ran for 0.063 secs (0.063u,0.s) (success)
Tactic call refine ran for 0.032 secs (0.032u,0.s) (success)
Params: n= 11
Tactic call build ran for 0.001 secs (0.001u,0.s) (success)
Tactic call check ran for 0.067 secs (0.067u,0.s) (success)
Tactic call type ran for 0.067 secs (0.067u,0.s) (success)
Tactic call build-and-typecheck ran for 0.136 secs (0.136u,0.s) (success)
Tactic call refine ran for 0.068 secs (0.068u,0.s) (success)
Params: n= 12
Tactic call build ran for 0.001 secs (0.001u,0.s) (success)
Tactic call check ran for 0.15 secs (0.15u,0.s) (success)
Tactic call type ran for 0.147 secs (0.143u,0.003s) (success)
Tactic call build-and-typecheck ran for 0.299 secs (0.295u,0.003s) (success)
Tactic call refine ran for 0.154 secs (0.154u,0.s) (success)
Params: n= 13
Tactic call build ran for 0.001 secs (0.001u,0.s) (success)
Tactic call check ran for 0.336 secs (0.336u,0.s) (success)
Tactic call type ran for 0.331 secs (0.323u,0.007s) (success)
Tactic call build-and-typecheck ran for 0.669 secs (0.662u,0.007s) (success)
Tactic call refine ran for 0.309 secs (0.301u,0.008s) (success)
Params: n= 14
Tactic call build ran for 0.002 secs (0.002u,0.s) (success)
Tactic call check ran for 0.673 secs (0.665u,0.008s) (success)
Tactic call type ran for 0.639 secs (0.639u,0.s) (success)
Tactic call build-and-typecheck ran for 1.316 secs (1.308u,0.008s) (success)
Tactic call refine ran for 0.651 secs (0.647u,0.004s) (success)
Params: n= 15
Tactic call build ran for 0.009 secs (0.009u,0.s) (success)
Tactic call check ran for 1.32 secs (1.32u,0.s) (success)
Tactic call type ran for 1.333 secs (1.333u,0.s) (success)
Tactic call build-and-typecheck ran for 2.663 secs (2.663u,0.s) (success)
Tactic call refine ran for 1.362 secs (1.35u,0.011s) (success)
Params: n= 16
Tactic call build ran for 0.007 secs (0.007u,0.s) (success)
Tactic call check ran for 2.76 secs (2.74u,0.02s) (success)
Tactic call type ran for 2.733 secs (2.725u,0.008s) (success)
Tactic call build-and-typecheck ran for 5.501 secs (5.473u,0.028s) (success)
Tactic call refine ran for 2.803 secs (2.803u,0.s) (success)
Params: n= 17
Tactic call build ran for 0.014 secs (0.014u,0.s) (success)
Tactic call check ran for 5.748 secs (5.748u,0.s) (success)
Tactic call type ran for 5.805 secs (5.805u,0.s) (success)
Tactic call build-and-typecheck ran for 11.568 secs (11.568u,0.s) (success)
Tactic call refine ran for 5.8 secs (5.8u,0.s) (success)
Params: n= 18
Tactic call build ran for 0.027 secs (0.027u,0.s) (success)
Tactic call check ran for 11.896 secs (11.888u,0.007s) (success)
Tactic call type ran for 11.978 secs (11.958u,0.02s) (success)
Tactic call build-and-typecheck ran for 23.902 secs (23.874u,0.027s) (success)
Tactic call refine ran for 11.978 secs (11.962u,0.015s) (success)
Params: n= 19
Tactic call build ran for 0.052 secs (0.052u,0.s) (success)
Tactic call check ran for 24.406 secs (24.39u,0.015s) (success)
Tactic call type ran for 24.165 secs (24.166u,0.s) (success)
Tactic call build-and-typecheck ran for 48.625 secs (48.61u,0.015s) (success)
Tactic call refine ran for 23.732 secs (23.7u,0.031s) (success)
