Params: n= 6000
Tactic call build ran for 0.173 secs (0.173u,0.s) (success)
Tactic call check ran for 4.868 secs (4.868u,0.s) (success)
Tactic call type ran for 2.986 secs (2.985u,0.s) (success)
Tactic call build-and-typecheck ran for 8.028 secs (8.028u,0.s) (success)
Tactic call refine ran for 4.858 secs (4.854u,0.003s) (success)
Params: n= 6100
Tactic call build ran for 0.164 secs (0.16u,0.003s) (success)
Tactic call check ran for 5.039 secs (5.027u,0.011s) (success)
Tactic call type ran for 4.994 secs (4.99u,0.004s) (success)
Tactic call build-and-typecheck ran for 10.198 secs (10.178u,0.02s) (success)
Tactic call refine ran for 3.449 secs (3.449u,0.s) (success)
Params: n= 6200
Tactic call build ran for 0.165 secs (0.165u,0.s) (success)
Tactic call check ran for 3.241 secs (3.237u,0.004s) (success)
Tactic call type ran for 5.18 secs (5.18u,0.s) (success)
Tactic call build-and-typecheck ran for 8.587 secs (8.583u,0.004s) (success)
Tactic call refine ran for 5.186 secs (5.186u,0.s) (success)
Params: n= 6300
Tactic call build ran for 0.168 secs (0.168u,0.s) (success)
Tactic call check ran for 5.391 secs (5.391u,0.s) (success)
Tactic call type ran for 5.369 secs (5.361u,0.007s) (success)
Tactic call build-and-typecheck ran for 10.929 secs (10.921u,0.007s) (success)
Tactic call refine ran for 5.418 secs (5.414u,0.003s) (success)
Params: n= 6400
Tactic call build ran for 0.17 secs (0.17u,0.s) (success)
Tactic call check ran for 5.595 secs (5.595u,0.s) (success)
Tactic call type ran for 4.565 secs (4.565u,0.s) (success)
Tactic call build-and-typecheck ran for 10.33 secs (10.33u,0.s) (success)
Tactic call refine ran for 5.65 secs (5.646u,0.003s) (success)
Params: n= 6500
Tactic call build ran for 0.172 secs (0.172u,0.s) (success)
Tactic call check ran for 5.472 secs (5.46u,0.012s) (success)
Tactic call type ran for 5.717 secs (5.717u,0.s) (success)
Tactic call build-and-typecheck ran for 11.362 secs (11.35u,0.012s) (success)
Tactic call refine ran for 3.822 secs (3.81u,0.011s) (success)
Params: n= 6600
Tactic call build ran for 0.18 secs (0.172u,0.007s) (success)
Tactic call check ran for 5.921 secs (5.916u,0.004s) (success)
Tactic call type ran for 5.91 secs (5.91u,0.s) (success)
Tactic call build-and-typecheck ran for 12.012 secs (12.u,0.011s) (success)
Tactic call refine ran for 4.512 secs (4.512u,0.s) (success)
Params: n= 6700
Tactic call build ran for 0.188 secs (0.188u,0.s) (success)
Tactic call check ran for 6.193 secs (6.193u,0.s) (success)
Tactic call type ran for 6.193 secs (6.192u,0.s) (success)
Tactic call build-and-typecheck ran for 12.575 secs (12.574u,0.s) (success)
Tactic call refine ran for 6.993 secs (6.992u,0.s) (success)
Params: n= 6800
Tactic call build ran for 0.182 secs (0.182u,0.s) (success)
Tactic call check ran for 7.268 secs (7.267u,0.s) (success)
Tactic call type ran for 4.475 secs (4.475u,0.s) (success)
Tactic call build-and-typecheck ran for 11.926 secs (11.926u,0.s) (success)
Tactic call refine ran for 7.175 secs (7.175u,0.s) (success)
Params: n= 6900
Tactic call build ran for 0.19 secs (0.186u,0.003s) (success)
Tactic call check ran for 6.944 secs (6.944u,0.s) (success)
Tactic call type ran for 7.494 secs (7.494u,0.s) (success)
Tactic call build-and-typecheck ran for 14.629 secs (14.625u,0.003s) (success)
Tactic call refine ran for 7.431 secs (7.431u,0.s) (success)
Params: n= 7000
Tactic call build ran for 0.187 secs (0.187u,0.s) (success)
Tactic call check ran for 7.526 secs (7.526u,0.s) (success)
Tactic call type ran for 7.495 secs (7.494u,0.s) (success)
Tactic call build-and-typecheck ran for 15.209 secs (15.208u,0.s) (success)
Tactic call refine ran for 6.041 secs (6.041u,0.s) (success)
Params: n= 7100
Tactic call build ran for 0.187 secs (0.187u,0.s) (success)
Tactic call check ran for 7.816 secs (7.816u,0.s) (success)
Tactic call type ran for 5.801 secs (5.801u,0.s) (success)
Tactic call build-and-typecheck ran for 13.805 secs (13.805u,0.s) (success)
Tactic call refine ran for 5.449 secs (5.449u,0.s) (success)
Params: n= 7200
Tactic call build ran for 0.196 secs (0.196u,0.s) (success)
Tactic call check ran for 7.875 secs (7.875u,0.s) (success)
Tactic call type ran for 6.242 secs (6.242u,0.s) (success)
Tactic call build-and-typecheck ran for 14.314 secs (14.314u,0.s) (success)
Tactic call refine ran for 7.84 secs (7.84u,0.s) (success)
Params: n= 7300
Tactic call build ran for 0.214 secs (0.214u,0.s) (success)
Tactic call check ran for 8.151 secs (8.151u,0.s) (success)
Tactic call type ran for 8.12 secs (8.12u,0.s) (success)
Tactic call build-and-typecheck ran for 16.486 secs (16.486u,0.s) (success)
Tactic call refine ran for 7.724 secs (7.72u,0.003s) (success)
Params: n= 7400
Tactic call build ran for 0.198 secs (0.198u,0.s) (success)
Tactic call check ran for 5.025 secs (5.025u,0.s) (success)
Tactic call type ran for 8.313 secs (8.313u,0.s) (success)
Tactic call build-and-typecheck ran for 13.537 secs (13.537u,0.s) (success)
Tactic call refine ran for 6.127 secs (6.127u,0.s) (success)
