Params: n= 0
Tactic call build ran for 0. secs (0.u,0.s) (success)
Tactic call check ran for 0. secs (0.u,0.s) (success)
Tactic call type ran for 0. secs (0.u,0.s) (success)
Tactic call refine ran for 0. secs (0.u,0.s) (success)
Params: n= 100
Tactic call build ran for 0.002 secs (0.002u,0.s) (success)
Tactic call check ran for 0.001 secs (0.001u,0.s) (success)
Tactic call type ran for 0.001 secs (0.001u,0.s) (success)
Tactic call refine ran for 0.001 secs (0.001u,0.s) (success)
Params: n= 200
Tactic call build ran for 0.004 secs (0.004u,0.s) (success)
Tactic call check ran for 0.004 secs (0.004u,0.s) (success)
Tactic call type ran for 0.004 secs (0.004u,0.s) (success)
Tactic call refine ran for 0.004 secs (0.004u,0.s) (success)
Params: n= 300
Tactic call build ran for 0.006 secs (0.006u,0.s) (success)
Tactic call check ran for 0.008 secs (0.008u,0.s) (success)
Tactic call type ran for 0.008 secs (0.008u,0.s) (success)
Tactic call refine ran for 0.008 secs (0.008u,0.s) (success)
Params: n= 400
Tactic call build ran for 0.008 secs (0.008u,0.s) (success)
Tactic call check ran for 0.014 secs (0.014u,0.s) (success)
Tactic call type ran for 0.014 secs (0.014u,0.s) (success)
Tactic call refine ran for 0.014 secs (0.014u,0.s) (success)
Params: n= 500
Tactic call build ran for 0.01 secs (0.01u,0.s) (success)
Tactic call check ran for 0.023 secs (0.023u,0.s) (success)
Tactic call type ran for 0.022 secs (0.022u,0.s) (success)
Tactic call refine ran for 0.023 secs (0.023u,0.s) (success)
Params: n= 600
Tactic call build ran for 0.012 secs (0.012u,0.s) (success)
Tactic call check ran for 0.034 secs (0.034u,0.s) (success)
Tactic call type ran for 0.034 secs (0.034u,0.s) (success)
Tactic call refine ran for 0.036 secs (0.036u,0.s) (success)
Params: n= 700
Tactic call build ran for 0.014 secs (0.014u,0.s) (success)
Tactic call check ran for 0.049 secs (0.049u,0.s) (success)
Tactic call type ran for 0.049 secs (0.049u,0.s) (success)
Tactic call refine ran for 0.049 secs (0.049u,0.s) (success)
Params: n= 800
Tactic call build ran for 0.017 secs (0.017u,0.s) (success)
Tactic call check ran for 0.067 secs (0.067u,0.s) (success)
Tactic call type ran for 0.067 secs (0.067u,0.s) (success)
Tactic call refine ran for 0.068 secs (0.068u,0.s) (success)
Params: n= 900
Tactic call build ran for 0.018 secs (0.018u,0.s) (success)
Tactic call check ran for 0.089 secs (0.089u,0.s) (success)
Tactic call type ran for 0.089 secs (0.089u,0.s) (success)
Tactic call refine ran for 0.091 secs (0.091u,0.s) (success)
Params: n= 1000
Tactic call build ran for 0.021 secs (0.021u,0.s) (success)
Tactic call check ran for 0.117 secs (0.117u,0.s) (success)
Tactic call type ran for 0.115 secs (0.115u,0.s) (success)
Tactic call refine ran for 0.118 secs (0.118u,0.s) (success)
Params: n= 1100
Tactic call build ran for 0.023 secs (0.023u,0.s) (success)
Tactic call check ran for 0.147 secs (0.147u,0.s) (success)
Tactic call type ran for 0.146 secs (0.146u,0.s) (success)
Tactic call refine ran for 0.149 secs (0.149u,0.s) (success)
Params: n= 1200
Tactic call build ran for 0.025 secs (0.025u,0.s) (success)
Tactic call check ran for 0.182 secs (0.182u,0.s) (success)
Tactic call type ran for 0.183 secs (0.183u,0.s) (success)
Tactic call refine ran for 0.184 secs (0.184u,0.s) (success)
Params: n= 1300
Tactic call build ran for 0.027 secs (0.027u,0.s) (success)
Tactic call check ran for 0.221 secs (0.221u,0.s) (success)
Tactic call type ran for 0.22 secs (0.22u,0.s) (success)
Tactic call refine ran for 0.225 secs (0.225u,0.s) (success)
Params: n= 1400
Tactic call build ran for 0.029 secs (0.029u,0.s) (success)
Tactic call check ran for 0.263 secs (0.263u,0.s) (success)
Tactic call type ran for 0.262 secs (0.262u,0.s) (success)
Tactic call refine ran for 0.266 secs (0.266u,0.s) (success)
Params: n= 1500
Tactic call build ran for 0.032 secs (0.032u,0.s) (success)
Tactic call check ran for 0.307 secs (0.307u,0.s) (success)
Tactic call type ran for 0.307 secs (0.307u,0.s) (success)
Tactic call refine ran for 0.314 secs (0.314u,0.s) (success)
Params: n= 1600
Tactic call build ran for 0.033 secs (0.033u,0.s) (success)
Tactic call check ran for 0.358 secs (0.358u,0.s) (success)
Tactic call type ran for 0.358 secs (0.358u,0.s) (success)
Tactic call refine ran for 0.361 secs (0.361u,0.s) (success)
Params: n= 1700
Tactic call build ran for 0.036 secs (0.036u,0.s) (success)
Tactic call check ran for 0.407 secs (0.407u,0.s) (success)
Tactic call type ran for 0.407 secs (0.407u,0.s) (success)
Tactic call refine ran for 0.413 secs (0.413u,0.s) (success)
Params: n= 1800
Tactic call build ran for 0.038 secs (0.038u,0.s) (success)
Tactic call check ran for 0.463 secs (0.463u,0.s) (success)
Tactic call type ran for 0.463 secs (0.463u,0.s) (success)
Tactic call refine ran for 0.468 secs (0.468u,0.s) (success)
Params: n= 1900
Tactic call build ran for 0.04 secs (0.04u,0.s) (success)
Tactic call check ran for 0.523 secs (0.523u,0.s) (success)
Tactic call type ran for 0.52 secs (0.52u,0.s) (success)
Tactic call refine ran for 0.526 secs (0.522u,0.003s) (success)
Params: n= 2000
Tactic call build ran for 0.041 secs (0.041u,0.s) (success)
Tactic call check ran for 0.582 secs (0.582u,0.s) (success)
Tactic call type ran for 0.58 secs (0.58u,0.s) (success)
Tactic call refine ran for 0.587 secs (0.587u,0.s) (success)
Params: n= 2100
Tactic call build ran for 0.045 secs (0.045u,0.s) (success)
Tactic call check ran for 0.648 secs (0.648u,0.s) (success)
Tactic call type ran for 0.645 secs (0.645u,0.s) (success)
Tactic call refine ran for 0.653 secs (0.653u,0.s) (success)
Params: n= 2200
Tactic call build ran for 0.046 secs (0.046u,0.s) (success)
Tactic call check ran for 0.712 secs (0.712u,0.s) (success)
Tactic call type ran for 0.715 secs (0.715u,0.s) (success)
Tactic call refine ran for 0.719 secs (0.719u,0.s) (success)
Params: n= 2300
Tactic call build ran for 0.048 secs (0.048u,0.s) (success)
Tactic call check ran for 0.784 secs (0.784u,0.s) (success)
Tactic call type ran for 0.782 secs (0.782u,0.s) (success)
Tactic call refine ran for 0.791 secs (0.791u,0.s) (success)
Params: n= 2400
Tactic call build ran for 0.051 secs (0.051u,0.s) (success)
Tactic call check ran for 0.857 secs (0.857u,0.s) (success)
Tactic call type ran for 0.856 secs (0.856u,0.s) (success)
Tactic call refine ran for 0.866 secs (0.866u,0.s) (success)
Params: n= 2500
Tactic call build ran for 0.052 secs (0.052u,0.s) (success)
Tactic call check ran for 0.932 secs (0.932u,0.s) (success)
Tactic call type ran for 0.932 secs (0.932u,0.s) (success)
Tactic call refine ran for 0.939 secs (0.939u,0.s) (success)
Params: n= 2600
Tactic call build ran for 0.054 secs (0.054u,0.s) (success)
Tactic call check ran for 1.01 secs (1.01u,0.s) (success)
Tactic call type ran for 1.012 secs (1.012u,0.s) (success)
Tactic call refine ran for 1.019 secs (1.019u,0.s) (success)
Params: n= 2700
Tactic call build ran for 0.056 secs (0.056u,0.s) (success)
Tactic call check ran for 1.1 secs (1.1u,0.s) (success)
Tactic call type ran for 1.091 secs (1.091u,0.s) (success)
Tactic call refine ran for 1.103 secs (1.103u,0.s) (success)
Params: n= 2800
Tactic call build ran for 0.058 secs (0.058u,0.s) (success)
Tactic call check ran for 1.183 secs (1.183u,0.s) (success)
Tactic call type ran for 1.179 secs (1.179u,0.s) (success)
Tactic call refine ran for 1.189 secs (1.189u,0.s) (success)
Params: n= 2900
Tactic call build ran for 0.062 secs (0.062u,0.s) (success)
Tactic call check ran for 1.264 secs (1.26u,0.003s) (success)
Tactic call type ran for 1.268 secs (1.268u,0.s) (success)
Tactic call refine ran for 1.276 secs (1.276u,0.s) (success)
Params: n= 3000
Tactic call build ran for 0.064 secs (0.064u,0.s) (success)
Tactic call check ran for 1.362 secs (1.358u,0.003s) (success)
Tactic call type ran for 1.358 secs (1.358u,0.s) (success)
Tactic call refine ran for 1.373 secs (1.365u,0.008s) (success)
Params: n= 3100
Tactic call build ran for 0.065 secs (0.065u,0.s) (success)
Tactic call check ran for 1.451 secs (1.451u,0.s) (success)
Tactic call type ran for 1.453 secs (1.449u,0.003s) (success)
Tactic call refine ran for 1.467 secs (1.467u,0.s) (success)
Params: n= 3200
Tactic call build ran for 0.068 secs (0.068u,0.s) (success)
Tactic call check ran for 1.551 secs (1.551u,0.s) (success)
Tactic call type ran for 1.553 secs (1.553u,0.s) (success)
Tactic call refine ran for 1.562 secs (1.562u,0.s) (success)
Params: n= 3300
Tactic call build ran for 0.075 secs (0.075u,0.s) (success)
Tactic call check ran for 1.652 secs (1.652u,0.s) (success)
Tactic call type ran for 1.645 secs (1.645u,0.s) (success)
Tactic call refine ran for 1.661 secs (1.661u,0.s) (success)
Params: n= 3400
Tactic call build ran for 0.076 secs (0.076u,0.s) (success)
Tactic call check ran for 1.754 secs (1.754u,0.s) (success)
Tactic call type ran for 1.753 secs (1.753u,0.s) (success)
Tactic call refine ran for 1.766 secs (1.766u,0.s) (success)
Params: n= 3500
Tactic call build ran for 0.078 secs (0.078u,0.s) (success)
Tactic call check ran for 1.857 secs (1.853u,0.003s) (success)
Tactic call type ran for 1.854 secs (1.854u,0.s) (success)
Tactic call refine ran for 1.871 secs (1.871u,0.s) (success)
Params: n= 3600
Tactic call build ran for 0.082 secs (0.082u,0.s) (success)
Tactic call check ran for 1.963 secs (1.963u,0.s) (success)
Tactic call type ran for 1.965 secs (1.965u,0.s) (success)
Tactic call refine ran for 1.97 secs (1.97u,0.s) (success)
Params: n= 3700
Tactic call build ran for 0.081 secs (0.081u,0.s) (success)
Tactic call check ran for 2.067 secs (2.059u,0.007s) (success)
Tactic call type ran for 2.064 secs (2.06u,0.003s) (success)
Tactic call refine ran for 2.085 secs (2.085u,0.s) (success)
Params: n= 3800
Tactic call build ran for 0.083 secs (0.083u,0.s) (success)
Tactic call check ran for 2.179 secs (2.179u,0.s) (success)
Tactic call type ran for 2.18 secs (2.18u,0.s) (success)
Tactic call refine ran for 2.198 secs (2.198u,0.s) (success)
Params: n= 3900
Tactic call build ran for 0.086 secs (0.086u,0.s) (success)
Tactic call check ran for 2.297 secs (2.297u,0.s) (success)
Tactic call type ran for 2.3 secs (2.3u,0.s) (success)
Tactic call refine ran for 2.315 secs (2.315u,0.s) (success)
Params: n= 4000
Tactic call build ran for 0.087 secs (0.087u,0.s) (success)
Tactic call check ran for 2.419 secs (2.419u,0.s) (success)
Tactic call type ran for 2.419 secs (2.419u,0.s) (success)
Tactic call refine ran for 2.433 secs (2.433u,0.s) (success)
Params: n= 4100
Tactic call build ran for 0.089 secs (0.089u,0.s) (success)
Tactic call check ran for 2.538 secs (2.538u,0.s) (success)
Tactic call type ran for 2.54 secs (2.536u,0.003s) (success)
Tactic call refine ran for 2.557 secs (2.557u,0.s) (success)
Params: n= 4200
Tactic call build ran for 0.091 secs (0.091u,0.s) (success)
Tactic call check ran for 2.661 secs (2.661u,0.s) (success)
Tactic call type ran for 2.667 secs (2.667u,0.s) (success)
Tactic call refine ran for 2.683 secs (2.683u,0.s) (success)
Params: n= 4300
Tactic call build ran for 0.094 secs (0.094u,0.s) (success)
Tactic call check ran for 2.789 secs (2.789u,0.s) (success)
Tactic call type ran for 2.794 secs (2.794u,0.s) (success)
Tactic call refine ran for 2.812 secs (2.812u,0.s) (success)
Params: n= 4400
Tactic call build ran for 0.096 secs (0.096u,0.s) (success)
Tactic call check ran for 2.924 secs (2.924u,0.s) (success)
Tactic call type ran for 2.921 secs (2.921u,0.s) (success)
Tactic call refine ran for 2.944 secs (2.944u,0.s) (success)
Params: n= 4500
Tactic call build ran for 0.097 secs (0.097u,0.s) (success)
Tactic call check ran for 3.054 secs (3.054u,0.s) (success)
Tactic call type ran for 3.061 secs (3.061u,0.s) (success)
Tactic call refine ran for 3.079 secs (3.079u,0.s) (success)
Params: n= 4600
Tactic call build ran for 0.1 secs (0.1u,0.s) (success)
Tactic call check ran for 3.193 secs (3.194u,0.s) (success)
Tactic call type ran for 3.197 secs (3.197u,0.s) (success)
Tactic call refine ran for 3.222 secs (3.222u,0.s) (success)
Params: n= 4700
Tactic call build ran for 0.102 secs (0.102u,0.s) (success)
Tactic call check ran for 3.334 secs (3.334u,0.s) (success)
Tactic call type ran for 3.337 secs (3.337u,0.s) (success)
Tactic call refine ran for 3.36 secs (3.36u,0.s) (success)
Params: n= 4800
Tactic call build ran for 0.104 secs (0.104u,0.s) (success)
Tactic call check ran for 3.48 secs (3.476u,0.003s) (success)
Tactic call type ran for 3.484 secs (3.484u,0.s) (success)
Tactic call refine ran for 3.511 secs (3.511u,0.s) (success)
Params: n= 4900
Tactic call build ran for 0.12 secs (0.12u,0.s) (success)
Tactic call check ran for 3.621 secs (3.621u,0.s) (success)
Tactic call type ran for 3.625 secs (3.625u,0.s) (success)
Tactic call refine ran for 3.655 secs (3.655u,0.s) (success)
Params: n= 5000
Tactic call build ran for 0.122 secs (0.122u,0.s) (success)
Tactic call check ran for 3.782 secs (3.782u,0.s) (success)
Tactic call type ran for 3.78 secs (3.78u,0.s) (success)
Tactic call refine ran for 3.81 secs (3.806u,0.004s) (success)
Params: n= 5100
Tactic call build ran for 0.124 secs (0.124u,0.s) (success)
Tactic call check ran for 3.926 secs (3.926u,0.s) (success)
Tactic call type ran for 3.935 secs (3.935u,0.s) (success)
Tactic call refine ran for 3.967 secs (3.963u,0.003s) (success)
Params: n= 5200
Tactic call build ran for 0.126 secs (0.126u,0.s) (success)
Tactic call check ran for 4.09 secs (4.086u,0.003s) (success)
Tactic call type ran for 4.087 secs (4.087u,0.s) (success)
Tactic call refine ran for 4.121 secs (4.121u,0.s) (success)
Params: n= 5300
Tactic call build ran for 0.128 secs (0.128u,0.s) (success)
Tactic call check ran for 4.258 secs (4.254u,0.003s) (success)
Tactic call type ran for 4.247 secs (4.243u,0.003s) (success)
Tactic call refine ran for 4.292 secs (4.292u,0.s) (success)
Params: n= 5400
Tactic call build ran for 0.131 secs (0.131u,0.s) (success)
Tactic call check ran for 4.411 secs (4.411u,0.s) (success)
Tactic call type ran for 4.412 secs (4.412u,0.s) (success)
Tactic call refine ran for 4.423 secs (4.423u,0.s) (success)
Params: n= 5500
Tactic call build ran for 0.13 secs (0.13u,0.s) (success)
Tactic call check ran for 4.558 secs (4.554u,0.004s) (success)
Tactic call type ran for 4.549 secs (4.545u,0.003s) (success)
Tactic call refine ran for 4.592 secs (4.592u,0.s) (success)
Params: n= 5600
Tactic call build ran for 0.133 secs (0.133u,0.s) (success)
Tactic call check ran for 4.722 secs (4.722u,0.s) (success)
Tactic call type ran for 4.718 secs (4.718u,0.s) (success)
Tactic call refine ran for 4.759 secs (4.759u,0.s) (success)
Params: n= 5700
Tactic call build ran for 0.134 secs (0.134u,0.s) (success)
Tactic call check ran for 4.897 secs (4.897u,0.s) (success)
Tactic call type ran for 4.888 secs (4.888u,0.s) (success)
Tactic call refine ran for 4.936 secs (4.936u,0.s) (success)
Params: n= 5800
Tactic call build ran for 0.137 secs (0.137u,0.s) (success)
Tactic call check ran for 5.058 secs (5.058u,0.s) (success)
Tactic call type ran for 5.063 secs (5.059u,0.004s) (success)
Tactic call refine ran for 5.108 secs (5.108u,0.s) (success)
Params: n= 5900
Tactic call build ran for 0.139 secs (0.139u,0.s) (success)
Tactic call check ran for 5.241 secs (5.237u,0.004s) (success)
Tactic call type ran for 5.24 secs (5.241u,0.s) (success)
Tactic call refine ran for 5.281 secs (5.281u,0.s) (success)
