Params: n= 60
Tactic call make_Ts ran for 0.22 secs (0.208u,0.011s)
Tactic call make_T ran for 0. secs (0.u,0.s)
Tactic call make_T_projs ran for 0.057 secs (0.057u,0.s)
Tactic call make_Build_T ran for 0.026 secs (0.026u,0.s)
Tactic call eta-make-let-ins ran for 0.075 secs (0.072u,0.003s)
Tactic call eta-make-pf ran for 0.018 secs (0.018u,0.s)
Tactic call eta-constr-pf ran for 0.003 secs (0.003u,0.s)
Tactic call eta-cast-pf ran for 0.014 secs (0.014u,0.s)
Tactic call eta-refine ran for 0. secs (0.u,0.s) (success)
Tactic call eta-refine-and-close ran for 0.001 secs (0.001u,0.s)
Tactic call make_T_eta ran for 0.152 secs (0.148u,0.003s)
Tactic call make_f_ty ran for 0.014 secs (0.014u,0.s)
Tactic call make_T_rect ran for 0.019 secs (0.019u,0.s)
Tactic call making ran for 0.477 secs (0.462u,0.015s)
Tactic call constr-final-goal make_final_goal ran for 0. secs (0.u,0.s)
Tactic call everything ran for 0.483 secs (0.467u,0.015s) (success)
Params: n= 61
Tactic call make_Ts ran for 0.18 secs (0.18u,0.s)
Tactic call make_T ran for 0. secs (0.u,0.s)
Tactic call make_T_projs ran for 0.079 secs (0.079u,0.s)
Tactic call make_Build_T ran for 0.011 secs (0.011u,0.s)
Tactic call eta-make-let-ins ran for 0.078 secs (0.078u,0.s)
Tactic call eta-make-pf ran for 0.018 secs (0.018u,0.s)
Tactic call eta-constr-pf ran for 0.003 secs (0.003u,0.s)
Tactic call eta-cast-pf ran for 0.035 secs (0.035u,0.s)
Tactic call eta-refine ran for 0. secs (0.u,0.s) (success)
Tactic call eta-refine-and-close ran for 0.001 secs (0.001u,0.s)
Tactic call make_T_eta ran for 0.157 secs (0.156u,0.s)
Tactic call make_f_ty ran for 0.014 secs (0.014u,0.s)
Tactic call make_T_rect ran for 0.02 secs (0.02u,0.s)
Tactic call making ran for 0.451 secs (0.45u,0.s)
Tactic call constr-final-goal make_final_goal ran for 0. secs (0.u,0.s)
Tactic call everything ran for 0.456 secs (0.455u,0.s) (success)
Params: n= 62
Tactic call make_Ts ran for 0.206 secs (0.206u,0.s)
Tactic call make_T ran for 0. secs (0.u,0.s)
Tactic call make_T_projs ran for 0.088 secs (0.088u,0.s)
Tactic call make_Build_T ran for 0.011 secs (0.011u,0.s)
Tactic call eta-make-let-ins ran for 0.081 secs (0.077u,0.003s)
Tactic call eta-make-pf ran for 0.018 secs (0.018u,0.s)
Tactic call eta-constr-pf ran for 0.003 secs (0.003u,0.s)
Tactic call eta-cast-pf ran for 0.022 secs (0.022u,0.s)
Tactic call eta-refine ran for 0. secs (0.u,0.s) (success)
Tactic call eta-refine-and-close ran for 0.001 secs (0.001u,0.s)
Tactic call make_T_eta ran for 0.147 secs (0.143u,0.003s)
Tactic call make_f_ty ran for 0.014 secs (0.014u,0.s)
Tactic call make_T_rect ran for 0.02 secs (0.02u,0.s)
Tactic call making ran for 0.475 secs (0.471u,0.003s)
Tactic call constr-final-goal make_final_goal ran for 0. secs (0.u,0.s)
Tactic call everything ran for 0.48 secs (0.477u,0.003s) (success)
Params: n= 63
Tactic call make_Ts ran for 0.213 secs (0.205u,0.007s)
Tactic call make_T ran for 0. secs (0.u,0.s)
Tactic call make_T_projs ran for 0.082 secs (0.082u,0.s)
Tactic call make_Build_T ran for 0.012 secs (0.012u,0.s)
Tactic call eta-make-let-ins ran for 0.086 secs (0.082u,0.003s)
Tactic call eta-make-pf ran for 0.024 secs (0.024u,0.s)
Tactic call eta-constr-pf ran for 0.004 secs (0.004u,0.s)
Tactic call eta-cast-pf ran for 0.015 secs (0.015u,0.s)
Tactic call eta-refine ran for 0. secs (0.u,0.s) (success)
Tactic call eta-refine-and-close ran for 0.001 secs (0.001u,0.s)
Tactic call make_T_eta ran for 0.151 secs (0.147u,0.004s)
Tactic call make_f_ty ran for 0.015 secs (0.015u,0.s)
Tactic call make_T_rect ran for 0.02 secs (0.02u,0.s)
Tactic call making ran for 0.481 secs (0.469u,0.011s)
Tactic call constr-final-goal make_final_goal ran for 0. secs (0.u,0.s)
Tactic call everything ran for 0.487 secs (0.475u,0.011s) (success)
Params: n= 64
Tactic call make_Ts ran for 0.236 secs (0.236u,0.s)
Tactic call make_T ran for 0. secs (0.u,0.s)
Tactic call make_T_projs ran for 0.091 secs (0.091u,0.s)
Tactic call make_Build_T ran for 0.012 secs (0.012u,0.s)
Tactic call eta-make-let-ins ran for 0.092 secs (0.085u,0.007s)
Tactic call eta-make-pf ran for 0.025 secs (0.025u,0.s)
Tactic call eta-constr-pf ran for 0.004 secs (0.004u,0.s)
Tactic call eta-cast-pf ran for 0.016 secs (0.016u,0.s)
Tactic call eta-refine ran for 0. secs (0.u,0.s) (success)
Tactic call eta-refine-and-close ran for 0.001 secs (0.001u,0.s)
Tactic call make_T_eta ran for 0.164 secs (0.156u,0.007s)
Tactic call make_f_ty ran for 0.015 secs (0.015u,0.s)
Tactic call make_T_rect ran for 0.02 secs (0.02u,0.s)
Tactic call making ran for 0.526 secs (0.518u,0.007s)
Tactic call constr-final-goal make_final_goal ran for 0. secs (0.u,0.s)
Tactic call everything ran for 0.531 secs (0.523u,0.007s) (success)
Params: n= 65
Tactic call make_Ts ran for 0.253 secs (0.253u,0.s)
Tactic call make_T ran for 0. secs (0.u,0.s)
Tactic call make_T_projs ran for 0.098 secs (0.098u,0.s)
Tactic call make_Build_T ran for 0.012 secs (0.012u,0.s)
Tactic call eta-make-let-ins ran for 0.107 secs (0.107u,0.s)
Tactic call eta-make-pf ran for 0.019 secs (0.019u,0.s)
Tactic call eta-constr-pf ran for 0.004 secs (0.004u,0.s)
Tactic call eta-cast-pf ran for 0.029 secs (0.029u,0.s)
Tactic call eta-refine ran for 0. secs (0.u,0.s) (success)
Tactic call eta-refine-and-close ran for 0.001 secs (0.001u,0.s)
Tactic call make_T_eta ran for 0.184 secs (0.184u,0.s)
Tactic call make_f_ty ran for 0.016 secs (0.016u,0.s)
Tactic call make_T_rect ran for 0.022 secs (0.022u,0.s)
Tactic call making ran for 0.571 secs (0.571u,0.s)
Tactic call constr-final-goal make_final_goal ran for 0. secs (0.u,0.s)
Tactic call everything ran for 0.577 secs (0.577u,0.s) (success)
Params: n= 66
Tactic call make_Ts ran for 0.313 secs (0.309u,0.003s)
Tactic call make_T ran for 0. secs (0.u,0.s)
Tactic call make_T_projs ran for 0.109 secs (0.108u,0.s)
Tactic call make_Build_T ran for 0.024 secs (0.024u,0.s)
Tactic call eta-make-let-ins ran for 0.108 secs (0.108u,0.s)
Tactic call eta-make-pf ran for 0.019 secs (0.019u,0.s)
Tactic call eta-constr-pf ran for 0.004 secs (0.004u,0.s)
Tactic call eta-cast-pf ran for 0.028 secs (0.028u,0.s)
Tactic call eta-refine ran for 0. secs (0.u,0.s) (success)
Tactic call eta-refine-and-close ran for 0.001 secs (0.001u,0.s)
Tactic call make_T_eta ran for 0.204 secs (0.204u,0.s)
Tactic call make_f_ty ran for 0.015 secs (0.015u,0.s)
Tactic call make_T_rect ran for 0.021 secs (0.021u,0.s)
Tactic call making ran for 0.674 secs (0.67u,0.003s)
Tactic call constr-final-goal make_final_goal ran for 0. secs (0.u,0.s)
Tactic call everything ran for 0.679 secs (0.675u,0.003s) (success)
Params: n= 67
Tactic call make_Ts ran for 0.327 secs (0.327u,0.s)
Tactic call make_T ran for 0. secs (0.u,0.s)
Tactic call make_T_projs ran for 0.123 secs (0.119u,0.003s)
Tactic call make_Build_T ran for 0.013 secs (0.013u,0.s)
Tactic call eta-make-let-ins ran for 0.117 secs (0.113u,0.003s)
Tactic call eta-make-pf ran for 0.032 secs (0.032u,0.s)
Tactic call eta-constr-pf ran for 0.004 secs (0.004u,0.s)
Tactic call eta-cast-pf ran for 0.017 secs (0.017u,0.s)
Tactic call eta-refine ran for 0. secs (0.u,0.s) (success)
Tactic call eta-refine-and-close ran for 0.001 secs (0.001u,0.s)
Tactic call make_T_eta ran for 0.208 secs (0.204u,0.004s)
Tactic call make_f_ty ran for 0.016 secs (0.016u,0.s)
Tactic call make_T_rect ran for 0.022 secs (0.022u,0.s)
Tactic call making ran for 0.696 secs (0.688u,0.007s)
Tactic call constr-final-goal make_final_goal ran for 0. secs (0.u,0.s)
Tactic call everything ran for 0.701 secs (0.693u,0.007s) (success)
Params: n= 68
Tactic call make_Ts ran for 0.34 secs (0.34u,0.s)
Tactic call make_T ran for 0. secs (0.u,0.s)
Tactic call make_T_projs ran for 0.13 secs (0.13u,0.s)
Tactic call make_Build_T ran for 0.013 secs (0.013u,0.s)
Tactic call eta-make-let-ins ran for 0.107 secs (0.107u,0.s)
Tactic call eta-make-pf ran for 0.031 secs (0.027u,0.003s)
Tactic call eta-constr-pf ran for 0.004 secs (0.004u,0.s)
Tactic call eta-cast-pf ran for 0.022 secs (0.022u,0.s)
Tactic call eta-refine ran for 0. secs (0.u,0.s) (success)
Tactic call eta-refine-and-close ran for 0.001 secs (0.001u,0.s)
Tactic call make_T_eta ran for 0.188 secs (0.184u,0.003s)
Tactic call make_f_ty ran for 0.016 secs (0.016u,0.s)
Tactic call make_T_rect ran for 0.022 secs (0.022u,0.s)
Tactic call making ran for 0.695 secs (0.691u,0.003s)
Tactic call constr-final-goal make_final_goal ran for 0. secs (0.u,0.s)
Tactic call everything ran for 0.701 secs (0.697u,0.003s) (success)
Params: n= 69
Tactic call make_Ts ran for 0.365 secs (0.365u,0.s)
Tactic call make_T ran for 0. secs (0.u,0.s)
Tactic call make_T_projs ran for 0.151 secs (0.151u,0.s)
Tactic call make_Build_T ran for 0.014 secs (0.014u,0.s)
Tactic call eta-make-let-ins ran for 0.13 secs (0.13u,0.s)
Tactic call eta-make-pf ran for 0.02 secs (0.02u,0.s)
Tactic call eta-constr-pf ran for 0.004 secs (0.004u,0.s)
Tactic call eta-cast-pf ran for 0.023 secs (0.023u,0.s)
Tactic call eta-refine ran for 0. secs (0.u,0.s) (success)
Tactic call eta-refine-and-close ran for 0.001 secs (0.001u,0.s)
Tactic call make_T_eta ran for 0.204 secs (0.204u,0.s)
Tactic call make_f_ty ran for 0.016 secs (0.016u,0.s)
Tactic call make_T_rect ran for 0.022 secs (0.022u,0.s)
Tactic call making ran for 0.759 secs (0.759u,0.s)
Tactic call constr-final-goal make_final_goal ran for 0. secs (0.u,0.s)
Tactic call everything ran for 0.764 secs (0.764u,0.s) (success)
Params: n= 70
Tactic call make_Ts ran for 0.401 secs (0.401u,0.s)
Tactic call make_T ran for 0. secs (0.u,0.s)
Tactic call make_T_projs ran for 0.155 secs (0.151u,0.003s)
Tactic call make_Build_T ran for 0.018 secs (0.018u,0.s)
Tactic call eta-make-let-ins ran for 0.131 secs (0.131u,0.s)
Tactic call eta-make-pf ran for 0.025 secs (0.025u,0.s)
Tactic call eta-constr-pf ran for 0.004 secs (0.004u,0.s)
Tactic call eta-cast-pf ran for 0.02 secs (0.02u,0.s)
Tactic call eta-refine ran for 0. secs (0.u,0.s) (success)
Tactic call eta-refine-and-close ran for 0.001 secs (0.001u,0.s)
Tactic call make_T_eta ran for 0.207 secs (0.207u,0.s)
Tactic call make_f_ty ran for 0.017 secs (0.017u,0.s)
Tactic call make_T_rect ran for 0.023 secs (0.023u,0.s)
Tactic call making ran for 0.807 secs (0.803u,0.003s)
Tactic call constr-final-goal make_final_goal ran for 0. secs (0.u,0.s)
Tactic call everything ran for 0.813 secs (0.809u,0.003s) (success)
Params: n= 71
Tactic call make_Ts ran for 0.421 secs (0.421u,0.s)
Tactic call make_T ran for 0. secs (0.u,0.s)
Tactic call make_T_projs ran for 0.169 secs (0.165u,0.003s)
Tactic call make_Build_T ran for 0.014 secs (0.014u,0.s)
Tactic call eta-make-let-ins ran for 0.134 secs (0.134u,0.s)
Tactic call eta-make-pf ran for 0.026 secs (0.026u,0.s)
Tactic call eta-constr-pf ran for 0.004 secs (0.004u,0.s)
Tactic call eta-cast-pf ran for 0.029 secs (0.029u,0.s)
Tactic call eta-refine ran for 0. secs (0.u,0.s) (success)
Tactic call eta-refine-and-close ran for 0.001 secs (0.001u,0.s)
Tactic call make_T_eta ran for 0.22 secs (0.22u,0.s)
Tactic call make_f_ty ran for 0.018 secs (0.018u,0.s)
Tactic call make_T_rect ran for 0.024 secs (0.024u,0.s)
Tactic call making ran for 0.852 secs (0.848u,0.003s)
Tactic call constr-final-goal make_final_goal ran for 0. secs (0.u,0.s)
Tactic call everything ran for 0.858 secs (0.854u,0.003s) (success)
Params: n= 72
Tactic call make_Ts ran for 0.474 secs (0.474u,0.s)
Tactic call make_T ran for 0. secs (0.u,0.s)
Tactic call make_T_projs ran for 0.184 secs (0.184u,0.s)
Tactic call make_Build_T ran for 0.016 secs (0.016u,0.s)
Tactic call eta-make-let-ins ran for 0.172 secs (0.172u,0.s)
Tactic call eta-make-pf ran for 0.021 secs (0.021u,0.s)
Tactic call eta-constr-pf ran for 0.004 secs (0.004u,0.s)
Tactic call eta-cast-pf ran for 0.03 secs (0.03u,0.s)
Tactic call eta-refine ran for 0. secs (0.u,0.s) (success)
Tactic call eta-refine-and-close ran for 0.001 secs (0.001u,0.s)
Tactic call make_T_eta ran for 0.272 secs (0.272u,0.s)
Tactic call make_f_ty ran for 0.018 secs (0.018u,0.s)
Tactic call make_T_rect ran for 0.024 secs (0.024u,0.s)
Tactic call making ran for 0.972 secs (0.972u,0.s)
Tactic call constr-final-goal make_final_goal ran for 0. secs (0.u,0.s)
Tactic call everything ran for 0.978 secs (0.978u,0.s) (success)
Params: n= 73
Tactic call make_Ts ran for 0.51 secs (0.51u,0.s)
Tactic call make_T ran for 0. secs (0.u,0.s)
Tactic call make_T_projs ran for 0.203 secs (0.203u,0.s)
Tactic call make_Build_T ran for 0.015 secs (0.015u,0.s)
Tactic call eta-make-let-ins ran for 0.168 secs (0.168u,0.s)
Tactic call eta-make-pf ran for 0.03 secs (0.03u,0.s)
Tactic call eta-constr-pf ran for 0.004 secs (0.004u,0.s)
Tactic call eta-cast-pf ran for 0.022 secs (0.022u,0.s)
Tactic call eta-refine ran for 0. secs (0.u,0.s) (success)
Tactic call eta-refine-and-close ran for 0.001 secs (0.001u,0.s)
Tactic call make_T_eta ran for 0.267 secs (0.267u,0.s)
Tactic call make_f_ty ran for 0.018 secs (0.018u,0.s)
Tactic call make_T_rect ran for 0.025 secs (0.025u,0.s)
Tactic call making ran for 1.022 secs (1.022u,0.s)
Tactic call constr-final-goal make_final_goal ran for 0. secs (0.u,0.s)
Tactic call everything ran for 1.028 secs (1.028u,0.s) (success)
Params: n= 74
Tactic call make_Ts ran for 0.557 secs (0.557u,0.s)
Tactic call make_T ran for 0. secs (0.u,0.s)
Tactic call make_T_projs ran for 0.239 secs (0.239u,0.s)
Tactic call make_Build_T ran for 0.025 secs (0.025u,0.s)
Tactic call eta-make-let-ins ran for 0.166 secs (0.166u,0.s)
Tactic call eta-make-pf ran for 0.031 secs (0.031u,0.s)
Tactic call eta-constr-pf ran for 0.004 secs (0.004u,0.s)
Tactic call eta-cast-pf ran for 0.024 secs (0.024u,0.s)
Tactic call eta-refine ran for 0. secs (0.u,0.s) (success)
Tactic call eta-refine-and-close ran for 0.001 secs (0.001u,0.s)
Tactic call make_T_eta ran for 0.253 secs (0.253u,0.s)
Tactic call make_f_ty ran for 0.019 secs (0.019u,0.s)
Tactic call make_T_rect ran for 0.026 secs (0.026u,0.s)
Tactic call making ran for 1.102 secs (1.102u,0.s)
Tactic call constr-final-goal make_final_goal ran for 0. secs (0.u,0.s)
Tactic call everything ran for 1.108 secs (1.108u,0.s) (success)
Params: n= 75
Tactic call make_Ts ran for 0.565 secs (0.557u,0.007s)
Tactic call make_T ran for 0. secs (0.u,0.s)
Tactic call make_T_projs ran for 0.237 secs (0.237u,0.s)
Tactic call make_Build_T ran for 0.015 secs (0.015u,0.s)
Tactic call eta-make-let-ins ran for 0.17 secs (0.17u,0.s)
Tactic call eta-make-pf ran for 0.022 secs (0.022u,0.s)
Tactic call eta-constr-pf ran for 0.004 secs (0.004u,0.s)
Tactic call eta-cast-pf ran for 0.029 secs (0.029u,0.s)
Tactic call eta-refine ran for 0. secs (0.u,0.s) (success)
Tactic call eta-refine-and-close ran for 0.001 secs (0.001u,0.s)
Tactic call make_T_eta ran for 0.254 secs (0.254u,0.s)
Tactic call make_f_ty ran for 0.019 secs (0.019u,0.s)
Tactic call make_T_rect ran for 0.026 secs (0.026u,0.s)
Tactic call making ran for 1.1 secs (1.091u,0.007s)
Tactic call constr-final-goal make_final_goal ran for 0. secs (0.u,0.s)
Tactic call everything ran for 1.107 secs (1.098u,0.007s) (success)
Params: n= 76
Tactic call make_Ts ran for 0.62 secs (0.62u,0.s)
Tactic call make_T ran for 0. secs (0.u,0.s)
Tactic call make_T_projs ran for 0.253 secs (0.253u,0.s)
Tactic call make_Build_T ran for 0.016 secs (0.016u,0.s)
Tactic call eta-make-let-ins ran for 0.196 secs (0.196u,0.s)
Tactic call eta-make-pf ran for 0.027 secs (0.027u,0.s)
Tactic call eta-constr-pf ran for 0.005 secs (0.005u,0.s)
Tactic call eta-cast-pf ran for 0.035 secs (0.035u,0.s)
Tactic call eta-refine ran for 0. secs (0.u,0.s) (success)
Tactic call eta-refine-and-close ran for 0.001 secs (0.001u,0.s)
Tactic call make_T_eta ran for 0.298 secs (0.298u,0.s)
Tactic call make_f_ty ran for 0.02 secs (0.02u,0.s)
Tactic call make_T_rect ran for 0.027 secs (0.027u,0.s)
Tactic call making ran for 1.216 secs (1.216u,0.s)
Tactic call constr-final-goal make_final_goal ran for 0. secs (0.u,0.s)
Tactic call everything ran for 1.222 secs (1.222u,0.s) (success)
Params: n= 77
Tactic call make_Ts ran for 0.655 secs (0.655u,0.s)
Tactic call make_T ran for 0. secs (0.u,0.s)
Tactic call make_T_projs ran for 0.255 secs (0.255u,0.s)
Tactic call make_Build_T ran for 0.021 secs (0.021u,0.s)
Tactic call eta-make-let-ins ran for 0.199 secs (0.199u,0.s)
Tactic call eta-make-pf ran for 0.023 secs (0.023u,0.s)
Tactic call eta-constr-pf ran for 0.005 secs (0.005u,0.s)
Tactic call eta-cast-pf ran for 0.036 secs (0.036u,0.s)
Tactic call eta-refine ran for 0. secs (0.u,0.s) (success)
Tactic call eta-refine-and-close ran for 0.001 secs (0.001u,0.s)
Tactic call make_T_eta ran for 0.301 secs (0.301u,0.s)
Tactic call make_f_ty ran for 0.02 secs (0.02u,0.s)
Tactic call make_T_rect ran for 0.027 secs (0.027u,0.s)
Tactic call making ran for 1.261 secs (1.261u,0.s)
Tactic call constr-final-goal make_final_goal ran for 0. secs (0.u,0.s)
Tactic call everything ran for 1.268 secs (1.268u,0.s) (success)
Params: n= 78
Tactic call make_Ts ran for 0.704 secs (0.7u,0.s)
Tactic call make_T ran for 0. secs (0.u,0.s)
Tactic call make_T_projs ran for 0.301 secs (0.301u,0.s)
Tactic call make_Build_T ran for 0.017 secs (0.017u,0.s)
Tactic call eta-make-let-ins ran for 0.234 secs (0.23u,0.s)
Tactic call eta-make-pf ran for 0.036 secs (0.036u,0.s)
Tactic call eta-constr-pf ran for 0.005 secs (0.005u,0.s)
Tactic call eta-cast-pf ran for 0.027 secs (0.027u,0.s)
Tactic call eta-refine ran for 0. secs (0.u,0.s) (success)
Tactic call eta-refine-and-close ran for 0.001 secs (0.001u,0.s)
Tactic call make_T_eta ran for 0.336 secs (0.331u,0.s)
Tactic call make_f_ty ran for 0.021 secs (0.021u,0.s)
Tactic call make_T_rect ran for 0.028 secs (0.028u,0.s)
Tactic call making ran for 1.388 secs (1.38u,0.s)
Tactic call constr-final-goal make_final_goal ran for 0. secs (0.u,0.s)
Tactic call everything ran for 1.395 secs (1.386u,0.s) (success)
Params: n= 79
Tactic call make_Ts ran for 0.777 secs (0.777u,0.s)
Tactic call make_T ran for 0. secs (0.u,0.s)
Tactic call make_T_projs ran for 0.344 secs (0.344u,0.s)
Tactic call make_Build_T ran for 0.018 secs (0.018u,0.s)
Tactic call eta-make-let-ins ran for 0.235 secs (0.235u,0.s)
Tactic call eta-make-pf ran for 0.032 secs (0.032u,0.s)
Tactic call eta-constr-pf ran for 0.005 secs (0.005u,0.s)
Tactic call eta-cast-pf ran for 0.041 secs (0.041u,0.s)
Tactic call eta-refine ran for 0. secs (0.u,0.s) (success)
Tactic call eta-refine-and-close ran for 0.001 secs (0.001u,0.s)
Tactic call make_T_eta ran for 0.344 secs (0.344u,0.s)
Tactic call make_f_ty ran for 0.021 secs (0.021u,0.s)
Tactic call make_T_rect ran for 0.028 secs (0.028u,0.s)
Tactic call making ran for 1.515 secs (1.515u,0.s)
Tactic call constr-final-goal make_final_goal ran for 0. secs (0.u,0.s)
Tactic call everything ran for 1.521 secs (1.521u,0.s) (success)
Params: n= 80
Tactic call make_Ts ran for 0.8 secs (0.8u,0.s)
Tactic call make_T ran for 0. secs (0.u,0.s)
Tactic call make_T_projs ran for 0.338 secs (0.338u,0.s)
Tactic call make_Build_T ran for 0.027 secs (0.027u,0.s)
Tactic call eta-make-let-ins ran for 0.261 secs (0.261u,0.s)
Tactic call eta-make-pf ran for 0.024 secs (0.024u,0.s)
Tactic call eta-constr-pf ran for 0.005 secs (0.005u,0.s)
Tactic call eta-cast-pf ran for 0.039 secs (0.039u,0.s)
Tactic call eta-refine ran for 0. secs (0.u,0.s) (success)
Tactic call eta-refine-and-close ran for 0.001 secs (0.001u,0.s)
Tactic call make_T_eta ran for 0.361 secs (0.361u,0.s)
Tactic call make_f_ty ran for 0.021 secs (0.021u,0.s)
Tactic call make_T_rect ran for 0.029 secs (0.029u,0.s)
Tactic call making ran for 1.557 secs (1.557u,0.s)
Tactic call constr-final-goal make_final_goal ran for 0. secs (0.u,0.s)
Tactic call everything ran for 1.564 secs (1.564u,0.s) (success)
Params: n= 81
Tactic call make_Ts ran for 0.849 secs (0.849u,0.s)
Tactic call make_T ran for 0. secs (0.u,0.s)
Tactic call make_T_projs ran for 0.338 secs (0.338u,0.s)
Tactic call make_Build_T ran for 0.018 secs (0.018u,0.s)
Tactic call eta-make-let-ins ran for 0.267 secs (0.267u,0.s)
Tactic call eta-make-pf ran for 0.029 secs (0.029u,0.s)
Tactic call eta-constr-pf ran for 0.005 secs (0.005u,0.s)
Tactic call eta-cast-pf ran for 0.039 secs (0.039u,0.s)
Tactic call eta-refine ran for 0. secs (0.u,0.s) (success)
Tactic call eta-refine-and-close ran for 0.001 secs (0.001u,0.s)
Tactic call make_T_eta ran for 0.378 secs (0.378u,0.s)
Tactic call make_f_ty ran for 0.022 secs (0.022u,0.s)
Tactic call make_T_rect ran for 0.031 secs (0.031u,0.s)
Tactic call making ran for 1.617 secs (1.617u,0.s)
Tactic call constr-final-goal make_final_goal ran for 0. secs (0.u,0.s)
Tactic call everything ran for 1.624 secs (1.624u,0.s) (success)
Params: n= 82
Tactic call make_Ts ran for 0.884 secs (0.884u,0.s)
Tactic call make_T ran for 0. secs (0.u,0.s)
Tactic call make_T_projs ran for 0.352 secs (0.352u,0.s)
Tactic call make_Build_T ran for 0.019 secs (0.019u,0.s)
Tactic call eta-make-let-ins ran for 0.283 secs (0.283u,0.s)
Tactic call eta-make-pf ran for 0.024 secs (0.024u,0.s)
Tactic call eta-constr-pf ran for 0.005 secs (0.005u,0.s)
Tactic call eta-cast-pf ran for 0.04 secs (0.04u,0.s)
Tactic call eta-refine ran for 0. secs (0.u,0.s) (success)
Tactic call eta-refine-and-close ran for 0.001 secs (0.001u,0.s)
Tactic call make_T_eta ran for 0.393 secs (0.393u,0.s)
Tactic call make_f_ty ran for 0.022 secs (0.022u,0.s)
Tactic call make_T_rect ran for 0.03 secs (0.03u,0.s)
Tactic call making ran for 1.68 secs (1.68u,0.s)
Tactic call constr-final-goal make_final_goal ran for 0. secs (0.u,0.s)
Tactic call everything ran for 1.687 secs (1.687u,0.s) (success)
Params: n= 83
Tactic call make_Ts ran for 0.914 secs (0.914u,0.s)
Tactic call make_T ran for 0. secs (0.u,0.s)
Tactic call make_T_projs ran for 0.364 secs (0.364u,0.s)
Tactic call make_Build_T ran for 0.023 secs (0.023u,0.s)
Tactic call eta-make-let-ins ran for 0.286 secs (0.286u,0.s)
Tactic call eta-make-pf ran for 0.034 secs (0.034u,0.s)
Tactic call eta-constr-pf ran for 0.005 secs (0.005u,0.s)
Tactic call eta-cast-pf ran for 0.038 secs (0.038u,0.s)
Tactic call eta-refine ran for 0. secs (0.u,0.s) (success)
Tactic call eta-refine-and-close ran for 0.001 secs (0.001u,0.s)
Tactic call make_T_eta ran for 0.396 secs (0.396u,0.s)
Tactic call make_f_ty ran for 0.021 secs (0.021u,0.s)
Tactic call make_T_rect ran for 0.029 secs (0.029u,0.s)
Tactic call making ran for 1.729 secs (1.729u,0.s)
Tactic call constr-final-goal make_final_goal ran for 0. secs (0.u,0.s)
Tactic call everything ran for 1.736 secs (1.736u,0.s) (success)
Params: n= 84
Tactic call make_Ts ran for 0.995 secs (0.995u,0.s)
Tactic call make_T ran for 0. secs (0.u,0.s)
Tactic call make_T_projs ran for 0.411 secs (0.411u,0.s)
Tactic call make_Build_T ran for 0.019 secs (0.019u,0.s)
Tactic call eta-make-let-ins ran for 0.326 secs (0.326u,0.s)
Tactic call eta-make-pf ran for 0.025 secs (0.025u,0.s)
Tactic call eta-constr-pf ran for 0.005 secs (0.005u,0.s)
Tactic call eta-cast-pf ran for 0.041 secs (0.041u,0.s)
Tactic call eta-refine ran for 0. secs (0.u,0.s) (success)
Tactic call eta-refine-and-close ran for 0.001 secs (0.001u,0.s)
Tactic call make_T_eta ran for 0.445 secs (0.445u,0.s)
Tactic call make_f_ty ran for 0.022 secs (0.022u,0.s)
Tactic call make_T_rect ran for 0.03 secs (0.03u,0.s)
Tactic call making ran for 1.903 secs (1.903u,0.s)
Tactic call constr-final-goal make_final_goal ran for 0. secs (0.u,0.s)
Tactic call everything ran for 1.91 secs (1.91u,0.s) (success)
Params: n= 85
Tactic call make_Ts ran for 1.066 secs (1.066u,0.s)
Tactic call make_T ran for 0. secs (0.u,0.s)
Tactic call make_T_projs ran for 0.426 secs (0.426u,0.s)
Tactic call make_Build_T ran for 0.02 secs (0.02u,0.s)
Tactic call eta-make-let-ins ran for 0.328 secs (0.328u,0.s)
Tactic call eta-make-pf ran for 0.037 secs (0.037u,0.s)
Tactic call eta-constr-pf ran for 0.005 secs (0.005u,0.s)
Tactic call eta-cast-pf ran for 0.042 secs (0.042u,0.s)
Tactic call eta-refine ran for 0. secs (0.u,0.s) (success)
Tactic call eta-refine-and-close ran for 0.001 secs (0.001u,0.s)
Tactic call make_T_eta ran for 0.463 secs (0.463u,0.s)
Tactic call make_f_ty ran for 0.024 secs (0.024u,0.s)
Tactic call make_T_rect ran for 0.032 secs (0.032u,0.s)
Tactic call making ran for 2.01 secs (2.009u,0.s)
Tactic call constr-final-goal make_final_goal ran for 0. secs (0.u,0.s)
Tactic call everything ran for 2.017 secs (2.016u,0.s) (success)
Params: n= 86
Tactic call make_Ts ran for 1.124 secs (1.124u,0.s)
Tactic call make_T ran for 0. secs (0.u,0.s)
Tactic call make_T_projs ran for 0.468 secs (0.468u,0.s)
Tactic call make_Build_T ran for 0.028 secs (0.028u,0.s)
Tactic call eta-make-let-ins ran for 0.355 secs (0.355u,0.s)
Tactic call eta-make-pf ran for 0.03 secs (0.03u,0.s)
Tactic call eta-constr-pf ran for 0.005 secs (0.005u,0.s)
Tactic call eta-cast-pf ran for 0.044 secs (0.044u,0.s)
Tactic call eta-refine ran for 0. secs (0.u,0.s) (success)
Tactic call eta-refine-and-close ran for 0.001 secs (0.001u,0.s)
Tactic call make_T_eta ran for 0.476 secs (0.476u,0.s)
Tactic call make_f_ty ran for 0.024 secs (0.024u,0.s)
Tactic call make_T_rect ran for 0.032 secs (0.032u,0.s)
Tactic call making ran for 2.13 secs (2.13u,0.s)
Tactic call constr-final-goal make_final_goal ran for 0. secs (0.u,0.s)
Tactic call everything ran for 2.137 secs (2.137u,0.s) (success)
Params: n= 87
Tactic call make_Ts ran for 1.119 secs (1.107u,0.011s)
Tactic call make_T ran for 0. secs (0.u,0.s)
Tactic call make_T_projs ran for 0.464 secs (0.46u,0.004s)
Tactic call make_Build_T ran for 0.021 secs (0.021u,0.s)
Tactic call eta-make-let-ins ran for 0.379 secs (0.379u,0.s)
Tactic call eta-make-pf ran for 0.036 secs (0.036u,0.s)
Tactic call eta-constr-pf ran for 0.005 secs (0.005u,0.s)
Tactic call eta-cast-pf ran for 0.042 secs (0.042u,0.s)
Tactic call eta-refine ran for 0. secs (0.u,0.s) (success)
Tactic call eta-refine-and-close ran for 0.001 secs (0.001u,0.s)
Tactic call make_T_eta ran for 0.499 secs (0.499u,0.s)
Tactic call make_f_ty ran for 0.024 secs (0.024u,0.s)
Tactic call make_T_rect ran for 0.032 secs (0.032u,0.s)
Tactic call making ran for 2.138 secs (2.122u,0.015s)
Tactic call constr-final-goal make_final_goal ran for 0. secs (0.u,0.s)
Tactic call everything ran for 2.145 secs (2.129u,0.015s) (success)
Params: n= 88
Tactic call make_Ts ran for 1.197 secs (1.189u,0.007s)
Tactic call make_T ran for 0. secs (0.u,0.s)
Tactic call make_T_projs ran for 0.487 secs (0.487u,0.s)
Tactic call make_Build_T ran for 0.025 secs (0.025u,0.s)
Tactic call eta-make-let-ins ran for 0.355 secs (0.355u,0.s)
Tactic call eta-make-pf ran for 0.033 secs (0.033u,0.s)
Tactic call eta-constr-pf ran for 0.005 secs (0.005u,0.s)
Tactic call eta-cast-pf ran for 0.041 secs (0.041u,0.s)
Tactic call eta-refine ran for 0. secs (0.u,0.s) (success)
Tactic call eta-refine-and-close ran for 0.002 secs (0.002u,0.s)
Tactic call make_T_eta ran for 0.472 secs (0.472u,0.s)
Tactic call make_f_ty ran for 0.023 secs (0.023u,0.s)
Tactic call make_T_rect ran for 0.031 secs (0.031u,0.s)
Tactic call making ran for 2.216 secs (2.208u,0.007s)
Tactic call constr-final-goal make_final_goal ran for 0. secs (0.u,0.s)
Tactic call everything ran for 2.223 secs (2.215u,0.007s) (success)
Params: n= 89
Tactic call make_Ts ran for 1.264 secs (1.264u,0.s)
Tactic call make_T ran for 0. secs (0.u,0.s)
Tactic call make_T_projs ran for 0.507 secs (0.507u,0.s)
Tactic call make_Build_T ran for 0.023 secs (0.023u,0.s)
Tactic call eta-make-let-ins ran for 0.413 secs (0.413u,0.s)
Tactic call eta-make-pf ran for 0.035 secs (0.035u,0.s)
Tactic call eta-constr-pf ran for 0.005 secs (0.005u,0.s)
Tactic call eta-cast-pf ran for 0.054 secs (0.054u,0.s)
Tactic call eta-refine ran for 0. secs (0.u,0.s) (success)
Tactic call eta-refine-and-close ran for 0.002 secs (0.002u,0.s)
Tactic call make_T_eta ran for 0.546 secs (0.546u,0.s)
Tactic call make_f_ty ran for 0.024 secs (0.024u,0.s)
Tactic call make_T_rect ran for 0.032 secs (0.032u,0.s)
Tactic call making ran for 2.375 secs (2.375u,0.s)
Tactic call constr-final-goal make_final_goal ran for 0. secs (0.u,0.s)
Tactic call everything ran for 2.382 secs (2.382u,0.s) (success)
Params: n= 90
Tactic call make_Ts ran for 1.331 secs (1.331u,0.s)
Tactic call make_T ran for 0. secs (0.u,0.s)
Tactic call make_T_projs ran for 0.566 secs (0.566u,0.s)
Tactic call make_Build_T ran for 0.023 secs (0.023u,0.s)
Tactic call eta-make-let-ins ran for 0.469 secs (0.469u,0.s)
Tactic call eta-make-pf ran for 0.027 secs (0.027u,0.s)
Tactic call eta-constr-pf ran for 0.006 secs (0.006u,0.s)
Tactic call eta-cast-pf ran for 0.047 secs (0.047u,0.s)
Tactic call eta-refine ran for 0. secs (0.u,0.s) (success)
Tactic call eta-refine-and-close ran for 0.013 secs (0.013u,0.s)
Tactic call make_T_eta ran for 0.601 secs (0.601u,0.s)
Tactic call make_f_ty ran for 0.025 secs (0.025u,0.s)
Tactic call make_T_rect ran for 0.033 secs (0.033u,0.s)
Tactic call making ran for 2.557 secs (2.557u,0.s)
Tactic call constr-final-goal make_final_goal ran for 0. secs (0.u,0.s)
Tactic call everything ran for 2.565 secs (2.565u,0.s) (success)
Params: n= 91
Tactic call make_Ts ran for 1.422 secs (1.422u,0.s)
Tactic call make_T ran for 0. secs (0.u,0.s)
Tactic call make_T_projs ran for 0.629 secs (0.629u,0.s)
Tactic call make_Build_T ran for 0.023 secs (0.023u,0.s)
Tactic call eta-make-let-ins ran for 0.485 secs (0.485u,0.s)
Tactic call eta-make-pf ran for 0.035 secs (0.035u,0.s)
Tactic call eta-constr-pf ran for 0.006 secs (0.006u,0.s)
Tactic call eta-cast-pf ran for 0.05 secs (0.05u,0.s)
Tactic call eta-refine ran for 0. secs (0.u,0.s) (success)
Tactic call eta-refine-and-close ran for 0.002 secs (0.002u,0.s)
Tactic call make_T_eta ran for 0.621 secs (0.621u,0.s)
Tactic call make_f_ty ran for 0.026 secs (0.026u,0.s)
Tactic call make_T_rect ran for 0.034 secs (0.034u,0.s)
Tactic call making ran for 2.731 secs (2.731u,0.s)
Tactic call constr-final-goal make_final_goal ran for 0. secs (0.u,0.s)
Tactic call everything ran for 2.739 secs (2.739u,0.s) (success)
Params: n= 92
Tactic call make_Ts ran for 1.461 secs (1.461u,0.s)
Tactic call make_T ran for 0. secs (0.u,0.s)
Tactic call make_T_projs ran for 0.567 secs (0.567u,0.s)
Tactic call make_Build_T ran for 0.023 secs (0.023u,0.s)
Tactic call eta-make-let-ins ran for 0.517 secs (0.517u,0.s)
Tactic call eta-make-pf ran for 0.028 secs (0.028u,0.s)
Tactic call eta-constr-pf ran for 0.009 secs (0.009u,0.s)
Tactic call eta-cast-pf ran for 0.051 secs (0.051u,0.s)
Tactic call eta-refine ran for 0. secs (0.u,0.s) (success)
Tactic call eta-refine-and-close ran for 0.001 secs (0.001u,0.s)
Tactic call make_T_eta ran for 0.651 secs (0.651u,0.s)
Tactic call make_f_ty ran for 0.026 secs (0.026u,0.s)
Tactic call make_T_rect ran for 0.034 secs (0.034u,0.s)
Tactic call making ran for 2.739 secs (2.739u,0.s)
Tactic call constr-final-goal make_final_goal ran for 0. secs (0.u,0.s)
Tactic call everything ran for 2.747 secs (2.747u,0.s) (success)
Params: n= 93
Tactic call make_Ts ran for 1.465 secs (1.465u,0.s)
Tactic call make_T ran for 0. secs (0.u,0.s)
Tactic call make_T_projs ran for 0.627 secs (0.627u,0.s)
Tactic call make_Build_T ran for 0.026 secs (0.026u,0.s)
Tactic call eta-make-let-ins ran for 0.552 secs (0.552u,0.s)
Tactic call eta-make-pf ran for 0.031 secs (0.031u,0.s)
Tactic call eta-constr-pf ran for 0.006 secs (0.006u,0.s)
Tactic call eta-cast-pf ran for 0.053 secs (0.053u,0.s)
Tactic call eta-refine ran for 0. secs (0.u,0.s) (success)
Tactic call eta-refine-and-close ran for 0.001 secs (0.001u,0.s)
Tactic call make_T_eta ran for 0.687 secs (0.687u,0.s)
Tactic call make_f_ty ran for 0.026 secs (0.026u,0.s)
Tactic call make_T_rect ran for 0.035 secs (0.035u,0.s)
Tactic call making ran for 2.844 secs (2.844u,0.s)
Tactic call constr-final-goal make_final_goal ran for 0. secs (0.u,0.s)
Tactic call everything ran for 2.852 secs (2.852u,0.s) (success)
Params: n= 94
Tactic call make_Ts ran for 1.536 secs (1.536u,0.s)
Tactic call make_T ran for 0. secs (0.u,0.s)
Tactic call make_T_projs ran for 0.635 secs (0.635u,0.s)
Tactic call make_Build_T ran for 0.025 secs (0.025u,0.s)
Tactic call eta-make-let-ins ran for 0.532 secs (0.528u,0.003s)
Tactic call eta-make-pf ran for 0.038 secs (0.038u,0.s)
Tactic call eta-constr-pf ran for 0.006 secs (0.006u,0.s)
Tactic call eta-cast-pf ran for 0.048 secs (0.048u,0.s)
Tactic call eta-refine ran for 0. secs (0.u,0.s) (success)
Tactic call eta-refine-and-close ran for 0.002 secs (0.002u,0.s)
Tactic call make_T_eta ran for 0.67 secs (0.666u,0.003s)
Tactic call make_f_ty ran for 0.027 secs (0.027u,0.s)
Tactic call make_T_rect ran for 0.035 secs (0.035u,0.s)
Tactic call making ran for 2.905 secs (2.9u,0.003s)
Tactic call constr-final-goal make_final_goal ran for 0. secs (0.u,0.s)
Tactic call everything ran for 2.913 secs (2.908u,0.003s) (success)
Params: n= 95
Tactic call make_Ts ran for 1.631 secs (1.631u,0.s)
Tactic call make_T ran for 0. secs (0.u,0.s)
Tactic call make_T_projs ran for 0.688 secs (0.688u,0.s)
Tactic call make_Build_T ran for 0.031 secs (0.031u,0.s)
Tactic call eta-make-let-ins ran for 0.573 secs (0.573u,0.s)
Tactic call eta-make-pf ran for 0.037 secs (0.037u,0.s)
Tactic call eta-constr-pf ran for 0.006 secs (0.006u,0.s)
Tactic call eta-cast-pf ran for 0.064 secs (0.064u,0.s)
Tactic call eta-refine ran for 0. secs (0.u,0.s) (success)
Tactic call eta-refine-and-close ran for 0.002 secs (0.002u,0.s)
Tactic call make_T_eta ran for 0.725 secs (0.725u,0.s)
Tactic call make_f_ty ran for 0.026 secs (0.026u,0.s)
Tactic call make_T_rect ran for 0.035 secs (0.035u,0.s)
Tactic call making ran for 3.112 secs (3.112u,0.s)
Tactic call constr-final-goal make_final_goal ran for 0. secs (0.u,0.s)
Tactic call everything ran for 3.12 secs (3.12u,0.s) (success)
Params: n= 96
Tactic call make_Ts ran for 1.762 secs (1.762u,0.s)
Tactic call make_T ran for 0. secs (0.u,0.s)
Tactic call make_T_projs ran for 0.737 secs (0.737u,0.s)
Tactic call make_Build_T ran for 0.025 secs (0.025u,0.s)
Tactic call eta-make-let-ins ran for 0.633 secs (0.633u,0.s)
Tactic call eta-make-pf ran for 0.039 secs (0.039u,0.s)
Tactic call eta-constr-pf ran for 0.006 secs (0.006u,0.s)
Tactic call eta-cast-pf ran for 0.057 secs (0.057u,0.s)
Tactic call eta-refine ran for 0. secs (0.u,0.s) (success)
Tactic call eta-refine-and-close ran for 0.002 secs (0.002u,0.s)
Tactic call make_T_eta ran for 0.793 secs (0.793u,0.s)
Tactic call make_f_ty ran for 0.027 secs (0.027u,0.s)
Tactic call make_T_rect ran for 0.036 secs (0.036u,0.s)
Tactic call making ran for 3.356 secs (3.356u,0.s)
Tactic call constr-final-goal make_final_goal ran for 0. secs (0.u,0.s)
Tactic call everything ran for 3.364 secs (3.364u,0.s) (success)
Params: n= 97
Tactic call make_Ts ran for 1.807 secs (1.799u,0.007s)
Tactic call make_T ran for 0. secs (0.u,0.s)
Tactic call make_T_projs ran for 0.751 secs (0.747u,0.004s)
Tactic call make_Build_T ran for 0.032 secs (0.028u,0.004s)
Tactic call eta-make-let-ins ran for 0.64 secs (0.636u,0.004s)
Tactic call eta-make-pf ran for 0.029 secs (0.029u,0.s)
Tactic call eta-constr-pf ran for 0.006 secs (0.006u,0.s)
Tactic call eta-cast-pf ran for 0.06 secs (0.06u,0.s)
Tactic call eta-refine ran for 0. secs (0.u,0.s) (success)
Tactic call eta-refine-and-close ran for 0.001 secs (0.001u,0.s)
Tactic call make_T_eta ran for 0.776 secs (0.772u,0.004s)
Tactic call make_f_ty ran for 0.027 secs (0.027u,0.s)
Tactic call make_T_rect ran for 0.036 secs (0.036u,0.s)
Tactic call making ran for 3.405 secs (3.385u,0.019s)
Tactic call constr-final-goal make_final_goal ran for 0. secs (0.u,0.s)
Tactic call everything ran for 3.413 secs (3.393u,0.019s) (success)
Params: n= 98
Tactic call make_Ts ran for 1.821 secs (1.813u,0.007s)
Tactic call make_T ran for 0. secs (0.u,0.s)
Tactic call make_T_projs ran for 0.765 secs (0.761u,0.004s)
Tactic call make_Build_T ran for 0.026 secs (0.026u,0.s)
Tactic call eta-make-let-ins ran for 0.657 secs (0.656u,0.s)
Tactic call eta-make-pf ran for 0.036 secs (0.036u,0.s)
Tactic call eta-constr-pf ran for 0.006 secs (0.006u,0.s)
Tactic call eta-cast-pf ran for 0.06 secs (0.06u,0.s)
Tactic call eta-refine ran for 0. secs (0.u,0.s) (success)
Tactic call eta-refine-and-close ran for 0.001 secs (0.001u,0.s)
Tactic call make_T_eta ran for 0.805 secs (0.805u,0.s)
Tactic call make_f_ty ran for 0.028 secs (0.028u,0.s)
Tactic call make_T_rect ran for 0.037 secs (0.037u,0.s)
Tactic call making ran for 3.457 secs (3.445u,0.011s)
Tactic call constr-final-goal make_final_goal ran for 0. secs (0.u,0.s)
Tactic call everything ran for 3.465 secs (3.453u,0.012s) (success)
Params: n= 99
Tactic call make_Ts ran for 1.913 secs (1.913u,0.s)
Tactic call make_T ran for 0. secs (0.u,0.s)
Tactic call make_T_projs ran for 0.789 secs (0.789u,0.s)
Tactic call make_Build_T ran for 0.032 secs (0.032u,0.s)
Tactic call eta-make-let-ins ran for 0.669 secs (0.669u,0.s)
Tactic call eta-make-pf ran for 0.033 secs (0.033u,0.s)
Tactic call eta-constr-pf ran for 0.006 secs (0.006u,0.s)
Tactic call eta-cast-pf ran for 0.059 secs (0.059u,0.s)
Tactic call eta-refine ran for 0. secs (0.u,0.s) (success)
Tactic call eta-refine-and-close ran for 0.002 secs (0.002u,0.s)
Tactic call make_T_eta ran for 0.818 secs (0.818u,0.s)
Tactic call make_f_ty ran for 0.029 secs (0.029u,0.s)
Tactic call make_T_rect ran for 0.039 secs (0.039u,0.s)
Tactic call making ran for 3.595 secs (3.594u,0.s)
Tactic call constr-final-goal make_final_goal ran for 0. secs (0.u,0.s)
Tactic call everything ran for 3.604 secs (3.603u,0.s) (success)
