Params: n= 0
Tactic call make_Ts ran for 0.002 secs (0.002u,0.s)
Tactic call make_T ran for 0. secs (0.u,0.s)
Tactic call make_T_projs ran for 0. secs (0.u,0.s)
Tactic call make_Build_T ran for 0. secs (0.u,0.s)
Tactic call eta-make-let-ins ran for 0.002 secs (0.002u,0.s)
Tactic call eta-make-pf ran for 0. secs (0.u,0.s)
Tactic call eta-constr-pf ran for 0. secs (0.u,0.s)
Tactic call eta-cast-pf ran for 0. secs (0.u,0.s)
Tactic call eta-refine ran for 0. secs (0.u,0.s) (success)
Tactic call eta-refine-and-close ran for 0. secs (0.u,0.s)
Tactic call make_T_eta ran for 0.004 secs (0.004u,0.s)
Tactic call make_f_ty ran for 0. secs (0.u,0.s)
Tactic call make_T_rect ran for 0.002 secs (0.002u,0.s)
Tactic call making ran for 0.01 secs (0.01u,0.s)
Tactic call constr-final-goal make_final_goal ran for 0. secs (0.u,0.s)
Tactic call everything ran for 0.011 secs (0.011u,0.s) (success)
Params: n= 1
Tactic call make_Ts ran for 0.004 secs (0.u,0.004s)
Tactic call make_T ran for 0. secs (0.u,0.s)
Tactic call make_T_projs ran for 0.001 secs (0.001u,0.s)
Tactic call make_Build_T ran for 0. secs (0.u,0.s)
Tactic call eta-make-let-ins ran for 0.003 secs (0.u,0.003s)
Tactic call eta-make-pf ran for 0.001 secs (0.001u,0.s)
Tactic call eta-constr-pf ran for 0. secs (0.u,0.s)
Tactic call eta-cast-pf ran for 0. secs (0.u,0.s)
Tactic call eta-refine ran for 0. secs (0.u,0.s) (success)
Tactic call eta-refine-and-close ran for 0. secs (0.u,0.s)
Tactic call make_T_eta ran for 0.006 secs (0.003u,0.003s)
Tactic call make_f_ty ran for 0. secs (0.u,0.s)
Tactic call make_T_rect ran for 0.002 secs (0.001u,0.s)
Tactic call making ran for 0.017 secs (0.008u,0.008s)
Tactic call constr-final-goal make_final_goal ran for 0. secs (0.u,0.s)
Tactic call everything ran for 0.017 secs (0.009u,0.008s) (success)
Params: n= 2
Tactic call make_Ts ran for 0.007 secs (0.007u,0.s)
Tactic call make_T ran for 0. secs (0.u,0.s)
Tactic call make_T_projs ran for 0.002 secs (0.002u,0.s)
Tactic call make_Build_T ran for 0.001 secs (0.001u,0.s)
Tactic call eta-make-let-ins ran for 0.055 secs (0.055u,0.s)
Tactic call eta-make-pf ran for 0. secs (0.u,0.s)
Tactic call eta-constr-pf ran for 0. secs (0.u,0.s)
Tactic call eta-cast-pf ran for 0. secs (0.u,0.s)
Tactic call eta-refine ran for 0. secs (0.u,0.s) (success)
Tactic call eta-refine-and-close ran for 0. secs (0.u,0.s)
Tactic call make_T_eta ran for 0.059 secs (0.059u,0.s)
Tactic call make_f_ty ran for 0. secs (0.u,0.s)
Tactic call make_T_rect ran for 0.001 secs (0.001u,0.s)
Tactic call making ran for 0.072 secs (0.072u,0.s)
Tactic call constr-final-goal make_final_goal ran for 0. secs (0.u,0.s)
Tactic call everything ran for 0.073 secs (0.073u,0.s) (success)
