Params: n= 3
Tactic call make_Ts ran for 0.01 secs (0.006u,0.003s)
Tactic call make_T ran for 0. secs (0.u,0.s)
Tactic call make_T_projs ran for 0.003 secs (0.u,0.003s)
Tactic call make_Build_T ran for 0.001 secs (0.u,0.s)
Tactic call eta-make-let-ins ran for 0.005 secs (0.005u,0.s)
Tactic call eta-make-pf ran for 0.002 secs (0.002u,0.s)
Tactic call eta-constr-pf ran for 0. secs (0.u,0.s)
Tactic call eta-cast-pf ran for 0. secs (0.u,0.s)
Tactic call eta-refine ran for 0. secs (0.u,0.s) (success)
Tactic call eta-refine-and-close ran for 0. secs (0.u,0.s)
Tactic call make_T_eta ran for 0.011 secs (0.011u,0.s)
Tactic call make_f_ty ran for 0.001 secs (0.001u,0.s)
Tactic call make_T_rect ran for 0.003 secs (0.003u,0.s)
Tactic call making ran for 0.029 secs (0.021u,0.008s)
Tactic call constr-final-goal make_final_goal ran for 0. secs (0.u,0.s)
Tactic call everything ran for 0.031 secs (0.022u,0.008s) (success)
Params: n= 4
Tactic call make_Ts ran for 0.058 secs (0.047u,0.011s)
Tactic call make_T ran for 0. secs (0.u,0.s)
Tactic call make_T_projs ran for 0.002 secs (0.002u,0.s)
Tactic call make_Build_T ran for 0. secs (0.u,0.s)
Tactic call eta-make-let-ins ran for 0.004 secs (0.004u,0.s)
Tactic call eta-make-pf ran for 0.001 secs (0.001u,0.s)
Tactic call eta-constr-pf ran for 0. secs (0.u,0.s)
Tactic call eta-cast-pf ran for 0. secs (0.u,0.s)
Tactic call eta-refine ran for 0. secs (0.u,0.s) (success)
Tactic call eta-refine-and-close ran for 0. secs (0.u,0.s)
Tactic call make_T_eta ran for 0.009 secs (0.009u,0.s)
Tactic call make_f_ty ran for 0.001 secs (0.001u,0.s)
Tactic call make_T_rect ran for 0.002 secs (0.002u,0.s)
Tactic call making ran for 0.074 secs (0.061u,0.012s)
Tactic call constr-final-goal make_final_goal ran for 0. secs (0.u,0.s)
Tactic call everything ran for 0.074 secs (0.062u,0.012s) (success)
Params: n= 5
Tactic call make_Ts ran for 0.011 secs (0.011u,0.s)
Tactic call make_T ran for 0. secs (0.u,0.s)
Tactic call make_T_projs ran for 0.003 secs (0.003u,0.s)
Tactic call make_Build_T ran for 0. secs (0.u,0.s)
Tactic call eta-make-let-ins ran for 0.005 secs (0.005u,0.s)
Tactic call eta-make-pf ran for 0.001 secs (0.001u,0.s)
Tactic call eta-constr-pf ran for 0. secs (0.u,0.s)
Tactic call eta-cast-pf ran for 0. secs (0.u,0.s)
Tactic call eta-refine ran for 0. secs (0.u,0.s) (success)
Tactic call eta-refine-and-close ran for 0. secs (0.u,0.s)
Tactic call make_T_eta ran for 0.01 secs (0.01u,0.s)
Tactic call make_f_ty ran for 0.001 secs (0.001u,0.s)
Tactic call make_T_rect ran for 0.002 secs (0.002u,0.s)
Tactic call making ran for 0.029 secs (0.029u,0.s)
Tactic call constr-final-goal make_final_goal ran for 0. secs (0.u,0.s)
Tactic call everything ran for 0.03 secs (0.03u,0.s) (success)
Params: n= 6
Tactic call make_Ts ran for 0.013 secs (0.013u,0.s)
Tactic call make_T ran for 0. secs (0.u,0.s)
Tactic call make_T_projs ran for 0.008 secs (0.004u,0.003s)
Tactic call make_Build_T ran for 0.001 secs (0.u,0.s)
Tactic call eta-make-let-ins ran for 0.006 secs (0.006u,0.s)
Tactic call eta-make-pf ran for 0.002 secs (0.002u,0.s)
Tactic call eta-constr-pf ran for 0. secs (0.u,0.s)
Tactic call eta-cast-pf ran for 0. secs (0.u,0.s)
Tactic call eta-refine ran for 0. secs (0.u,0.s) (success)
Tactic call eta-refine-and-close ran for 0. secs (0.u,0.s)
Tactic call make_T_eta ran for 0.012 secs (0.012u,0.s)
Tactic call make_f_ty ran for 0.001 secs (0.001u,0.s)
Tactic call make_T_rect ran for 0.002 secs (0.002u,0.s)
Tactic call making ran for 0.038 secs (0.034u,0.004s)
Tactic call constr-final-goal make_final_goal ran for 0. secs (0.u,0.s)
Tactic call everything ran for 0.039 secs (0.035u,0.004s) (success)
Params: n= 7
Tactic call make_Ts ran for 0.016 secs (0.016u,0.s)
Tactic call make_T ran for 0. secs (0.u,0.s)
Tactic call make_T_projs ran for 0.005 secs (0.005u,0.s)
Tactic call make_Build_T ran for 0.001 secs (0.001u,0.s)
Tactic call eta-make-let-ins ran for 0.007 secs (0.007u,0.s)
Tactic call eta-make-pf ran for 0.002 secs (0.002u,0.s)
Tactic call eta-constr-pf ran for 0. secs (0.u,0.s)
Tactic call eta-cast-pf ran for 0. secs (0.u,0.s)
Tactic call eta-refine ran for 0. secs (0.u,0.s) (success)
Tactic call eta-refine-and-close ran for 0. secs (0.u,0.s)
Tactic call make_T_eta ran for 0.014 secs (0.014u,0.s)
Tactic call make_f_ty ran for 0.001 secs (0.001u,0.s)
Tactic call make_T_rect ran for 0.003 secs (0.003u,0.s)
Tactic call making ran for 0.04 secs (0.04u,0.s)
Tactic call constr-final-goal make_final_goal ran for 0. secs (0.u,0.s)
Tactic call everything ran for 0.041 secs (0.041u,0.s) (success)
Params: n= 8
Tactic call make_Ts ran for 0.024 secs (0.024u,0.s)
Tactic call make_T ran for 0. secs (0.u,0.s)
Tactic call make_T_projs ran for 0.006 secs (0.006u,0.s)
Tactic call make_Build_T ran for 0.001 secs (0.001u,0.s)
Tactic call eta-make-let-ins ran for 0.008 secs (0.008u,0.s)
Tactic call eta-make-pf ran for 0.002 secs (0.002u,0.s)
Tactic call eta-constr-pf ran for 0. secs (0.u,0.s)
Tactic call eta-cast-pf ran for 0. secs (0.u,0.s)
Tactic call eta-refine ran for 0. secs (0.u,0.s) (success)
Tactic call eta-refine-and-close ran for 0. secs (0.u,0.s)
Tactic call make_T_eta ran for 0.015 secs (0.015u,0.s)
Tactic call make_f_ty ran for 0.001 secs (0.001u,0.s)
Tactic call make_T_rect ran for 0.003 secs (0.003u,0.s)
Tactic call making ran for 0.051 secs (0.051u,0.s)
Tactic call constr-final-goal make_final_goal ran for 0. secs (0.u,0.s)
Tactic call everything ran for 0.052 secs (0.052u,0.s) (success)
Params: n= 9
Tactic call make_Ts ran for 0.02 secs (0.02u,0.s)
Tactic call make_T ran for 0. secs (0.u,0.s)
Tactic call make_T_projs ran for 0.012 secs (0.012u,0.s)
Tactic call make_Build_T ran for 0.001 secs (0.001u,0.s)
Tactic call eta-make-let-ins ran for 0.009 secs (0.009u,0.s)
Tactic call eta-make-pf ran for 0.003 secs (0.003u,0.s)
Tactic call eta-constr-pf ran for 0. secs (0.u,0.s)
Tactic call eta-cast-pf ran for 0. secs (0.u,0.s)
Tactic call eta-refine ran for 0. secs (0.u,0.s) (success)
Tactic call eta-refine-and-close ran for 0. secs (0.u,0.s)
Tactic call make_T_eta ran for 0.016 secs (0.016u,0.s)
Tactic call make_f_ty ran for 0.001 secs (0.001u,0.s)
Tactic call make_T_rect ran for 0.003 secs (0.003u,0.s)
Tactic call making ran for 0.056 secs (0.056u,0.s)
Tactic call constr-final-goal make_final_goal ran for 0. secs (0.u,0.s)
Tactic call everything ran for 0.057 secs (0.057u,0.s) (success)
Params: n= 10
Tactic call make_Ts ran for 0.023 secs (0.023u,0.s)
Tactic call make_T ran for 0. secs (0.u,0.s)
Tactic call make_T_projs ran for 0.007 secs (0.007u,0.s)
Tactic call make_Build_T ran for 0.001 secs (0.001u,0.s)
Tactic call eta-make-let-ins ran for 0.018 secs (0.018u,0.s)
Tactic call eta-make-pf ran for 0.003 secs (0.003u,0.s)
Tactic call eta-constr-pf ran for 0. secs (0.u,0.s)
Tactic call eta-cast-pf ran for 0. secs (0.u,0.s)
Tactic call eta-refine ran for 0. secs (0.u,0.s) (success)
Tactic call eta-refine-and-close ran for 0. secs (0.u,0.s)
Tactic call make_T_eta ran for 0.026 secs (0.026u,0.s)
Tactic call make_f_ty ran for 0.002 secs (0.002u,0.s)
Tactic call make_T_rect ran for 0.003 secs (0.003u,0.s)
Tactic call making ran for 0.063 secs (0.063u,0.s)
Tactic call constr-final-goal make_final_goal ran for 0. secs (0.u,0.s)
Tactic call everything ran for 0.064 secs (0.064u,0.s) (success)
Params: n= 11
Tactic call make_Ts ran for 0.026 secs (0.026u,0.s)
Tactic call make_T ran for 0. secs (0.u,0.s)
Tactic call make_T_projs ran for 0.008 secs (0.008u,0.s)
Tactic call make_Build_T ran for 0.001 secs (0.001u,0.s)
Tactic call eta-make-let-ins ran for 0.011 secs (0.011u,0.s)
Tactic call eta-make-pf ran for 0.01 secs (0.007u,0.003s)
Tactic call eta-constr-pf ran for 0. secs (0.u,0.s)
Tactic call eta-cast-pf ran for 0. secs (0.u,0.s)
Tactic call eta-refine ran for 0. secs (0.u,0.s) (success)
Tactic call eta-refine-and-close ran for 0. secs (0.u,0.s)
Tactic call make_T_eta ran for 0.027 secs (0.023u,0.003s)
Tactic call make_f_ty ran for 0.002 secs (0.002u,0.s)
Tactic call make_T_rect ran for 0.003 secs (0.003u,0.s)
Tactic call making ran for 0.068 secs (0.064u,0.003s)
Tactic call constr-final-goal make_final_goal ran for 0. secs (0.u,0.s)
Tactic call everything ran for 0.069 secs (0.065u,0.003s) (success)
Params: n= 12
Tactic call make_Ts ran for 0.028 secs (0.028u,0.s)
Tactic call make_T ran for 0. secs (0.u,0.s)
Tactic call make_T_projs ran for 0.01 secs (0.01u,0.s)
Tactic call make_Build_T ran for 0.001 secs (0.001u,0.s)
Tactic call eta-make-let-ins ran for 0.012 secs (0.012u,0.s)
Tactic call eta-make-pf ran for 0.012 secs (0.012u,0.s)
Tactic call eta-constr-pf ran for 0. secs (0.u,0.s)
Tactic call eta-cast-pf ran for 0. secs (0.u,0.s)
Tactic call eta-refine ran for 0. secs (0.u,0.s) (success)
Tactic call eta-refine-and-close ran for 0. secs (0.u,0.s)
Tactic call make_T_eta ran for 0.03 secs (0.03u,0.s)
Tactic call make_f_ty ran for 0.002 secs (0.002u,0.s)
Tactic call make_T_rect ran for 0.004 secs (0.004u,0.s)
Tactic call making ran for 0.075 secs (0.075u,0.s)
Tactic call constr-final-goal make_final_goal ran for 0. secs (0.u,0.s)
Tactic call everything ran for 0.077 secs (0.077u,0.s) (success)
Params: n= 13
Tactic call make_Ts ran for 0.031 secs (0.031u,0.s)
Tactic call make_T ran for 0. secs (0.u,0.s)
Tactic call make_T_projs ran for 0.01 secs (0.01u,0.s)
Tactic call make_Build_T ran for 0.002 secs (0.002u,0.s)
Tactic call eta-make-let-ins ran for 0.014 secs (0.014u,0.s)
Tactic call eta-make-pf ran for 0.011 secs (0.008u,0.003s)
Tactic call eta-constr-pf ran for 0. secs (0.u,0.s)
Tactic call eta-cast-pf ran for 0. secs (0.u,0.s)
Tactic call eta-refine ran for 0. secs (0.u,0.s) (success)
Tactic call eta-refine-and-close ran for 0. secs (0.u,0.s)
Tactic call make_T_eta ran for 0.031 secs (0.027u,0.003s)
Tactic call make_f_ty ran for 0.002 secs (0.002u,0.s)
Tactic call make_T_rect ran for 0.004 secs (0.004u,0.s)
Tactic call making ran for 0.08 secs (0.076u,0.003s)
Tactic call constr-final-goal make_final_goal ran for 0. secs (0.u,0.s)
Tactic call everything ran for 0.082 secs (0.078u,0.003s) (success)
Params: n= 14
Tactic call make_Ts ran for 0.035 secs (0.035u,0.s)
Tactic call make_T ran for 0. secs (0.u,0.s)
Tactic call make_T_projs ran for 0.011 secs (0.011u,0.s)
Tactic call make_Build_T ran for 0.002 secs (0.002u,0.s)
Tactic call eta-make-let-ins ran for 0.024 secs (0.024u,0.s)
Tactic call eta-make-pf ran for 0.004 secs (0.004u,0.s)
Tactic call eta-constr-pf ran for 0. secs (0.u,0.s)
Tactic call eta-cast-pf ran for 0. secs (0.u,0.s)
Tactic call eta-refine ran for 0. secs (0.u,0.s) (success)
Tactic call eta-refine-and-close ran for 0. secs (0.u,0.s)
Tactic call make_T_eta ran for 0.035 secs (0.035u,0.s)
Tactic call make_f_ty ran for 0.002 secs (0.002u,0.s)
Tactic call make_T_rect ran for 0.004 secs (0.004u,0.s)
Tactic call making ran for 0.089 secs (0.089u,0.s)
Tactic call constr-final-goal make_final_goal ran for 0. secs (0.u,0.s)
Tactic call everything ran for 0.091 secs (0.091u,0.s) (success)
Params: n= 15
Tactic call make_Ts ran for 0.038 secs (0.038u,0.s)
Tactic call make_T ran for 0. secs (0.u,0.s)
Tactic call make_T_projs ran for 0.018 secs (0.018u,0.s)
Tactic call make_Build_T ran for 0.002 secs (0.002u,0.s)
Tactic call eta-make-let-ins ran for 0.017 secs (0.017u,0.s)
Tactic call eta-make-pf ran for 0.004 secs (0.004u,0.s)
Tactic call eta-constr-pf ran for 0. secs (0.u,0.s)
Tactic call eta-cast-pf ran for 0. secs (0.u,0.s)
Tactic call eta-refine ran for 0. secs (0.u,0.s) (success)
Tactic call eta-refine-and-close ran for 0. secs (0.u,0.s)
Tactic call make_T_eta ran for 0.028 secs (0.028u,0.s)
Tactic call make_f_ty ran for 0.003 secs (0.003u,0.s)
Tactic call make_T_rect ran for 0.005 secs (0.005u,0.s)
Tactic call making ran for 0.094 secs (0.094u,0.s)
Tactic call constr-final-goal make_final_goal ran for 0. secs (0.u,0.s)
Tactic call everything ran for 0.095 secs (0.095u,0.s) (success)
Params: n= 16
Tactic call make_Ts ran for 0.05 secs (0.05u,0.s)
Tactic call make_T ran for 0. secs (0.u,0.s)
Tactic call make_T_projs ran for 0.014 secs (0.014u,0.s)
Tactic call make_Build_T ran for 0.002 secs (0.002u,0.s)
Tactic call eta-make-let-ins ran for 0.017 secs (0.017u,0.s)
Tactic call eta-make-pf ran for 0.005 secs (0.005u,0.s)
Tactic call eta-constr-pf ran for 0.001 secs (0.001u,0.s)
Tactic call eta-cast-pf ran for 0. secs (0.u,0.s)
Tactic call eta-refine ran for 0. secs (0.u,0.s) (success)
Tactic call eta-refine-and-close ran for 0. secs (0.u,0.s)
Tactic call make_T_eta ran for 0.029 secs (0.029u,0.s)
Tactic call make_f_ty ran for 0.01 secs (0.01u,0.s)
Tactic call make_T_rect ran for 0.013 secs (0.013u,0.s)
Tactic call making ran for 0.111 secs (0.111u,0.s)
Tactic call constr-final-goal make_final_goal ran for 0. secs (0.u,0.s)
Tactic call everything ran for 0.113 secs (0.113u,0.s) (success)
Params: n= 17
Tactic call make_Ts ran for 0.047 secs (0.047u,0.s)
Tactic call make_T ran for 0. secs (0.u,0.s)
Tactic call make_T_projs ran for 0.016 secs (0.016u,0.s)
Tactic call make_Build_T ran for 0.002 secs (0.002u,0.s)
Tactic call eta-make-let-ins ran for 0.029 secs (0.029u,0.s)
Tactic call eta-make-pf ran for 0.005 secs (0.005u,0.s)
Tactic call eta-constr-pf ran for 0.001 secs (0.001u,0.s)
Tactic call eta-cast-pf ran for 0. secs (0.u,0.s)
Tactic call eta-refine ran for 0. secs (0.u,0.s) (success)
Tactic call eta-refine-and-close ran for 0. secs (0.u,0.s)
Tactic call make_T_eta ran for 0.041 secs (0.041u,0.s)
Tactic call make_f_ty ran for 0.003 secs (0.003u,0.s)
Tactic call make_T_rect ran for 0.005 secs (0.005u,0.s)
Tactic call making ran for 0.114 secs (0.114u,0.s)
Tactic call constr-final-goal make_final_goal ran for 0. secs (0.u,0.s)
Tactic call everything ran for 0.116 secs (0.116u,0.s) (success)
Params: n= 18
Tactic call make_Ts ran for 0.056 secs (0.056u,0.s)
Tactic call make_T ran for 0. secs (0.u,0.s)
Tactic call make_T_projs ran for 0.016 secs (0.016u,0.s)
Tactic call make_Build_T ran for 0.002 secs (0.002u,0.s)
Tactic call eta-make-let-ins ran for 0.02 secs (0.02u,0.s)
Tactic call eta-make-pf ran for 0.005 secs (0.005u,0.s)
Tactic call eta-constr-pf ran for 0.001 secs (0.001u,0.s)
Tactic call eta-cast-pf ran for 0.001 secs (0.001u,0.s)
Tactic call eta-refine ran for 0. secs (0.u,0.s) (success)
Tactic call eta-refine-and-close ran for 0. secs (0.u,0.s)
Tactic call make_T_eta ran for 0.034 secs (0.034u,0.s)
Tactic call make_f_ty ran for 0.009 secs (0.009u,0.s)
Tactic call make_T_rect ran for 0.011 secs (0.011u,0.s)
Tactic call making ran for 0.123 secs (0.123u,0.s)
Tactic call constr-final-goal make_final_goal ran for 0. secs (0.u,0.s)
Tactic call everything ran for 0.125 secs (0.125u,0.s) (success)
Params: n= 19
Tactic call make_Ts ran for 0.056 secs (0.056u,0.s)
Tactic call make_T ran for 0. secs (0.u,0.s)
Tactic call make_T_projs ran for 0.019 secs (0.019u,0.s)
Tactic call make_Build_T ran for 0.011 secs (0.007u,0.003s)
Tactic call eta-make-let-ins ran for 0.023 secs (0.023u,0.s)
Tactic call eta-make-pf ran for 0.005 secs (0.005u,0.s)
Tactic call eta-constr-pf ran for 0.001 secs (0.001u,0.s)
Tactic call eta-cast-pf ran for 0.001 secs (0.001u,0.s)
Tactic call eta-refine ran for 0. secs (0.u,0.s) (success)
Tactic call eta-refine-and-close ran for 0. secs (0.u,0.s)
Tactic call make_T_eta ran for 0.037 secs (0.036u,0.s)
Tactic call make_f_ty ran for 0.003 secs (0.003u,0.s)
Tactic call make_T_rect ran for 0.006 secs (0.006u,0.s)
Tactic call making ran for 0.13 secs (0.126u,0.003s)
Tactic call constr-final-goal make_final_goal ran for 0. secs (0.u,0.s)
Tactic call everything ran for 0.132 secs (0.128u,0.003s) (success)
Params: n= 20
Tactic call make_Ts ran for 0.072 secs (0.072u,0.s)
Tactic call make_T ran for 0. secs (0.u,0.s)
Tactic call make_T_projs ran for 0.02 secs (0.02u,0.s)
Tactic call make_Build_T ran for 0.003 secs (0.003u,0.s)
Tactic call eta-make-let-ins ran for 0.033 secs (0.029u,0.003s)
Tactic call eta-make-pf ran for 0.006 secs (0.006u,0.s)
Tactic call eta-constr-pf ran for 0.001 secs (0.001u,0.s)
Tactic call eta-cast-pf ran for 0.001 secs (0.001u,0.s)
Tactic call eta-refine ran for 0. secs (0.u,0.s) (success)
Tactic call eta-refine-and-close ran for 0. secs (0.u,0.s)
Tactic call make_T_eta ran for 0.047 secs (0.043u,0.003s)
Tactic call make_f_ty ran for 0.003 secs (0.003u,0.s)
Tactic call make_T_rect ran for 0.006 secs (0.006u,0.s)
Tactic call making ran for 0.151 secs (0.147u,0.004s)
Tactic call constr-final-goal make_final_goal ran for 0. secs (0.u,0.s)
Tactic call everything ran for 0.153 secs (0.149u,0.004s) (success)
Params: n= 21
Tactic call make_Ts ran for 0.079 secs (0.079u,0.s)
Tactic call make_T ran for 0. secs (0.u,0.s)
Tactic call make_T_projs ran for 0.021 secs (0.021u,0.s)
Tactic call make_Build_T ran for 0.003 secs (0.003u,0.s)
Tactic call eta-make-let-ins ran for 0.025 secs (0.025u,0.s)
Tactic call eta-make-pf ran for 0.017 secs (0.017u,0.s)
Tactic call eta-constr-pf ran for 0.001 secs (0.001u,0.s)
Tactic call eta-cast-pf ran for 0.001 secs (0.001u,0.s)
Tactic call eta-refine ran for 0. secs (0.u,0.s) (success)
Tactic call eta-refine-and-close ran for 0. secs (0.u,0.s)
Tactic call make_T_eta ran for 0.051 secs (0.051u,0.s)
Tactic call make_f_ty ran for 0.004 secs (0.004u,0.s)
Tactic call make_T_rect ran for 0.006 secs (0.006u,0.s)
Tactic call making ran for 0.163 secs (0.163u,0.s)
Tactic call constr-final-goal make_final_goal ran for 0. secs (0.u,0.s)
Tactic call everything ran for 0.165 secs (0.165u,0.s) (success)
Params: n= 22
Tactic call make_Ts ran for 0.086 secs (0.086u,0.s)
Tactic call make_T ran for 0. secs (0.u,0.s)
Tactic call make_T_projs ran for 0.024 secs (0.024u,0.s)
Tactic call make_Build_T ran for 0.003 secs (0.003u,0.s)
Tactic call eta-make-let-ins ran for 0.028 secs (0.028u,0.s)
Tactic call eta-make-pf ran for 0.018 secs (0.018u,0.s)
Tactic call eta-constr-pf ran for 0.001 secs (0.001u,0.s)
Tactic call eta-cast-pf ran for 0.001 secs (0.001u,0.s)
Tactic call eta-refine ran for 0. secs (0.u,0.s) (success)
Tactic call eta-refine-and-close ran for 0. secs (0.u,0.s)
Tactic call make_T_eta ran for 0.055 secs (0.055u,0.s)
Tactic call make_f_ty ran for 0.004 secs (0.004u,0.s)
Tactic call make_T_rect ran for 0.007 secs (0.007u,0.s)
Tactic call making ran for 0.178 secs (0.178u,0.s)
Tactic call constr-final-goal make_final_goal ran for 0. secs (0.u,0.s)
Tactic call everything ran for 0.18 secs (0.18u,0.s) (success)
Params: n= 23
Tactic call make_Ts ran for 0.083 secs (0.083u,0.s)
Tactic call make_T ran for 0. secs (0.u,0.s)
Tactic call make_T_projs ran for 0.026 secs (0.026u,0.s)
Tactic call make_Build_T ran for 0.003 secs (0.003u,0.s)
Tactic call eta-make-let-ins ran for 0.028 secs (0.028u,0.s)
Tactic call eta-make-pf ran for 0.018 secs (0.014u,0.003s)
Tactic call eta-constr-pf ran for 0.001 secs (0.001u,0.s)
Tactic call eta-cast-pf ran for 0.001 secs (0.001u,0.s)
Tactic call eta-refine ran for 0. secs (0.u,0.s) (success)
Tactic call eta-refine-and-close ran for 0. secs (0.u,0.s)
Tactic call make_T_eta ran for 0.056 secs (0.052u,0.004s)
Tactic call make_f_ty ran for 0.004 secs (0.004u,0.s)
Tactic call make_T_rect ran for 0.007 secs (0.007u,0.s)
Tactic call making ran for 0.177 secs (0.173u,0.004s)
Tactic call constr-final-goal make_final_goal ran for 0. secs (0.u,0.s)
Tactic call everything ran for 0.179 secs (0.175u,0.004s) (success)
Params: n= 24
Tactic call make_Ts ran for 0.089 secs (0.089u,0.s)
Tactic call make_T ran for 0. secs (0.u,0.s)
Tactic call make_T_projs ran for 0.028 secs (0.028u,0.s)
Tactic call make_Build_T ran for 0.003 secs (0.003u,0.s)
Tactic call eta-make-let-ins ran for 0.043 secs (0.043u,0.s)
Tactic call eta-make-pf ran for 0.007 secs (0.007u,0.s)
Tactic call eta-constr-pf ran for 0.001 secs (0.001u,0.s)
Tactic call eta-cast-pf ran for 0.001 secs (0.001u,0.s)
Tactic call eta-refine ran for 0. secs (0.u,0.s) (success)
Tactic call eta-refine-and-close ran for 0. secs (0.u,0.s)
Tactic call make_T_eta ran for 0.06 secs (0.06u,0.s)
Tactic call make_f_ty ran for 0.004 secs (0.004u,0.s)
Tactic call make_T_rect ran for 0.007 secs (0.007u,0.s)
Tactic call making ran for 0.19 secs (0.19u,0.s)
Tactic call constr-final-goal make_final_goal ran for 0. secs (0.u,0.s)
Tactic call everything ran for 0.193 secs (0.193u,0.s) (success)
Params: n= 25
Tactic call make_Ts ran for 0.096 secs (0.096u,0.s)
Tactic call make_T ran for 0. secs (0.u,0.s)
Tactic call make_T_projs ran for 0.029 secs (0.029u,0.s)
Tactic call make_Build_T ran for 0.004 secs (0.004u,0.s)
Tactic call eta-make-let-ins ran for 0.041 secs (0.041u,0.s)
Tactic call eta-make-pf ran for 0.007 secs (0.007u,0.s)
Tactic call eta-constr-pf ran for 0.001 secs (0.001u,0.s)
Tactic call eta-cast-pf ran for 0.001 secs (0.001u,0.s)
Tactic call eta-refine ran for 0. secs (0.u,0.s) (success)
Tactic call eta-refine-and-close ran for 0. secs (0.u,0.s)
Tactic call make_T_eta ran for 0.059 secs (0.059u,0.s)
Tactic call make_f_ty ran for 0.005 secs (0.005u,0.s)
Tactic call make_T_rect ran for 0.007 secs (0.007u,0.s)
Tactic call making ran for 0.198 secs (0.198u,0.s)
Tactic call constr-final-goal make_final_goal ran for 0. secs (0.u,0.s)
Tactic call everything ran for 0.2 secs (0.2u,0.s) (success)
Params: n= 26
Tactic call make_Ts ran for 0.101 secs (0.101u,0.s)
Tactic call make_T ran for 0. secs (0.u,0.s)
Tactic call make_T_projs ran for 0.039 secs (0.039u,0.s)
Tactic call make_Build_T ran for 0.003 secs (0.003u,0.s)
Tactic call eta-make-let-ins ran for 0.034 secs (0.031u,0.002s)
Tactic call eta-make-pf ran for 0.011 secs (0.011u,0.s)
Tactic call eta-constr-pf ran for 0.001 secs (0.001u,0.s)
Tactic call eta-cast-pf ran for 0.002 secs (0.002u,0.s)
Tactic call eta-refine ran for 0. secs (0.u,0.s) (success)
Tactic call eta-refine-and-close ran for 0. secs (0.u,0.s)
Tactic call make_T_eta ran for 0.056 secs (0.052u,0.003s)
Tactic call make_f_ty ran for 0.005 secs (0.005u,0.s)
Tactic call make_T_rect ran for 0.008 secs (0.008u,0.s)
Tactic call making ran for 0.21 secs (0.206u,0.003s)
Tactic call constr-final-goal make_final_goal ran for 0. secs (0.u,0.s)
Tactic call everything ran for 0.212 secs (0.208u,0.003s) (success)
Params: n= 27
Tactic call make_Ts ran for 0.108 secs (0.108u,0.s)
Tactic call make_T ran for 0. secs (0.u,0.s)
Tactic call make_T_projs ran for 0.035 secs (0.035u,0.s)
Tactic call make_Build_T ran for 0.004 secs (0.004u,0.s)
Tactic call eta-make-let-ins ran for 0.039 secs (0.039u,0.s)
Tactic call eta-make-pf ran for 0.008 secs (0.008u,0.s)
Tactic call eta-constr-pf ran for 0.001 secs (0.001u,0.s)
Tactic call eta-cast-pf ran for 0.002 secs (0.002u,0.s)
Tactic call eta-refine ran for 0. secs (0.u,0.s) (success)
Tactic call eta-refine-and-close ran for 0. secs (0.u,0.s)
Tactic call make_T_eta ran for 0.06 secs (0.06u,0.s)
Tactic call make_f_ty ran for 0.005 secs (0.005u,0.s)
Tactic call make_T_rect ran for 0.009 secs (0.009u,0.s)
Tactic call making ran for 0.218 secs (0.218u,0.s)
Tactic call constr-final-goal make_final_goal ran for 0. secs (0.u,0.s)
Tactic call everything ran for 0.221 secs (0.221u,0.s) (success)
Params: n= 28
Tactic call make_Ts ran for 0.118 secs (0.118u,0.s)
Tactic call make_T ran for 0. secs (0.u,0.s)
Tactic call make_T_projs ran for 0.038 secs (0.038u,0.s)
Tactic call make_Build_T ran for 0.004 secs (0.004u,0.s)
Tactic call eta-make-let-ins ran for 0.052 secs (0.05u,0.002s)
Tactic call eta-make-pf ran for 0.008 secs (0.008u,0.s)
Tactic call eta-constr-pf ran for 0.001 secs (0.001u,0.s)
Tactic call eta-cast-pf ran for 0.002 secs (0.002u,0.s)
Tactic call eta-refine ran for 0. secs (0.u,0.s) (success)
Tactic call eta-refine-and-close ran for 0. secs (0.u,0.s)
Tactic call make_T_eta ran for 0.072 secs (0.068u,0.003s)
Tactic call make_f_ty ran for 0.005 secs (0.005u,0.s)
Tactic call make_T_rect ran for 0.008 secs (0.008u,0.s)
Tactic call making ran for 0.243 secs (0.239u,0.003s)
Tactic call constr-final-goal make_final_goal ran for 0. secs (0.u,0.s)
Tactic call everything ran for 0.246 secs (0.242u,0.004s) (success)
Params: n= 29
Tactic call make_Ts ran for 0.135 secs (0.135u,0.s)
Tactic call make_T ran for 0. secs (0.u,0.s)
Tactic call make_T_projs ran for 0.055 secs (0.055u,0.s)
Tactic call make_Build_T ran for 0.004 secs (0.004u,0.s)
Tactic call eta-make-let-ins ran for 0.043 secs (0.043u,0.s)
Tactic call eta-make-pf ran for 0.013 secs (0.013u,0.s)
Tactic call eta-constr-pf ran for 0.001 secs (0.001u,0.s)
Tactic call eta-cast-pf ran for 0.002 secs (0.002u,0.s)
Tactic call eta-refine ran for 0. secs (0.u,0.s) (success)
Tactic call eta-refine-and-close ran for 0. secs (0.u,0.s)
Tactic call make_T_eta ran for 0.069 secs (0.069u,0.s)
Tactic call make_f_ty ran for 0.005 secs (0.005u,0.s)
Tactic call make_T_rect ran for 0.009 secs (0.009u,0.s)
Tactic call making ran for 0.274 secs (0.274u,0.s)
Tactic call constr-final-goal make_final_goal ran for 0. secs (0.u,0.s)
Tactic call everything ran for 0.277 secs (0.277u,0.s) (success)
Params: n= 30
Tactic call make_Ts ran for 0.136 secs (0.128u,0.007s)
Tactic call make_T ran for 0. secs (0.u,0.s)
Tactic call make_T_projs ran for 0.052 secs (0.052u,0.s)
Tactic call make_Build_T ran for 0.004 secs (0.004u,0.s)
Tactic call eta-make-let-ins ran for 0.043 secs (0.043u,0.s)
Tactic call eta-make-pf ran for 0.02 secs (0.02u,0.s)
Tactic call eta-constr-pf ran for 0.001 secs (0.001u,0.s)
Tactic call eta-cast-pf ran for 0.002 secs (0.002u,0.s)
Tactic call eta-refine ran for 0. secs (0.u,0.s) (success)
Tactic call eta-refine-and-close ran for 0. secs (0.u,0.s)
Tactic call make_T_eta ran for 0.077 secs (0.077u,0.s)
Tactic call make_f_ty ran for 0.006 secs (0.006u,0.s)
Tactic call make_T_rect ran for 0.009 secs (0.009u,0.s)
Tactic call making ran for 0.281 secs (0.273u,0.007s)
Tactic call constr-final-goal make_final_goal ran for 0. secs (0.u,0.s)
Tactic call everything ran for 0.284 secs (0.276u,0.007s) (success)
Params: n= 31
Tactic call make_Ts ran for 0.145 secs (0.145u,0.s)
Tactic call make_T ran for 0. secs (0.u,0.s)
Tactic call make_T_projs ran for 0.054 secs (0.054u,0.s)
Tactic call make_Build_T ran for 0.005 secs (0.005u,0.s)
Tactic call eta-make-let-ins ran for 0.048 secs (0.048u,0.s)
Tactic call eta-make-pf ran for 0.021 secs (0.021u,0.s)
Tactic call eta-constr-pf ran for 0.001 secs (0.001u,0.s)
Tactic call eta-cast-pf ran for 0.002 secs (0.002u,0.s)
Tactic call eta-refine ran for 0. secs (0.u,0.s) (success)
Tactic call eta-refine-and-close ran for 0. secs (0.u,0.s)
Tactic call make_T_eta ran for 0.083 secs (0.083u,0.s)
Tactic call make_f_ty ran for 0.006 secs (0.006u,0.s)
Tactic call make_T_rect ran for 0.009 secs (0.009u,0.s)
Tactic call making ran for 0.299 secs (0.299u,0.s)
Tactic call constr-final-goal make_final_goal ran for 0. secs (0.u,0.s)
Tactic call everything ran for 0.302 secs (0.302u,0.s) (success)
Params: n= 32
Tactic call make_Ts ran for 0.166 secs (0.166u,0.s)
Tactic call make_T ran for 0. secs (0.u,0.s)
Tactic call make_T_projs ran for 0.061 secs (0.061u,0.s)
Tactic call make_Build_T ran for 0.005 secs (0.005u,0.s)
Tactic call eta-make-let-ins ran for 0.06 secs (0.06u,0.s)
Tactic call eta-make-pf ran for 0.009 secs (0.009u,0.s)
Tactic call eta-constr-pf ran for 0.001 secs (0.001u,0.s)
Tactic call eta-cast-pf ran for 0.003 secs (0.003u,0.s)
Tactic call eta-refine ran for 0. secs (0.u,0.s) (success)
Tactic call eta-refine-and-close ran for 0. secs (0.u,0.s)
Tactic call make_T_eta ran for 0.085 secs (0.085u,0.s)
Tactic call make_f_ty ran for 0.006 secs (0.006u,0.s)
Tactic call make_T_rect ran for 0.01 secs (0.01u,0.s)
Tactic call making ran for 0.329 secs (0.329u,0.s)
Tactic call constr-final-goal make_final_goal ran for 0. secs (0.u,0.s)
Tactic call everything ran for 0.332 secs (0.332u,0.s) (success)
Params: n= 33
Tactic call make_Ts ran for 0.169 secs (0.169u,0.s)
Tactic call make_T ran for 0. secs (0.u,0.s)
Tactic call make_T_projs ran for 0.061 secs (0.061u,0.s)
Tactic call make_Build_T ran for 0.006 secs (0.006u,0.s)
Tactic call eta-make-let-ins ran for 0.066 secs (0.062u,0.004s)
Tactic call eta-make-pf ran for 0.009 secs (0.009u,0.s)
Tactic call eta-constr-pf ran for 0.002 secs (0.002u,0.s)
Tactic call eta-cast-pf ran for 0.003 secs (0.003u,0.s)
Tactic call eta-refine ran for 0. secs (0.u,0.s) (success)
Tactic call eta-refine-and-close ran for 0. secs (0.u,0.s)
Tactic call make_T_eta ran for 0.106 secs (0.102u,0.004s)
Tactic call make_f_ty ran for 0.007 secs (0.007u,0.s)
Tactic call make_T_rect ran for 0.01 secs (0.01u,0.s)
Tactic call making ran for 0.355 secs (0.351u,0.004s)
Tactic call constr-final-goal make_final_goal ran for 0. secs (0.u,0.s)
Tactic call everything ran for 0.358 secs (0.354u,0.004s) (success)
Params: n= 34
Tactic call make_Ts ran for 0.18 secs (0.18u,0.s)
Tactic call make_T ran for 0. secs (0.u,0.s)
Tactic call make_T_projs ran for 0.076 secs (0.076u,0.s)
Tactic call make_Build_T ran for 0.005 secs (0.005u,0.s)
Tactic call eta-make-let-ins ran for 0.073 secs (0.069u,0.003s)
Tactic call eta-make-pf ran for 0.01 secs (0.01u,0.s)
Tactic call eta-constr-pf ran for 0.002 secs (0.002u,0.s)
Tactic call eta-cast-pf ran for 0.003 secs (0.003u,0.s)
Tactic call eta-refine ran for 0. secs (0.u,0.s) (success)
Tactic call eta-refine-and-close ran for 0. secs (0.u,0.s)
Tactic call make_T_eta ran for 0.1 secs (0.096u,0.003s)
Tactic call make_f_ty ran for 0.007 secs (0.007u,0.s)
Tactic call make_T_rect ran for 0.011 secs (0.011u,0.s)
Tactic call making ran for 0.375 secs (0.371u,0.003s)
Tactic call constr-final-goal make_final_goal ran for 0. secs (0.u,0.s)
Tactic call everything ran for 0.378 secs (0.374u,0.003s) (success)
Params: n= 35
Tactic call make_Ts ran for 0.214 secs (0.21u,0.003s)
Tactic call make_T ran for 0. secs (0.u,0.s)
Tactic call make_T_projs ran for 0.079 secs (0.079u,0.s)
Tactic call make_Build_T ran for 0.006 secs (0.006u,0.s)
Tactic call eta-make-let-ins ran for 0.062 secs (0.062u,0.s)
Tactic call eta-make-pf ran for 0.023 secs (0.023u,0.s)
Tactic call eta-constr-pf ran for 0.002 secs (0.002u,0.s)
Tactic call eta-cast-pf ran for 0.003 secs (0.003u,0.s)
Tactic call eta-refine ran for 0. secs (0.u,0.s) (success)
Tactic call eta-refine-and-close ran for 0. secs (0.u,0.s)
Tactic call make_T_eta ran for 0.101 secs (0.101u,0.s)
Tactic call make_f_ty ran for 0.007 secs (0.007u,0.s)
Tactic call make_T_rect ran for 0.01 secs (0.01u,0.s)
Tactic call making ran for 0.413 secs (0.409u,0.004s)
Tactic call constr-final-goal make_final_goal ran for 0. secs (0.u,0.s)
Tactic call everything ran for 0.416 secs (0.412u,0.004s) (success)
Params: n= 36
Tactic call make_Ts ran for 0.221 secs (0.213u,0.007s)
Tactic call make_T ran for 0. secs (0.u,0.s)
Tactic call make_T_projs ran for 0.075 secs (0.075u,0.s)
Tactic call make_Build_T ran for 0.006 secs (0.006u,0.s)
Tactic call eta-make-let-ins ran for 0.066 secs (0.066u,0.s)
Tactic call eta-make-pf ran for 0.022 secs (0.022u,0.s)
Tactic call eta-constr-pf ran for 0.002 secs (0.002u,0.s)
Tactic call eta-cast-pf ran for 0.003 secs (0.003u,0.s)
Tactic call eta-refine ran for 0. secs (0.u,0.s) (success)
Tactic call eta-refine-and-close ran for 0. secs (0.u,0.s)
Tactic call make_T_eta ran for 0.104 secs (0.104u,0.s)
Tactic call make_f_ty ran for 0.007 secs (0.007u,0.s)
Tactic call make_T_rect ran for 0.011 secs (0.011u,0.s)
Tactic call making ran for 0.419 secs (0.411u,0.008s)
Tactic call constr-final-goal make_final_goal ran for 0. secs (0.u,0.s)
Tactic call everything ran for 0.422 secs (0.414u,0.008s) (success)
Params: n= 37
Tactic call make_Ts ran for 0.228 secs (0.224u,0.003s)
Tactic call make_T ran for 0. secs (0.u,0.s)
Tactic call make_T_projs ran for 0.076 secs (0.076u,0.s)
Tactic call make_Build_T ran for 0.009 secs (0.009u,0.s)
Tactic call eta-make-let-ins ran for 0.069 secs (0.069u,0.s)
Tactic call eta-make-pf ran for 0.022 secs (0.022u,0.s)
Tactic call eta-constr-pf ran for 0.002 secs (0.002u,0.s)
Tactic call eta-cast-pf ran for 0.004 secs (0.004u,0.s)
Tactic call eta-refine ran for 0. secs (0.u,0.s) (success)
Tactic call eta-refine-and-close ran for 0. secs (0.u,0.s)
Tactic call make_T_eta ran for 0.109 secs (0.109u,0.s)
Tactic call make_f_ty ran for 0.007 secs (0.007u,0.s)
Tactic call make_T_rect ran for 0.011 secs (0.011u,0.s)
Tactic call making ran for 0.436 secs (0.432u,0.004s)
Tactic call constr-final-goal make_final_goal ran for 0. secs (0.u,0.s)
Tactic call everything ran for 0.44 secs (0.436u,0.004s) (success)
Params: n= 38
Tactic call make_Ts ran for 0.231 secs (0.231u,0.s)
Tactic call make_T ran for 0. secs (0.u,0.s)
Tactic call make_T_projs ran for 0.081 secs (0.081u,0.s)
Tactic call make_Build_T ran for 0.006 secs (0.006u,0.s)
Tactic call eta-make-let-ins ran for 0.078 secs (0.078u,0.s)
Tactic call eta-make-pf ran for 0.011 secs (0.011u,0.s)
Tactic call eta-constr-pf ran for 0.002 secs (0.002u,0.s)
Tactic call eta-cast-pf ran for 0.004 secs (0.004u,0.s)
Tactic call eta-refine ran for 0. secs (0.u,0.s) (success)
Tactic call eta-refine-and-close ran for 0. secs (0.u,0.s)
Tactic call make_T_eta ran for 0.107 secs (0.107u,0.s)
Tactic call make_f_ty ran for 0.008 secs (0.008u,0.s)
Tactic call make_T_rect ran for 0.011 secs (0.011u,0.s)
Tactic call making ran for 0.44 secs (0.44u,0.s)
Tactic call constr-final-goal make_final_goal ran for 0. secs (0.u,0.s)
Tactic call everything ran for 0.444 secs (0.444u,0.s) (success)
Params: n= 39
Tactic call make_Ts ran for 0.246 secs (0.242u,0.003s)
Tactic call make_T ran for 0. secs (0.u,0.s)
Tactic call make_T_projs ran for 0.081 secs (0.081u,0.s)
Tactic call make_Build_T ran for 0.007 secs (0.007u,0.s)
Tactic call eta-make-let-ins ran for 0.079 secs (0.075u,0.003s)
Tactic call eta-make-pf ran for 0.011 secs (0.011u,0.s)
Tactic call eta-constr-pf ran for 0.002 secs (0.002u,0.s)
Tactic call eta-cast-pf ran for 0.004 secs (0.004u,0.s)
Tactic call eta-refine ran for 0. secs (0.u,0.s) (success)
Tactic call eta-refine-and-close ran for 0. secs (0.u,0.s)
Tactic call make_T_eta ran for 0.114 secs (0.11u,0.003s)
Tactic call make_f_ty ran for 0.008 secs (0.008u,0.s)
Tactic call make_T_rect ran for 0.011 secs (0.011u,0.s)
Tactic call making ran for 0.463 secs (0.455u,0.007s)
Tactic call constr-final-goal make_final_goal ran for 0. secs (0.u,0.s)
Tactic call everything ran for 0.466 secs (0.458u,0.007s) (success)
Params: n= 40
Tactic call make_Ts ran for 0.249 secs (0.245u,0.003s)
Tactic call make_T ran for 0. secs (0.u,0.s)
Tactic call make_T_projs ran for 0.098 secs (0.094u,0.004s)
Tactic call make_Build_T ran for 0.007 secs (0.007u,0.s)
Tactic call eta-make-let-ins ran for 0.083 secs (0.083u,0.s)
Tactic call eta-make-pf ran for 0.012 secs (0.012u,0.s)
Tactic call eta-constr-pf ran for 0.002 secs (0.002u,0.s)
Tactic call eta-cast-pf ran for 0.005 secs (0.005u,0.s)
Tactic call eta-refine ran for 0. secs (0.u,0.s) (success)
Tactic call eta-refine-and-close ran for 0.001 secs (0.001u,0.s)
Tactic call make_T_eta ran for 0.116 secs (0.116u,0.s)
Tactic call make_f_ty ran for 0.008 secs (0.008u,0.s)
Tactic call make_T_rect ran for 0.012 secs (0.012u,0.s)
Tactic call making ran for 0.484 secs (0.476u,0.007s)
Tactic call constr-final-goal make_final_goal ran for 0. secs (0.u,0.s)
Tactic call everything ran for 0.491 secs (0.483u,0.008s) (success)
Params: n= 41
Tactic call make_Ts ran for 0.272 secs (0.272u,0.s)
Tactic call make_T ran for 0. secs (0.u,0.s)
Tactic call make_T_projs ran for 0.106 secs (0.106u,0.s)
Tactic call make_Build_T ran for 0.007 secs (0.007u,0.s)
Tactic call eta-make-let-ins ran for 0.085 secs (0.085u,0.s)
Tactic call eta-make-pf ran for 0.023 secs (0.023u,0.s)
Tactic call eta-constr-pf ran for 0.002 secs (0.002u,0.s)
Tactic call eta-cast-pf ran for 0.005 secs (0.005u,0.s)
Tactic call eta-refine ran for 0. secs (0.u,0.s) (success)
Tactic call eta-refine-and-close ran for 0. secs (0.u,0.s)
Tactic call make_T_eta ran for 0.128 secs (0.128u,0.s)
Tactic call make_f_ty ran for 0.008 secs (0.008u,0.s)
Tactic call make_T_rect ran for 0.012 secs (0.012u,0.s)
Tactic call making ran for 0.528 secs (0.528u,0.s)
Tactic call constr-final-goal make_final_goal ran for 0. secs (0.u,0.s)
Tactic call everything ran for 0.531 secs (0.531u,0.s) (success)
Params: n= 42
Tactic call make_Ts ran for 0.287 secs (0.283u,0.003s)
Tactic call make_T ran for 0. secs (0.u,0.s)
Tactic call make_T_projs ran for 0.108 secs (0.108u,0.s)
Tactic call make_Build_T ran for 0.007 secs (0.007u,0.s)
Tactic call eta-make-let-ins ran for 0.095 secs (0.091u,0.003s)
Tactic call eta-make-pf ran for 0.016 secs (0.016u,0.s)
Tactic call eta-constr-pf ran for 0.002 secs (0.002u,0.s)
Tactic call eta-cast-pf ran for 0.005 secs (0.005u,0.s)
Tactic call eta-refine ran for 0. secs (0.u,0.s) (success)
Tactic call eta-refine-and-close ran for 0.001 secs (0.001u,0.s)
Tactic call make_T_eta ran for 0.133 secs (0.129u,0.004s)
Tactic call make_f_ty ran for 0.009 secs (0.009u,0.s)
Tactic call make_T_rect ran for 0.013 secs (0.013u,0.s)
Tactic call making ran for 0.551 secs (0.543u,0.007s)
Tactic call constr-final-goal make_final_goal ran for 0. secs (0.u,0.s)
Tactic call everything ran for 0.555 secs (0.547u,0.007s) (success)
Params: n= 43
Tactic call make_Ts ran for 0.313 secs (0.313u,0.s)
Tactic call make_T ran for 0. secs (0.u,0.s)
Tactic call make_T_projs ran for 0.125 secs (0.125u,0.s)
Tactic call make_Build_T ran for 0.013 secs (0.013u,0.s)
Tactic call eta-make-let-ins ran for 0.11 secs (0.11u,0.s)
Tactic call eta-make-pf ran for 0.013 secs (0.013u,0.s)
Tactic call eta-constr-pf ran for 0.002 secs (0.002u,0.s)
Tactic call eta-cast-pf ran for 0.006 secs (0.006u,0.s)
Tactic call eta-refine ran for 0. secs (0.u,0.s) (success)
Tactic call eta-refine-and-close ran for 0.001 secs (0.001u,0.s)
Tactic call make_T_eta ran for 0.145 secs (0.145u,0.s)
Tactic call make_f_ty ran for 0.009 secs (0.009u,0.s)
Tactic call make_T_rect ran for 0.017 secs (0.017u,0.s)
Tactic call making ran for 0.615 secs (0.615u,0.s)
Tactic call constr-final-goal make_final_goal ran for 0. secs (0.u,0.s)
Tactic call everything ran for 0.619 secs (0.619u,0.s) (success)
Params: n= 44
Tactic call make_Ts ran for 0.335 secs (0.335u,0.s)
Tactic call make_T ran for 0. secs (0.u,0.s)
Tactic call make_T_projs ran for 0.132 secs (0.132u,0.s)
Tactic call make_Build_T ran for 0.009 secs (0.009u,0.s)
Tactic call eta-make-let-ins ran for 0.124 secs (0.124u,0.s)
Tactic call eta-make-pf ran for 0.013 secs (0.013u,0.s)
Tactic call eta-constr-pf ran for 0.002 secs (0.002u,0.s)
Tactic call eta-cast-pf ran for 0.017 secs (0.017u,0.s)
Tactic call eta-refine ran for 0. secs (0.u,0.s) (success)
Tactic call eta-refine-and-close ran for 0.001 secs (0.001u,0.s)
Tactic call make_T_eta ran for 0.171 secs (0.171u,0.s)
Tactic call make_f_ty ran for 0.009 secs (0.009u,0.s)
Tactic call make_T_rect ran for 0.014 secs (0.014u,0.s)
Tactic call making ran for 0.663 secs (0.663u,0.s)
Tactic call constr-final-goal make_final_goal ran for 0. secs (0.u,0.s)
Tactic call everything ran for 0.667 secs (0.667u,0.s) (success)
Params: n= 45
Tactic call make_Ts ran for 0.353 secs (0.353u,0.s)
Tactic call make_T ran for 0. secs (0.u,0.s)
Tactic call make_T_projs ran for 0.122 secs (0.122u,0.s)
Tactic call make_Build_T ran for 0.02 secs (0.02u,0.s)
Tactic call eta-make-let-ins ran for 0.113 secs (0.113u,0.s)
Tactic call eta-make-pf ran for 0.014 secs (0.014u,0.s)
Tactic call eta-constr-pf ran for 0.002 secs (0.002u,0.s)
Tactic call eta-cast-pf ran for 0.006 secs (0.006u,0.s)
Tactic call eta-refine ran for 0. secs (0.u,0.s) (success)
Tactic call eta-refine-and-close ran for 0.001 secs (0.001u,0.s)
Tactic call make_T_eta ran for 0.151 secs (0.151u,0.s)
Tactic call make_f_ty ran for 0.022 secs (0.022u,0.s)
Tactic call make_T_rect ran for 0.027 secs (0.027u,0.s)
Tactic call making ran for 0.676 secs (0.676u,0.s)
Tactic call constr-final-goal make_final_goal ran for 0. secs (0.u,0.s)
Tactic call everything ran for 0.68 secs (0.68u,0.s) (success)
Params: n= 46
Tactic call make_Ts ran for 0.36 secs (0.36u,0.s)
Tactic call make_T ran for 0. secs (0.u,0.s)
Tactic call make_T_projs ran for 0.139 secs (0.139u,0.s)
Tactic call make_Build_T ran for 0.008 secs (0.004u,0.003s)
Tactic call eta-make-let-ins ran for 0.122 secs (0.122u,0.s)
Tactic call eta-make-pf ran for 0.013 secs (0.013u,0.s)
Tactic call eta-constr-pf ran for 0.002 secs (0.002u,0.s)
Tactic call eta-cast-pf ran for 0.007 secs (0.007u,0.s)
Tactic call eta-refine ran for 0. secs (0.u,0.s) (success)
Tactic call eta-refine-and-close ran for 0. secs (0.u,0.s)
Tactic call make_T_eta ran for 0.16 secs (0.16u,0.s)
Tactic call make_f_ty ran for 0.024 secs (0.024u,0.s)
Tactic call make_T_rect ran for 0.028 secs (0.028u,0.s)
Tactic call making ran for 0.698 secs (0.694u,0.003s)
Tactic call constr-final-goal make_final_goal ran for 0. secs (0.u,0.s)
Tactic call everything ran for 0.702 secs (0.698u,0.003s) (success)
Params: n= 47
Tactic call make_Ts ran for 0.374 secs (0.373u,0.s)
Tactic call make_T ran for 0. secs (0.u,0.s)
Tactic call make_T_projs ran for 0.157 secs (0.157u,0.s)
Tactic call make_Build_T ran for 0.02 secs (0.02u,0.s)
Tactic call eta-make-let-ins ran for 0.153 secs (0.153u,0.s)
Tactic call eta-make-pf ran for 0.014 secs (0.014u,0.s)
Tactic call eta-constr-pf ran for 0.002 secs (0.002u,0.s)
Tactic call eta-cast-pf ran for 0.007 secs (0.007u,0.s)
Tactic call eta-refine ran for 0. secs (0.u,0.s) (success)
Tactic call eta-refine-and-close ran for 0.001 secs (0.001u,0.s)
Tactic call make_T_eta ran for 0.204 secs (0.204u,0.s)
Tactic call make_f_ty ran for 0.01 secs (0.01u,0.s)
Tactic call make_T_rect ran for 0.015 secs (0.015u,0.s)
Tactic call making ran for 0.772 secs (0.772u,0.s)
Tactic call constr-final-goal make_final_goal ran for 0. secs (0.u,0.s)
Tactic call everything ran for 0.776 secs (0.776u,0.s) (success)
Params: n= 48
Tactic call make_Ts ran for 0.401 secs (0.401u,0.s)
Tactic call make_T ran for 0. secs (0.u,0.s)
Tactic call make_T_projs ran for 0.146 secs (0.146u,0.s)
Tactic call make_Build_T ran for 0.009 secs (0.009u,0.s)
Tactic call eta-make-let-ins ran for 0.134 secs (0.134u,0.s)
Tactic call eta-make-pf ran for 0.014 secs (0.014u,0.s)
Tactic call eta-constr-pf ran for 0.003 secs (0.003u,0.s)
Tactic call eta-cast-pf ran for 0.011 secs (0.011u,0.s)
Tactic call eta-refine ran for 0. secs (0.u,0.s) (success)
Tactic call eta-refine-and-close ran for 0.001 secs (0.001u,0.s)
Tactic call make_T_eta ran for 0.178 secs (0.178u,0.s)
Tactic call make_f_ty ran for 0.011 secs (0.011u,0.s)
Tactic call make_T_rect ran for 0.016 secs (0.016u,0.s)
Tactic call making ran for 0.753 secs (0.753u,0.s)
Tactic call constr-final-goal make_final_goal ran for 0. secs (0.u,0.s)
Tactic call everything ran for 0.757 secs (0.757u,0.s) (success)
Params: n= 49
Tactic call make_Ts ran for 0.411 secs (0.411u,0.s)
Tactic call make_T ran for 0. secs (0.u,0.s)
Tactic call make_T_projs ran for 0.155 secs (0.155u,0.s)
Tactic call make_Build_T ran for 0.009 secs (0.009u,0.s)
Tactic call eta-make-let-ins ran for 0.15 secs (0.15u,0.s)
Tactic call eta-make-pf ran for 0.014 secs (0.014u,0.s)
Tactic call eta-constr-pf ran for 0.003 secs (0.003u,0.s)
Tactic call eta-cast-pf ran for 0.008 secs (0.008u,0.s)
Tactic call eta-refine ran for 0. secs (0.u,0.s) (success)
Tactic call eta-refine-and-close ran for 0.001 secs (0.001u,0.s)
Tactic call make_T_eta ran for 0.194 secs (0.194u,0.s)
Tactic call make_f_ty ran for 0.01 secs (0.01u,0.s)
Tactic call make_T_rect ran for 0.015 secs (0.015u,0.s)
Tactic call making ran for 0.787 secs (0.787u,0.s)
Tactic call constr-final-goal make_final_goal ran for 0. secs (0.u,0.s)
Tactic call everything ran for 0.791 secs (0.791u,0.s) (success)
Params: n= 50
Tactic call make_Ts ran for 0.446 secs (0.446u,0.s)
Tactic call make_T ran for 0. secs (0.u,0.s)
Tactic call make_T_projs ran for 0.182 secs (0.182u,0.s)
Tactic call make_Build_T ran for 0.009 secs (0.009u,0.s)
Tactic call eta-make-let-ins ran for 0.167 secs (0.167u,0.s)
Tactic call eta-make-pf ran for 0.014 secs (0.014u,0.s)
Tactic call eta-constr-pf ran for 0.003 secs (0.003u,0.s)
Tactic call eta-cast-pf ran for 0.008 secs (0.008u,0.s)
Tactic call eta-refine ran for 0. secs (0.u,0.s) (success)
Tactic call eta-refine-and-close ran for 0.001 secs (0.001u,0.s)
Tactic call make_T_eta ran for 0.21 secs (0.21u,0.s)
Tactic call make_f_ty ran for 0.014 secs (0.014u,0.s)
Tactic call make_T_rect ran for 0.019 secs (0.019u,0.s)
Tactic call making ran for 0.869 secs (0.869u,0.s)
Tactic call constr-final-goal make_final_goal ran for 0. secs (0.u,0.s)
Tactic call everything ran for 0.873 secs (0.873u,0.s) (success)
Params: n= 51
Tactic call make_Ts ran for 0.463 secs (0.463u,0.s)
Tactic call make_T ran for 0. secs (0.u,0.s)
Tactic call make_T_projs ran for 0.184 secs (0.184u,0.s)
Tactic call make_Build_T ran for 0.01 secs (0.01u,0.s)
Tactic call eta-make-let-ins ran for 0.155 secs (0.155u,0.s)
Tactic call eta-make-pf ran for 0.015 secs (0.015u,0.s)
Tactic call eta-constr-pf ran for 0.003 secs (0.003u,0.s)
Tactic call eta-cast-pf ran for 0.009 secs (0.009u,0.s)
Tactic call eta-refine ran for 0. secs (0.u,0.s) (success)
Tactic call eta-refine-and-close ran for 0.001 secs (0.001u,0.s)
Tactic call make_T_eta ran for 0.202 secs (0.202u,0.s)
Tactic call make_f_ty ran for 0.011 secs (0.011u,0.s)
Tactic call make_T_rect ran for 0.016 secs (0.016u,0.s)
Tactic call making ran for 0.877 secs (0.877u,0.s)
Tactic call constr-final-goal make_final_goal ran for 0. secs (0.u,0.s)
Tactic call everything ran for 0.881 secs (0.881u,0.s) (success)
Params: n= 52
Tactic call make_Ts ran for 0.479 secs (0.479u,0.s)
Tactic call make_T ran for 0. secs (0.u,0.s)
Tactic call make_T_projs ran for 0.191 secs (0.191u,0.s)
Tactic call make_Build_T ran for 0.013 secs (0.013u,0.s)
Tactic call eta-make-let-ins ran for 0.156 secs (0.156u,0.s)
Tactic call eta-make-pf ran for 0.015 secs (0.015u,0.s)
Tactic call eta-constr-pf ran for 0.003 secs (0.003u,0.s)
Tactic call eta-cast-pf ran for 0.013 secs (0.013u,0.s)
Tactic call eta-refine ran for 0. secs (0.u,0.s) (success)
Tactic call eta-refine-and-close ran for 0.001 secs (0.001u,0.s)
Tactic call make_T_eta ran for 0.206 secs (0.206u,0.s)
Tactic call make_f_ty ran for 0.011 secs (0.011u,0.s)
Tactic call make_T_rect ran for 0.016 secs (0.016u,0.s)
Tactic call making ran for 0.909 secs (0.909u,0.s)
Tactic call constr-final-goal make_final_goal ran for 0. secs (0.u,0.s)
Tactic call everything ran for 0.913 secs (0.913u,0.s) (success)
Params: n= 53
Tactic call make_Ts ran for 0.506 secs (0.506u,0.s)
Tactic call make_T ran for 0. secs (0.u,0.s)
Tactic call make_T_projs ran for 0.206 secs (0.206u,0.s)
Tactic call make_Build_T ran for 0.011 secs (0.011u,0.s)
Tactic call eta-make-let-ins ran for 0.173 secs (0.173u,0.s)
Tactic call eta-make-pf ran for 0.023 secs (0.023u,0.s)
Tactic call eta-constr-pf ran for 0.003 secs (0.003u,0.s)
Tactic call eta-cast-pf ran for 0.01 secs (0.01u,0.s)
Tactic call eta-refine ran for 0. secs (0.u,0.s) (success)
Tactic call eta-refine-and-close ran for 0.001 secs (0.001u,0.s)
Tactic call make_T_eta ran for 0.234 secs (0.234u,0.s)
Tactic call make_f_ty ran for 0.012 secs (0.012u,0.s)
Tactic call make_T_rect ran for 0.017 secs (0.017u,0.s)
Tactic call making ran for 0.977 secs (0.977u,0.s)
Tactic call constr-final-goal make_final_goal ran for 0. secs (0.u,0.s)
Tactic call everything ran for 0.982 secs (0.982u,0.s) (success)
Params: n= 54
Tactic call make_Ts ran for 0.547 secs (0.547u,0.s)
Tactic call make_T ran for 0. secs (0.u,0.s)
Tactic call make_T_projs ran for 0.243 secs (0.243u,0.s)
Tactic call make_Build_T ran for 0.011 secs (0.011u,0.s)
Tactic call eta-make-let-ins ran for 0.23 secs (0.23u,0.s)
Tactic call eta-make-pf ran for 0.016 secs (0.016u,0.s)
Tactic call eta-constr-pf ran for 0.003 secs (0.003u,0.s)
Tactic call eta-cast-pf ran for 0.01 secs (0.01u,0.s)
Tactic call eta-refine ran for 0. secs (0.u,0.s) (success)
Tactic call eta-refine-and-close ran for 0.001 secs (0.001u,0.s)
Tactic call make_T_eta ran for 0.282 secs (0.282u,0.s)
Tactic call make_f_ty ran for 0.012 secs (0.012u,0.s)
Tactic call make_T_rect ran for 0.017 secs (0.017u,0.s)
Tactic call making ran for 1.102 secs (1.102u,0.s)
Tactic call constr-final-goal make_final_goal ran for 0. secs (0.u,0.s)
Tactic call everything ran for 1.107 secs (1.107u,0.s) (success)
Params: n= 55
Tactic call make_Ts ran for 0.572 secs (0.572u,0.s)
Tactic call make_T ran for 0. secs (0.u,0.s)
Tactic call make_T_projs ran for 0.23 secs (0.23u,0.s)
Tactic call make_Build_T ran for 0.011 secs (0.011u,0.s)
Tactic call eta-make-let-ins ran for 0.207 secs (0.207u,0.s)
Tactic call eta-make-pf ran for 0.016 secs (0.016u,0.s)
Tactic call eta-constr-pf ran for 0.003 secs (0.003u,0.s)
Tactic call eta-cast-pf ran for 0.018 secs (0.018u,0.s)
Tactic call eta-refine ran for 0. secs (0.u,0.s) (success)
Tactic call eta-refine-and-close ran for 0.001 secs (0.001u,0.s)
Tactic call make_T_eta ran for 0.276 secs (0.276u,0.s)
Tactic call make_f_ty ran for 0.013 secs (0.013u,0.s)
Tactic call make_T_rect ran for 0.018 secs (0.018u,0.s)
Tactic call making ran for 1.11 secs (1.11u,0.s)
Tactic call constr-final-goal make_final_goal ran for 0. secs (0.u,0.s)
Tactic call everything ran for 1.115 secs (1.115u,0.s) (success)
Params: n= 56
Tactic call make_Ts ran for 0.624 secs (0.62u,0.003s)
Tactic call make_T ran for 0. secs (0.u,0.s)
Tactic call make_T_projs ran for 0.244 secs (0.244u,0.s)
Tactic call make_Build_T ran for 0.018 secs (0.018u,0.s)
Tactic call eta-make-let-ins ran for 0.217 secs (0.217u,0.s)
Tactic call eta-make-pf ran for 0.026 secs (0.022u,0.003s)
Tactic call eta-constr-pf ran for 0.003 secs (0.003u,0.s)
Tactic call eta-cast-pf ran for 0.011 secs (0.011u,0.s)
Tactic call eta-refine ran for 0. secs (0.u,0.s) (success)
Tactic call eta-refine-and-close ran for 0.001 secs (0.001u,0.s)
Tactic call make_T_eta ran for 0.291 secs (0.287u,0.004s)
Tactic call make_f_ty ran for 0.013 secs (0.013u,0.s)
Tactic call make_T_rect ran for 0.018 secs (0.018u,0.s)
Tactic call making ran for 1.197 secs (1.189u,0.007s)
Tactic call constr-final-goal make_final_goal ran for 0. secs (0.u,0.s)
Tactic call everything ran for 1.202 secs (1.194u,0.007s) (success)
Params: n= 57
Tactic call make_Ts ran for 0.635 secs (0.631u,0.003s)
Tactic call make_T ran for 0. secs (0.u,0.s)
Tactic call make_T_projs ran for 0.295 secs (0.295u,0.s)
Tactic call make_Build_T ran for 0.012 secs (0.012u,0.s)
Tactic call eta-make-let-ins ran for 0.247 secs (0.247u,0.s)
Tactic call eta-make-pf ran for 0.026 secs (0.026u,0.s)
Tactic call eta-constr-pf ran for 0.003 secs (0.003u,0.s)
Tactic call eta-cast-pf ran for 0.012 secs (0.012u,0.s)
Tactic call eta-refine ran for 0. secs (0.u,0.s) (success)
Tactic call eta-refine-and-close ran for 0.001 secs (0.001u,0.s)
Tactic call make_T_eta ran for 0.31 secs (0.31u,0.s)
Tactic call make_f_ty ran for 0.013 secs (0.013u,0.s)
Tactic call make_T_rect ran for 0.018 secs (0.018u,0.s)
Tactic call making ran for 1.272 secs (1.268u,0.004s)
Tactic call constr-final-goal make_final_goal ran for 0. secs (0.u,0.s)
Tactic call everything ran for 1.277 secs (1.273u,0.004s) (success)
Params: n= 58
Tactic call make_Ts ran for 0.648 secs (0.648u,0.s)
Tactic call make_T ran for 0. secs (0.u,0.s)
Tactic call make_T_projs ran for 0.264 secs (0.264u,0.s)
Tactic call make_Build_T ran for 0.012 secs (0.012u,0.s)
Tactic call eta-make-let-ins ran for 0.241 secs (0.241u,0.s)
Tactic call eta-make-pf ran for 0.017 secs (0.017u,0.s)
Tactic call eta-constr-pf ran for 0.003 secs (0.003u,0.s)
Tactic call eta-cast-pf ran for 0.015 secs (0.015u,0.s)
Tactic call eta-refine ran for 0. secs (0.u,0.s) (success)
Tactic call eta-refine-and-close ran for 0.001 secs (0.001u,0.s)
Tactic call make_T_eta ran for 0.297 secs (0.293u,0.003s)
Tactic call make_f_ty ran for 0.013 secs (0.013u,0.s)
Tactic call make_T_rect ran for 0.019 secs (0.019u,0.s)
Tactic call making ran for 1.242 secs (1.238u,0.003s)
Tactic call constr-final-goal make_final_goal ran for 0. secs (0.u,0.s)
Tactic call everything ran for 1.247 secs (1.243u,0.003s) (success)
Params: n= 59
Tactic call make_Ts ran for 0.668 secs (0.66u,0.007s)
Tactic call make_T ran for 0. secs (0.u,0.s)
Tactic call make_T_projs ran for 0.274 secs (0.274u,0.s)
Tactic call make_Build_T ran for 0.012 secs (0.012u,0.s)
Tactic call eta-make-let-ins ran for 0.24 secs (0.24u,0.s)
Tactic call eta-make-pf ran for 0.017 secs (0.017u,0.s)
Tactic call eta-constr-pf ran for 0.003 secs (0.003u,0.s)
Tactic call eta-cast-pf ran for 0.016 secs (0.016u,0.s)
Tactic call eta-refine ran for 0. secs (0.u,0.s) (success)
Tactic call eta-refine-and-close ran for 0.001 secs (0.001u,0.s)
Tactic call make_T_eta ran for 0.298 secs (0.298u,0.s)
Tactic call make_f_ty ran for 0.014 secs (0.014u,0.s)
Tactic call make_T_rect ran for 0.019 secs (0.019u,0.s)
Tactic call making ran for 1.274 secs (1.266u,0.008s)
Tactic call constr-final-goal make_final_goal ran for 0. secs (0.u,0.s)
Tactic call everything ran for 1.279 secs (1.271u,0.008s) (success)
